<?xml version="1.0" encoding="UTF-8"?>
<!-- Generated by org.testng.reporters.JUnitXMLReporter -->
<testsuite ignored="24" hostname="qmacmini" failures="0" tests="9" name="Integration Tests" time="5.418" errors="0" timestamp="2026-01-21T17:50:19 GMT">
  <testcase classname="com.gradepath.content.profiling.ProfilingServiceIntegrationTest" name="oldInterests_decayWhenNewEventProcessed" time="0.229"/>
  <testcase classname="com.gradepath.content.profiling.ProfilingServiceIntegrationTest" name="processEventWithMissingTopic_doesNotCrash" time="0.004"/>
  <testcase classname="com.gradepath.content.profiling.ProfilingServiceIntegrationTest" name="processInvalidJsonEvent_doesNotCrash" time="0.005"/>
  <testcase classname="com.gradepath.content.profiling.ProfilingServiceIntegrationTest" name="processJourneyEvent_endToEnd_createsProfileInDatabase" time="0.009"/>
  <testcase classname="com.gradepath.content.profiling.ProfilingServiceIntegrationTest" name="processJourneyEvent_endToEnd_emitsKafkaMessage" time="0.005"/>
  <testcase classname="com.gradepath.content.profiling.ProfilingServiceIntegrationTest" name="processMultipleJourneyEvents_accumulatesProfile" time="0.017"/>
  <testcase classname="com.gradepath.content.profiling.ProfilingServiceIntegrationTest" name="processSessionAndJourneyEvents_combinesData" time="0.011"/>
  <testcase classname="com.gradepath.content.profiling.ProfilingServiceIntegrationTest" name="processSessionEvent_endToEnd_updatesSessionCount" time="0.005"/>
  <testcase classname="com.gradepath.content.profiling.ProfilingServiceIntegrationTest" name="profile_persistsAcrossRetrieval" time="0.01"/>
  <testcase classname="com.gradepath.content.profiling.ProfilingServiceTest" name="getListValue_arrayField_returnsList" time="0.0">
    <ignored/>
  </testcase> <!-- getListValue_arrayField_returnsList -->
  <testcase classname="com.gradepath.content.profiling.ProfilingServiceTest" name="processRawBehavioralEvent_sessionLifecycle_processesEvent" time="0.0">
    <ignored/>
  </testcase> <!-- processRawBehavioralEvent_sessionLifecycle_processesEvent -->
  <testcase classname="com.gradepath.content.profiling.ProfilingServiceTest" name="getListValue_missingField_returnsEmptyList" time="0.0">
    <ignored/>
  </testcase> <!-- getListValue_missingField_returnsEmptyList -->
  <testcase classname="com.gradepath.content.profiling.ProfilingServiceTest" name="processJourneyEvent_emitsProfileUpdate" time="0.0">
    <ignored/>
  </testcase> <!-- processJourneyEvent_emitsProfileUpdate -->
  <testcase classname="com.gradepath.content.profiling.ProfilingServiceTest" name="getOrCreateProfile_fromDatabase" time="0.0">
    <ignored/>
  </testcase> <!-- getOrCreateProfile_fromDatabase -->
  <testcase classname="com.gradepath.content.profiling.ProfilingServiceTest" name="processSessionEvent_sessionEnd_processes" time="0.0">
    <ignored/>
  </testcase> <!-- processSessionEvent_sessionEnd_processes -->
  <testcase classname="com.gradepath.content.profiling.ProfilingServiceTest" name="getValue_nullField_returnsNull" time="0.0">
    <ignored/>
  </testcase> <!-- getValue_nullField_returnsNull -->
  <testcase classname="com.gradepath.content.profiling.ProfilingServiceTest" name="processSessionEvent_missingContentCount_defaultsTo0" time="0.0">
    <ignored/>
  </testcase> <!-- processSessionEvent_missingContentCount_defaultsTo0 -->
  <testcase classname="com.gradepath.content.profiling.ProfilingServiceTest" name="processRawBehavioralEvent_malformedJson_logsError" time="0.0">
    <ignored/>
  </testcase> <!-- processRawBehavioralEvent_malformedJson_logsError -->
  <testcase classname="com.gradepath.content.profiling.ProfilingServiceTest" name="emitProfileUpdate_kafkaFailure_logsWarning" time="0.0">
    <ignored/>
  </testcase> <!-- emitProfileUpdate_kafkaFailure_logsWarning -->
  <testcase classname="com.gradepath.content.profiling.ProfilingServiceTest" name="processRawBehavioralEvent_contentJourney_processesEvent" time="0.0">
    <ignored/>
  </testcase> <!-- processRawBehavioralEvent_contentJourney_processesEvent -->
  <testcase classname="com.gradepath.content.profiling.ProfilingServiceTest" name="processSessionEvent_sessionStart_ignored" time="0.0">
    <ignored/>
  </testcase> <!-- processSessionEvent_sessionStart_ignored -->
  <testcase classname="com.gradepath.content.profiling.ProfilingServiceTest" name="parseJourneyEvent_allFieldsPresent" time="0.0">
    <ignored/>
  </testcase> <!-- parseJourneyEvent_allFieldsPresent -->
  <testcase classname="com.gradepath.content.profiling.ProfilingServiceTest" name="processJourneyEvent_savesProfile" time="0.0">
    <ignored/>
  </testcase> <!-- processJourneyEvent_savesProfile -->
  <testcase classname="com.gradepath.content.profiling.ProfilingServiceTest" name="processJourneyEvent_createsNewProfile" time="0.0">
    <ignored/>
  </testcase> <!-- processJourneyEvent_createsNewProfile -->
  <testcase classname="com.gradepath.content.profiling.ProfilingServiceTest" name="processJourneyEvent_updatesExistingProfile" time="0.0">
    <ignored/>
  </testcase> <!-- processJourneyEvent_updatesExistingProfile -->
  <testcase classname="com.gradepath.content.profiling.ProfilingServiceTest" name="processRawBehavioralEvent_unknownTopic_warnsAndReturns" time="0.0">
    <ignored/>
  </testcase> <!-- processRawBehavioralEvent_unknownTopic_warnsAndReturns -->
  <testcase classname="com.gradepath.content.profiling.ProfilingServiceTest" name="getListValue_nonArrayField_returnsEmptyList" time="0.0">
    <ignored/>
  </testcase> <!-- getListValue_nonArrayField_returnsEmptyList -->
  <testcase classname="com.gradepath.content.profiling.ProfilingServiceTest" name="parseJourneyEvent_missingOptionalFields" time="0.0">
    <ignored/>
  </testcase> <!-- parseJourneyEvent_missingOptionalFields -->
  <testcase classname="com.gradepath.content.profiling.ProfilingServiceTest" name="processSessionEvent_missingDuration_defaultsTo0" time="0.0">
    <ignored/>
  </testcase> <!-- processSessionEvent_missingDuration_defaultsTo0 -->
  <testcase classname="com.gradepath.content.profiling.ProfilingServiceTest" name="processRawBehavioralEvent_nullTopic_warnsAndReturns" time="0.0">
    <ignored/>
  </testcase> <!-- processRawBehavioralEvent_nullTopic_warnsAndReturns -->
  <testcase classname="com.gradepath.content.profiling.ProfilingServiceTest" name="getValue_missingField_returnsNull" time="0.0">
    <ignored/>
  </testcase> <!-- getValue_missingField_returnsNull -->
  <testcase classname="com.gradepath.content.profiling.ProfilingServiceTest" name="getOrCreateProfile_fromCache" time="0.0">
    <ignored/>
  </testcase> <!-- getOrCreateProfile_fromCache -->
  <testcase classname="com.gradepath.content.profiling.ProfilingServiceTest" name="getOrCreateProfile_newProfile" time="0.0">
    <ignored/>
  </testcase> <!-- getOrCreateProfile_newProfile -->
</testsuite> <!-- Integration Tests -->
