<?xml version="1.0" encoding="UTF-8"?>
<testsuite xmlns:xsi="http://www.w3.org/2001/XMLSchema-instance" xsi:noNamespaceSchemaLocation="https://maven.apache.org/surefire/maven-surefire-plugin/xsd/surefire-test-report-3.0.xsd" version="3.0" name="TestSuite" time="13.838" tests="106" errors="0" skipped="0" failures="0">
  <properties>
[...]
</properties>
  <testcase name="applyDecay_14Days_quarterRemaining" classname="com.gradepath.content.profiling.algorithm.InterestScorerTest" time="0.036">
    <system-out><![CDATA[...
... TestNG 7.10.2 by Cédric Beust (cedric@beust.com)
...

17:50:06.958 [main] INFO org.testcontainers.images.PullPolicy -- Image pull policy will be performed by: DefaultPullPolicy()
17:50:06.961 [main] INFO org.testcontainers.utility.ImageNameSubstitutor -- Image name substitution will be performed by: DefaultImageNameSubstitutor (composite of 'ConfigurationFileImageNameSubstitutor' and 'PrefixingImageNameSubstitutor')
17:50:06.967 [main] INFO org.testcontainers.DockerClientFactory -- Testcontainers version: 1.20.4
17:50:07.140 [main] INFO org.testcontainers.dockerclient.DockerClientProviderStrategy -- Loaded org.testcontainers.dockerclient.UnixSocketClientProviderStrategy from ~/.testcontainers.properties, will try it first
17:50:07.352 [main] INFO org.testcontainers.dockerclient.DockerClientProviderStrategy -- Found Docker environment with local Unix socket (unix:///var/run/docker.sock)
17:50:07.353 [main] INFO org.testcontainers.DockerClientFactory -- Docker host IP address is localhost
17:50:07.362 [main] INFO org.testcontainers.DockerClientFactory -- Connected to docker: 
  Server Version: 28.5.2
  API Version: 1.51
  Operating System: OrbStack
  Total Memory: 7994 MB
17:50:07.386 [main] INFO tc.testcontainers/ryuk:0.11.0 -- Creating container for image: testcontainers/ryuk:0.11.0
17:50:07.518 [main] INFO tc.testcontainers/ryuk:0.11.0 -- Container testcontainers/ryuk:0.11.0 is starting: d3f3434f5b58fde1b62d5ac97921fadb4aeffce9f031e4c228b516c3a760abb1
17:50:07.743 [main] INFO tc.testcontainers/ryuk:0.11.0 -- Container testcontainers/ryuk:0.11.0 started in PT0.356824S
17:50:07.748 [main] INFO org.testcontainers.utility.RyukResourceReaper -- Ryuk started - will monitor and terminate Testcontainers containers on JVM exit
17:50:07.748 [main] INFO org.testcontainers.DockerClientFactory -- Checking the system...
17:50:07.749 [main] INFO org.testcontainers.DockerClientFactory -- ✔︎ Docker server version should be at least 1.6.0
17:50:07.749 [main] INFO tc.postgres:16-alpine -- Creating container for image: postgres:16-alpine
17:50:07.863 [main] INFO tc.postgres:16-alpine -- Container postgres:16-alpine is starting: 17fd1ba6b8ece823b310f6b21ad8140ebf3c450fa93af668bb127553def96dd8
17:50:10.015 [main] INFO tc.postgres:16-alpine -- Container postgres:16-alpine started in PT2.265775S
17:50:10.015 [main] INFO tc.postgres:16-alpine -- Container is started (JDBC URL: jdbc:postgresql://localhost:32809/test?loggerLevel=OFF)
17:50:10.016 [main] INFO tc.confluentinc/cp-kafka:7.6.0 -- Creating container for image: confluentinc/cp-kafka:7.6.0
17:50:10.154 [main] INFO tc.confluentinc/cp-kafka:7.6.0 -- Container confluentinc/cp-kafka:7.6.0 is starting: 412e6a7b012748d114a1ef51db4dd0771cb4166296ab1eef32d43539a1427973
17:50:12.869 [main] INFO tc.confluentinc/cp-kafka:7.6.0 -- Container confluentinc/cp-kafka:7.6.0 started in PT2.852889S
17:50:12.871 [main] WARN org.testng.internal.Configuration -- Detected a static method [com.gradepath.content.profiling.ProfilingServiceIntegrationTest$TestcontainersInitializer.stopContainers()]. Static configuration methods can cause unexpected behavior.
17:50:12.928 [main] WARN org.testng.internal.Configuration -- Detected a static method [com.gradepath.content.profiling.ProfilingServiceIntegrationTest$TestcontainersInitializer.stopContainers()]. Static configuration methods can cause unexpected behavior.
]]></system-out>
  </testcase>
  <testcase name="applyDecay_7DaysHalfLife" classname="com.gradepath.content.profiling.algorithm.InterestScorerTest" time="0.0"/>
  <testcase name="applyDecay_freshEvent_noDecayApplied" classname="com.gradepath.content.profiling.algorithm.InterestScorerTest" time="0.0"/>
  <testcase name="applyDecay_lowScore_isRemoved" classname="com.gradepath.content.profiling.algorithm.InterestScorerTest" time="0.004"/>
  <testcase name="applyDecay_removesBelowThreshold" classname="com.gradepath.content.profiling.algorithm.InterestScorerTest" time="0.0"/>
  <testcase name="getActionMultiplier_abandoned_returns0_5" classname="com.gradepath.content.profiling.algorithm.InterestScorerTest" time="0.001"/>
  <testcase name="getActionMultiplier_caseInsensitive" classname="com.gradepath.content.profiling.algorithm.InterestScorerTest" time="0.0"/>
  <testcase name="getActionMultiplier_completed_returns2_0" classname="com.gradepath.content.profiling.algorithm.InterestScorerTest" time="0.0"/>
  <testcase name="getActionMultiplier_revisited_returns3_0" classname="com.gradepath.content.profiling.algorithm.InterestScorerTest" time="0.0"/>
  <testcase name="getActionMultiplier_started_returns1_0" classname="com.gradepath.content.profiling.algorithm.InterestScorerTest" time="0.0"/>
  <testcase name="getActionMultiplier_unknown_returns1_0" classname="com.gradepath.content.profiling.algorithm.InterestScorerTest" time="0.0"/>
  <testcase name="updateInterests_emptyTopicTags_returnsEarly" classname="com.gradepath.content.profiling.algorithm.InterestScorerTest" time="0.001"/>
  <testcase name="updateInterests_existingTopic_appliesEMA" classname="com.gradepath.content.profiling.algorithm.InterestScorerTest" time="0.0"/>
  <testcase name="updateInterests_multipleTopics_allUpdated" classname="com.gradepath.content.profiling.algorithm.InterestScorerTest" time="0.001"/>
  <testcase name="updateInterests_newTopic_createsScore" classname="com.gradepath.content.profiling.algorithm.InterestScorerTest" time="0.0"/>
  <testcase name="updateInterests_nullTimeInContent_defaultsTo0" classname="com.gradepath.content.profiling.algorithm.InterestScorerTest" time="0.0"/>
  <testcase name="updateInterests_nullTopicTags_returnsEarly" classname="com.gradepath.content.profiling.algorithm.InterestScorerTest" time="0.0"/>
  <testcase name="updateTopicScore_timeWeight_cappedAt1_5" classname="com.gradepath.content.profiling.algorithm.InterestScorerTest" time="0.0"/>
  <testcase name="updateTopicScore_timeWeight_linearBelow60" classname="com.gradepath.content.profiling.algorithm.InterestScorerTest" time="0.0"/>
  <testcase name="cleanupOldProfiles_placeholder" classname="com.gradepath.content.recommendation.profile.BehavioralProfileServiceTest" time="0.001">
    <system-err><![CDATA[WARNING: A Java agent has been loaded dynamically (/Users/qasim/.m2/repository/net/bytebuddy/byte-buddy-agent/1.15.10/byte-buddy-agent-1.15.10.jar)
WARNING: If a serviceability tool is in use, please run with -XX:+EnableDynamicAgentLoading to hide this warning
WARNING: If a serviceability tool is not in use, please run with -Djdk.instrument.traceUsage for more information
WARNING: Dynamic loading of agents will be disallowed by default in a future release
]]></system-err>
  </testcase>
  <testcase name="cleanupOldProfiles_withNegativeKeepCount" classname="com.gradepath.content.recommendation.profile.BehavioralProfileServiceTest" time="0.0"/>
  <testcase name="deserializeProfile_invalidJson_logsError" classname="com.gradepath.content.recommendation.profile.BehavioralProfileServiceTest" time="0.069">
    <system-out><![CDATA[17:50:13.857 [main] ERROR com.gradepath.content.recommendation.profile.BehavioralProfileService -- Error deserializing behavioral profile for user: user-invalid
com.fasterxml.jackson.core.JsonParseException: Unexpected character ('i' (code 105)): was expecting double-quote to start field name
 at [Source: REDACTED (`StreamReadFeature.INCLUDE_SOURCE_IN_LOCATION` disabled); line: 1, column: 2]
	at com.fasterxml.jackson.core.JsonParser._constructReadException(JsonParser.java:2660)
	at com.fasterxml.jackson.core.base.ParserMinimalBase._reportUnexpectedChar(ParserMinimalBase.java:741)
	at com.fasterxml.jackson.core.json.ReaderBasedJsonParser._handleOddName(ReaderBasedJsonParser.java:1909)
	at com.fasterxml.jackson.core.json.ReaderBasedJsonParser.nextToken(ReaderBasedJsonParser.java:709)
	at com.fasterxml.jackson.databind.deser.BeanDeserializer.deserialize(BeanDeserializer.java:177)
	at com.fasterxml.jackson.databind.deser.DefaultDeserializationContext.readRootValue(DefaultDeserializationContext.java:342)
	at com.fasterxml.jackson.databind.ObjectMapper._readMapAndClose(ObjectMapper.java:4917)
	at com.fasterxml.jackson.databind.ObjectMapper.readValue(ObjectMapper.java:3860)
	at com.fasterxml.jackson.databind.ObjectMapper.readValue(ObjectMapper.java:3828)
	at com.gradepath.content.recommendation.profile.BehavioralProfileService.deserializeProfile(BehavioralProfileService.java:71)
	at java.base/java.util.Optional.map(Optional.java:260)
	at com.gradepath.content.recommendation.profile.BehavioralProfileService.getProfile(BehavioralProfileService.java:52)
	at com.gradepath.content.recommendation.profile.BehavioralProfileServiceTest.deserializeProfile_invalidJson_logsError(BehavioralProfileServiceTest.java:262)
	at java.base/jdk.internal.reflect.DirectMethodHandleAccessor.invoke(DirectMethodHandleAccessor.java:103)
	at java.base/java.lang.reflect.Method.invoke(Method.java:580)
	at org.testng.internal.invokers.MethodInvocationHelper.invokeMethod(MethodInvocationHelper.java:141)
	at org.testng.internal.invokers.TestInvoker.invokeMethod(TestInvoker.java:686)
	at org.testng.internal.invokers.TestInvoker.invokeTestMethod(TestInvoker.java:230)
	at org.testng.internal.invokers.MethodRunner.runInSequence(MethodRunner.java:63)
	at org.testng.internal.invokers.TestInvoker$MethodInvocationAgent.invoke(TestInvoker.java:992)
	at org.testng.internal.invokers.TestInvoker.invokeTestMethods(TestInvoker.java:203)
	at org.testng.internal.invokers.TestMethodWorker.invokeTestMethods(TestMethodWorker.java:154)
	at org.testng.internal.invokers.TestMethodWorker.run(TestMethodWorker.java:134)
	at java.base/java.util.ArrayList.forEach(ArrayList.java:1596)
	at org.testng.TestRunner.privateRun(TestRunner.java:739)
	at org.testng.TestRunner.run(TestRunner.java:614)
	at org.testng.SuiteRunner.runTest(SuiteRunner.java:421)
	at org.testng.SuiteRunner.runSequentially(SuiteRunner.java:413)
	at org.testng.SuiteRunner.privateRun(SuiteRunner.java:373)
	at org.testng.SuiteRunner.run(SuiteRunner.java:312)
	at org.testng.SuiteRunnerWorker.runSuite(SuiteRunnerWorker.java:52)
	at org.testng.SuiteRunnerWorker.run(SuiteRunnerWorker.java:95)
	at org.testng.TestNG.runSuitesSequentially(TestNG.java:1274)
	at org.testng.TestNG.runSuitesLocally(TestNG.java:1208)
	at org.testng.TestNG.runSuites(TestNG.java:1112)
	at org.testng.TestNG.run(TestNG.java:1079)
	at org.apache.maven.surefire.testng.TestNGExecutor.run(TestNGExecutor.java:308)
	at org.apache.maven.surefire.testng.TestNGXmlTestSuite.execute(TestNGXmlTestSuite.java:71)
	at org.apache.maven.surefire.testng.TestNGProvider.invoke(TestNGProvider.java:113)
	at org.apache.maven.surefire.booter.ForkedBooter.runSuitesInProcess(ForkedBooter.java:385)
	at org.apache.maven.surefire.booter.ForkedBooter.execute(ForkedBooter.java:162)
	at org.apache.maven.surefire.booter.ForkedBooter.run(ForkedBooter.java:507)
	at org.apache.maven.surefire.booter.ForkedBooter.main(ForkedBooter.java:495)
]]></system-out>
  </testcase>
  <testcase name="deserializeProfile_validJson_returnsProfile" classname="com.gradepath.content.recommendation.profile.BehavioralProfileServiceTest" time="0.032"/>
  <testcase name="findByUserId_aliasWorks" classname="com.gradepath.content.recommendation.profile.BehavioralProfileServiceTest" time="0.006"/>
  <testcase name="getProfile_existingUser_returnsProfile" classname="com.gradepath.content.recommendation.profile.BehavioralProfileServiceTest" time="0.008"/>
  <testcase name="getProfile_nonExistingUser_returnsEmpty" classname="com.gradepath.content.recommendation.profile.BehavioralProfileServiceTest" time="0.0"/>
  <testcase name="getProfile_uuidOverload_works" classname="com.gradepath.content.recommendation.profile.BehavioralProfileServiceTest" time="0.006"/>
  <testcase name="saveProfile_nullTimestamp_usesNow" classname="com.gradepath.content.recommendation.profile.BehavioralProfileServiceTest" time="0.009">
    <system-out><![CDATA[17:50:13.923 [main] INFO com.gradepath.content.recommendation.profile.BehavioralProfileService -- Saved behavioral profile for user: user-null-timestamp
]]></system-out>
  </testcase>
  <testcase name="saveProfile_serializationError_logsError" classname="com.gradepath.content.recommendation.profile.BehavioralProfileServiceTest" time="0.228">
    <system-out><![CDATA[17:50:14.155 [main] ERROR com.gradepath.content.recommendation.profile.BehavioralProfileService -- Error serializing behavioral profile for user: user-error
java.lang.RuntimeException: Serialization failed
	at com.fasterxml.jackson.databind.ObjectMapper.writeValueAsString(ObjectMapper.java:4050)
	at com.gradepath.content.recommendation.profile.BehavioralProfileService.saveProfile(BehavioralProfileService.java:32)
	at com.gradepath.content.recommendation.profile.BehavioralProfileServiceTest.saveProfile_serializationError_logsError(BehavioralProfileServiceTest.java:106)
	at java.base/jdk.internal.reflect.DirectMethodHandleAccessor.invoke(DirectMethodHandleAccessor.java:103)
	at java.base/java.lang.reflect.Method.invoke(Method.java:580)
	at org.testng.internal.invokers.MethodInvocationHelper.invokeMethod(MethodInvocationHelper.java:141)
	at org.testng.internal.invokers.TestInvoker.invokeMethod(TestInvoker.java:686)
	at org.testng.internal.invokers.TestInvoker.invokeTestMethod(TestInvoker.java:230)
	at org.testng.internal.invokers.MethodRunner.runInSequence(MethodRunner.java:63)
	at org.testng.internal.invokers.TestInvoker$MethodInvocationAgent.invoke(TestInvoker.java:992)
	at org.testng.internal.invokers.TestInvoker.invokeTestMethods(TestInvoker.java:203)
	at org.testng.internal.invokers.TestMethodWorker.invokeTestMethods(TestMethodWorker.java:154)
	at org.testng.internal.invokers.TestMethodWorker.run(TestMethodWorker.java:134)
	at java.base/java.util.ArrayList.forEach(ArrayList.java:1596)
	at org.testng.TestRunner.privateRun(TestRunner.java:739)
	at org.testng.TestRunner.run(TestRunner.java:614)
	at org.testng.SuiteRunner.runTest(SuiteRunner.java:421)
	at org.testng.SuiteRunner.runSequentially(SuiteRunner.java:413)
	at org.testng.SuiteRunner.privateRun(SuiteRunner.java:373)
	at org.testng.SuiteRunner.run(SuiteRunner.java:312)
	at org.testng.SuiteRunnerWorker.runSuite(SuiteRunnerWorker.java:52)
	at org.testng.SuiteRunnerWorker.run(SuiteRunnerWorker.java:95)
	at org.testng.TestNG.runSuitesSequentially(TestNG.java:1274)
	at org.testng.TestNG.runSuitesLocally(TestNG.java:1208)
	at org.testng.TestNG.runSuites(TestNG.java:1112)
	at org.testng.TestNG.run(TestNG.java:1079)
	at org.apache.maven.surefire.testng.TestNGExecutor.run(TestNGExecutor.java:308)
	at org.apache.maven.surefire.testng.TestNGXmlTestSuite.execute(TestNGXmlTestSuite.java:71)
	at org.apache.maven.surefire.testng.TestNGProvider.invoke(TestNGProvider.java:113)
	at org.apache.maven.surefire.booter.ForkedBooter.runSuitesInProcess(ForkedBooter.java:385)
	at org.apache.maven.surefire.booter.ForkedBooter.execute(ForkedBooter.java:162)
	at org.apache.maven.surefire.booter.ForkedBooter.run(ForkedBooter.java:507)
	at org.apache.maven.surefire.booter.ForkedBooter.main(ForkedBooter.java:495)
]]></system-out>
  </testcase>
  <testcase name="saveProfile_validProfile_savesEntity" classname="com.gradepath.content.recommendation.profile.BehavioralProfileServiceTest" time="0.004">
    <system-out><![CDATA[17:50:14.162 [main] INFO com.gradepath.content.recommendation.profile.BehavioralProfileService -- Saved behavioral profile for user: user-123
]]></system-out>
  </testcase>
  <testcase name="analyzeJourney_emptyTopicTags_noError" classname="com.gradepath.content.profiling.algorithm.JourneyAnalyzerTest" time="0.009"/>
  <testcase name="analyzeJourney_nullTopicTags_noError" classname="com.gradepath.content.profiling.algorithm.JourneyAnalyzerTest" time="0.0"/>
  <testcase name="analyzeJourney_tracksTopicTags" classname="com.gradepath.content.profiling.algorithm.JourneyAnalyzerTest" time="0.001"/>
  <testcase name="calculateUniqueTopicRatio_diverseContent" classname="com.gradepath.content.profiling.algorithm.JourneyAnalyzerTest" time="0.001"/>
  <testcase name="calculateUniqueTopicRatio_repetitiveContent" classname="com.gradepath.content.profiling.algorithm.JourneyAnalyzerTest" time="0.0"/>
  <testcase name="calculateUniqueTopicRatio_zeroContent_noDivisionByZero" classname="com.gradepath.content.profiling.algorithm.JourneyAnalyzerTest" time="0.0"/>
  <testcase name="clearTransitions_clearsAll" classname="com.gradepath.content.profiling.algorithm.JourneyAnalyzerTest" time="0.001"/>
  <testcase name="clearUserTopics_clearsAll" classname="com.gradepath.content.profiling.algorithm.JourneyAnalyzerTest" time="0.0"/>
  <testcase name="getTransitionMatrix_returnsImmutable" classname="com.gradepath.content.profiling.algorithm.JourneyAnalyzerTest" time="0.003"/>
  <testcase name="getUserTopics_returnsImmutable" classname="com.gradepath.content.profiling.algorithm.JourneyAnalyzerTest" time="0.001"/>
  <testcase name="predictNext_noTransitions_emptyList" classname="com.gradepath.content.profiling.algorithm.JourneyAnalyzerTest" time="0.003"/>
  <testcase name="predictNext_nullFromContent_emptyList" classname="com.gradepath.content.profiling.algorithm.JourneyAnalyzerTest" time="0.0"/>
  <testcase name="predictNext_withTransitions" classname="com.gradepath.content.profiling.algorithm.JourneyAnalyzerTest" time="0.001"/>
  <testcase name="trackTransition_incrementsFrequency" classname="com.gradepath.content.profiling.algorithm.JourneyAnalyzerTest" time="0.001"/>
  <testcase name="trackTransition_newTransition_createsEntry" classname="com.gradepath.content.profiling.algorithm.JourneyAnalyzerTest" time="0.0"/>
  <testcase name="transitionProbability_calculation" classname="com.gradepath.content.profiling.algorithm.JourneyAnalyzerTest" time="0.001"/>
  <testcase name="updateCommonPaths_filtersByThreshold" classname="com.gradepath.content.profiling.algorithm.JourneyAnalyzerTest" time="0.0"/>
  <testcase name="updateCommonPaths_limitsToTop20" classname="com.gradepath.content.profiling.algorithm.JourneyAnalyzerTest" time="0.001"/>
  <testcase name="updateCommonPaths_sortsByFrequency" classname="com.gradepath.content.profiling.algorithm.JourneyAnalyzerTest" time="0.0"/>
  <testcase name="emitProfileUpdate_kafkaFailure_logsWarning" classname="com.gradepath.content.profiling.ProfilingServiceTest" time="0.013">
    <system-out><![CDATA[17:50:14.411 [main] WARN com.gradepath.content.profiling.ProfilingService -- Failed to emit profile update to Kafka for user: kafka-fail-user
java.lang.RuntimeException: Kafka down
	at org.springframework.kafka.core.KafkaTemplate.send(KafkaTemplate.java:568)
	at com.gradepath.content.profiling.ProfilingService.emitProfileUpdate(ProfilingService.java:251)
	at java.base/jdk.internal.reflect.DirectMethodHandleAccessor.invoke(DirectMethodHandleAccessor.java:103)
	at java.base/java.lang.reflect.Method.invoke(Method.java:580)
	at org.springframework.util.MethodInvoker.invoke(MethodInvoker.java:285)
	at org.springframework.test.util.ReflectionTestUtils.invokeMethod(ReflectionTestUtils.java:524)
	at org.springframework.test.util.ReflectionTestUtils.invokeMethod(ReflectionTestUtils.java:443)
	at com.gradepath.content.profiling.ProfilingServiceTest.emitProfileUpdate_kafkaFailure_logsWarning(ProfilingServiceTest.java:456)
	at java.base/jdk.internal.reflect.DirectMethodHandleAccessor.invoke(DirectMethodHandleAccessor.java:103)
	at java.base/java.lang.reflect.Method.invoke(Method.java:580)
	at org.testng.internal.invokers.MethodInvocationHelper.invokeMethod(MethodInvocationHelper.java:141)
	at org.testng.internal.invokers.TestInvoker.invokeMethod(TestInvoker.java:686)
	at org.testng.internal.invokers.TestInvoker.invokeTestMethod(TestInvoker.java:230)
	at org.testng.internal.invokers.MethodRunner.runInSequence(MethodRunner.java:63)
	at org.testng.internal.invokers.TestInvoker$MethodInvocationAgent.invoke(TestInvoker.java:992)
	at org.testng.internal.invokers.TestInvoker.invokeTestMethods(TestInvoker.java:203)
	at org.testng.internal.invokers.TestMethodWorker.invokeTestMethods(TestMethodWorker.java:154)
	at org.testng.internal.invokers.TestMethodWorker.run(TestMethodWorker.java:134)
	at java.base/java.util.ArrayList.forEach(ArrayList.java:1596)
	at org.testng.TestRunner.privateRun(TestRunner.java:739)
	at org.testng.TestRunner.run(TestRunner.java:614)
	at org.testng.SuiteRunner.runTest(SuiteRunner.java:421)
	at org.testng.SuiteRunner.runSequentially(SuiteRunner.java:413)
	at org.testng.SuiteRunner.privateRun(SuiteRunner.java:373)
	at org.testng.SuiteRunner.run(SuiteRunner.java:312)
	at org.testng.SuiteRunnerWorker.runSuite(SuiteRunnerWorker.java:52)
	at org.testng.SuiteRunnerWorker.run(SuiteRunnerWorker.java:95)
	at org.testng.TestNG.runSuitesSequentially(TestNG.java:1274)
	at org.testng.TestNG.runSuitesLocally(TestNG.java:1208)
	at org.testng.TestNG.runSuites(TestNG.java:1112)
	at org.testng.TestNG.run(TestNG.java:1079)
	at org.apache.maven.surefire.testng.TestNGExecutor.run(TestNGExecutor.java:308)
	at org.apache.maven.surefire.testng.TestNGXmlTestSuite.execute(TestNGXmlTestSuite.java:71)
	at org.apache.maven.surefire.testng.TestNGProvider.invoke(TestNGProvider.java:113)
	at org.apache.maven.surefire.booter.ForkedBooter.runSuitesInProcess(ForkedBooter.java:385)
	at org.apache.maven.surefire.booter.ForkedBooter.execute(ForkedBooter.java:162)
	at org.apache.maven.surefire.booter.ForkedBooter.run(ForkedBooter.java:507)
	at org.apache.maven.surefire.booter.ForkedBooter.main(ForkedBooter.java:495)
]]></system-out>
  </testcase>
  <testcase name="getListValue_arrayField_returnsList" classname="com.gradepath.content.profiling.ProfilingServiceTest" time="0.005"/>
  <testcase name="getListValue_missingField_returnsEmptyList" classname="com.gradepath.content.profiling.ProfilingServiceTest" time="0.0"/>
  <testcase name="getListValue_nonArrayField_returnsEmptyList" classname="com.gradepath.content.profiling.ProfilingServiceTest" time="0.0"/>
  <testcase name="getOrCreateProfile_fromCache" classname="com.gradepath.content.profiling.ProfilingServiceTest" time="0.001"/>
  <testcase name="getOrCreateProfile_fromDatabase" classname="com.gradepath.content.profiling.ProfilingServiceTest" time="0.0"/>
  <testcase name="getOrCreateProfile_newProfile" classname="com.gradepath.content.profiling.ProfilingServiceTest" time="0.0"/>
  <testcase name="getValue_missingField_returnsNull" classname="com.gradepath.content.profiling.ProfilingServiceTest" time="0.0"/>
  <testcase name="getValue_nullField_returnsNull" classname="com.gradepath.content.profiling.ProfilingServiceTest" time="0.001"/>
  <testcase name="parseJourneyEvent_allFieldsPresent" classname="com.gradepath.content.profiling.ProfilingServiceTest" time="0.0"/>
  <testcase name="parseJourneyEvent_missingOptionalFields" classname="com.gradepath.content.profiling.ProfilingServiceTest" time="0.0"/>
  <testcase name="processJourneyEvent_createsNewProfile" classname="com.gradepath.content.profiling.ProfilingServiceTest" time="0.005">
    <system-out><![CDATA[17:50:14.435 [main] INFO com.gradepath.content.profiling.ProfilingService -- Processed journey event for user: new-user, content: content-123, action: completed
]]></system-out>
  </testcase>
  <testcase name="processJourneyEvent_emitsProfileUpdate" classname="com.gradepath.content.profiling.ProfilingServiceTest" time="0.003">
    <system-out><![CDATA[17:50:14.440 [main] INFO com.gradepath.content.profiling.ProfilingService -- Processed journey event for user: user-123, content: content-abc, action: completed
]]></system-out>
  </testcase>
  <testcase name="processJourneyEvent_savesProfile" classname="com.gradepath.content.profiling.ProfilingServiceTest" time="0.002">
    <system-out><![CDATA[17:50:14.444 [main] INFO com.gradepath.content.profiling.ProfilingService -- Processed journey event for user: user-123, content: content-abc, action: completed
]]></system-out>
  </testcase>
  <testcase name="processJourneyEvent_updatesExistingProfile" classname="com.gradepath.content.profiling.ProfilingServiceTest" time="0.002">
    <system-out><![CDATA[17:50:14.447 [main] INFO com.gradepath.content.profiling.ProfilingService -- Processed journey event for user: existing-user, content: content-123, action: completed
]]></system-out>
  </testcase>
  <testcase name="processRawBehavioralEvent_contentJourney_processesEvent" classname="com.gradepath.content.profiling.ProfilingServiceTest" time="0.003">
    <system-out><![CDATA[17:50:14.450 [main] INFO com.gradepath.content.profiling.ProfilingService -- Processed journey event for user: user-123, content: content-abc, action: completed
]]></system-out>
  </testcase>
  <testcase name="processRawBehavioralEvent_malformedJson_logsError" classname="com.gradepath.content.profiling.ProfilingServiceTest" time="0.0">
    <system-out><![CDATA[17:50:14.452 [main] ERROR com.gradepath.content.profiling.ProfilingService -- Error processing raw behavioral event: invalid json {
com.fasterxml.jackson.core.JsonParseException: Unrecognized token 'invalid': was expecting (JSON String, Number, Array, Object or token 'null', 'true' or 'false')
 at [Source: REDACTED (`StreamReadFeature.INCLUDE_SOURCE_IN_LOCATION` disabled); line: 1, column: 8]
	at com.fasterxml.jackson.core.JsonParser._constructError(JsonParser.java:2584)
	at com.fasterxml.jackson.core.JsonParser._constructReadException(JsonParser.java:2610)
	at com.fasterxml.jackson.core.JsonParser._constructReadException(JsonParser.java:2618)
	at com.fasterxml.jackson.core.base.ParserMinimalBase._reportError(ParserMinimalBase.java:825)
	at com.fasterxml.jackson.core.json.ReaderBasedJsonParser._reportInvalidToken(ReaderBasedJsonParser.java:3017)
	at com.fasterxml.jackson.core.json.ReaderBasedJsonParser._handleOddValue(ReaderBasedJsonParser.java:2051)
	at com.fasterxml.jackson.core.json.ReaderBasedJsonParser.nextToken(ReaderBasedJsonParser.java:780)
	at com.fasterxml.jackson.databind.ObjectMapper._readTreeAndClose(ObjectMapper.java:4946)
	at com.fasterxml.jackson.databind.ObjectMapper.readTree(ObjectMapper.java:3281)
	at com.gradepath.content.profiling.ProfilingService.processRawBehavioralEvent(ProfilingService.java:78)
	at java.base/jdk.internal.reflect.DirectMethodHandleAccessor.invoke(DirectMethodHandleAccessor.java:103)
	at java.base/java.lang.reflect.Method.invoke(Method.java:580)
	at org.springframework.util.MethodInvoker.invoke(MethodInvoker.java:285)
	at org.springframework.test.util.ReflectionTestUtils.invokeMethod(ReflectionTestUtils.java:524)
	at org.springframework.test.util.ReflectionTestUtils.invokeMethod(ReflectionTestUtils.java:443)
	at com.gradepath.content.profiling.ProfilingServiceTest.processRawBehavioralEvent_malformedJson_logsError(ProfilingServiceTest.java:186)
	at java.base/jdk.internal.reflect.DirectMethodHandleAccessor.invoke(DirectMethodHandleAccessor.java:103)
	at java.base/java.lang.reflect.Method.invoke(Method.java:580)
	at org.testng.internal.invokers.MethodInvocationHelper.invokeMethod(MethodInvocationHelper.java:141)
	at org.testng.internal.invokers.TestInvoker.invokeMethod(TestInvoker.java:686)
	at org.testng.internal.invokers.TestInvoker.invokeTestMethod(TestInvoker.java:230)
	at org.testng.internal.invokers.MethodRunner.runInSequence(MethodRunner.java:63)
	at org.testng.internal.invokers.TestInvoker$MethodInvocationAgent.invoke(TestInvoker.java:992)
	at org.testng.internal.invokers.TestInvoker.invokeTestMethods(TestInvoker.java:203)
	at org.testng.internal.invokers.TestMethodWorker.invokeTestMethods(TestMethodWorker.java:154)
	at org.testng.internal.invokers.TestMethodWorker.run(TestMethodWorker.java:134)
	at java.base/java.util.ArrayList.forEach(ArrayList.java:1596)
	at org.testng.TestRunner.privateRun(TestRunner.java:739)
	at org.testng.TestRunner.run(TestRunner.java:614)
	at org.testng.SuiteRunner.runTest(SuiteRunner.java:421)
	at org.testng.SuiteRunner.runSequentially(SuiteRunner.java:413)
	at org.testng.SuiteRunner.privateRun(SuiteRunner.java:373)
	at org.testng.SuiteRunner.run(SuiteRunner.java:312)
	at org.testng.SuiteRunnerWorker.runSuite(SuiteRunnerWorker.java:52)
	at org.testng.SuiteRunnerWorker.run(SuiteRunnerWorker.java:95)
	at org.testng.TestNG.runSuitesSequentially(TestNG.java:1274)
	at org.testng.TestNG.runSuitesLocally(TestNG.java:1208)
	at org.testng.TestNG.runSuites(TestNG.java:1112)
	at org.testng.TestNG.run(TestNG.java:1079)
	at org.apache.maven.surefire.testng.TestNGExecutor.run(TestNGExecutor.java:308)
	at org.apache.maven.surefire.testng.TestNGXmlTestSuite.execute(TestNGXmlTestSuite.java:71)
	at org.apache.maven.surefire.testng.TestNGProvider.invoke(TestNGProvider.java:113)
	at org.apache.maven.surefire.booter.ForkedBooter.runSuitesInProcess(ForkedBooter.java:385)
	at org.apache.maven.surefire.booter.ForkedBooter.execute(ForkedBooter.java:162)
	at org.apache.maven.surefire.booter.ForkedBooter.run(ForkedBooter.java:507)
	at org.apache.maven.surefire.booter.ForkedBooter.main(ForkedBooter.java:495)
]]></system-out>
  </testcase>
  <testcase name="processRawBehavioralEvent_nullTopic_warnsAndReturns" classname="com.gradepath.content.profiling.ProfilingServiceTest" time="0.001">
    <system-out><![CDATA[17:50:14.453 [main] WARN com.gradepath.content.profiling.ProfilingService -- No topic in event: {
    "userId": "user-123",
    "contentId": "content-abc"
}

]]></system-out>
  </testcase>
  <testcase name="processRawBehavioralEvent_sessionLifecycle_processesEvent" classname="com.gradepath.content.profiling.ProfilingServiceTest" time="0.003">
    <system-out><![CDATA[17:50:14.457 [main] INFO com.gradepath.content.profiling.ProfilingService -- Processed session_end for user: user-123, duration: 300s, content: 5
]]></system-out>
  </testcase>
  <testcase name="processRawBehavioralEvent_unknownTopic_warnsAndReturns" classname="com.gradepath.content.profiling.ProfilingServiceTest" time="0.0">
    <system-out><![CDATA[17:50:14.459 [main] WARN com.gradepath.content.profiling.ProfilingService -- Unknown event topic: unknown
]]></system-out>
  </testcase>
  <testcase name="processSessionEvent_missingContentCount_defaultsTo0" classname="com.gradepath.content.profiling.ProfilingServiceTest" time="0.003">
    <system-out><![CDATA[17:50:14.462 [main] INFO com.gradepath.content.profiling.ProfilingService -- Processed session_end for user: user-123, duration: 300s, content: 0
]]></system-out>
  </testcase>
  <testcase name="processSessionEvent_missingDuration_defaultsTo0" classname="com.gradepath.content.profiling.ProfilingServiceTest" time="0.002">
    <system-out><![CDATA[17:50:14.470 [main] INFO com.gradepath.content.profiling.ProfilingService -- Processed session_end for user: user-123, duration: 0s, content: 5
]]></system-out>
  </testcase>
  <testcase name="processSessionEvent_sessionEnd_processes" classname="com.gradepath.content.profiling.ProfilingServiceTest" time="0.003">
    <system-out><![CDATA[17:50:14.473 [main] INFO com.gradepath.content.profiling.ProfilingService -- Processed session_end for user: user-123, duration: 300s, content: 5
]]></system-out>
  </testcase>
  <testcase name="processSessionEvent_sessionStart_ignored" classname="com.gradepath.content.profiling.ProfilingServiceTest" time="0.0"/>
  <testcase name="ContentTransitionBuilder_createsValid" classname="com.gradepath.content.recommendation.profile.BehavioralProfileTest" time="0.0"/>
  <testcase name="EngagementPatternBuilder_createsValid" classname="com.gradepath.content.recommendation.profile.BehavioralProfileTest" time="0.0"/>
  <testcase name="InterestScoreBuilder_createsValid" classname="com.gradepath.content.recommendation.profile.BehavioralProfileTest" time="0.0"/>
  <testcase name="PeakWindowBuilder_createsValid" classname="com.gradepath.content.recommendation.profile.BehavioralProfileTest" time="0.0"/>
  <testcase name="builder_createsValidProfile" classname="com.gradepath.content.recommendation.profile.BehavioralProfileTest" time="0.0"/>
  <testcase name="builder_defaultValues_emptyCollections" classname="com.gradepath.content.recommendation.profile.BehavioralProfileTest" time="0.0"/>
  <testcase name="lombok_equalsHashCode_work" classname="com.gradepath.content.recommendation.profile.BehavioralProfileTest" time="0.001"/>
  <testcase name="lombok_gettersSetters_work" classname="com.gradepath.content.recommendation.profile.BehavioralProfileTest" time="0.0"/>
  <testcase name="lombok_toString_works" classname="com.gradepath.content.recommendation.profile.BehavioralProfileTest" time="0.003"/>
  <testcase name="classify_casualBrowser" classname="com.gradepath.content.profiling.algorithm.EngagementClassifierTest" time="0.001"/>
  <testcase name="classify_deepLearner" classname="com.gradepath.content.profiling.algorithm.EngagementClassifierTest" time="0.0"/>
  <testcase name="classify_explorer" classname="com.gradepath.content.profiling.algorithm.EngagementClassifierTest" time="0.0"/>
  <testcase name="classify_longSessionWithManyContent_bingeConsumer" classname="com.gradepath.content.profiling.algorithm.EngagementClassifierTest" time="0.0"/>
  <testcase name="classify_moderateBehavior" classname="com.gradepath.content.profiling.algorithm.EngagementClassifierTest" time="0.0"/>
  <testcase name="getSessionMetrics_contentZero" classname="com.gradepath.content.profiling.algorithm.EngagementClassifierTest" time="0.0"/>
  <testcase name="getSessionMetrics_durationZero" classname="com.gradepath.content.profiling.algorithm.EngagementClassifierTest" time="0.0"/>
  <testcase name="getUserSessions_returnsImmutable" classname="com.gradepath.content.profiling.algorithm.EngagementClassifierTest" time="0.0"/>
  <testcase name="updateBasedOnTopicDiversity_highRatio_explorer" classname="com.gradepath.content.profiling.algorithm.EngagementClassifierTest" time="0.0"/>
  <testcase name="updateBasedOnTopicDiversity_lowRatio_specialist" classname="com.gradepath.content.profiling.algorithm.EngagementClassifierTest" time="0.0"/>
  <testcase name="updateBasedOnTopicDiversity_nullEngagement_noUpdate" classname="com.gradepath.content.profiling.algorithm.EngagementClassifierTest" time="0.0"/>
  <testcase name="updateEngagement_firstSession_unknown" classname="com.gradepath.content.profiling.algorithm.EngagementClassifierTest" time="0.0"/>
  <testcase name="updateEngagement_maxSessionsPerUser" classname="com.gradepath.content.profiling.algorithm.EngagementClassifierTest" time="0.0"/>
  <testcase name="updateEngagement_threeSessions_classifies" classname="com.gradepath.content.profiling.algorithm.EngagementClassifierTest" time="0.0"/>
  <testcase name="updateEngagement_twoSessions_classifies" classname="com.gradepath.content.profiling.algorithm.EngagementClassifierTest" time="0.0"/>
  <testcase name="oldInterests_decayWhenNewEventProcessed" classname="com.gradepath.content.profiling.ProfilingServiceIntegrationTest" time="0.229">
    <system-out><![CDATA[
  .   ____          _            __ _ _
 /\\ / ___'_ __ _ _(_)_ __  __ _ \ \ \ \
( ( )\___ | '_ | '_| | '_ \/ _` | \ \ \ \
 \\/  ___)| |_)| | | | | || (_| |  ) ) ) )
  '  |____| .__|_| |_|_| |_\__, | / / / /
 =========|_|==============|___/=/_/_/_/

 :: Spring Boot ::                (v3.4.0)

2026-01-21T17:50:14.842Z  WARN 18921 --- [content-service] [           main] ory$DuplicateJsonObjectContextCustomizer : 

Found multiple occurrences of org.json.JSONObject on the class path:

	jar:file:/Users/qasim/.m2/repository/org/json/json/20240303/json-20240303.jar!/org/json/JSONObject.class
	jar:file:/Users/qasim/.m2/repository/com/vaadin/external/google/android-json/0.0.20131108.vaadin1/android-json-0.0.20131108.vaadin1.jar!/org/json/JSONObject.class

You may wish to exclude one of them to ensure predictable runtime behavior

2026-01-21T17:50:14.863Z  INFO 18921 --- [content-service] [           main] c.g.c.p.ProfilingServiceIntegrationTest  : Starting ProfilingServiceIntegrationTest using Java 21.0.8 with PID 18921 (/Users/qasim/Documents/Dev/GradePath_UserTelemetryPoC/gradepath-core/target/test-classes started by qasim in /Users/qasim/Documents/Dev/GradePath_UserTelemetryPoC/gradepath-core)
2026-01-21T17:50:14.863Z DEBUG 18921 --- [content-service] [           main] c.g.c.p.ProfilingServiceIntegrationTest  : Running with Spring Boot v3.4.0, Spring v6.2.0
2026-01-21T17:50:14.863Z  INFO 18921 --- [content-service] [           main] c.g.c.p.ProfilingServiceIntegrationTest  : The following 1 profile is active: "dev"
2026-01-21T17:50:15.946Z  INFO 18921 --- [content-service] [           main] .s.d.r.c.RepositoryConfigurationDelegate : Multiple Spring Data modules found, entering strict repository configuration mode
2026-01-21T17:50:15.948Z  INFO 18921 --- [content-service] [           main] .s.d.r.c.RepositoryConfigurationDelegate : Bootstrapping Spring Data JPA repositories in DEFAULT mode.
2026-01-21T17:50:16.034Z  INFO 18921 --- [content-service] [           main] .s.d.r.c.RepositoryConfigurationDelegate : Finished Spring Data repository scanning in 78 ms. Found 8 JPA repository interfaces.
2026-01-21T17:50:16.041Z  INFO 18921 --- [content-service] [           main] .s.d.r.c.RepositoryConfigurationDelegate : Multiple Spring Data modules found, entering strict repository configuration mode
2026-01-21T17:50:16.042Z  INFO 18921 --- [content-service] [           main] .s.d.r.c.RepositoryConfigurationDelegate : Bootstrapping Spring Data Redis repositories in DEFAULT mode.
2026-01-21T17:50:16.053Z  INFO 18921 --- [content-service] [           main] .RepositoryConfigurationExtensionSupport : Spring Data Redis - Could not safely identify store assignment for repository candidate interface com.gradepath.content.analytics.repository.ContentInteractionRepository; If you want this repository to be a Redis repository, consider annotating your entities with one of these annotations: org.springframework.data.redis.core.RedisHash (preferred), or consider extending one of the following types with your repository: org.springframework.data.keyvalue.repository.KeyValueRepository
2026-01-21T17:50:16.053Z  INFO 18921 --- [content-service] [           main] .RepositoryConfigurationExtensionSupport : Spring Data Redis - Could not safely identify store assignment for repository candidate interface com.gradepath.content.content.repository.ContentRepository; If you want this repository to be a Redis repository, consider annotating your entities with one of these annotations: org.springframework.data.redis.core.RedisHash (preferred), or consider extending one of the following types with your repository: org.springframework.data.keyvalue.repository.KeyValueRepository
2026-01-21T17:50:16.053Z  INFO 18921 --- [content-service] [           main] .RepositoryConfigurationExtensionSupport : Spring Data Redis - Could not safely identify store assignment for repository candidate interface com.gradepath.content.profile.repository.SkillLevelRepository; If you want this repository to be a Redis repository, consider annotating your entities with one of these annotations: org.springframework.data.redis.core.RedisHash (preferred), or consider extending one of the following types with your repository: org.springframework.data.keyvalue.repository.KeyValueRepository
2026-01-21T17:50:16.053Z  INFO 18921 --- [content-service] [           main] .RepositoryConfigurationExtensionSupport : Spring Data Redis - Could not safely identify store assignment for repository candidate interface com.gradepath.content.profile.repository.UserPreferencesRepository; If you want this repository to be a Redis repository, consider annotating your entities with one of these annotations: org.springframework.data.redis.core.RedisHash (preferred), or consider extending one of the following types with your repository: org.springframework.data.keyvalue.repository.KeyValueRepository
2026-01-21T17:50:16.054Z  INFO 18921 --- [content-service] [           main] .RepositoryConfigurationExtensionSupport : Spring Data Redis - Could not safely identify store assignment for repository candidate interface com.gradepath.content.profile.repository.UserProfileRepository; If you want this repository to be a Redis repository, consider annotating your entities with one of these annotations: org.springframework.data.redis.core.RedisHash (preferred), or consider extending one of the following types with your repository: org.springframework.data.keyvalue.repository.KeyValueRepository
2026-01-21T17:50:16.054Z  INFO 18921 --- [content-service] [           main] .RepositoryConfigurationExtensionSupport : Spring Data Redis - Could not safely identify store assignment for repository candidate interface com.gradepath.content.profile.repository.UserRepository; If you want this repository to be a Redis repository, consider annotating your entities with one of these annotations: org.springframework.data.redis.core.RedisHash (preferred), or consider extending one of the following types with your repository: org.springframework.data.keyvalue.repository.KeyValueRepository
2026-01-21T17:50:16.054Z  INFO 18921 --- [content-service] [           main] .RepositoryConfigurationExtensionSupport : Spring Data Redis - Could not safely identify store assignment for repository candidate interface com.gradepath.content.recommendation.profile.BehavioralProfileRepository; If you want this repository to be a Redis repository, consider annotating your entities with one of these annotations: org.springframework.data.redis.core.RedisHash (preferred), or consider extending one of the following types with your repository: org.springframework.data.keyvalue.repository.KeyValueRepository
2026-01-21T17:50:16.054Z  INFO 18921 --- [content-service] [           main] .RepositoryConfigurationExtensionSupport : Spring Data Redis - Could not safely identify store assignment for repository candidate interface com.gradepath.content.recommendation.repository.RecommendationRepository; If you want this repository to be a Redis repository, consider annotating your entities with one of these annotations: org.springframework.data.redis.core.RedisHash (preferred), or consider extending one of the following types with your repository: org.springframework.data.keyvalue.repository.KeyValueRepository
2026-01-21T17:50:16.054Z  INFO 18921 --- [content-service] [           main] .s.d.r.c.RepositoryConfigurationDelegate : Finished Spring Data repository scanning in 4 ms. Found 0 Redis repository interfaces.
2026-01-21T17:50:16.542Z  INFO 18921 --- [content-service] [           main] com.zaxxer.hikari.HikariDataSource       : HikariPool-1 - Starting...
2026-01-21T17:50:16.646Z  INFO 18921 --- [content-service] [           main] com.zaxxer.hikari.pool.HikariPool        : HikariPool-1 - Added connection org.postgresql.jdbc.PgConnection@9e0be8b
2026-01-21T17:50:16.647Z  INFO 18921 --- [content-service] [           main] com.zaxxer.hikari.HikariDataSource       : HikariPool-1 - Start completed.
2026-01-21T17:50:16.671Z  INFO 18921 --- [content-service] [           main] org.flywaydb.core.FlywayExecutor         : Database: jdbc:postgresql://localhost:32809/test?loggerLevel=OFF (PostgreSQL 16.11)
2026-01-21T17:50:16.694Z  INFO 18921 --- [content-service] [           main] o.f.c.i.s.JdbcTableSchemaHistory         : Schema history table "public"."flyway_schema_history" does not exist yet
2026-01-21T17:50:16.695Z  INFO 18921 --- [content-service] [           main] o.f.core.internal.command.DbValidate     : Successfully validated 2 migrations (execution time 00:00.010s)
2026-01-21T17:50:16.702Z  INFO 18921 --- [content-service] [           main] o.f.c.i.s.JdbcTableSchemaHistory         : Creating Schema History table "public"."flyway_schema_history" ...
2026-01-21T17:50:16.739Z  INFO 18921 --- [content-service] [           main] o.f.core.internal.command.DbMigrate      : Current version of schema "public": << Empty Schema >>
2026-01-21T17:50:16.747Z  INFO 18921 --- [content-service] [           main] o.f.core.internal.command.DbMigrate      : Migrating schema "public" to version "1 - init schema"
2026-01-21T17:50:16.804Z  INFO 18921 --- [content-service] [           main] o.f.core.internal.command.DbMigrate      : Migrating schema "public" to version "2 - create behavioral profiles"
2026-01-21T17:50:16.815Z  INFO 18921 --- [content-service] [           main] o.f.core.internal.command.DbMigrate      : Successfully applied 2 migrations to schema "public", now at version v2 (execution time 00:00.052s)
2026-01-21T17:50:16.873Z  INFO 18921 --- [content-service] [           main] o.hibernate.jpa.internal.util.LogHelper  : HHH000204: Processing PersistenceUnitInfo [name: default]
2026-01-21T17:50:16.910Z  INFO 18921 --- [content-service] [           main] org.hibernate.Version                    : HHH000412: Hibernate ORM core version 6.6.2.Final
2026-01-21T17:50:16.932Z  INFO 18921 --- [content-service] [           main] o.h.c.internal.RegionFactoryInitiator    : HHH000026: Second-level cache disabled
2026-01-21T17:50:17.013Z  WARN 18921 --- [content-service] [           main] org.hibernate.orm.deprecation            : HHH90000025: PostgreSQLDialect does not need to be specified explicitly using 'hibernate.dialect' (remove the property setting and it will be selected by default)
2026-01-21T17:50:17.021Z  INFO 18921 --- [content-service] [           main] org.hibernate.orm.connections.pooling    : HHH10001005: Database info:
	Database JDBC URL [Connecting through datasource 'HikariDataSource (HikariPool-1)']
	Database driver: undefined/unknown
	Database version: 16.11
	Autocommit mode: undefined/unknown
	Isolation level: undefined/unknown
	Minimum pool size: undefined/unknown
	Maximum pool size: undefined/unknown
2026-01-21T17:50:17.053Z  INFO 18921 --- [content-service] [           main] o.s.o.j.p.SpringPersistenceUnitInfo      : No LoadTimeWeaver setup: ignoring JPA class transformer
2026-01-21T17:50:17.727Z  INFO 18921 --- [content-service] [           main] o.h.e.t.j.p.i.JtaPlatformInitiator       : HHH000489: No JTA platform available (set 'hibernate.transaction.jta.platform' to enable JTA platform integration)
2026-01-21T17:50:17.728Z  INFO 18921 --- [content-service] [           main] j.LocalContainerEntityManagerFactoryBean : Initialized JPA EntityManagerFactory for persistence unit 'default'
2026-01-21T17:50:17.942Z  INFO 18921 --- [content-service] [           main] o.s.d.j.r.query.QueryEnhancerFactory     : Hibernate is in classpath; If applicable, HQL parser will be used.
2026-01-21T17:50:19.370Z DEBUG 18921 --- [content-service] [           main] .e.k.KafkaEventExternalizerConfiguration : Registering domain event externalization to Kafka…
2026-01-21T17:50:19.452Z  INFO 18921 --- [content-service] [           main] o.a.k.clients.consumer.ConsumerConfig    : ConsumerConfig values: 
	allow.auto.create.topics = true
	auto.commit.interval.ms = 5000
	auto.include.jmx.reporter = true
	auto.offset.reset = earliest
	bootstrap.servers = [PLAINTEXT://localhost:32811]
	check.crcs = true
	client.dns.lookup = use_all_dns_ips
	client.id = consumer-behavioral-profile-consumer-1
	client.rack = 
	connections.max.idle.ms = 540000
	default.api.timeout.ms = 60000
	enable.auto.commit = false
	enable.metrics.push = true
	exclude.internal.topics = true
	fetch.max.bytes = 52428800
	fetch.max.wait.ms = 500
	fetch.min.bytes = 1
	group.id = behavioral-profile-consumer
	group.instance.id = null
	group.protocol = classic
	group.remote.assignor = null
	heartbeat.interval.ms = 3000
	interceptor.classes = []
	internal.leave.group.on.close = true
	internal.throw.on.fetch.stable.offset.unsupported = false
	isolation.level = read_uncommitted
	key.deserializer = class org.apache.kafka.common.serialization.StringDeserializer
	max.partition.fetch.bytes = 1048576
	max.poll.interval.ms = 300000
	max.poll.records = 500
	metadata.max.age.ms = 300000
	metadata.recovery.strategy = none
	metric.reporters = []
	metrics.num.samples = 2
	metrics.recording.level = INFO
	metrics.sample.window.ms = 30000
	partition.assignment.strategy = [class org.apache.kafka.clients.consumer.RangeAssignor, class org.apache.kafka.clients.consumer.CooperativeStickyAssignor]
	receive.buffer.bytes = 65536
	reconnect.backoff.max.ms = 1000
	reconnect.backoff.ms = 50
	request.timeout.ms = 30000
	retry.backoff.max.ms = 1000
	retry.backoff.ms = 100
	sasl.client.callback.handler.class = null
	sasl.jaas.config = null
	sasl.kerberos.kinit.cmd = /usr/bin/kinit
	sasl.kerberos.min.time.before.relogin = 60000
	sasl.kerberos.service.name = null
	sasl.kerberos.ticket.renew.jitter = 0.05
	sasl.kerberos.ticket.renew.window.factor = 0.8
	sasl.login.callback.handler.class = null
	sasl.login.class = null
	sasl.login.connect.timeout.ms = null
	sasl.login.read.timeout.ms = null
	sasl.login.refresh.buffer.seconds = 300
	sasl.login.refresh.min.period.seconds = 60
	sasl.login.refresh.window.factor = 0.8
	sasl.login.refresh.window.jitter = 0.05
	sasl.login.retry.backoff.max.ms = 10000
	sasl.login.retry.backoff.ms = 100
	sasl.mechanism = GSSAPI
	sasl.oauthbearer.clock.skew.seconds = 30
	sasl.oauthbearer.expected.audience = null
	sasl.oauthbearer.expected.issuer = null
	sasl.oauthbearer.jwks.endpoint.refresh.ms = 3600000
	sasl.oauthbearer.jwks.endpoint.retry.backoff.max.ms = 10000
	sasl.oauthbearer.jwks.endpoint.retry.backoff.ms = 100
	sasl.oauthbearer.jwks.endpoint.url = null
	sasl.oauthbearer.scope.claim.name = scope
	sasl.oauthbearer.sub.claim.name = sub
	sasl.oauthbearer.token.endpoint.url = null
	security.protocol = PLAINTEXT
	security.providers = null
	send.buffer.bytes = 131072
	session.timeout.ms = 45000
	socket.connection.setup.timeout.max.ms = 30000
	socket.connection.setup.timeout.ms = 10000
	ssl.cipher.suites = null
	ssl.enabled.protocols = [TLSv1.2, TLSv1.3]
	ssl.endpoint.identification.algorithm = https
	ssl.engine.factory.class = null
	ssl.key.password = null
	ssl.keymanager.algorithm = SunX509
	ssl.keystore.certificate.chain = null
	ssl.keystore.key = null
	ssl.keystore.location = null
	ssl.keystore.password = null
	ssl.keystore.type = JKS
	ssl.protocol = TLSv1.3
	ssl.provider = null
	ssl.secure.random.implementation = null
	ssl.trustmanager.algorithm = PKIX
	ssl.truststore.certificates = null
	ssl.truststore.location = null
	ssl.truststore.password = null
	ssl.truststore.type = JKS
	value.deserializer = class org.apache.kafka.common.serialization.StringDeserializer

2026-01-21T17:50:19.484Z  INFO 18921 --- [content-service] [           main] o.a.k.c.t.i.KafkaMetricsCollector        : initializing Kafka metrics collector
2026-01-21T17:50:19.560Z  INFO 18921 --- [content-service] [           main] o.a.kafka.common.utils.AppInfoParser     : Kafka version: 3.8.1
2026-01-21T17:50:19.560Z  INFO 18921 --- [content-service] [           main] o.a.kafka.common.utils.AppInfoParser     : Kafka commitId: 70d6ff42debf7e17
2026-01-21T17:50:19.560Z  INFO 18921 --- [content-service] [           main] o.a.kafka.common.utils.AppInfoParser     : Kafka startTimeMs: 1769017819559
2026-01-21T17:50:19.562Z  INFO 18921 --- [content-service] [           main] o.a.k.c.c.internals.LegacyKafkaConsumer  : [Consumer clientId=consumer-behavioral-profile-consumer-1, groupId=behavioral-profile-consumer] Subscribed to topic(s): profile-updates
2026-01-21T17:50:19.567Z  INFO 18921 --- [content-service] [           main] o.a.k.clients.consumer.ConsumerConfig    : ConsumerConfig values: 
	allow.auto.create.topics = true
	auto.commit.interval.ms = 5000
	auto.include.jmx.reporter = true
	auto.offset.reset = earliest
	bootstrap.servers = [PLAINTEXT://localhost:32811]
	check.crcs = true
	client.dns.lookup = use_all_dns_ips
	client.id = consumer-content-analytics-consumer-2
	client.rack = 
	connections.max.idle.ms = 540000
	default.api.timeout.ms = 60000
	enable.auto.commit = false
	enable.metrics.push = true
	exclude.internal.topics = true
	fetch.max.bytes = 52428800
	fetch.max.wait.ms = 500
	fetch.min.bytes = 1
	group.id = content-analytics-consumer
	group.instance.id = null
	group.protocol = classic
	group.remote.assignor = null
	heartbeat.interval.ms = 3000
	interceptor.classes = []
	internal.leave.group.on.close = true
	internal.throw.on.fetch.stable.offset.unsupported = false
	isolation.level = read_uncommitted
	key.deserializer = class org.apache.kafka.common.serialization.StringDeserializer
	max.partition.fetch.bytes = 1048576
	max.poll.interval.ms = 300000
	max.poll.records = 500
	metadata.max.age.ms = 300000
	metadata.recovery.strategy = none
	metric.reporters = []
	metrics.num.samples = 2
	metrics.recording.level = INFO
	metrics.sample.window.ms = 30000
	partition.assignment.strategy = [class org.apache.kafka.clients.consumer.RangeAssignor, class org.apache.kafka.clients.consumer.CooperativeStickyAssignor]
	receive.buffer.bytes = 65536
	reconnect.backoff.max.ms = 1000
	reconnect.backoff.ms = 50
	request.timeout.ms = 30000
	retry.backoff.max.ms = 1000
	retry.backoff.ms = 100
	sasl.client.callback.handler.class = null
	sasl.jaas.config = null
	sasl.kerberos.kinit.cmd = /usr/bin/kinit
	sasl.kerberos.min.time.before.relogin = 60000
	sasl.kerberos.service.name = null
	sasl.kerberos.ticket.renew.jitter = 0.05
	sasl.kerberos.ticket.renew.window.factor = 0.8
	sasl.login.callback.handler.class = null
	sasl.login.class = null
	sasl.login.connect.timeout.ms = null
	sasl.login.read.timeout.ms = null
	sasl.login.refresh.buffer.seconds = 300
	sasl.login.refresh.min.period.seconds = 60
	sasl.login.refresh.window.factor = 0.8
	sasl.login.refresh.window.jitter = 0.05
	sasl.login.retry.backoff.max.ms = 10000
	sasl.login.retry.backoff.ms = 100
	sasl.mechanism = GSSAPI
	sasl.oauthbearer.clock.skew.seconds = 30
	sasl.oauthbearer.expected.audience = null
	sasl.oauthbearer.expected.issuer = null
	sasl.oauthbearer.jwks.endpoint.refresh.ms = 3600000
	sasl.oauthbearer.jwks.endpoint.retry.backoff.max.ms = 10000
	sasl.oauthbearer.jwks.endpoint.retry.backoff.ms = 100
	sasl.oauthbearer.jwks.endpoint.url = null
	sasl.oauthbearer.scope.claim.name = scope
	sasl.oauthbearer.sub.claim.name = sub
	sasl.oauthbearer.token.endpoint.url = null
	security.protocol = PLAINTEXT
	security.providers = null
	send.buffer.bytes = 131072
	session.timeout.ms = 45000
	socket.connection.setup.timeout.max.ms = 30000
	socket.connection.setup.timeout.ms = 10000
	ssl.cipher.suites = null
	ssl.enabled.protocols = [TLSv1.2, TLSv1.3]
	ssl.endpoint.identification.algorithm = https
	ssl.engine.factory.class = null
	ssl.key.password = null
	ssl.keymanager.algorithm = SunX509
	ssl.keystore.certificate.chain = null
	ssl.keystore.key = null
	ssl.keystore.location = null
	ssl.keystore.password = null
	ssl.keystore.type = JKS
	ssl.protocol = TLSv1.3
	ssl.provider = null
	ssl.secure.random.implementation = null
	ssl.trustmanager.algorithm = PKIX
	ssl.truststore.certificates = null
	ssl.truststore.location = null
	ssl.truststore.password = null
	ssl.truststore.type = JKS
	value.deserializer = class org.apache.kafka.common.serialization.StringDeserializer

2026-01-21T17:50:19.568Z  INFO 18921 --- [content-service] [           main] o.a.k.c.t.i.KafkaMetricsCollector        : initializing Kafka metrics collector
2026-01-21T17:50:19.569Z DEBUG 18921 --- [content-service] [ntainer#2-0-C-1] actionalApplicationListenerMethodAdapter : No transaction is active - skipping ConsumerStartingEvent [source=KafkaMessageListenerContainer [id=org.springframework.kafka.KafkaListenerEndpointContainer#2-0, clientIndex=-0, topicPartitions=[]]]
2026-01-21T17:50:19.569Z DEBUG 18921 --- [content-service] [ntainer#2-0-C-1] actionalApplicationListenerMethodAdapter : No transaction is active - skipping ConsumerStartedEvent [source=KafkaMessageListenerContainer [id=org.springframework.kafka.KafkaListenerEndpointContainer#2-0, clientIndex=-0, topicPartitions=[]]]
2026-01-21T17:50:19.570Z  INFO 18921 --- [content-service] [           main] o.a.kafka.common.utils.AppInfoParser     : Kafka version: 3.8.1
2026-01-21T17:50:19.570Z  INFO 18921 --- [content-service] [           main] o.a.kafka.common.utils.AppInfoParser     : Kafka commitId: 70d6ff42debf7e17
2026-01-21T17:50:19.570Z  INFO 18921 --- [content-service] [           main] o.a.kafka.common.utils.AppInfoParser     : Kafka startTimeMs: 1769017819570
2026-01-21T17:50:19.571Z  INFO 18921 --- [content-service] [           main] o.a.k.c.c.internals.LegacyKafkaConsumer  : [Consumer clientId=consumer-content-analytics-consumer-2, groupId=content-analytics-consumer] Subscribed to topic(s): content-interactions
2026-01-21T17:50:19.571Z DEBUG 18921 --- [content-service] [ntainer#0-0-C-1] actionalApplicationListenerMethodAdapter : No transaction is active - skipping ConsumerStartingEvent [source=KafkaMessageListenerContainer [id=org.springframework.kafka.KafkaListenerEndpointContainer#0-0, clientIndex=-0, topicPartitions=[]]]
2026-01-21T17:50:19.571Z DEBUG 18921 --- [content-service] [ntainer#0-0-C-1] actionalApplicationListenerMethodAdapter : No transaction is active - skipping ConsumerStartedEvent [source=KafkaMessageListenerContainer [id=org.springframework.kafka.KafkaListenerEndpointContainer#0-0, clientIndex=-0, topicPartitions=[]]]
2026-01-21T17:50:19.571Z  INFO 18921 --- [content-service] [           main] o.a.k.clients.consumer.ConsumerConfig    : ConsumerConfig values: 
	allow.auto.create.topics = true
	auto.commit.interval.ms = 5000
	auto.include.jmx.reporter = true
	auto.offset.reset = earliest
	bootstrap.servers = [PLAINTEXT://localhost:32811]
	check.crcs = true
	client.dns.lookup = use_all_dns_ips
	client.id = consumer-behavioral-profiling-consumer-3
	client.rack = 
	connections.max.idle.ms = 540000
	default.api.timeout.ms = 60000
	enable.auto.commit = false
	enable.metrics.push = true
	exclude.internal.topics = true
	fetch.max.bytes = 52428800
	fetch.max.wait.ms = 500
	fetch.min.bytes = 1
	group.id = behavioral-profiling-consumer
	group.instance.id = null
	group.protocol = classic
	group.remote.assignor = null
	heartbeat.interval.ms = 3000
	interceptor.classes = []
	internal.leave.group.on.close = true
	internal.throw.on.fetch.stable.offset.unsupported = false
	isolation.level = read_uncommitted
	key.deserializer = class org.apache.kafka.common.serialization.StringDeserializer
	max.partition.fetch.bytes = 1048576
	max.poll.interval.ms = 300000
	max.poll.records = 500
	metadata.max.age.ms = 300000
	metadata.recovery.strategy = none
	metric.reporters = []
	metrics.num.samples = 2
	metrics.recording.level = INFO
	metrics.sample.window.ms = 30000
	partition.assignment.strategy = [class org.apache.kafka.clients.consumer.RangeAssignor, class org.apache.kafka.clients.consumer.CooperativeStickyAssignor]
	receive.buffer.bytes = 65536
	reconnect.backoff.max.ms = 1000
	reconnect.backoff.ms = 50
	request.timeout.ms = 30000
	retry.backoff.max.ms = 1000
	retry.backoff.ms = 100
	sasl.client.callback.handler.class = null
	sasl.jaas.config = null
	sasl.kerberos.kinit.cmd = /usr/bin/kinit
	sasl.kerberos.min.time.before.relogin = 60000
	sasl.kerberos.service.name = null
	sasl.kerberos.ticket.renew.jitter = 0.05
	sasl.kerberos.ticket.renew.window.factor = 0.8
	sasl.login.callback.handler.class = null
	sasl.login.class = null
	sasl.login.connect.timeout.ms = null
	sasl.login.read.timeout.ms = null
	sasl.login.refresh.buffer.seconds = 300
	sasl.login.refresh.min.period.seconds = 60
	sasl.login.refresh.window.factor = 0.8
	sasl.login.refresh.window.jitter = 0.05
	sasl.login.retry.backoff.max.ms = 10000
	sasl.login.retry.backoff.ms = 100
	sasl.mechanism = GSSAPI
	sasl.oauthbearer.clock.skew.seconds = 30
	sasl.oauthbearer.expected.audience = null
	sasl.oauthbearer.expected.issuer = null
	sasl.oauthbearer.jwks.endpoint.refresh.ms = 3600000
	sasl.oauthbearer.jwks.endpoint.retry.backoff.max.ms = 10000
	sasl.oauthbearer.jwks.endpoint.retry.backoff.ms = 100
	sasl.oauthbearer.jwks.endpoint.url = null
	sasl.oauthbearer.scope.claim.name = scope
	sasl.oauthbearer.sub.claim.name = sub
	sasl.oauthbearer.token.endpoint.url = null
	security.protocol = PLAINTEXT
	security.providers = null
	send.buffer.bytes = 131072
	session.timeout.ms = 45000
	socket.connection.setup.timeout.max.ms = 30000
	socket.connection.setup.timeout.ms = 10000
	ssl.cipher.suites = null
	ssl.enabled.protocols = [TLSv1.2, TLSv1.3]
	ssl.endpoint.identification.algorithm = https
	ssl.engine.factory.class = null
	ssl.key.password = null
	ssl.keymanager.algorithm = SunX509
	ssl.keystore.certificate.chain = null
	ssl.keystore.key = null
	ssl.keystore.location = null
	ssl.keystore.password = null
	ssl.keystore.type = JKS
	ssl.protocol = TLSv1.3
	ssl.provider = null
	ssl.secure.random.implementation = null
	ssl.trustmanager.algorithm = PKIX
	ssl.truststore.certificates = null
	ssl.truststore.location = null
	ssl.truststore.password = null
	ssl.truststore.type = JKS
	value.deserializer = class org.apache.kafka.common.serialization.StringDeserializer

2026-01-21T17:50:19.571Z  INFO 18921 --- [content-service] [           main] o.a.k.c.t.i.KafkaMetricsCollector        : initializing Kafka metrics collector
2026-01-21T17:50:19.574Z  INFO 18921 --- [content-service] [           main] o.a.kafka.common.utils.AppInfoParser     : Kafka version: 3.8.1
2026-01-21T17:50:19.574Z  INFO 18921 --- [content-service] [           main] o.a.kafka.common.utils.AppInfoParser     : Kafka commitId: 70d6ff42debf7e17
2026-01-21T17:50:19.574Z  INFO 18921 --- [content-service] [           main] o.a.kafka.common.utils.AppInfoParser     : Kafka startTimeMs: 1769017819574
2026-01-21T17:50:19.574Z  INFO 18921 --- [content-service] [           main] o.a.k.c.c.internals.LegacyKafkaConsumer  : [Consumer clientId=consumer-behavioral-profiling-consumer-3, groupId=behavioral-profiling-consumer] Subscribed to topic(s): raw-behavioral-events
2026-01-21T17:50:19.574Z DEBUG 18921 --- [content-service] [ntainer#1-0-C-1] actionalApplicationListenerMethodAdapter : No transaction is active - skipping ConsumerStartingEvent [source=KafkaMessageListenerContainer [id=org.springframework.kafka.KafkaListenerEndpointContainer#1-0, clientIndex=-0, topicPartitions=[]]]
2026-01-21T17:50:19.574Z DEBUG 18921 --- [content-service] [ntainer#1-0-C-1] actionalApplicationListenerMethodAdapter : No transaction is active - skipping ConsumerStartedEvent [source=KafkaMessageListenerContainer [id=org.springframework.kafka.KafkaListenerEndpointContainer#1-0, clientIndex=-0, topicPartitions=[]]]
2026-01-21T17:50:19.582Z  INFO 18921 --- [content-service] [           main] o.s.s.config.TaskSchedulerRouter         : No TaskScheduler/ScheduledExecutorService bean found for scheduled processing
2026-01-21T17:50:19.584Z DEBUG 18921 --- [content-service] [           main] actionalApplicationListenerMethodAdapter : No transaction is active - skipping org.springframework.context.event.ContextRefreshedEvent[source=org.springframework.web.context.support.GenericWebApplicationContext@1497efcc, started on Wed Jan 21 17:50:15 GMT 2026]
2026-01-21T17:50:19.584Z  INFO 18921 --- [content-service] [           main] c.g.c.p.ProfilingServiceIntegrationTest  : Started ProfilingServiceIntegrationTest in 5.03 seconds (process running for 13.451)
2026-01-21T17:50:19.585Z DEBUG 18921 --- [content-service] [           main] actionalApplicationListenerMethodAdapter : No transaction is active - skipping org.springframework.boot.context.event.ApplicationStartedEvent[source=org.springframework.boot.SpringApplication@5f15498e]
2026-01-21T17:50:19.586Z DEBUG 18921 --- [content-service] [           main] actionalApplicationListenerMethodAdapter : No transaction is active - skipping org.springframework.boot.availability.AvailabilityChangeEvent[source=org.springframework.web.context.support.GenericWebApplicationContext@1497efcc, started on Wed Jan 21 17:50:15 GMT 2026]
2026-01-21T17:50:19.586Z DEBUG 18921 --- [content-service] [           main] actionalApplicationListenerMethodAdapter : No transaction is active - skipping org.springframework.boot.context.event.ApplicationReadyEvent[source=org.springframework.boot.SpringApplication@5f15498e]
2026-01-21T17:50:19.587Z DEBUG 18921 --- [content-service] [           main] actionalApplicationListenerMethodAdapter : No transaction is active - skipping org.springframework.boot.availability.AvailabilityChangeEvent[source=org.springframework.web.context.support.GenericWebApplicationContext@1497efcc, started on Wed Jan 21 17:50:15 GMT 2026]
2026-01-21T17:50:19.598Z DEBUG 18921 --- [content-service] [           main] actionalApplicationListenerMethodAdapter : No transaction is active - skipping org.springframework.test.context.event.PrepareTestInstanceEvent[source=[DefaultTestContext@2291348e testClass = com.gradepath.content.profiling.ProfilingServiceIntegrationTest, testInstance = com.gradepath.content.profiling.ProfilingServiceIntegrationTest@95f1422, testMethod = null, testException = null, mergedContextConfiguration = [WebMergedContextConfiguration@2294e673 testClass = com.gradepath.content.profiling.ProfilingServiceIntegrationTest, locations = [], classes = [com.gradepath.content.ContentApplication], contextInitializerClasses = [com.gradepath.content.profiling.ProfilingServiceIntegrationTest.TestcontainersInitializer], activeProfiles = [], propertySourceDescriptors = [], propertySourceProperties = ["org.springframework.boot.test.context.SpringBootTestContextBootstrapper=true"], contextCustomizers = [org.springframework.boot.test.context.filter.ExcludeFilterContextCustomizer@3c69362a, org.springframework.boot.test.json.DuplicateJsonObjectContextCustomizerFactory$DuplicateJsonObjectContextCustomizer@66f0548d, org.springframework.boot.test.mock.mockito.MockitoContextCustomizer@4f278145, org.springframework.boot.test.web.client.TestRestTemplateContextCustomizer@1dba4e06, org.springframework.boot.test.web.reactor.netty.DisableReactorResourceFactoryGlobalResourcesContextCustomizerFactory$DisableReactorResourceFactoryGlobalResourcesContextCustomizerCustomizer@10a0fe30, org.springframework.boot.test.autoconfigure.OnFailureConditionReportContextCustomizerFactory$OnFailureConditionReportContextCustomizer@262816a8, org.springframework.boot.test.autoconfigure.actuate.observability.ObservabilityContextCustomizerFactory$DisableObservabilityContextCustomizer@1f, org.springframework.boot.test.autoconfigure.properties.PropertyMappingContextCustomizer@0, org.springframework.boot.test.autoconfigure.web.servlet.WebDriverContextCustomizer@68a4dcc6, org.springframework.test.context.support.DynamicPropertiesContextCustomizer@0, org.springframework.boot.test.context.SpringBootTestAnnotation@7672287c], resourceBasePath = "src/main/webapp", contextLoader = org.springframework.boot.test.context.SpringBootContextLoader, parent = null], attributes = {"org.springframework.test.context.web.ServletTestExecutionListener.activateListener" -> true, "org.springframework.test.context.web.ServletTestExecutionListener.populatedRequestContextHolder" -> true, "org.springframework.test.context.web.ServletTestExecutionListener.resetRequestContextHolder" -> true, "org.springframework.test.context.event.ApplicationEventsTestExecutionListener.recordApplicationEvents" -> false}]]
2026-01-21T17:50:19.600Z DEBUG 18921 --- [content-service] [           main] actionalApplicationListenerMethodAdapter : No transaction is active - skipping org.springframework.test.context.event.BeforeTestMethodEvent[source=[DefaultTestContext@2291348e testClass = com.gradepath.content.profiling.ProfilingServiceIntegrationTest, testInstance = com.gradepath.content.profiling.ProfilingServiceIntegrationTest@95f1422, testMethod = oldInterests_decayWhenNewEventProcessed(), testException = null, mergedContextConfiguration = [WebMergedContextConfiguration@2294e673 testClass = com.gradepath.content.profiling.ProfilingServiceIntegrationTest, locations = [], classes = [com.gradepath.content.ContentApplication], contextInitializerClasses = [com.gradepath.content.profiling.ProfilingServiceIntegrationTest.TestcontainersInitializer], activeProfiles = [], propertySourceDescriptors = [], propertySourceProperties = ["org.springframework.boot.test.context.SpringBootTestContextBootstrapper=true"], contextCustomizers = [org.springframework.boot.test.context.filter.ExcludeFilterContextCustomizer@3c69362a, org.springframework.boot.test.json.DuplicateJsonObjectContextCustomizerFactory$DuplicateJsonObjectContextCustomizer@66f0548d, org.springframework.boot.test.mock.mockito.MockitoContextCustomizer@4f278145, org.springframework.boot.test.web.client.TestRestTemplateContextCustomizer@1dba4e06, org.springframework.boot.test.web.reactor.netty.DisableReactorResourceFactoryGlobalResourcesContextCustomizerFactory$DisableReactorResourceFactoryGlobalResourcesContextCustomizerCustomizer@10a0fe30, org.springframework.boot.test.autoconfigure.OnFailureConditionReportContextCustomizerFactory$OnFailureConditionReportContextCustomizer@262816a8, org.springframework.boot.test.autoconfigure.actuate.observability.ObservabilityContextCustomizerFactory$DisableObservabilityContextCustomizer@1f, org.springframework.boot.test.autoconfigure.properties.PropertyMappingContextCustomizer@0, org.springframework.boot.test.autoconfigure.web.servlet.WebDriverContextCustomizer@68a4dcc6, org.springframework.test.context.support.DynamicPropertiesContextCustomizer@0, org.springframework.boot.test.context.SpringBootTestAnnotation@7672287c], resourceBasePath = "src/main/webapp", contextLoader = org.springframework.boot.test.context.SpringBootContextLoader, parent = null], attributes = {"org.springframework.test.context.web.ServletTestExecutionListener.activateListener" -> true, "org.springframework.test.context.web.ServletTestExecutionListener.populatedRequestContextHolder" -> true, "org.springframework.test.context.web.ServletTestExecutionListener.resetRequestContextHolder" -> true, "org.springframework.test.context.event.ApplicationEventsTestExecutionListener.recordApplicationEvents" -> false}]]
2026-01-21T17:50:19.603Z DEBUG 18921 --- [content-service] [           main] actionalApplicationListenerMethodAdapter : No transaction is active - skipping org.springframework.test.context.event.BeforeTestExecutionEvent[source=[DefaultTestContext@2291348e testClass = com.gradepath.content.profiling.ProfilingServiceIntegrationTest, testInstance = com.gradepath.content.profiling.ProfilingServiceIntegrationTest@95f1422, testMethod = oldInterests_decayWhenNewEventProcessed(), testException = null, mergedContextConfiguration = [WebMergedContextConfiguration@2294e673 testClass = com.gradepath.content.profiling.ProfilingServiceIntegrationTest, locations = [], classes = [com.gradepath.content.ContentApplication], contextInitializerClasses = [com.gradepath.content.profiling.ProfilingServiceIntegrationTest.TestcontainersInitializer], activeProfiles = [], propertySourceDescriptors = [], propertySourceProperties = ["org.springframework.boot.test.context.SpringBootTestContextBootstrapper=true"], contextCustomizers = [org.springframework.boot.test.context.filter.ExcludeFilterContextCustomizer@3c69362a, org.springframework.boot.test.json.DuplicateJsonObjectContextCustomizerFactory$DuplicateJsonObjectContextCustomizer@66f0548d, org.springframework.boot.test.mock.mockito.MockitoContextCustomizer@4f278145, org.springframework.boot.test.web.client.TestRestTemplateContextCustomizer@1dba4e06, org.springframework.boot.test.web.reactor.netty.DisableReactorResourceFactoryGlobalResourcesContextCustomizerFactory$DisableReactorResourceFactoryGlobalResourcesContextCustomizerCustomizer@10a0fe30, org.springframework.boot.test.autoconfigure.OnFailureConditionReportContextCustomizerFactory$OnFailureConditionReportContextCustomizer@262816a8, org.springframework.boot.test.autoconfigure.actuate.observability.ObservabilityContextCustomizerFactory$DisableObservabilityContextCustomizer@1f, org.springframework.boot.test.autoconfigure.properties.PropertyMappingContextCustomizer@0, org.springframework.boot.test.autoconfigure.web.servlet.WebDriverContextCustomizer@68a4dcc6, org.springframework.test.context.support.DynamicPropertiesContextCustomizer@0, org.springframework.boot.test.context.SpringBootTestAnnotation@7672287c], resourceBasePath = "src/main/webapp", contextLoader = org.springframework.boot.test.context.SpringBootContextLoader, parent = null], attributes = {"org.springframework.test.context.web.ServletTestExecutionListener.activateListener" -> true, "org.springframework.test.context.web.ServletTestExecutionListener.populatedRequestContextHolder" -> true, "org.springframework.test.context.web.ServletTestExecutionListener.resetRequestContextHolder" -> true, "org.springframework.test.context.event.ApplicationEventsTestExecutionListener.recordApplicationEvents" -> false}]]
2026-01-21T17:50:19.604Z DEBUG 18921 --- [content-service] [           main] c.g.content.profiling.ProfilingService   : Processing raw behavioral event: {
    "topic": "content_journey",
    "userId": "decay-user",
    "contentId": "content-1",
    "action": "completed",
    "topicTags": ["history"],
    "timeInContentSeconds": 120
}

2026-01-21T17:50:19.703Z  INFO 18921 --- [content-service] [           main] c.g.c.r.p.BehavioralProfileService       : Saved behavioral profile for user: decay-user
2026-01-21T17:50:19.711Z DEBUG 18921 --- [content-service] [           main] c.g.content.profiling.ProfilingService   : Emitted profile update for user: decay-user
2026-01-21T17:50:19.711Z  INFO 18921 --- [content-service] [           main] c.g.content.profiling.ProfilingService   : Processed journey event for user: decay-user, content: content-1, action: completed
2026-01-21T17:50:19.822Z DEBUG 18921 --- [content-service] [           main] c.g.content.profiling.ProfilingService   : Processing raw behavioral event: {
    "topic": "content_journey",
    "userId": "decay-user",
    "contentId": "content-2",
    "action": "completed",
    "topicTags": ["geography"],
    "timeInContentSeconds": 120
}

2026-01-21T17:50:19.825Z  INFO 18921 --- [content-service] [           main] c.g.c.r.p.BehavioralProfileService       : Saved behavioral profile for user: decay-user
2026-01-21T17:50:19.826Z  WARN 18921 --- [content-service] [ntainer#2-0-C-1] org.apache.kafka.clients.NetworkClient   : [Consumer clientId=consumer-behavioral-profile-consumer-1, groupId=behavioral-profile-consumer] Error while fetching metadata with correlation id 2 : {profile-updates=LEADER_NOT_AVAILABLE}
2026-01-21T17:50:19.826Z  WARN 18921 --- [content-service] [ntainer#1-0-C-1] org.apache.kafka.clients.NetworkClient   : [Consumer clientId=consumer-behavioral-profiling-consumer-3, groupId=behavioral-profiling-consumer] Error while fetching metadata with correlation id 2 : {raw-behavioral-events=LEADER_NOT_AVAILABLE}
2026-01-21T17:50:19.827Z  WARN 18921 --- [content-service] [ntainer#0-0-C-1] org.apache.kafka.clients.NetworkClient   : [Consumer clientId=consumer-content-analytics-consumer-2, groupId=content-analytics-consumer] Error while fetching metadata with correlation id 2 : {content-interactions=LEADER_NOT_AVAILABLE}
2026-01-21T17:50:19.827Z  INFO 18921 --- [content-service] [ntainer#1-0-C-1] org.apache.kafka.clients.Metadata        : [Consumer clientId=consumer-behavioral-profiling-consumer-3, groupId=behavioral-profiling-consumer] Cluster ID: Y_Gq6eRdTHizaaWJgAPqow
2026-01-21T17:50:19.827Z  INFO 18921 --- [content-service] [ntainer#2-0-C-1] org.apache.kafka.clients.Metadata        : [Consumer clientId=consumer-behavioral-profile-consumer-1, groupId=behavioral-profile-consumer] Cluster ID: Y_Gq6eRdTHizaaWJgAPqow
2026-01-21T17:50:19.827Z  INFO 18921 --- [content-service] [ntainer#0-0-C-1] org.apache.kafka.clients.Metadata        : [Consumer clientId=consumer-content-analytics-consumer-2, groupId=content-analytics-consumer] Cluster ID: Y_Gq6eRdTHizaaWJgAPqow
2026-01-21T17:50:19.827Z DEBUG 18921 --- [content-service] [           main] c.g.content.profiling.ProfilingService   : Emitted profile update for user: decay-user
2026-01-21T17:50:19.827Z  INFO 18921 --- [content-service] [           main] c.g.content.profiling.ProfilingService   : Processed journey event for user: decay-user, content: content-2, action: completed
2026-01-21T17:50:19.832Z DEBUG 18921 --- [content-service] [           main] actionalApplicationListenerMethodAdapter : No transaction is active - skipping org.springframework.test.context.event.AfterTestExecutionEvent[source=[DefaultTestContext@2291348e testClass = com.gradepath.content.profiling.ProfilingServiceIntegrationTest, testInstance = com.gradepath.content.profiling.ProfilingServiceIntegrationTest@95f1422, testMethod = oldInterests_decayWhenNewEventProcessed(), testException = null, mergedContextConfiguration = [WebMergedContextConfiguration@2294e673 testClass = com.gradepath.content.profiling.ProfilingServiceIntegrationTest, locations = [], classes = [com.gradepath.content.ContentApplication], contextInitializerClasses = [com.gradepath.content.profiling.ProfilingServiceIntegrationTest.TestcontainersInitializer], activeProfiles = [], propertySourceDescriptors = [], propertySourceProperties = ["org.springframework.boot.test.context.SpringBootTestContextBootstrapper=true"], contextCustomizers = [org.springframework.boot.test.context.filter.ExcludeFilterContextCustomizer@3c69362a, org.springframework.boot.test.json.DuplicateJsonObjectContextCustomizerFactory$DuplicateJsonObjectContextCustomizer@66f0548d, org.springframework.boot.test.mock.mockito.MockitoContextCustomizer@4f278145, org.springframework.boot.test.web.client.TestRestTemplateContextCustomizer@1dba4e06, org.springframework.boot.test.web.reactor.netty.DisableReactorResourceFactoryGlobalResourcesContextCustomizerFactory$DisableReactorResourceFactoryGlobalResourcesContextCustomizerCustomizer@10a0fe30, org.springframework.boot.test.autoconfigure.OnFailureConditionReportContextCustomizerFactory$OnFailureConditionReportContextCustomizer@262816a8, org.springframework.boot.test.autoconfigure.actuate.observability.ObservabilityContextCustomizerFactory$DisableObservabilityContextCustomizer@1f, org.springframework.boot.test.autoconfigure.properties.PropertyMappingContextCustomizer@0, org.springframework.boot.test.autoconfigure.web.servlet.WebDriverContextCustomizer@68a4dcc6, org.springframework.test.context.support.DynamicPropertiesContextCustomizer@0, org.springframework.boot.test.context.SpringBootTestAnnotation@7672287c], resourceBasePath = "src/main/webapp", contextLoader = org.springframework.boot.test.context.SpringBootContextLoader, parent = null], attributes = {"org.springframework.test.context.web.ServletTestExecutionListener.activateListener" -> true, "org.springframework.test.context.web.ServletTestExecutionListener.populatedRequestContextHolder" -> true, "org.springframework.test.context.web.ServletTestExecutionListener.resetRequestContextHolder" -> true, "org.springframework.test.context.event.ApplicationEventsTestExecutionListener.recordApplicationEvents" -> false}]]
]]></system-out>
  </testcase>
  <testcase name="processEventWithMissingTopic_doesNotCrash" classname="com.gradepath.content.profiling.ProfilingServiceIntegrationTest" time="0.003">
[...]
2026-01-21T17:50:19.915Z DEBUG 18921 --- [content-service] [           main] actionalApplicationListenerMethodAdapter : No transaction is active - skipping org.springframework.test.context.event.BeforeTestExecutionEvent[source=[DefaultTestContext@2291348e testClass = com.gradepath.content.profiling.ProfilingServiceIntegrationTest, testInstance = com.gradepath.content.profiling.ProfilingServiceIntegrationTest@95f1422, testMethod = processSessionEvent_endToEnd_updatesSessionCount(), testException = null, mergedContextConfiguration = [WebMergedContextConfiguration@2294e673 testClass = com.gradepath.content.profiling.ProfilingServiceIntegrationTest, locations = [], classes = [com.gradepath.content.ContentApplication], contextInitializerClasses = [com.gradepath.content.profiling.ProfilingServiceIntegrationTest.TestcontainersInitializer], activeProfiles = [], propertySourceDescriptors = [], propertySourceProperties = ["org.springframework.boot.test.context.SpringBootTestContextBootstrapper=true"], contextCustomizers = [org.springframework.boot.test.context.filter.ExcludeFilterContextCustomizer@3c69362a, org.springframework.boot.test.json.DuplicateJsonObjectContextCustomizerFactory$DuplicateJsonObjectContextCustomizer@66f0548d, org.springframework.boot.test.mock.mockito.MockitoContextCustomizer@4f278145, org.springframework.boot.test.web.client.TestRestTemplateContextCustomizer@1dba4e06, org.springframework.boot.test.web.reactor.netty.DisableReactorResourceFactoryGlobalResourcesContextCustomizerFactory$DisableReactorResourceFactoryGlobalResourcesContextCustomizerCustomizer@10a0fe30, org.springframework.boot.test.autoconfigure.OnFailureConditionReportContextCustomizerFactory$OnFailureConditionReportContextCustomizer@262816a8, org.springframework.boot.test.autoconfigure.actuate.observability.ObservabilityContextCustomizerFactory$DisableObservabilityContextCustomizer@1f, org.springframework.boot.test.autoconfigure.properties.PropertyMappingContextCustomizer@0, org.springframework.boot.test.autoconfigure.web.servlet.WebDriverContextCustomizer@68a4dcc6, org.springframework.test.context.support.DynamicPropertiesContextCustomizer@0, org.springframework.boot.test.context.SpringBootTestAnnotation@7672287c], resourceBasePath = "src/main/webapp", contextLoader = org.springframework.boot.test.context.SpringBootContextLoader, parent = null], attributes = {"org.springframework.test.context.web.ServletTestExecutionListener.activateListener" -> true, "org.springframework.test.context.web.ServletTestExecutionListener.populatedRequestContextHolder" -> true, "org.springframework.test.context.web.ServletTestExecutionListener.resetRequestContextHolder" -> true, "org.springframework.test.context.event.ApplicationEventsTestExecutionListener.recordApplicationEvents" -> false}]]
2026-01-21T17:50:19.915Z DEBUG 18921 --- [content-service] [           main] c.g.content.profiling.ProfilingService   : Processing raw behavioral event: {
    "topic": "session_lifecycle",
    "userId": "session-user-1",
    "eventType": "session_end",
    "durationSeconds": 300,
    "contentCount": 5
}

2026-01-21T17:50:19.917Z DEBUG 18921 --- [content-service] [           main] c.g.c.p.algorithm.EngagementClassifier   : Updated engagement for user session-user-1: classification=unknown, confidence=0.0
2026-01-21T17:50:19.918Z  INFO 18921 --- [content-service] [           main] c.g.c.r.p.BehavioralProfileService       : Saved behavioral profile for user: session-user-1
2026-01-21T17:50:19.919Z DEBUG 18921 --- [content-service] [           main] c.g.content.profiling.ProfilingService   : Emitted profile update for user: session-user-1
2026-01-21T17:50:19.919Z  INFO 18921 --- [content-service] [           main] c.g.content.profiling.ProfilingService   : Processed session_end for user: session-user-1, duration: 300s, content: 5
2026-01-21T17:50:19.920Z DEBUG 18921 --- [content-service] [           main] actionalApplicationListenerMethodAdapter : No transaction is active - skipping org.springframework.test.context.event.AfterTestExecutionEvent[source=[DefaultTestContext@2291348e testClass = com.gradepath.content.profiling.ProfilingServiceIntegrationTest, testInstance = com.gradepath.content.profiling.ProfilingServiceIntegrationTest@95f1422, testMethod = processSessionEvent_endToEnd_updatesSessionCount(), testException = null, mergedContextConfiguration = [WebMergedContextConfiguration@2294e673 testClass = com.gradepath.content.profiling.ProfilingServiceIntegrationTest, locations = [], classes = [com.gradepath.content.ContentApplication], contextInitializerClasses = [com.gradepath.content.profiling.ProfilingServiceIntegrationTest.TestcontainersInitializer], activeProfiles = [], propertySourceDescriptors = [], propertySourceProperties = ["org.springframework.boot.test.context.SpringBootTestContextBootstrapper=true"], contextCustomizers = [org.springframework.boot.test.context.filter.ExcludeFilterContextCustomizer@3c69362a, org.springframework.boot.test.json.DuplicateJsonObjectContextCustomizerFactory$DuplicateJsonObjectContextCustomizer@66f0548d, org.springframework.boot.test.mock.mockito.MockitoContextCustomizer@4f278145, org.springframework.boot.test.web.client.TestRestTemplateContextCustomizer@1dba4e06, org.springframework.boot.test.web.reactor.netty.DisableReactorResourceFactoryGlobalResourcesContextCustomizerFactory$DisableReactorResourceFactoryGlobalResourcesContextCustomizerCustomizer@10a0fe30, org.springframework.boot.test.autoconfigure.OnFailureConditionReportContextCustomizerFactory$OnFailureConditionReportContextCustomizer@262816a8, org.springframework.boot.test.autoconfigure.actuate.observability.ObservabilityContextCustomizerFactory$DisableObservabilityContextCustomizer@1f, org.springframework.boot.test.autoconfigure.properties.PropertyMappingContextCustomizer@0, org.springframework.boot.test.autoconfigure.web.servlet.WebDriverContextCustomizer@68a4dcc6, org.springframework.test.context.support.DynamicPropertiesContextCustomizer@0, org.springframework.boot.test.context.SpringBootTestAnnotation@7672287c], resourceBasePath = "src/main/webapp", contextLoader = org.springframework.boot.test.context.SpringBootContextLoader, parent = null], attributes = {"org.springframework.test.context.web.ServletTestExecutionListener.activateListener" -> true, "org.springframework.test.context.web.ServletTestExecutionListener.populatedRequestContextHolder" -> true, "org.springframework.test.context.web.ServletTestExecutionListener.resetRequestContextHolder" -> true, "org.springframework.test.context.event.ApplicationEventsTestExecutionListener.recordApplicationEvents" -> false}]]
]]></system-out>
  </testcase>
  <testcase name="profile_persistsAcrossRetrieval" classname="com.gradepath.content.profiling.ProfilingServiceIntegrationTest" time="0.01">
    <system-out><![CDATA[2026-01-21T17:50:19.922Z DEBUG 18921 --- [content-service] [           main] actionalApplicationListenerMethodAdapter : No transaction is active - skipping org.springframework.test.context.event.AfterTestMethodEvent[source=[DefaultTestContext@2291348e testClass = com.gradepath.content.profiling.ProfilingServiceIntegrationTest, testInstance = com.gradepath.content.profiling.ProfilingServiceIntegrationTest@95f1422, testMethod = processSessionEvent_endToEnd_updatesSessionCount(), testException = null, mergedContextConfiguration = [WebMergedContextConfiguration@2294e673 testClass = com.gradepath.content.profiling.ProfilingServiceIntegrationTest, locations = [], classes = [com.gradepath.content.ContentApplication], contextInitializerClasses = [com.gradepath.content.profiling.ProfilingServiceIntegrationTest.TestcontainersInitializer], activeProfiles = [], propertySourceDescriptors = [], propertySourceProperties = ["org.springframework.boot.test.context.SpringBootTestContextBootstrapper=true"], contextCustomizers = [org.springframework.boot.test.context.filter.ExcludeFilterContextCustomizer@3c69362a, org.springframework.boot.test.json.DuplicateJsonObjectContextCustomizerFactory$DuplicateJsonObjectContextCustomizer@66f0548d, org.springframework.boot.test.mock.mockito.MockitoContextCustomizer@4f278145, org.springframework.boot.test.web.client.TestRestTemplateContextCustomizer@1dba4e06, org.springframework.boot.test.web.reactor.netty.DisableReactorResourceFactoryGlobalResourcesContextCustomizerFactory$DisableReactorResourceFactoryGlobalResourcesContextCustomizerCustomizer@10a0fe30, org.springframework.boot.test.autoconfigure.OnFailureConditionReportContextCustomizerFactory$OnFailureConditionReportContextCustomizer@262816a8, org.springframework.boot.test.autoconfigure.actuate.observability.ObservabilityContextCustomizerFactory$DisableObservabilityContextCustomizer@1f, org.springframework.boot.test.autoconfigure.properties.PropertyMappingContextCustomizer@0, org.springframework.boot.test.autoconfigure.web.servlet.WebDriverContextCustomizer@68a4dcc6, org.springframework.test.context.support.DynamicPropertiesContextCustomizer@0, org.springframework.boot.test.context.SpringBootTestAnnotation@7672287c], resourceBasePath = "src/main/webapp", contextLoader = org.springframework.boot.test.context.SpringBootContextLoader, parent = null], attributes = {"org.springframework.test.context.web.ServletTestExecutionListener.activateListener" -> true, "org.springframework.test.context.web.ServletTestExecutionListener.populatedRequestContextHolder" -> true, "org.springframework.test.context.web.ServletTestExecutionListener.resetRequestContextHolder" -> true, "org.springframework.test.context.event.ApplicationEventsTestExecutionListener.recordApplicationEvents" -> false}]]
2026-01-21T17:50:19.923Z DEBUG 18921 --- [content-service] [           main] actionalApplicationListenerMethodAdapter : No transaction is active - skipping org.springframework.test.context.event.BeforeTestMethodEvent[source=[DefaultTestContext@2291348e testClass = com.gradepath.content.profiling.ProfilingServiceIntegrationTest, testInstance = com.gradepath.content.profiling.ProfilingServiceIntegrationTest@95f1422, testMethod = profile_persistsAcrossRetrieval(), testException = null, mergedContextConfiguration = [WebMergedContextConfiguration@2294e673 testClass = com.gradepath.content.profiling.ProfilingServiceIntegrationTest, locations = [], classes = [com.gradepath.content.ContentApplication], contextInitializerClasses = [com.gradepath.content.profiling.ProfilingServiceIntegrationTest.TestcontainersInitializer], activeProfiles = [], propertySourceDescriptors = [], propertySourceProperties = ["org.springframework.boot.test.context.SpringBootTestContextBootstrapper=true"], contextCustomizers = [org.springframework.boot.test.context.filter.ExcludeFilterContextCustomizer@3c69362a, org.springframework.boot.test.json.DuplicateJsonObjectContextCustomizerFactory$DuplicateJsonObjectContextCustomizer@66f0548d, org.springframework.boot.test.mock.mockito.MockitoContextCustomizer@4f278145, org.springframework.boot.test.web.client.TestRestTemplateContextCustomizer@1dba4e06, org.springframework.boot.test.web.reactor.netty.DisableReactorResourceFactoryGlobalResourcesContextCustomizerFactory$DisableReactorResourceFactoryGlobalResourcesContextCustomizerCustomizer@10a0fe30, org.springframework.boot.test.autoconfigure.OnFailureConditionReportContextCustomizerFactory$OnFailureConditionReportContextCustomizer@262816a8, org.springframework.boot.test.autoconfigure.actuate.observability.ObservabilityContextCustomizerFactory$DisableObservabilityContextCustomizer@1f, org.springframework.boot.test.autoconfigure.properties.PropertyMappingContextCustomizer@0, org.springframework.boot.test.autoconfigure.web.servlet.WebDriverContextCustomizer@68a4dcc6, org.springframework.test.context.support.DynamicPropertiesContextCustomizer@0, org.springframework.boot.test.context.SpringBootTestAnnotation@7672287c], resourceBasePath = "src/main/webapp", contextLoader = org.springframework.boot.test.context.SpringBootContextLoader, parent = null], attributes = {"org.springframework.test.context.web.ServletTestExecutionListener.activateListener" -> true, "org.springframework.test.context.web.ServletTestExecutionListener.populatedRequestContextHolder" -> true, "org.springframework.test.context.web.ServletTestExecutionListener.resetRequestContextHolder" -> true, "org.springframework.test.context.event.ApplicationEventsTestExecutionListener.recordApplicationEvents" -> false}]]
2026-01-21T17:50:19.924Z DEBUG 18921 --- [content-service] [           main] actionalApplicationListenerMethodAdapter : No transaction is active - skipping org.springframework.test.context.event.BeforeTestExecutionEvent[source=[DefaultTestContext@2291348e testClass = com.gradepath.content.profiling.ProfilingServiceIntegrationTest, testInstance = com.gradepath.content.profiling.ProfilingServiceIntegrationTest@95f1422, testMethod = profile_persistsAcrossRetrieval(), testException = null, mergedContextConfiguration = [WebMergedContextConfiguration@2294e673 testClass = com.gradepath.content.profiling.ProfilingServiceIntegrationTest, locations = [], classes = [com.gradepath.content.ContentApplication], contextInitializerClasses = [com.gradepath.content.profiling.ProfilingServiceIntegrationTest.TestcontainersInitializer], activeProfiles = [], propertySourceDescriptors = [], propertySourceProperties = ["org.springframework.boot.test.context.SpringBootTestContextBootstrapper=true"], contextCustomizers = [org.springframework.boot.test.context.filter.ExcludeFilterContextCustomizer@3c69362a, org.springframework.boot.test.json.DuplicateJsonObjectContextCustomizerFactory$DuplicateJsonObjectContextCustomizer@66f0548d, org.springframework.boot.test.mock.mockito.MockitoContextCustomizer@4f278145, org.springframework.boot.test.web.client.TestRestTemplateContextCustomizer@1dba4e06, org.springframework.boot.test.web.reactor.netty.DisableReactorResourceFactoryGlobalResourcesContextCustomizerFactory$DisableReactorResourceFactoryGlobalResourcesContextCustomizerCustomizer@10a0fe30, org.springframework.boot.test.autoconfigure.OnFailureConditionReportContextCustomizerFactory$OnFailureConditionReportContextCustomizer@262816a8, org.springframework.boot.test.autoconfigure.actuate.observability.ObservabilityContextCustomizerFactory$DisableObservabilityContextCustomizer@1f, org.springframework.boot.test.autoconfigure.properties.PropertyMappingContextCustomizer@0, org.springframework.boot.test.autoconfigure.web.servlet.WebDriverContextCustomizer@68a4dcc6, org.springframework.test.context.support.DynamicPropertiesContextCustomizer@0, org.springframework.boot.test.context.SpringBootTestAnnotation@7672287c], resourceBasePath = "src/main/webapp", contextLoader = org.springframework.boot.test.context.SpringBootContextLoader, parent = null], attributes = {"org.springframework.test.context.web.ServletTestExecutionListener.activateListener" -> true, "org.springframework.test.context.web.ServletTestExecutionListener.populatedRequestContextHolder" -> true, "org.springframework.test.context.web.ServletTestExecutionListener.resetRequestContextHolder" -> true, "org.springframework.test.context.event.ApplicationEventsTestExecutionListener.recordApplicationEvents" -> false}]]
2026-01-21T17:50:19.924Z DEBUG 18921 --- [content-service] [           main] c.g.content.profiling.ProfilingService   : Processing raw behavioral event: {
    "topic": "content_journey",
    "userId": "persistence-user",
    "contentId": "content-1",
    "action": "completed",
    "topicTags": ["biology"],
    "timeInContentSeconds": 120
}

2026-01-21T17:50:19.927Z  WARN 18921 --- [content-service] [ntainer#0-0-C-1] org.apache.kafka.clients.NetworkClient   : [Consumer clientId=consumer-content-analytics-consumer-2, groupId=content-analytics-consumer] Error while fetching metadata with correlation id 5 : {content-interactions=LEADER_NOT_AVAILABLE}
2026-01-21T17:50:19.927Z  INFO 18921 --- [content-service] [           main] c.g.c.r.p.BehavioralProfileService       : Saved behavioral profile for user: persistence-user
2026-01-21T17:50:19.928Z DEBUG 18921 --- [content-service] [           main] c.g.content.profiling.ProfilingService   : Emitted profile update for user: persistence-user
2026-01-21T17:50:19.928Z  INFO 18921 --- [content-service] [           main] c.g.content.profiling.ProfilingService   : Processed journey event for user: persistence-user, content: content-1, action: completed
2026-01-21T17:50:19.934Z DEBUG 18921 --- [content-service] [           main] actionalApplicationListenerMethodAdapter : No transaction is active - skipping org.springframework.test.context.event.AfterTestExecutionEvent[source=[DefaultTestContext@2291348e testClass = com.gradepath.content.profiling.ProfilingServiceIntegrationTest, testInstance = com.gradepath.content.profiling.ProfilingServiceIntegrationTest@95f1422, testMethod = profile_persistsAcrossRetrieval(), testException = null, mergedContextConfiguration = [WebMergedContextConfiguration@2294e673 testClass = com.gradepath.content.profiling.ProfilingServiceIntegrationTest, locations = [], classes = [com.gradepath.content.ContentApplication], contextInitializerClasses = [com.gradepath.content.profiling.ProfilingServiceIntegrationTest.TestcontainersInitializer], activeProfiles = [], propertySourceDescriptors = [], propertySourceProperties = ["org.springframework.boot.test.context.SpringBootTestContextBootstrapper=true"], contextCustomizers = [org.springframework.boot.test.context.filter.ExcludeFilterContextCustomizer@3c69362a, org.springframework.boot.test.json.DuplicateJsonObjectContextCustomizerFactory$DuplicateJsonObjectContextCustomizer@66f0548d, org.springframework.boot.test.mock.mockito.MockitoContextCustomizer@4f278145, org.springframework.boot.test.web.client.TestRestTemplateContextCustomizer@1dba4e06, org.springframework.boot.test.web.reactor.netty.DisableReactorResourceFactoryGlobalResourcesContextCustomizerFactory$DisableReactorResourceFactoryGlobalResourcesContextCustomizerCustomizer@10a0fe30, org.springframework.boot.test.autoconfigure.OnFailureConditionReportContextCustomizerFactory$OnFailureConditionReportContextCustomizer@262816a8, org.springframework.boot.test.autoconfigure.actuate.observability.ObservabilityContextCustomizerFactory$DisableObservabilityContextCustomizer@1f, org.springframework.boot.test.autoconfigure.properties.PropertyMappingContextCustomizer@0, org.springframework.boot.test.autoconfigure.web.servlet.WebDriverContextCustomizer@68a4dcc6, org.springframework.test.context.support.DynamicPropertiesContextCustomizer@0, org.springframework.boot.test.context.SpringBootTestAnnotation@7672287c], resourceBasePath = "src/main/webapp", contextLoader = org.springframework.boot.test.context.SpringBootContextLoader, parent = null], attributes = {"org.springframework.test.context.web.ServletTestExecutionListener.activateListener" -> true, "org.springframework.test.context.web.ServletTestExecutionListener.populatedRequestContextHolder" -> true, "org.springframework.test.context.web.ServletTestExecutionListener.resetRequestContextHolder" -> true, "org.springframework.test.context.event.ApplicationEventsTestExecutionListener.recordApplicationEvents" -> false}]]
]]></system-out>
  </testcase>
</testsuite>