<?xml version="1.0" encoding="UTF-8"?>
<testsuite xmlns:xsi="http://www.w3.org/2001/XMLSchema-instance" xsi:noNamespaceSchemaLocation="https://maven.apache.org/surefire/maven-surefire-plugin/xsd/surefire-test-report-3.0.xsd" version="3.0" name="TestSuite" time="13.838" tests="106" errors="0" skipped="0" failures="0">
  <properties>
    <property name="java.specification.version" value="21"/>
    <property name="sun.jnu.encoding" value="UTF-8"/>
    <property name="java.class.path" value="/Users/qasim/Documents/Dev/GradePath_UserTelemetryPoC/gradepath-core/target/test-classes:/Users/qasim/Documents/Dev/GradePath_UserTelemetryPoC/gradepath-core/target/classes:/Users/qasim/.m2/repository/org/springframework/boot/spring-boot-starter-web/3.4.0/spring-boot-starter-web-3.4.0.jar:/Users/qasim/.m2/repository/org/springframework/boot/spring-boot-starter/3.4.0/spring-boot-starter-3.4.0.jar:/Users/qasim/.m2/repository/org/springframework/boot/spring-boot/3.4.0/spring-boot-3.4.0.jar:/Users/qasim/.m2/repository/org/springframework/boot/spring-boot-autoconfigure/3.4.0/spring-boot-autoconfigure-3.4.0.jar:/Users/qasim/.m2/repository/org/springframework/boot/spring-boot-starter-logging/3.4.0/spring-boot-starter-logging-3.4.0.jar:/Users/qasim/.m2/repository/org/apache/logging/log4j/log4j-to-slf4j/2.24.1/log4j-to-slf4j-2.24.1.jar:/Users/qasim/.m2/repository/org/apache/logging/log4j/log4j-api/2.24.1/log4j-api-2.24.1.jar:/Users/qasim/.m2/repository/org/slf4j/jul-to-slf4j/2.0.16/jul-to-slf4j-2.0.16.jar:/Users/qasim/.m2/repository/jakarta/annotation/jakarta.annotation-api/2.1.1/jakarta.annotation-api-2.1.1.jar:/Users/qasim/.m2/repository/org/yaml/snakeyaml/2.3/snakeyaml-2.3.jar:/Users/qasim/.m2/repository/org/springframework/boot/spring-boot-starter-json/3.4.0/spring-boot-starter-json-3.4.0.jar:/Users/qasim/.m2/repository/com/fasterxml/jackson/datatype/jackson-datatype-jdk8/2.18.1/jackson-datatype-jdk8-2.18.1.jar:/Users/qasim/.m2/repository/com/fasterxml/jackson/module/jackson-module-parameter-names/2.18.1/jackson-module-parameter-names-2.18.1.jar:/Users/qasim/.m2/repository/org/springframework/boot/spring-boot-starter-tomcat/3.4.0/spring-boot-starter-tomcat-3.4.0.jar:/Users/qasim/.m2/repository/org/apache/tomcat/embed/tomcat-embed-core/10.1.33/tomcat-embed-core-10.1.33.jar:/Users/qasim/.m2/repository/org/apache/tomcat/embed/tomcat-embed-websocket/10.1.33/tomcat-embed-websocket-10.1.33.jar:/Users/qasim/.m2/repository/org/springframework/spring-web/6.2.0/spring-web-6.2.0.jar:/Users/qasim/.m2/repository/org/springframework/spring-beans/6.2.0/spring-beans-6.2.0.jar:/Users/qasim/.m2/repository/org/springframework/spring-webmvc/6.2.0/spring-webmvc-6.2.0.jar:/Users/qasim/.m2/repository/org/springframework/spring-aop/6.2.0/spring-aop-6.2.0.jar:/Users/qasim/.m2/repository/org/springframework/spring-expression/6.2.0/spring-expression-6.2.0.jar:/Users/qasim/.m2/repository/org/springframework/boot/spring-boot-starter-data-jpa/3.4.0/spring-boot-starter-data-jpa-3.4.0.jar:/Users/qasim/.m2/repository/org/springframework/boot/spring-boot-starter-jdbc/3.4.0/spring-boot-starter-jdbc-3.4.0.jar:/Users/qasim/.m2/repository/com/zaxxer/HikariCP/5.1.0/HikariCP-5.1.0.jar:/Users/qasim/.m2/repository/org/springframework/spring-jdbc/6.2.0/spring-jdbc-6.2.0.jar:/Users/qasim/.m2/repository/org/hibernate/orm/hibernate-core/6.6.2.Final/hibernate-core-6.6.2.Final.jar:/Users/qasim/.m2/repository/jakarta/persistence/jakarta.persistence-api/3.1.0/jakarta.persistence-api-3.1.0.jar:/Users/qasim/.m2/repository/jakarta/transaction/jakarta.transaction-api/2.0.1/jakarta.transaction-api-2.0.1.jar:/Users/qasim/.m2/repository/org/jboss/logging/jboss-logging/3.6.1.Final/jboss-logging-3.6.1.Final.jar:/Users/qasim/.m2/repository/org/hibernate/common/hibernate-commons-annotations/7.0.3.Final/hibernate-commons-annotations-7.0.3.Final.jar:/Users/qasim/.m2/repository/io/smallrye/jandex/3.2.0/jandex-3.2.0.jar:/Users/qasim/.m2/repository/com/fasterxml/classmate/1.7.0/classmate-1.7.0.jar:/Users/qasim/.m2/repository/org/glassfish/jaxb/jaxb-runtime/4.0.5/jaxb-runtime-4.0.5.jar:/Users/qasim/.m2/repository/org/glassfish/jaxb/jaxb-core/4.0.5/jaxb-core-4.0.5.jar:/Users/qasim/.m2/repository/org/eclipse/angus/angus-activation/2.0.2/angus-activation-2.0.2.jar:/Users/qasim/.m2/repository/org/glassfish/jaxb/txw2/4.0.5/txw2-4.0.5.jar:/Users/qasim/.m2/repository/com/sun/istack/istack-commons-runtime/4.1.2/istack-commons-runtime-4.1.2.jar:/Users/qasim/.m2/repository/jakarta/inject/jakarta.inject-api/2.0.1/jakarta.inject-api-2.0.1.jar:/Users/qasim/.m2/repository/org/antlr/antlr4-runtime/4.13.0/antlr4-runtime-4.13.0.jar:/Users/qasim/.m2/repository/org/springframework/data/spring-data-jpa/3.4.0/spring-data-jpa-3.4.0.jar:/Users/qasim/.m2/repository/org/springframework/data/spring-data-commons/3.4.0/spring-data-commons-3.4.0.jar:/Users/qasim/.m2/repository/org/springframework/spring-orm/6.2.0/spring-orm-6.2.0.jar:/Users/qasim/.m2/repository/org/springframework/spring-aspects/6.2.0/spring-aspects-6.2.0.jar:/Users/qasim/.m2/repository/org/aspectj/aspectjweaver/1.9.22.1/aspectjweaver-1.9.22.1.jar:/Users/qasim/.m2/repository/org/springframework/boot/spring-boot-starter-data-redis/3.4.0/spring-boot-starter-data-redis-3.4.0.jar:/Users/qasim/.m2/repository/io/lettuce/lettuce-core/6.4.1.RELEASE/lettuce-core-6.4.1.RELEASE.jar:/Users/qasim/.m2/repository/io/netty/netty-common/4.1.115.Final/netty-common-4.1.115.Final.jar:/Users/qasim/.m2/repository/io/netty/netty-handler/4.1.115.Final/netty-handler-4.1.115.Final.jar:/Users/qasim/.m2/repository/io/netty/netty-resolver/4.1.115.Final/netty-resolver-4.1.115.Final.jar:/Users/qasim/.m2/repository/io/netty/netty-buffer/4.1.115.Final/netty-buffer-4.1.115.Final.jar:/Users/qasim/.m2/repository/io/netty/netty-transport-native-unix-common/4.1.115.Final/netty-transport-native-unix-common-4.1.115.Final.jar:/Users/qasim/.m2/repository/io/netty/netty-codec/4.1.115.Final/netty-codec-4.1.115.Final.jar:/Users/qasim/.m2/repository/io/netty/netty-transport/4.1.115.Final/netty-transport-4.1.115.Final.jar:/Users/qasim/.m2/repository/io/projectreactor/reactor-core/3.7.0/reactor-core-3.7.0.jar:/Users/qasim/.m2/repository/org/reactivestreams/reactive-streams/1.0.4/reactive-streams-1.0.4.jar:/Users/qasim/.m2/repository/org/springframework/data/spring-data-redis/3.4.0/spring-data-redis-3.4.0.jar:/Users/qasim/.m2/repository/org/springframework/data/spring-data-keyvalue/3.4.0/spring-data-keyvalue-3.4.0.jar:/Users/qasim/.m2/repository/org/springframework/spring-oxm/6.2.0/spring-oxm-6.2.0.jar:/Users/qasim/.m2/repository/org/springframework/boot/spring-boot-starter-validation/3.4.0/spring-boot-starter-validation-3.4.0.jar:/Users/qasim/.m2/repository/org/apache/tomcat/embed/tomcat-embed-el/10.1.33/tomcat-embed-el-10.1.33.jar:/Users/qasim/.m2/repository/org/hibernate/validator/hibernate-validator/8.0.1.Final/hibernate-validator-8.0.1.Final.jar:/Users/qasim/.m2/repository/jakarta/validation/jakarta.validation-api/3.0.2/jakarta.validation-api-3.0.2.jar:/Users/qasim/.m2/repository/org/springframework/boot/spring-boot-starter-cache/3.4.0/spring-boot-starter-cache-3.4.0.jar:/Users/qasim/.m2/repository/org/springframework/spring-context-support/6.2.0/spring-context-support-6.2.0.jar:/Users/qasim/.m2/repository/org/springframework/boot/spring-boot-starter-actuator/3.4.0/spring-boot-starter-actuator-3.4.0.jar:/Users/qasim/.m2/repository/org/springframework/boot/spring-boot-actuator-autoconfigure/3.4.0/spring-boot-actuator-autoconfigure-3.4.0.jar:/Users/qasim/.m2/repository/org/springframework/boot/spring-boot-actuator/3.4.0/spring-boot-actuator-3.4.0.jar:/Users/qasim/.m2/repository/io/micrometer/micrometer-observation/1.14.1/micrometer-observation-1.14.1.jar:/Users/qasim/.m2/repository/io/micrometer/micrometer-commons/1.14.1/micrometer-commons-1.14.1.jar:/Users/qasim/.m2/repository/io/micrometer/micrometer-jakarta9/1.14.1/micrometer-jakarta9-1.14.1.jar:/Users/qasim/.m2/repository/io/micrometer/micrometer-core/1.14.1/micrometer-core-1.14.1.jar:/Users/qasim/.m2/repository/org/hdrhistogram/HdrHistogram/2.2.2/HdrHistogram-2.2.2.jar:/Users/qasim/.m2/repository/org/latencyutils/LatencyUtils/2.0.3/LatencyUtils-2.0.3.jar:/Users/qasim/.m2/repository/org/springframework/modulith/spring-modulith-starter-core/1.2.4/spring-modulith-starter-core-1.2.4.jar:/Users/qasim/.m2/repository/org/springframework/modulith/spring-modulith-api/1.2.4/spring-modulith-api-1.2.4.jar:/Users/qasim/.m2/repository/org/springframework/modulith/spring-modulith-core/1.2.4/spring-modulith-core-1.2.4.jar:/Users/qasim/.m2/repository/com/tngtech/archunit/archunit/1.3.0/archunit-1.3.0.jar:/Users/qasim/.m2/repository/org/springframework/modulith/spring-modulith-moments/1.2.4/spring-modulith-moments-1.2.4.jar:/Users/qasim/.m2/repository/org/jmolecules/jmolecules-events/1.9.0/jmolecules-events-1.9.0.jar:/Users/qasim/.m2/repository/org/springframework/modulith/spring-modulith-events-kafka/1.2.4/spring-modulith-events-kafka-1.2.4.jar:/Users/qasim/.m2/repository/org/springframework/modulith/spring-modulith-events-core/1.2.4/spring-modulith-events-core-1.2.4.jar:/Users/qasim/.m2/repository/org/springframework/modulith/spring-modulith-events-api/1.2.4/spring-modulith-events-api-1.2.4.jar:/Users/qasim/.m2/repository/org/slf4j/jcl-over-slf4j/2.0.16/jcl-over-slf4j-2.0.16.jar:/Users/qasim/.m2/repository/org/springframework/kafka/spring-kafka/3.3.0/spring-kafka-3.3.0.jar:/Users/qasim/.m2/repository/org/springframework/spring-context/6.2.0/spring-context-6.2.0.jar:/Users/qasim/.m2/repository/org/springframework/spring-messaging/6.2.0/spring-messaging-6.2.0.jar:/Users/qasim/.m2/repository/org/springframework/spring-tx/6.2.0/spring-tx-6.2.0.jar:/Users/qasim/.m2/repository/org/springframework/retry/spring-retry/2.0.10/spring-retry-2.0.10.jar:/Users/qasim/.m2/repository/org/apache/kafka/kafka-clients/3.8.1/kafka-clients-3.8.1.jar:/Users/qasim/.m2/repository/com/github/luben/zstd-jni/1.5.6-4/zstd-jni-1.5.6-4.jar:/Users/qasim/.m2/repository/org/lz4/lz4-java/1.8.0/lz4-java-1.8.0.jar:/Users/qasim/.m2/repository/org/xerial/snappy/snappy-java/1.1.10.5/snappy-java-1.1.10.5.jar:/Users/qasim/.m2/repository/org/postgresql/postgresql/42.7.4/postgresql-42.7.4.jar:/Users/qasim/.m2/repository/org/checkerframework/checker-qual/3.42.0/checker-qual-3.42.0.jar:/Users/qasim/.m2/repository/org/flywaydb/flyway-core/10.20.1/flyway-core-10.20.1.jar:/Users/qasim/.m2/repository/com/fasterxml/jackson/dataformat/jackson-dataformat-toml/2.18.1/jackson-dataformat-toml-2.18.1.jar:/Users/qasim/.m2/repository/org/flywaydb/flyway-database-postgresql/10.20.1/flyway-database-postgresql-10.20.1.jar:/Users/qasim/.m2/repository/redis/clients/jedis/5.2.0/jedis-5.2.0.jar:/Users/qasim/.m2/repository/org/slf4j/slf4j-api/2.0.16/slf4j-api-2.0.16.jar:/Users/qasim/.m2/repository/org/apache/commons/commons-pool2/2.12.0/commons-pool2-2.12.0.jar:/Users/qasim/.m2/repository/org/json/json/20240303/json-20240303.jar:/Users/qasim/.m2/repository/com/google/code/gson/gson/2.11.0/gson-2.11.0.jar:/Users/qasim/.m2/repository/com/google/errorprone/error_prone_annotations/2.27.0/error_prone_annotations-2.27.0.jar:/Users/qasim/.m2/repository/org/springdoc/springdoc-openapi-starter-webmvc-ui/2.7.0/springdoc-openapi-starter-webmvc-ui-2.7.0.jar:/Users/qasim/.m2/repository/org/springdoc/springdoc-openapi-starter-webmvc-api/2.7.0/springdoc-openapi-starter-webmvc-api-2.7.0.jar:/Users/qasim/.m2/repository/org/springdoc/springdoc-openapi-starter-common/2.7.0/springdoc-openapi-starter-common-2.7.0.jar:/Users/qasim/.m2/repository/io/swagger/core/v3/swagger-core-jakarta/2.2.25/swagger-core-jakarta-2.2.25.jar:/Users/qasim/.m2/repository/io/swagger/core/v3/swagger-annotations-jakarta/2.2.25/swagger-annotations-jakarta-2.2.25.jar:/Users/qasim/.m2/repository/io/swagger/core/v3/swagger-models-jakarta/2.2.25/swagger-models-jakarta-2.2.25.jar:/Users/qasim/.m2/repository/com/fasterxml/jackson/dataformat/jackson-dataformat-yaml/2.18.1/jackson-dataformat-yaml-2.18.1.jar:/Users/qasim/.m2/repository/org/webjars/swagger-ui/5.18.2/swagger-ui-5.18.2.jar:/Users/qasim/.m2/repository/org/webjars/webjars-locator-lite/1.0.1/webjars-locator-lite-1.0.1.jar:/Users/qasim/.m2/repository/org/jspecify/jspecify/1.0.0/jspecify-1.0.0.jar:/Users/qasim/.m2/repository/com/fasterxml/jackson/core/jackson-databind/2.18.1/jackson-databind-2.18.1.jar:/Users/qasim/.m2/repository/com/fasterxml/jackson/core/jackson-annotations/2.18.1/jackson-annotations-2.18.1.jar:/Users/qasim/.m2/repository/com/fasterxml/jackson/core/jackson-core/2.18.1/jackson-core-2.18.1.jar:/Users/qasim/.m2/repository/com/fasterxml/jackson/datatype/jackson-datatype-jsr310/2.18.1/jackson-datatype-jsr310-2.18.1.jar:/Users/qasim/.m2/repository/io/hypersistence/hypersistence-utils-hibernate-63/3.9.0/hypersistence-utils-hibernate-63-3.9.0.jar:/Users/qasim/.m2/repository/jakarta/xml/bind/jakarta.xml.bind-api/4.0.2/jakarta.xml.bind-api-4.0.2.jar:/Users/qasim/.m2/repository/jakarta/activation/jakarta.activation-api/2.1.3/jakarta.activation-api-2.1.3.jar:/Users/qasim/.m2/repository/io/hypersistence/hypersistence-tsid/2.1.1/hypersistence-tsid-2.1.1.jar:/Users/qasim/.m2/repository/org/projectlombok/lombok/1.18.36/lombok-1.18.36.jar:/Users/qasim/.m2/repository/org/springframework/boot/spring-boot-starter-test/3.4.0/spring-boot-starter-test-3.4.0.jar:/Users/qasim/.m2/repository/org/springframework/boot/spring-boot-test/3.4.0/spring-boot-test-3.4.0.jar:/Users/qasim/.m2/repository/org/springframework/boot/spring-boot-test-autoconfigure/3.4.0/spring-boot-test-autoconfigure-3.4.0.jar:/Users/qasim/.m2/repository/com/jayway/jsonpath/json-path/2.9.0/json-path-2.9.0.jar:/Users/qasim/.m2/repository/net/minidev/json-smart/2.5.1/json-smart-2.5.1.jar:/Users/qasim/.m2/repository/net/minidev/accessors-smart/2.5.1/accessors-smart-2.5.1.jar:/Users/qasim/.m2/repository/org/ow2/asm/asm/9.6/asm-9.6.jar:/Users/qasim/.m2/repository/org/awaitility/awaitility/4.2.2/awaitility-4.2.2.jar:/Users/qasim/.m2/repository/org/hamcrest/hamcrest/2.2/hamcrest-2.2.jar:/Users/qasim/.m2/repository/org/junit/jupiter/junit-jupiter/5.11.3/junit-jupiter-5.11.3.jar:/Users/qasim/.m2/repository/org/junit/jupiter/junit-jupiter-params/5.11.3/junit-jupiter-params-5.11.3.jar:/Users/qasim/.m2/repository/org/junit/jupiter/junit-jupiter-engine/5.11.3/junit-jupiter-engine-5.11.3.jar:/Users/qasim/.m2/repository/org/mockito/mockito-junit-jupiter/5.12.0/mockito-junit-jupiter-5.12.0.jar:/Users/qasim/.m2/repository/org/skyscreamer/jsonassert/1.5.3/jsonassert-1.5.3.jar:/Users/qasim/.m2/repository/com/vaadin/external/google/android-json/0.0.20131108.vaadin1/android-json-0.0.20131108.vaadin1.jar:/Users/qasim/.m2/repository/org/springframework/spring-core/6.2.0/spring-core-6.2.0.jar:/Users/qasim/.m2/repository/org/springframework/spring-jcl/6.2.0/spring-jcl-6.2.0.jar:/Users/qasim/.m2/repository/org/springframework/spring-test/6.2.0/spring-test-6.2.0.jar:/Users/qasim/.m2/repository/org/xmlunit/xmlunit-core/2.10.0/xmlunit-core-2.10.0.jar:/Users/qasim/.m2/repository/org/springframework/modulith/spring-modulith-starter-test/1.2.4/spring-modulith-starter-test-1.2.4.jar:/Users/qasim/.m2/repository/org/springframework/modulith/spring-modulith-test/1.2.4/spring-modulith-test-1.2.4.jar:/Users/qasim/.m2/repository/org/springframework/modulith/spring-modulith-docs/1.2.4/spring-modulith-docs-1.2.4.jar:/Users/qasim/.m2/repository/com/structurizr/structurizr-core/1.29.0/structurizr-core-1.29.0.jar:/Users/qasim/.m2/repository/com/google/code/findbugs/jsr305/3.0.2/jsr305-3.0.2.jar:/Users/qasim/.m2/repository/com/structurizr/structurizr-export/1.19.0/structurizr-export-1.19.0.jar:/Users/qasim/.m2/repository/org/springframework/kafka/spring-kafka-test/3.3.0/spring-kafka-test-3.3.0.jar:/Users/qasim/.m2/repository/org/apache/zookeeper/zookeeper/3.8.4/zookeeper-3.8.4.jar:/Users/qasim/.m2/repository/org/apache/zookeeper/zookeeper-jute/3.8.4/zookeeper-jute-3.8.4.jar:/Users/qasim/.m2/repository/org/apache/yetus/audience-annotations/0.12.0/audience-annotations-0.12.0.jar:/Users/qasim/.m2/repository/io/netty/netty-transport-native-epoll/4.1.115.Final/netty-transport-native-epoll-4.1.115.Final.jar:/Users/qasim/.m2/repository/io/netty/netty-transport-classes-epoll/4.1.115.Final/netty-transport-classes-epoll-4.1.115.Final.jar:/Users/qasim/.m2/repository/ch/qos/logback/logback-core/1.5.12/logback-core-1.5.12.jar:/Users/qasim/.m2/repository/ch/qos/logback/logback-classic/1.5.12/logback-classic-1.5.12.jar:/Users/qasim/.m2/repository/commons-io/commons-io/2.11.0/commons-io-2.11.0.jar:/Users/qasim/.m2/repository/org/apache/kafka/kafka-clients/3.8.1/kafka-clients-3.8.1-test.jar:/Users/qasim/.m2/repository/org/apache/kafka/kafka-metadata/3.8.1/kafka-metadata-3.8.1.jar:/Users/qasim/.m2/repository/org/apache/kafka/kafka-raft/3.8.1/kafka-raft-3.8.1.jar:/Users/qasim/.m2/repository/com/yammer/metrics/metrics-core/2.2.0/metrics-core-2.2.0.jar:/Users/qasim/.m2/repository/org/apache/kafka/kafka-server-common/3.8.1/kafka-server-common-3.8.1.jar:/Users/qasim/.m2/repository/net/sf/jopt-simple/jopt-simple/5.0.4/jopt-simple-5.0.4.jar:/Users/qasim/.m2/repository/org/pcollections/pcollections/4.0.1/pcollections-4.0.1.jar:/Users/qasim/.m2/repository/org/apache/kafka/kafka-server-common/3.8.1/kafka-server-common-3.8.1-test.jar:/Users/qasim/.m2/repository/org/apache/kafka/kafka-streams-test-utils/3.8.1/kafka-streams-test-utils-3.8.1.jar:/Users/qasim/.m2/repository/org/apache/kafka/kafka-streams/3.8.1/kafka-streams-3.8.1.jar:/Users/qasim/.m2/repository/org/rocksdb/rocksdbjni/7.9.2/rocksdbjni-7.9.2.jar:/Users/qasim/.m2/repository/org/apache/kafka/kafka_2.13/3.8.1/kafka_2.13-3.8.1.jar:/Users/qasim/.m2/repository/org/scala-lang/scala-library/2.13.14/scala-library-2.13.14.jar:/Users/qasim/.m2/repository/org/apache/kafka/kafka-group-coordinator-api/3.8.1/kafka-group-coordinator-api-3.8.1.jar:/Users/qasim/.m2/repository/org/apache/kafka/kafka-group-coordinator/3.8.1/kafka-group-coordinator-3.8.1.jar:/Users/qasim/.m2/repository/org/apache/kafka/kafka-transaction-coordinator/3.8.1/kafka-transaction-coordinator-3.8.1.jar:/Users/qasim/.m2/repository/org/apache/kafka/kafka-storage-api/3.8.1/kafka-storage-api-3.8.1.jar:/Users/qasim/.m2/repository/org/apache/kafka/kafka-tools-api/3.8.1/kafka-tools-api-3.8.1.jar:/Users/qasim/.m2/repository/org/apache/kafka/kafka-storage/3.8.1/kafka-storage-3.8.1.jar:/Users/qasim/.m2/repository/com/github/ben-manes/caffeine/caffeine/3.1.8/caffeine-3.1.8.jar:/Users/qasim/.m2/repository/org/apache/kafka/kafka-server/3.8.1/kafka-server-3.8.1.jar:/Users/qasim/.m2/repository/net/sourceforge/argparse4j/argparse4j/0.7.0/argparse4j-0.7.0.jar:/Users/qasim/.m2/repository/commons-validator/commons-validator/1.7/commons-validator-1.7.jar:/Users/qasim/.m2/repository/commons-beanutils/commons-beanutils/1.9.4/commons-beanutils-1.9.4.jar:/Users/qasim/.m2/repository/commons-digester/commons-digester/2.1/commons-digester-2.1.jar:/Users/qasim/.m2/repository/commons-collections/commons-collections/3.2.2/commons-collections-3.2.2.jar:/Users/qasim/.m2/repository/com/fasterxml/jackson/module/jackson-module-scala_2.13/2.18.1/jackson-module-scala_2.13-2.18.1.jar:/Users/qasim/.m2/repository/com/thoughtworks/paranamer/paranamer/2.8/paranamer-2.8.jar:/Users/qasim/.m2/repository/com/fasterxml/jackson/dataformat/jackson-dataformat-csv/2.18.1/jackson-dataformat-csv-2.18.1.jar:/Users/qasim/.m2/repository/org/bitbucket/b_c/jose4j/0.9.4/jose4j-0.9.4.jar:/Users/qasim/.m2/repository/org/scala-lang/modules/scala-collection-compat_2.13/2.10.0/scala-collection-compat_2.13-2.10.0.jar:/Users/qasim/.m2/repository/org/scala-lang/modules/scala-java8-compat_2.13/1.0.2/scala-java8-compat_2.13-1.0.2.jar:/Users/qasim/.m2/repository/org/scala-lang/scala-reflect/2.13.14/scala-reflect-2.13.14.jar:/Users/qasim/.m2/repository/com/typesafe/scala-logging/scala-logging_2.13/3.9.4/scala-logging_2.13-3.9.4.jar:/Users/qasim/.m2/repository/io/dropwizard/metrics/metrics-core/4.1.12.1/metrics-core-4.1.12.1.jar:/Users/qasim/.m2/repository/commons-cli/commons-cli/1.4/commons-cli-1.4.jar:/Users/qasim/.m2/repository/org/apache/kafka/kafka_2.13/3.8.1/kafka_2.13-3.8.1-test.jar:/Users/qasim/.m2/repository/org/junit/jupiter/junit-jupiter-api/5.11.3/junit-jupiter-api-5.11.3.jar:/Users/qasim/.m2/repository/org/opentest4j/opentest4j/1.3.0/opentest4j-1.3.0.jar:/Users/qasim/.m2/repository/org/junit/platform/junit-platform-commons/1.11.3/junit-platform-commons-1.11.3.jar:/Users/qasim/.m2/repository/org/junit/platform/junit-platform-launcher/1.11.3/junit-platform-launcher-1.11.3.jar:/Users/qasim/.m2/repository/org/junit/platform/junit-platform-engine/1.11.3/junit-platform-engine-1.11.3.jar:/Users/qasim/.m2/repository/org/testng/testng/7.10.2/testng-7.10.2.jar:/Users/qasim/.m2/repository/com/beust/jcommander/1.82/jcommander-1.82.jar:/Users/qasim/.m2/repository/org/webjars/jquery/3.7.1/jquery-3.7.1.jar:/Users/qasim/.m2/repository/org/mockito/mockito-core/5.12.0/mockito-core-5.12.0.jar:/Users/qasim/.m2/repository/net/bytebuddy/byte-buddy/1.15.10/byte-buddy-1.15.10.jar:/Users/qasim/.m2/repository/net/bytebuddy/byte-buddy-agent/1.15.10/byte-buddy-agent-1.15.10.jar:/Users/qasim/.m2/repository/org/objenesis/objenesis/3.3/objenesis-3.3.jar:/Users/qasim/.m2/repository/org/testcontainers/testcontainers/1.20.4/testcontainers-1.20.4.jar:/Users/qasim/.m2/repository/junit/junit/4.13.2/junit-4.13.2.jar:/Users/qasim/.m2/repository/org/hamcrest/hamcrest-core/2.2/hamcrest-core-2.2.jar:/Users/qasim/.m2/repository/org/apache/commons/commons-compress/1.24.0/commons-compress-1.24.0.jar:/Users/qasim/.m2/repository/org/rnorth/duct-tape/duct-tape/1.0.8/duct-tape-1.0.8.jar:/Users/qasim/.m2/repository/org/jetbrains/annotations/17.0.0/annotations-17.0.0.jar:/Users/qasim/.m2/repository/com/github/docker-java/docker-java-api/3.4.0/docker-java-api-3.4.0.jar:/Users/qasim/.m2/repository/com/github/docker-java/docker-java-transport-zerodep/3.4.0/docker-java-transport-zerodep-3.4.0.jar:/Users/qasim/.m2/repository/com/github/docker-java/docker-java-transport/3.4.0/docker-java-transport-3.4.0.jar:/Users/qasim/.m2/repository/net/java/dev/jna/jna/5.13.0/jna-5.13.0.jar:/Users/qasim/.m2/repository/org/testcontainers/postgresql/1.20.4/postgresql-1.20.4.jar:/Users/qasim/.m2/repository/org/testcontainers/jdbc/1.20.4/jdbc-1.20.4.jar:/Users/qasim/.m2/repository/org/testcontainers/database-commons/1.20.4/database-commons-1.20.4.jar:/Users/qasim/.m2/repository/org/testcontainers/kafka/1.20.4/kafka-1.20.4.jar:/Users/qasim/.m2/repository/io/rest-assured/rest-assured/5.4.0/rest-assured-5.4.0.jar:/Users/qasim/.m2/repository/org/apache/groovy/groovy/4.0.24/groovy-4.0.24.jar:/Users/qasim/.m2/repository/org/apache/groovy/groovy-xml/4.0.24/groovy-xml-4.0.24.jar:/Users/qasim/.m2/repository/org/apache/httpcomponents/httpclient/4.5.13/httpclient-4.5.13.jar:/Users/qasim/.m2/repository/org/apache/httpcomponents/httpcore/4.4.16/httpcore-4.4.16.jar:/Users/qasim/.m2/repository/commons-logging/commons-logging/1.2/commons-logging-1.2.jar:/Users/qasim/.m2/repository/commons-codec/commons-codec/1.17.1/commons-codec-1.17.1.jar:/Users/qasim/.m2/repository/org/apache/httpcomponents/httpmime/4.5.13/httpmime-4.5.13.jar:/Users/qasim/.m2/repository/org/ccil/cowan/tagsoup/tagsoup/1.2.1/tagsoup-1.2.1.jar:/Users/qasim/.m2/repository/io/rest-assured/json-path/5.4.0/json-path-5.4.0.jar:/Users/qasim/.m2/repository/org/apache/groovy/groovy-json/4.0.24/groovy-json-4.0.24.jar:/Users/qasim/.m2/repository/io/rest-assured/rest-assured-common/5.4.0/rest-assured-common-5.4.0.jar:/Users/qasim/.m2/repository/io/rest-assured/xml-path/5.4.0/xml-path-5.4.0.jar:/Users/qasim/.m2/repository/org/apache/commons/commons-lang3/3.17.0/commons-lang3-3.17.0.jar:/Users/qasim/.m2/repository/io/cucumber/cucumber-java/7.15.0/cucumber-java-7.15.0.jar:/Users/qasim/.m2/repository/io/cucumber/cucumber-core/7.15.0/cucumber-core-7.15.0.jar:/Users/qasim/.m2/repository/io/cucumber/cucumber-gherkin/7.15.0/cucumber-gherkin-7.15.0.jar:/Users/qasim/.m2/repository/io/cucumber/cucumber-gherkin-messages/7.15.0/cucumber-gherkin-messages-7.15.0.jar:/Users/qasim/.m2/repository/io/cucumber/gherkin/26.2.0/gherkin-26.2.0.jar:/Users/qasim/.m2/repository/io/cucumber/messages/22.0.0/messages-22.0.0.jar:/Users/qasim/.m2/repository/io/cucumber/tag-expressions/6.0.0/tag-expressions-6.0.0.jar:/Users/qasim/.m2/repository/io/cucumber/cucumber-expressions/17.0.1/cucumber-expressions-17.0.1.jar:/Users/qasim/.m2/repository/io/cucumber/datatable/7.15.0/datatable-7.15.0.jar:/Users/qasim/.m2/repository/io/cucumber/cucumber-plugin/7.15.0/cucumber-plugin-7.15.0.jar:/Users/qasim/.m2/repository/io/cucumber/docstring/7.15.0/docstring-7.15.0.jar:/Users/qasim/.m2/repository/io/cucumber/html-formatter/20.4.0/html-formatter-20.4.0.jar:/Users/qasim/.m2/repository/io/cucumber/junit-xml-formatter/0.2.0/junit-xml-formatter-0.2.0.jar:/Users/qasim/.m2/repository/io/cucumber/ci-environment/10.0.0/ci-environment-10.0.0.jar:/Users/qasim/.m2/repository/org/apiguardian/apiguardian-api/1.1.2/apiguardian-api-1.1.2.jar:/Users/qasim/.m2/repository/io/cucumber/cucumber-testng/7.15.0/cucumber-testng-7.15.0.jar:/Users/qasim/.m2/repository/io/cucumber/cucumber-spring/7.15.0/cucumber-spring-7.15.0.jar:/Users/qasim/.m2/repository/org/assertj/assertj-core/3.25.3/assertj-core-3.25.3.jar:"/>
    <property name="java.vm.vendor" value="Azul Systems, Inc."/>
    <property name="sun.arch.data.model" value="64"/>
    <property name="java.vendor.url" value="http://www.azul.com/"/>
    <property name="user.timezone" value="Europe/London"/>
    <property name="org.jboss.logging.provider" value="slf4j"/>
    <property name="os.name" value="Mac OS X"/>
    <property name="java.vm.specification.version" value="21"/>
    <property name="APPLICATION_NAME" value="content-service"/>
    <property name="sun.java.launcher" value="SUN_STANDARD"/>
    <property name="user.country" value="GB"/>
    <property name="sun.boot.library.path" value="/nix/store/n3rmmip6djs9s68zkazn1c6gsxbjg7fs-zulu-ca-jdk-21.0.8/Library/Java/JavaVirtualMachines/zulu-21.jdk/Contents/Home/lib"/>
    <property name="sun.java.command" value="/Users/qasim/Documents/Dev/GradePath_UserTelemetryPoC/gradepath-core/target/surefire/surefirebooter-20260121175006094_3.jar /Users/qasim/Documents/Dev/GradePath_UserTelemetryPoC/gradepath-core/target/surefire 2026-01-21T17-50-06_059-jvmRun1 surefire-20260121175006094_1tmp surefire_0-20260121175006094_2tmp"/>
    <property name="http.nonProxyHosts" value="local|*.local|169.254/16|*.169.254/16"/>
    <property name="jdk.debug" value="release"/>
    <property name="surefire.test.class.path" value="/Users/qasim/Documents/Dev/GradePath_UserTelemetryPoC/gradepath-core/target/test-classes:/Users/qasim/Documents/Dev/GradePath_UserTelemetryPoC/gradepath-core/target/classes:/Users/qasim/.m2/repository/org/springframework/boot/spring-boot-starter-web/3.4.0/spring-boot-starter-web-3.4.0.jar:/Users/qasim/.m2/repository/org/springframework/boot/spring-boot-starter/3.4.0/spring-boot-starter-3.4.0.jar:/Users/qasim/.m2/repository/org/springframework/boot/spring-boot/3.4.0/spring-boot-3.4.0.jar:/Users/qasim/.m2/repository/org/springframework/boot/spring-boot-autoconfigure/3.4.0/spring-boot-autoconfigure-3.4.0.jar:/Users/qasim/.m2/repository/org/springframework/boot/spring-boot-starter-logging/3.4.0/spring-boot-starter-logging-3.4.0.jar:/Users/qasim/.m2/repository/org/apache/logging/log4j/log4j-to-slf4j/2.24.1/log4j-to-slf4j-2.24.1.jar:/Users/qasim/.m2/repository/org/apache/logging/log4j/log4j-api/2.24.1/log4j-api-2.24.1.jar:/Users/qasim/.m2/repository/org/slf4j/jul-to-slf4j/2.0.16/jul-to-slf4j-2.0.16.jar:/Users/qasim/.m2/repository/jakarta/annotation/jakarta.annotation-api/2.1.1/jakarta.annotation-api-2.1.1.jar:/Users/qasim/.m2/repository/org/yaml/snakeyaml/2.3/snakeyaml-2.3.jar:/Users/qasim/.m2/repository/org/springframework/boot/spring-boot-starter-json/3.4.0/spring-boot-starter-json-3.4.0.jar:/Users/qasim/.m2/repository/com/fasterxml/jackson/datatype/jackson-datatype-jdk8/2.18.1/jackson-datatype-jdk8-2.18.1.jar:/Users/qasim/.m2/repository/com/fasterxml/jackson/module/jackson-module-parameter-names/2.18.1/jackson-module-parameter-names-2.18.1.jar:/Users/qasim/.m2/repository/org/springframework/boot/spring-boot-starter-tomcat/3.4.0/spring-boot-starter-tomcat-3.4.0.jar:/Users/qasim/.m2/repository/org/apache/tomcat/embed/tomcat-embed-core/10.1.33/tomcat-embed-core-10.1.33.jar:/Users/qasim/.m2/repository/org/apache/tomcat/embed/tomcat-embed-websocket/10.1.33/tomcat-embed-websocket-10.1.33.jar:/Users/qasim/.m2/repository/org/springframework/spring-web/6.2.0/spring-web-6.2.0.jar:/Users/qasim/.m2/repository/org/springframework/spring-beans/6.2.0/spring-beans-6.2.0.jar:/Users/qasim/.m2/repository/org/springframework/spring-webmvc/6.2.0/spring-webmvc-6.2.0.jar:/Users/qasim/.m2/repository/org/springframework/spring-aop/6.2.0/spring-aop-6.2.0.jar:/Users/qasim/.m2/repository/org/springframework/spring-expression/6.2.0/spring-expression-6.2.0.jar:/Users/qasim/.m2/repository/org/springframework/boot/spring-boot-starter-data-jpa/3.4.0/spring-boot-starter-data-jpa-3.4.0.jar:/Users/qasim/.m2/repository/org/springframework/boot/spring-boot-starter-jdbc/3.4.0/spring-boot-starter-jdbc-3.4.0.jar:/Users/qasim/.m2/repository/com/zaxxer/HikariCP/5.1.0/HikariCP-5.1.0.jar:/Users/qasim/.m2/repository/org/springframework/spring-jdbc/6.2.0/spring-jdbc-6.2.0.jar:/Users/qasim/.m2/repository/org/hibernate/orm/hibernate-core/6.6.2.Final/hibernate-core-6.6.2.Final.jar:/Users/qasim/.m2/repository/jakarta/persistence/jakarta.persistence-api/3.1.0/jakarta.persistence-api-3.1.0.jar:/Users/qasim/.m2/repository/jakarta/transaction/jakarta.transaction-api/2.0.1/jakarta.transaction-api-2.0.1.jar:/Users/qasim/.m2/repository/org/jboss/logging/jboss-logging/3.6.1.Final/jboss-logging-3.6.1.Final.jar:/Users/qasim/.m2/repository/org/hibernate/common/hibernate-commons-annotations/7.0.3.Final/hibernate-commons-annotations-7.0.3.Final.jar:/Users/qasim/.m2/repository/io/smallrye/jandex/3.2.0/jandex-3.2.0.jar:/Users/qasim/.m2/repository/com/fasterxml/classmate/1.7.0/classmate-1.7.0.jar:/Users/qasim/.m2/repository/org/glassfish/jaxb/jaxb-runtime/4.0.5/jaxb-runtime-4.0.5.jar:/Users/qasim/.m2/repository/org/glassfish/jaxb/jaxb-core/4.0.5/jaxb-core-4.0.5.jar:/Users/qasim/.m2/repository/org/eclipse/angus/angus-activation/2.0.2/angus-activation-2.0.2.jar:/Users/qasim/.m2/repository/org/glassfish/jaxb/txw2/4.0.5/txw2-4.0.5.jar:/Users/qasim/.m2/repository/com/sun/istack/istack-commons-runtime/4.1.2/istack-commons-runtime-4.1.2.jar:/Users/qasim/.m2/repository/jakarta/inject/jakarta.inject-api/2.0.1/jakarta.inject-api-2.0.1.jar:/Users/qasim/.m2/repository/org/antlr/antlr4-runtime/4.13.0/antlr4-runtime-4.13.0.jar:/Users/qasim/.m2/repository/org/springframework/data/spring-data-jpa/3.4.0/spring-data-jpa-3.4.0.jar:/Users/qasim/.m2/repository/org/springframework/data/spring-data-commons/3.4.0/spring-data-commons-3.4.0.jar:/Users/qasim/.m2/repository/org/springframework/spring-orm/6.2.0/spring-orm-6.2.0.jar:/Users/qasim/.m2/repository/org/springframework/spring-aspects/6.2.0/spring-aspects-6.2.0.jar:/Users/qasim/.m2/repository/org/aspectj/aspectjweaver/1.9.22.1/aspectjweaver-1.9.22.1.jar:/Users/qasim/.m2/repository/org/springframework/boot/spring-boot-starter-data-redis/3.4.0/spring-boot-starter-data-redis-3.4.0.jar:/Users/qasim/.m2/repository/io/lettuce/lettuce-core/6.4.1.RELEASE/lettuce-core-6.4.1.RELEASE.jar:/Users/qasim/.m2/repository/io/netty/netty-common/4.1.115.Final/netty-common-4.1.115.Final.jar:/Users/qasim/.m2/repository/io/netty/netty-handler/4.1.115.Final/netty-handler-4.1.115.Final.jar:/Users/qasim/.m2/repository/io/netty/netty-resolver/4.1.115.Final/netty-resolver-4.1.115.Final.jar:/Users/qasim/.m2/repository/io/netty/netty-buffer/4.1.115.Final/netty-buffer-4.1.115.Final.jar:/Users/qasim/.m2/repository/io/netty/netty-transport-native-unix-common/4.1.115.Final/netty-transport-native-unix-common-4.1.115.Final.jar:/Users/qasim/.m2/repository/io/netty/netty-codec/4.1.115.Final/netty-codec-4.1.115.Final.jar:/Users/qasim/.m2/repository/io/netty/netty-transport/4.1.115.Final/netty-transport-4.1.115.Final.jar:/Users/qasim/.m2/repository/io/projectreactor/reactor-core/3.7.0/reactor-core-3.7.0.jar:/Users/qasim/.m2/repository/org/reactivestreams/reactive-streams/1.0.4/reactive-streams-1.0.4.jar:/Users/qasim/.m2/repository/org/springframework/data/spring-data-redis/3.4.0/spring-data-redis-3.4.0.jar:/Users/qasim/.m2/repository/org/springframework/data/spring-data-keyvalue/3.4.0/spring-data-keyvalue-3.4.0.jar:/Users/qasim/.m2/repository/org/springframework/spring-oxm/6.2.0/spring-oxm-6.2.0.jar:/Users/qasim/.m2/repository/org/springframework/boot/spring-boot-starter-validation/3.4.0/spring-boot-starter-validation-3.4.0.jar:/Users/qasim/.m2/repository/org/apache/tomcat/embed/tomcat-embed-el/10.1.33/tomcat-embed-el-10.1.33.jar:/Users/qasim/.m2/repository/org/hibernate/validator/hibernate-validator/8.0.1.Final/hibernate-validator-8.0.1.Final.jar:/Users/qasim/.m2/repository/jakarta/validation/jakarta.validation-api/3.0.2/jakarta.validation-api-3.0.2.jar:/Users/qasim/.m2/repository/org/springframework/boot/spring-boot-starter-cache/3.4.0/spring-boot-starter-cache-3.4.0.jar:/Users/qasim/.m2/repository/org/springframework/spring-context-support/6.2.0/spring-context-support-6.2.0.jar:/Users/qasim/.m2/repository/org/springframework/boot/spring-boot-starter-actuator/3.4.0/spring-boot-starter-actuator-3.4.0.jar:/Users/qasim/.m2/repository/org/springframework/boot/spring-boot-actuator-autoconfigure/3.4.0/spring-boot-actuator-autoconfigure-3.4.0.jar:/Users/qasim/.m2/repository/org/springframework/boot/spring-boot-actuator/3.4.0/spring-boot-actuator-3.4.0.jar:/Users/qasim/.m2/repository/io/micrometer/micrometer-observation/1.14.1/micrometer-observation-1.14.1.jar:/Users/qasim/.m2/repository/io/micrometer/micrometer-commons/1.14.1/micrometer-commons-1.14.1.jar:/Users/qasim/.m2/repository/io/micrometer/micrometer-jakarta9/1.14.1/micrometer-jakarta9-1.14.1.jar:/Users/qasim/.m2/repository/io/micrometer/micrometer-core/1.14.1/micrometer-core-1.14.1.jar:/Users/qasim/.m2/repository/org/hdrhistogram/HdrHistogram/2.2.2/HdrHistogram-2.2.2.jar:/Users/qasim/.m2/repository/org/latencyutils/LatencyUtils/2.0.3/LatencyUtils-2.0.3.jar:/Users/qasim/.m2/repository/org/springframework/modulith/spring-modulith-starter-core/1.2.4/spring-modulith-starter-core-1.2.4.jar:/Users/qasim/.m2/repository/org/springframework/modulith/spring-modulith-api/1.2.4/spring-modulith-api-1.2.4.jar:/Users/qasim/.m2/repository/org/springframework/modulith/spring-modulith-core/1.2.4/spring-modulith-core-1.2.4.jar:/Users/qasim/.m2/repository/com/tngtech/archunit/archunit/1.3.0/archunit-1.3.0.jar:/Users/qasim/.m2/repository/org/springframework/modulith/spring-modulith-moments/1.2.4/spring-modulith-moments-1.2.4.jar:/Users/qasim/.m2/repository/org/jmolecules/jmolecules-events/1.9.0/jmolecules-events-1.9.0.jar:/Users/qasim/.m2/repository/org/springframework/modulith/spring-modulith-events-kafka/1.2.4/spring-modulith-events-kafka-1.2.4.jar:/Users/qasim/.m2/repository/org/springframework/modulith/spring-modulith-events-core/1.2.4/spring-modulith-events-core-1.2.4.jar:/Users/qasim/.m2/repository/org/springframework/modulith/spring-modulith-events-api/1.2.4/spring-modulith-events-api-1.2.4.jar:/Users/qasim/.m2/repository/org/slf4j/jcl-over-slf4j/2.0.16/jcl-over-slf4j-2.0.16.jar:/Users/qasim/.m2/repository/org/springframework/kafka/spring-kafka/3.3.0/spring-kafka-3.3.0.jar:/Users/qasim/.m2/repository/org/springframework/spring-context/6.2.0/spring-context-6.2.0.jar:/Users/qasim/.m2/repository/org/springframework/spring-messaging/6.2.0/spring-messaging-6.2.0.jar:/Users/qasim/.m2/repository/org/springframework/spring-tx/6.2.0/spring-tx-6.2.0.jar:/Users/qasim/.m2/repository/org/springframework/retry/spring-retry/2.0.10/spring-retry-2.0.10.jar:/Users/qasim/.m2/repository/org/apache/kafka/kafka-clients/3.8.1/kafka-clients-3.8.1.jar:/Users/qasim/.m2/repository/com/github/luben/zstd-jni/1.5.6-4/zstd-jni-1.5.6-4.jar:/Users/qasim/.m2/repository/org/lz4/lz4-java/1.8.0/lz4-java-1.8.0.jar:/Users/qasim/.m2/repository/org/xerial/snappy/snappy-java/1.1.10.5/snappy-java-1.1.10.5.jar:/Users/qasim/.m2/repository/org/postgresql/postgresql/42.7.4/postgresql-42.7.4.jar:/Users/qasim/.m2/repository/org/checkerframework/checker-qual/3.42.0/checker-qual-3.42.0.jar:/Users/qasim/.m2/repository/org/flywaydb/flyway-core/10.20.1/flyway-core-10.20.1.jar:/Users/qasim/.m2/repository/com/fasterxml/jackson/dataformat/jackson-dataformat-toml/2.18.1/jackson-dataformat-toml-2.18.1.jar:/Users/qasim/.m2/repository/org/flywaydb/flyway-database-postgresql/10.20.1/flyway-database-postgresql-10.20.1.jar:/Users/qasim/.m2/repository/redis/clients/jedis/5.2.0/jedis-5.2.0.jar:/Users/qasim/.m2/repository/org/slf4j/slf4j-api/2.0.16/slf4j-api-2.0.16.jar:/Users/qasim/.m2/repository/org/apache/commons/commons-pool2/2.12.0/commons-pool2-2.12.0.jar:/Users/qasim/.m2/repository/org/json/json/20240303/json-20240303.jar:/Users/qasim/.m2/repository/com/google/code/gson/gson/2.11.0/gson-2.11.0.jar:/Users/qasim/.m2/repository/com/google/errorprone/error_prone_annotations/2.27.0/error_prone_annotations-2.27.0.jar:/Users/qasim/.m2/repository/org/springdoc/springdoc-openapi-starter-webmvc-ui/2.7.0/springdoc-openapi-starter-webmvc-ui-2.7.0.jar:/Users/qasim/.m2/repository/org/springdoc/springdoc-openapi-starter-webmvc-api/2.7.0/springdoc-openapi-starter-webmvc-api-2.7.0.jar:/Users/qasim/.m2/repository/org/springdoc/springdoc-openapi-starter-common/2.7.0/springdoc-openapi-starter-common-2.7.0.jar:/Users/qasim/.m2/repository/io/swagger/core/v3/swagger-core-jakarta/2.2.25/swagger-core-jakarta-2.2.25.jar:/Users/qasim/.m2/repository/io/swagger/core/v3/swagger-annotations-jakarta/2.2.25/swagger-annotations-jakarta-2.2.25.jar:/Users/qasim/.m2/repository/io/swagger/core/v3/swagger-models-jakarta/2.2.25/swagger-models-jakarta-2.2.25.jar:/Users/qasim/.m2/repository/com/fasterxml/jackson/dataformat/jackson-dataformat-yaml/2.18.1/jackson-dataformat-yaml-2.18.1.jar:/Users/qasim/.m2/repository/org/webjars/swagger-ui/5.18.2/swagger-ui-5.18.2.jar:/Users/qasim/.m2/repository/org/webjars/webjars-locator-lite/1.0.1/webjars-locator-lite-1.0.1.jar:/Users/qasim/.m2/repository/org/jspecify/jspecify/1.0.0/jspecify-1.0.0.jar:/Users/qasim/.m2/repository/com/fasterxml/jackson/core/jackson-databind/2.18.1/jackson-databind-2.18.1.jar:/Users/qasim/.m2/repository/com/fasterxml/jackson/core/jackson-annotations/2.18.1/jackson-annotations-2.18.1.jar:/Users/qasim/.m2/repository/com/fasterxml/jackson/core/jackson-core/2.18.1/jackson-core-2.18.1.jar:/Users/qasim/.m2/repository/com/fasterxml/jackson/datatype/jackson-datatype-jsr310/2.18.1/jackson-datatype-jsr310-2.18.1.jar:/Users/qasim/.m2/repository/io/hypersistence/hypersistence-utils-hibernate-63/3.9.0/hypersistence-utils-hibernate-63-3.9.0.jar:/Users/qasim/.m2/repository/jakarta/xml/bind/jakarta.xml.bind-api/4.0.2/jakarta.xml.bind-api-4.0.2.jar:/Users/qasim/.m2/repository/jakarta/activation/jakarta.activation-api/2.1.3/jakarta.activation-api-2.1.3.jar:/Users/qasim/.m2/repository/io/hypersistence/hypersistence-tsid/2.1.1/hypersistence-tsid-2.1.1.jar:/Users/qasim/.m2/repository/org/projectlombok/lombok/1.18.36/lombok-1.18.36.jar:/Users/qasim/.m2/repository/org/springframework/boot/spring-boot-starter-test/3.4.0/spring-boot-starter-test-3.4.0.jar:/Users/qasim/.m2/repository/org/springframework/boot/spring-boot-test/3.4.0/spring-boot-test-3.4.0.jar:/Users/qasim/.m2/repository/org/springframework/boot/spring-boot-test-autoconfigure/3.4.0/spring-boot-test-autoconfigure-3.4.0.jar:/Users/qasim/.m2/repository/com/jayway/jsonpath/json-path/2.9.0/json-path-2.9.0.jar:/Users/qasim/.m2/repository/net/minidev/json-smart/2.5.1/json-smart-2.5.1.jar:/Users/qasim/.m2/repository/net/minidev/accessors-smart/2.5.1/accessors-smart-2.5.1.jar:/Users/qasim/.m2/repository/org/ow2/asm/asm/9.6/asm-9.6.jar:/Users/qasim/.m2/repository/org/awaitility/awaitility/4.2.2/awaitility-4.2.2.jar:/Users/qasim/.m2/repository/org/hamcrest/hamcrest/2.2/hamcrest-2.2.jar:/Users/qasim/.m2/repository/org/junit/jupiter/junit-jupiter/5.11.3/junit-jupiter-5.11.3.jar:/Users/qasim/.m2/repository/org/junit/jupiter/junit-jupiter-params/5.11.3/junit-jupiter-params-5.11.3.jar:/Users/qasim/.m2/repository/org/junit/jupiter/junit-jupiter-engine/5.11.3/junit-jupiter-engine-5.11.3.jar:/Users/qasim/.m2/repository/org/mockito/mockito-junit-jupiter/5.12.0/mockito-junit-jupiter-5.12.0.jar:/Users/qasim/.m2/repository/org/skyscreamer/jsonassert/1.5.3/jsonassert-1.5.3.jar:/Users/qasim/.m2/repository/com/vaadin/external/google/android-json/0.0.20131108.vaadin1/android-json-0.0.20131108.vaadin1.jar:/Users/qasim/.m2/repository/org/springframework/spring-core/6.2.0/spring-core-6.2.0.jar:/Users/qasim/.m2/repository/org/springframework/spring-jcl/6.2.0/spring-jcl-6.2.0.jar:/Users/qasim/.m2/repository/org/springframework/spring-test/6.2.0/spring-test-6.2.0.jar:/Users/qasim/.m2/repository/org/xmlunit/xmlunit-core/2.10.0/xmlunit-core-2.10.0.jar:/Users/qasim/.m2/repository/org/springframework/modulith/spring-modulith-starter-test/1.2.4/spring-modulith-starter-test-1.2.4.jar:/Users/qasim/.m2/repository/org/springframework/modulith/spring-modulith-test/1.2.4/spring-modulith-test-1.2.4.jar:/Users/qasim/.m2/repository/org/springframework/modulith/spring-modulith-docs/1.2.4/spring-modulith-docs-1.2.4.jar:/Users/qasim/.m2/repository/com/structurizr/structurizr-core/1.29.0/structurizr-core-1.29.0.jar:/Users/qasim/.m2/repository/com/google/code/findbugs/jsr305/3.0.2/jsr305-3.0.2.jar:/Users/qasim/.m2/repository/com/structurizr/structurizr-export/1.19.0/structurizr-export-1.19.0.jar:/Users/qasim/.m2/repository/org/springframework/kafka/spring-kafka-test/3.3.0/spring-kafka-test-3.3.0.jar:/Users/qasim/.m2/repository/org/apache/zookeeper/zookeeper/3.8.4/zookeeper-3.8.4.jar:/Users/qasim/.m2/repository/org/apache/zookeeper/zookeeper-jute/3.8.4/zookeeper-jute-3.8.4.jar:/Users/qasim/.m2/repository/org/apache/yetus/audience-annotations/0.12.0/audience-annotations-0.12.0.jar:/Users/qasim/.m2/repository/io/netty/netty-transport-native-epoll/4.1.115.Final/netty-transport-native-epoll-4.1.115.Final.jar:/Users/qasim/.m2/repository/io/netty/netty-transport-classes-epoll/4.1.115.Final/netty-transport-classes-epoll-4.1.115.Final.jar:/Users/qasim/.m2/repository/ch/qos/logback/logback-core/1.5.12/logback-core-1.5.12.jar:/Users/qasim/.m2/repository/ch/qos/logback/logback-classic/1.5.12/logback-classic-1.5.12.jar:/Users/qasim/.m2/repository/commons-io/commons-io/2.11.0/commons-io-2.11.0.jar:/Users/qasim/.m2/repository/org/apache/kafka/kafka-clients/3.8.1/kafka-clients-3.8.1-test.jar:/Users/qasim/.m2/repository/org/apache/kafka/kafka-metadata/3.8.1/kafka-metadata-3.8.1.jar:/Users/qasim/.m2/repository/org/apache/kafka/kafka-raft/3.8.1/kafka-raft-3.8.1.jar:/Users/qasim/.m2/repository/com/yammer/metrics/metrics-core/2.2.0/metrics-core-2.2.0.jar:/Users/qasim/.m2/repository/org/apache/kafka/kafka-server-common/3.8.1/kafka-server-common-3.8.1.jar:/Users/qasim/.m2/repository/net/sf/jopt-simple/jopt-simple/5.0.4/jopt-simple-5.0.4.jar:/Users/qasim/.m2/repository/org/pcollections/pcollections/4.0.1/pcollections-4.0.1.jar:/Users/qasim/.m2/repository/org/apache/kafka/kafka-server-common/3.8.1/kafka-server-common-3.8.1-test.jar:/Users/qasim/.m2/repository/org/apache/kafka/kafka-streams-test-utils/3.8.1/kafka-streams-test-utils-3.8.1.jar:/Users/qasim/.m2/repository/org/apache/kafka/kafka-streams/3.8.1/kafka-streams-3.8.1.jar:/Users/qasim/.m2/repository/org/rocksdb/rocksdbjni/7.9.2/rocksdbjni-7.9.2.jar:/Users/qasim/.m2/repository/org/apache/kafka/kafka_2.13/3.8.1/kafka_2.13-3.8.1.jar:/Users/qasim/.m2/repository/org/scala-lang/scala-library/2.13.14/scala-library-2.13.14.jar:/Users/qasim/.m2/repository/org/apache/kafka/kafka-group-coordinator-api/3.8.1/kafka-group-coordinator-api-3.8.1.jar:/Users/qasim/.m2/repository/org/apache/kafka/kafka-group-coordinator/3.8.1/kafka-group-coordinator-3.8.1.jar:/Users/qasim/.m2/repository/org/apache/kafka/kafka-transaction-coordinator/3.8.1/kafka-transaction-coordinator-3.8.1.jar:/Users/qasim/.m2/repository/org/apache/kafka/kafka-storage-api/3.8.1/kafka-storage-api-3.8.1.jar:/Users/qasim/.m2/repository/org/apache/kafka/kafka-tools-api/3.8.1/kafka-tools-api-3.8.1.jar:/Users/qasim/.m2/repository/org/apache/kafka/kafka-storage/3.8.1/kafka-storage-3.8.1.jar:/Users/qasim/.m2/repository/com/github/ben-manes/caffeine/caffeine/3.1.8/caffeine-3.1.8.jar:/Users/qasim/.m2/repository/org/apache/kafka/kafka-server/3.8.1/kafka-server-3.8.1.jar:/Users/qasim/.m2/repository/net/sourceforge/argparse4j/argparse4j/0.7.0/argparse4j-0.7.0.jar:/Users/qasim/.m2/repository/commons-validator/commons-validator/1.7/commons-validator-1.7.jar:/Users/qasim/.m2/repository/commons-beanutils/commons-beanutils/1.9.4/commons-beanutils-1.9.4.jar:/Users/qasim/.m2/repository/commons-digester/commons-digester/2.1/commons-digester-2.1.jar:/Users/qasim/.m2/repository/commons-collections/commons-collections/3.2.2/commons-collections-3.2.2.jar:/Users/qasim/.m2/repository/com/fasterxml/jackson/module/jackson-module-scala_2.13/2.18.1/jackson-module-scala_2.13-2.18.1.jar:/Users/qasim/.m2/repository/com/thoughtworks/paranamer/paranamer/2.8/paranamer-2.8.jar:/Users/qasim/.m2/repository/com/fasterxml/jackson/dataformat/jackson-dataformat-csv/2.18.1/jackson-dataformat-csv-2.18.1.jar:/Users/qasim/.m2/repository/org/bitbucket/b_c/jose4j/0.9.4/jose4j-0.9.4.jar:/Users/qasim/.m2/repository/org/scala-lang/modules/scala-collection-compat_2.13/2.10.0/scala-collection-compat_2.13-2.10.0.jar:/Users/qasim/.m2/repository/org/scala-lang/modules/scala-java8-compat_2.13/1.0.2/scala-java8-compat_2.13-1.0.2.jar:/Users/qasim/.m2/repository/org/scala-lang/scala-reflect/2.13.14/scala-reflect-2.13.14.jar:/Users/qasim/.m2/repository/com/typesafe/scala-logging/scala-logging_2.13/3.9.4/scala-logging_2.13-3.9.4.jar:/Users/qasim/.m2/repository/io/dropwizard/metrics/metrics-core/4.1.12.1/metrics-core-4.1.12.1.jar:/Users/qasim/.m2/repository/commons-cli/commons-cli/1.4/commons-cli-1.4.jar:/Users/qasim/.m2/repository/org/apache/kafka/kafka_2.13/3.8.1/kafka_2.13-3.8.1-test.jar:/Users/qasim/.m2/repository/org/junit/jupiter/junit-jupiter-api/5.11.3/junit-jupiter-api-5.11.3.jar:/Users/qasim/.m2/repository/org/opentest4j/opentest4j/1.3.0/opentest4j-1.3.0.jar:/Users/qasim/.m2/repository/org/junit/platform/junit-platform-commons/1.11.3/junit-platform-commons-1.11.3.jar:/Users/qasim/.m2/repository/org/junit/platform/junit-platform-launcher/1.11.3/junit-platform-launcher-1.11.3.jar:/Users/qasim/.m2/repository/org/junit/platform/junit-platform-engine/1.11.3/junit-platform-engine-1.11.3.jar:/Users/qasim/.m2/repository/org/testng/testng/7.10.2/testng-7.10.2.jar:/Users/qasim/.m2/repository/com/beust/jcommander/1.82/jcommander-1.82.jar:/Users/qasim/.m2/repository/org/webjars/jquery/3.7.1/jquery-3.7.1.jar:/Users/qasim/.m2/repository/org/mockito/mockito-core/5.12.0/mockito-core-5.12.0.jar:/Users/qasim/.m2/repository/net/bytebuddy/byte-buddy/1.15.10/byte-buddy-1.15.10.jar:/Users/qasim/.m2/repository/net/bytebuddy/byte-buddy-agent/1.15.10/byte-buddy-agent-1.15.10.jar:/Users/qasim/.m2/repository/org/objenesis/objenesis/3.3/objenesis-3.3.jar:/Users/qasim/.m2/repository/org/testcontainers/testcontainers/1.20.4/testcontainers-1.20.4.jar:/Users/qasim/.m2/repository/junit/junit/4.13.2/junit-4.13.2.jar:/Users/qasim/.m2/repository/org/hamcrest/hamcrest-core/2.2/hamcrest-core-2.2.jar:/Users/qasim/.m2/repository/org/apache/commons/commons-compress/1.24.0/commons-compress-1.24.0.jar:/Users/qasim/.m2/repository/org/rnorth/duct-tape/duct-tape/1.0.8/duct-tape-1.0.8.jar:/Users/qasim/.m2/repository/org/jetbrains/annotations/17.0.0/annotations-17.0.0.jar:/Users/qasim/.m2/repository/com/github/docker-java/docker-java-api/3.4.0/docker-java-api-3.4.0.jar:/Users/qasim/.m2/repository/com/github/docker-java/docker-java-transport-zerodep/3.4.0/docker-java-transport-zerodep-3.4.0.jar:/Users/qasim/.m2/repository/com/github/docker-java/docker-java-transport/3.4.0/docker-java-transport-3.4.0.jar:/Users/qasim/.m2/repository/net/java/dev/jna/jna/5.13.0/jna-5.13.0.jar:/Users/qasim/.m2/repository/org/testcontainers/postgresql/1.20.4/postgresql-1.20.4.jar:/Users/qasim/.m2/repository/org/testcontainers/jdbc/1.20.4/jdbc-1.20.4.jar:/Users/qasim/.m2/repository/org/testcontainers/database-commons/1.20.4/database-commons-1.20.4.jar:/Users/qasim/.m2/repository/org/testcontainers/kafka/1.20.4/kafka-1.20.4.jar:/Users/qasim/.m2/repository/io/rest-assured/rest-assured/5.4.0/rest-assured-5.4.0.jar:/Users/qasim/.m2/repository/org/apache/groovy/groovy/4.0.24/groovy-4.0.24.jar:/Users/qasim/.m2/repository/org/apache/groovy/groovy-xml/4.0.24/groovy-xml-4.0.24.jar:/Users/qasim/.m2/repository/org/apache/httpcomponents/httpclient/4.5.13/httpclient-4.5.13.jar:/Users/qasim/.m2/repository/org/apache/httpcomponents/httpcore/4.4.16/httpcore-4.4.16.jar:/Users/qasim/.m2/repository/commons-logging/commons-logging/1.2/commons-logging-1.2.jar:/Users/qasim/.m2/repository/commons-codec/commons-codec/1.17.1/commons-codec-1.17.1.jar:/Users/qasim/.m2/repository/org/apache/httpcomponents/httpmime/4.5.13/httpmime-4.5.13.jar:/Users/qasim/.m2/repository/org/ccil/cowan/tagsoup/tagsoup/1.2.1/tagsoup-1.2.1.jar:/Users/qasim/.m2/repository/io/rest-assured/json-path/5.4.0/json-path-5.4.0.jar:/Users/qasim/.m2/repository/org/apache/groovy/groovy-json/4.0.24/groovy-json-4.0.24.jar:/Users/qasim/.m2/repository/io/rest-assured/rest-assured-common/5.4.0/rest-assured-common-5.4.0.jar:/Users/qasim/.m2/repository/io/rest-assured/xml-path/5.4.0/xml-path-5.4.0.jar:/Users/qasim/.m2/repository/org/apache/commons/commons-lang3/3.17.0/commons-lang3-3.17.0.jar:/Users/qasim/.m2/repository/io/cucumber/cucumber-java/7.15.0/cucumber-java-7.15.0.jar:/Users/qasim/.m2/repository/io/cucumber/cucumber-core/7.15.0/cucumber-core-7.15.0.jar:/Users/qasim/.m2/repository/io/cucumber/cucumber-gherkin/7.15.0/cucumber-gherkin-7.15.0.jar:/Users/qasim/.m2/repository/io/cucumber/cucumber-gherkin-messages/7.15.0/cucumber-gherkin-messages-7.15.0.jar:/Users/qasim/.m2/repository/io/cucumber/gherkin/26.2.0/gherkin-26.2.0.jar:/Users/qasim/.m2/repository/io/cucumber/messages/22.0.0/messages-22.0.0.jar:/Users/qasim/.m2/repository/io/cucumber/tag-expressions/6.0.0/tag-expressions-6.0.0.jar:/Users/qasim/.m2/repository/io/cucumber/cucumber-expressions/17.0.1/cucumber-expressions-17.0.1.jar:/Users/qasim/.m2/repository/io/cucumber/datatable/7.15.0/datatable-7.15.0.jar:/Users/qasim/.m2/repository/io/cucumber/cucumber-plugin/7.15.0/cucumber-plugin-7.15.0.jar:/Users/qasim/.m2/repository/io/cucumber/docstring/7.15.0/docstring-7.15.0.jar:/Users/qasim/.m2/repository/io/cucumber/html-formatter/20.4.0/html-formatter-20.4.0.jar:/Users/qasim/.m2/repository/io/cucumber/junit-xml-formatter/0.2.0/junit-xml-formatter-0.2.0.jar:/Users/qasim/.m2/repository/io/cucumber/ci-environment/10.0.0/ci-environment-10.0.0.jar:/Users/qasim/.m2/repository/org/apiguardian/apiguardian-api/1.1.2/apiguardian-api-1.1.2.jar:/Users/qasim/.m2/repository/io/cucumber/cucumber-testng/7.15.0/cucumber-testng-7.15.0.jar:/Users/qasim/.m2/repository/io/cucumber/cucumber-spring/7.15.0/cucumber-spring-7.15.0.jar:/Users/qasim/.m2/repository/org/assertj/assertj-core/3.25.3/assertj-core-3.25.3.jar:"/>
    <property name="sun.cpu.endian" value="little"/>
    <property name="user.home" value="/Users/qasim"/>
    <property name="user.language" value="en"/>
    <property name="java.specification.vendor" value="Oracle Corporation"/>
    <property name="java.version.date" value="2025-07-15"/>
    <property name="java.home" value="/nix/store/n3rmmip6djs9s68zkazn1c6gsxbjg7fs-zulu-ca-jdk-21.0.8/Library/Java/JavaVirtualMachines/zulu-21.jdk/Contents/Home"/>
    <property name="file.separator" value="/"/>
    <property name="basedir" value="/Users/qasim/Documents/Dev/GradePath_UserTelemetryPoC/gradepath-core"/>
    <property name="java.vm.compressedOopsMode" value="Zero based"/>
    <property name="line.separator" value="&#10;"/>
    <property name="java.vm.specification.vendor" value="Oracle Corporation"/>
    <property name="java.specification.name" value="Java Platform API Specification"/>
    <property name="FILE_LOG_CHARSET" value="UTF-8"/>
    <property name="java.awt.headless" value="true"/>
    <property name="apple.awt.application.name" value="ForkedBooter"/>
    <property name="surefire.real.class.path" value="/Users/qasim/Documents/Dev/GradePath_UserTelemetryPoC/gradepath-core/target/surefire/surefirebooter-20260121175006094_3.jar"/>
    <property name="polyglot.engine.WarnInterpreterOnly" value="false"/>
    <property name="sun.management.compiler" value="HotSpot 64-Bit Tiered Compilers"/>
    <property name="ftp.nonProxyHosts" value="local|*.local|169.254/16|*.169.254/16"/>
    <property name="java.runtime.version" value="21.0.8+9-LTS"/>
    <property name="user.name" value="qasim"/>
    <property name="stdout.encoding" value="UTF-8"/>
    <property name="path.separator" value=":"/>
    <property name="os.version" value="26.2"/>
    <property name="java.runtime.name" value="OpenJDK Runtime Environment"/>
    <property name="file.encoding" value="UTF-8"/>
    <property name="java.vm.name" value="OpenJDK 64-Bit Server VM"/>
    <property name="java.vendor.version" value="Zulu21.44+17-CA"/>
    <property name="localRepository" value="/Users/qasim/.m2/repository"/>
    <property name="java.vendor.url.bug" value="http://www.azul.com/support/"/>
    <property name="java.io.tmpdir" value="/var/folders/7p/dnqhglrs0fdb7c33cyq760gr0000gn/T/"/>
    <property name="com.zaxxer.hikari.pool_number" value="1"/>
    <property name="java.version" value="21.0.8"/>
    <property name="user.dir" value="/Users/qasim/Documents/Dev/GradePath_UserTelemetryPoC/gradepath-core"/>
    <property name="os.arch" value="aarch64"/>
    <property name="java.vm.specification.name" value="Java Virtual Machine Specification"/>
    <property name="PID" value="18921"/>
    <property name="CONSOLE_LOG_CHARSET" value="UTF-8"/>
    <property name="native.encoding" value="UTF-8"/>
    <property name="java.library.path" value="/Users/qasim/Library/Java/Extensions:/Library/Java/Extensions:/Network/Library/Java/Extensions:/System/Library/Java/Extensions:/usr/lib/java:."/>
    <property name="java.vm.info" value="mixed mode, sharing"/>
    <property name="stderr.encoding" value="UTF-8"/>
    <property name="java.vendor" value="Azul Systems, Inc."/>
    <property name="java.vm.version" value="21.0.8+9-LTS"/>
    <property name="sun.io.unicode.encoding" value="UnicodeBig"/>
    <property name="socksNonProxyHosts" value="local|*.local|169.254/16|*.169.254/16"/>
    <property name="java.class.version" value="65.0"/>
    <property name="LOGGED_APPLICATION_NAME" value="[content-service] "/>
  </properties>
  <testcase name="applyDecay_14Days_quarterRemaining" classname="com.gradepath.content.profiling.algorithm.InterestScorerTest" time="0.036">
    <system-out><![CDATA[...
... TestNG 7.10.2 by Cdric Beust (cedric@beust.com)
...

17:50:06.958 [main] INFO org.testcontainers.images.PullPolicy -- Image pull policy will be performed by: DefaultPullPolicy()
17:50:06.961 [main] INFO org.testcontainers.utility.ImageNameSubstitutor -- Image name substitution will be performed by: DefaultImageNameSubstitutor (composite of 'ConfigurationFileImageNameSubstitutor' and 'PrefixingImageNameSubstitutor')
17:50:06.967 [main] INFO org.testcontainers.DockerClientFactory -- Testcontainers version: 1.20.4
17:50:07.140 [main] INFO org.testcontainers.dockerclient.DockerClientProviderStrategy -- Loaded org.testcontainers.dockerclient.UnixSocketClientProviderStrategy from ~/.testcontainers.properties, will try it first
17:50:07.352 [main] INFO org.testcontainers.dockerclient.DockerClientProviderStrategy -- Found Docker environment with local Unix socket (unix:///var/run/docker.sock)
17:50:07.353 [main] INFO org.testcontainers.DockerClientFactory -- Docker host IP address is localhost
17:50:07.362 [main] INFO org.testcontainers.DockerClientFactory -- Connected to docker: 
  Server Version: 28.5.2
  API Version: 1.51
  Operating System: OrbStack
  Total Memory: 7994 MB
17:50:07.386 [main] INFO tc.testcontainers/ryuk:0.11.0 -- Creating container for image: testcontainers/ryuk:0.11.0
17:50:07.518 [main] INFO tc.testcontainers/ryuk:0.11.0 -- Container testcontainers/ryuk:0.11.0 is starting: d3f3434f5b58fde1b62d5ac97921fadb4aeffce9f031e4c228b516c3a760abb1
17:50:07.743 [main] INFO tc.testcontainers/ryuk:0.11.0 -- Container testcontainers/ryuk:0.11.0 started in PT0.356824S
17:50:07.748 [main] INFO org.testcontainers.utility.RyukResourceReaper -- Ryuk started - will monitor and terminate Testcontainers containers on JVM exit
17:50:07.748 [main] INFO org.testcontainers.DockerClientFactory -- Checking the system...
17:50:07.749 [main] INFO org.testcontainers.DockerClientFactory --  Docker server version should be at least 1.6.0
17:50:07.749 [main] INFO tc.postgres:16-alpine -- Creating container for image: postgres:16-alpine
17:50:07.863 [main] INFO tc.postgres:16-alpine -- Container postgres:16-alpine is starting: 17fd1ba6b8ece823b310f6b21ad8140ebf3c450fa93af668bb127553def96dd8
17:50:10.015 [main] INFO tc.postgres:16-alpine -- Container postgres:16-alpine started in PT2.265775S
17:50:10.015 [main] INFO tc.postgres:16-alpine -- Container is started (JDBC URL: jdbc:postgresql://localhost:32809/test?loggerLevel=OFF)
17:50:10.016 [main] INFO tc.confluentinc/cp-kafka:7.6.0 -- Creating container for image: confluentinc/cp-kafka:7.6.0
17:50:10.154 [main] INFO tc.confluentinc/cp-kafka:7.6.0 -- Container confluentinc/cp-kafka:7.6.0 is starting: 412e6a7b012748d114a1ef51db4dd0771cb4166296ab1eef32d43539a1427973
17:50:12.869 [main] INFO tc.confluentinc/cp-kafka:7.6.0 -- Container confluentinc/cp-kafka:7.6.0 started in PT2.852889S
17:50:12.871 [main] WARN org.testng.internal.Configuration -- Detected a static method [com.gradepath.content.profiling.ProfilingServiceIntegrationTest$TestcontainersInitializer.stopContainers()]. Static configuration methods can cause unexpected behavior.
17:50:12.928 [main] WARN org.testng.internal.Configuration -- Detected a static method [com.gradepath.content.profiling.ProfilingServiceIntegrationTest$TestcontainersInitializer.stopContainers()]. Static configuration methods can cause unexpected behavior.
]]></system-out>
  </testcase>
  <testcase name="applyDecay_7DaysHalfLife" classname="com.gradepath.content.profiling.algorithm.InterestScorerTest" time="0.0"/>
  <testcase name="applyDecay_freshEvent_noDecayApplied" classname="com.gradepath.content.profiling.algorithm.InterestScorerTest" time="0.0"/>
  <testcase name="applyDecay_lowScore_isRemoved" classname="com.gradepath.content.profiling.algorithm.InterestScorerTest" time="0.004"/>
  <testcase name="applyDecay_removesBelowThreshold" classname="com.gradepath.content.profiling.algorithm.InterestScorerTest" time="0.0"/>
  <testcase name="getActionMultiplier_abandoned_returns0_5" classname="com.gradepath.content.profiling.algorithm.InterestScorerTest" time="0.001"/>
  <testcase name="getActionMultiplier_caseInsensitive" classname="com.gradepath.content.profiling.algorithm.InterestScorerTest" time="0.0"/>
  <testcase name="getActionMultiplier_completed_returns2_0" classname="com.gradepath.content.profiling.algorithm.InterestScorerTest" time="0.0"/>
  <testcase name="getActionMultiplier_revisited_returns3_0" classname="com.gradepath.content.profiling.algorithm.InterestScorerTest" time="0.0"/>
  <testcase name="getActionMultiplier_started_returns1_0" classname="com.gradepath.content.profiling.algorithm.InterestScorerTest" time="0.0"/>
  <testcase name="getActionMultiplier_unknown_returns1_0" classname="com.gradepath.content.profiling.algorithm.InterestScorerTest" time="0.0"/>
  <testcase name="updateInterests_emptyTopicTags_returnsEarly" classname="com.gradepath.content.profiling.algorithm.InterestScorerTest" time="0.001"/>
  <testcase name="updateInterests_existingTopic_appliesEMA" classname="com.gradepath.content.profiling.algorithm.InterestScorerTest" time="0.0"/>
  <testcase name="updateInterests_multipleTopics_allUpdated" classname="com.gradepath.content.profiling.algorithm.InterestScorerTest" time="0.001"/>
  <testcase name="updateInterests_newTopic_createsScore" classname="com.gradepath.content.profiling.algorithm.InterestScorerTest" time="0.0"/>
  <testcase name="updateInterests_nullTimeInContent_defaultsTo0" classname="com.gradepath.content.profiling.algorithm.InterestScorerTest" time="0.0"/>
  <testcase name="updateInterests_nullTopicTags_returnsEarly" classname="com.gradepath.content.profiling.algorithm.InterestScorerTest" time="0.0"/>
  <testcase name="updateTopicScore_timeWeight_cappedAt1_5" classname="com.gradepath.content.profiling.algorithm.InterestScorerTest" time="0.0"/>
  <testcase name="updateTopicScore_timeWeight_linearBelow60" classname="com.gradepath.content.profiling.algorithm.InterestScorerTest" time="0.0"/>
  <testcase name="cleanupOldProfiles_placeholder" classname="com.gradepath.content.recommendation.profile.BehavioralProfileServiceTest" time="0.001">
    <system-err><![CDATA[WARNING: A Java agent has been loaded dynamically (/Users/qasim/.m2/repository/net/bytebuddy/byte-buddy-agent/1.15.10/byte-buddy-agent-1.15.10.jar)
WARNING: If a serviceability tool is in use, please run with -XX:+EnableDynamicAgentLoading to hide this warning
WARNING: If a serviceability tool is not in use, please run with -Djdk.instrument.traceUsage for more information
WARNING: Dynamic loading of agents will be disallowed by default in a future release
]]></system-err>
  </testcase>
  <testcase name="cleanupOldProfiles_withNegativeKeepCount" classname="com.gradepath.content.recommendation.profile.BehavioralProfileServiceTest" time="0.0"/>
  <testcase name="deserializeProfile_invalidJson_logsError" classname="com.gradepath.content.recommendation.profile.BehavioralProfileServiceTest" time="0.069">
    <system-out><![CDATA[17:50:13.857 [main] ERROR com.gradepath.content.recommendation.profile.BehavioralProfileService -- Error deserializing behavioral profile for user: user-invalid
com.fasterxml.jackson.core.JsonParseException: Unexpected character ('i' (code 105)): was expecting double-quote to start field name
 at [Source: REDACTED (`StreamReadFeature.INCLUDE_SOURCE_IN_LOCATION` disabled); line: 1, column: 2]
	at com.fasterxml.jackson.core.JsonParser._constructReadException(JsonParser.java:2660)
	at com.fasterxml.jackson.core.base.ParserMinimalBase._reportUnexpectedChar(ParserMinimalBase.java:741)
	at com.fasterxml.jackson.core.json.ReaderBasedJsonParser._handleOddName(ReaderBasedJsonParser.java:1909)
	at com.fasterxml.jackson.core.json.ReaderBasedJsonParser.nextToken(ReaderBasedJsonParser.java:709)
	at com.fasterxml.jackson.databind.deser.BeanDeserializer.deserialize(BeanDeserializer.java:177)
	at com.fasterxml.jackson.databind.deser.DefaultDeserializationContext.readRootValue(DefaultDeserializationContext.java:342)
	at com.fasterxml.jackson.databind.ObjectMapper._readMapAndClose(ObjectMapper.java:4917)
	at com.fasterxml.jackson.databind.ObjectMapper.readValue(ObjectMapper.java:3860)
	at com.fasterxml.jackson.databind.ObjectMapper.readValue(ObjectMapper.java:3828)
	at com.gradepath.content.recommendation.profile.BehavioralProfileService.deserializeProfile(BehavioralProfileService.java:71)
	at java.base/java.util.Optional.map(Optional.java:260)
	at com.gradepath.content.recommendation.profile.BehavioralProfileService.getProfile(BehavioralProfileService.java:52)
	at com.gradepath.content.recommendation.profile.BehavioralProfileServiceTest.deserializeProfile_invalidJson_logsError(BehavioralProfileServiceTest.java:262)
	at java.base/jdk.internal.reflect.DirectMethodHandleAccessor.invoke(DirectMethodHandleAccessor.java:103)
	at java.base/java.lang.reflect.Method.invoke(Method.java:580)
	at org.testng.internal.invokers.MethodInvocationHelper.invokeMethod(MethodInvocationHelper.java:141)
	at org.testng.internal.invokers.TestInvoker.invokeMethod(TestInvoker.java:686)
	at org.testng.internal.invokers.TestInvoker.invokeTestMethod(TestInvoker.java:230)
	at org.testng.internal.invokers.MethodRunner.runInSequence(MethodRunner.java:63)
	at org.testng.internal.invokers.TestInvoker$MethodInvocationAgent.invoke(TestInvoker.java:992)
	at org.testng.internal.invokers.TestInvoker.invokeTestMethods(TestInvoker.java:203)
	at org.testng.internal.invokers.TestMethodWorker.invokeTestMethods(TestMethodWorker.java:154)
	at org.testng.internal.invokers.TestMethodWorker.run(TestMethodWorker.java:134)
	at java.base/java.util.ArrayList.forEach(ArrayList.java:1596)
	at org.testng.TestRunner.privateRun(TestRunner.java:739)
	at org.testng.TestRunner.run(TestRunner.java:614)
	at org.testng.SuiteRunner.runTest(SuiteRunner.java:421)
	at org.testng.SuiteRunner.runSequentially(SuiteRunner.java:413)
	at org.testng.SuiteRunner.privateRun(SuiteRunner.java:373)
	at org.testng.SuiteRunner.run(SuiteRunner.java:312)
	at org.testng.SuiteRunnerWorker.runSuite(SuiteRunnerWorker.java:52)
	at org.testng.SuiteRunnerWorker.run(SuiteRunnerWorker.java:95)
	at org.testng.TestNG.runSuitesSequentially(TestNG.java:1274)
	at org.testng.TestNG.runSuitesLocally(TestNG.java:1208)
	at org.testng.TestNG.runSuites(TestNG.java:1112)
	at org.testng.TestNG.run(TestNG.java:1079)
	at org.apache.maven.surefire.testng.TestNGExecutor.run(TestNGExecutor.java:308)
	at org.apache.maven.surefire.testng.TestNGXmlTestSuite.execute(TestNGXmlTestSuite.java:71)
	at org.apache.maven.surefire.testng.TestNGProvider.invoke(TestNGProvider.java:113)
	at org.apache.maven.surefire.booter.ForkedBooter.runSuitesInProcess(ForkedBooter.java:385)
	at org.apache.maven.surefire.booter.ForkedBooter.execute(ForkedBooter.java:162)
	at org.apache.maven.surefire.booter.ForkedBooter.run(ForkedBooter.java:507)
	at org.apache.maven.surefire.booter.ForkedBooter.main(ForkedBooter.java:495)
]]></system-out>
  </testcase>
  <testcase name="deserializeProfile_validJson_returnsProfile" classname="com.gradepath.content.recommendation.profile.BehavioralProfileServiceTest" time="0.032"/>
  <testcase name="findByUserId_aliasWorks" classname="com.gradepath.content.recommendation.profile.BehavioralProfileServiceTest" time="0.006"/>
  <testcase name="getProfile_existingUser_returnsProfile" classname="com.gradepath.content.recommendation.profile.BehavioralProfileServiceTest" time="0.008"/>
  <testcase name="getProfile_nonExistingUser_returnsEmpty" classname="com.gradepath.content.recommendation.profile.BehavioralProfileServiceTest" time="0.0"/>
  <testcase name="getProfile_uuidOverload_works" classname="com.gradepath.content.recommendation.profile.BehavioralProfileServiceTest" time="0.006"/>
  <testcase name="saveProfile_nullTimestamp_usesNow" classname="com.gradepath.content.recommendation.profile.BehavioralProfileServiceTest" time="0.009">
    <system-out><![CDATA[17:50:13.923 [main] INFO com.gradepath.content.recommendation.profile.BehavioralProfileService -- Saved behavioral profile for user: user-null-timestamp
]]></system-out>
  </testcase>
  <testcase name="saveProfile_serializationError_logsError" classname="com.gradepath.content.recommendation.profile.BehavioralProfileServiceTest" time="0.228">
    <system-out><![CDATA[17:50:14.155 [main] ERROR com.gradepath.content.recommendation.profile.BehavioralProfileService -- Error serializing behavioral profile for user: user-error
java.lang.RuntimeException: Serialization failed
	at com.fasterxml.jackson.databind.ObjectMapper.writeValueAsString(ObjectMapper.java:4050)
	at com.gradepath.content.recommendation.profile.BehavioralProfileService.saveProfile(BehavioralProfileService.java:32)
	at com.gradepath.content.recommendation.profile.BehavioralProfileServiceTest.saveProfile_serializationError_logsError(BehavioralProfileServiceTest.java:106)
	at java.base/jdk.internal.reflect.DirectMethodHandleAccessor.invoke(DirectMethodHandleAccessor.java:103)
	at java.base/java.lang.reflect.Method.invoke(Method.java:580)
	at org.testng.internal.invokers.MethodInvocationHelper.invokeMethod(MethodInvocationHelper.java:141)
	at org.testng.internal.invokers.TestInvoker.invokeMethod(TestInvoker.java:686)
	at org.testng.internal.invokers.TestInvoker.invokeTestMethod(TestInvoker.java:230)
	at org.testng.internal.invokers.MethodRunner.runInSequence(MethodRunner.java:63)
	at org.testng.internal.invokers.TestInvoker$MethodInvocationAgent.invoke(TestInvoker.java:992)
	at org.testng.internal.invokers.TestInvoker.invokeTestMethods(TestInvoker.java:203)
	at org.testng.internal.invokers.TestMethodWorker.invokeTestMethods(TestMethodWorker.java:154)
	at org.testng.internal.invokers.TestMethodWorker.run(TestMethodWorker.java:134)
	at java.base/java.util.ArrayList.forEach(ArrayList.java:1596)
	at org.testng.TestRunner.privateRun(TestRunner.java:739)
	at org.testng.TestRunner.run(TestRunner.java:614)
	at org.testng.SuiteRunner.runTest(SuiteRunner.java:421)
	at org.testng.SuiteRunner.runSequentially(SuiteRunner.java:413)
	at org.testng.SuiteRunner.privateRun(SuiteRunner.java:373)
	at org.testng.SuiteRunner.run(SuiteRunner.java:312)
	at org.testng.SuiteRunnerWorker.runSuite(SuiteRunnerWorker.java:52)
	at org.testng.SuiteRunnerWorker.run(SuiteRunnerWorker.java:95)
	at org.testng.TestNG.runSuitesSequentially(TestNG.java:1274)
	at org.testng.TestNG.runSuitesLocally(TestNG.java:1208)
	at org.testng.TestNG.runSuites(TestNG.java:1112)
	at org.testng.TestNG.run(TestNG.java:1079)
	at org.apache.maven.surefire.testng.TestNGExecutor.run(TestNGExecutor.java:308)
	at org.apache.maven.surefire.testng.TestNGXmlTestSuite.execute(TestNGXmlTestSuite.java:71)
	at org.apache.maven.surefire.testng.TestNGProvider.invoke(TestNGProvider.java:113)
	at org.apache.maven.surefire.booter.ForkedBooter.runSuitesInProcess(ForkedBooter.java:385)
	at org.apache.maven.surefire.booter.ForkedBooter.execute(ForkedBooter.java:162)
	at org.apache.maven.surefire.booter.ForkedBooter.run(ForkedBooter.java:507)
	at org.apache.maven.surefire.booter.ForkedBooter.main(ForkedBooter.java:495)
]]></system-out>
  </testcase>
  <testcase name="saveProfile_validProfile_savesEntity" classname="com.gradepath.content.recommendation.profile.BehavioralProfileServiceTest" time="0.004">
    <system-out><![CDATA[17:50:14.162 [main] INFO com.gradepath.content.recommendation.profile.BehavioralProfileService -- Saved behavioral profile for user: user-123
]]></system-out>
  </testcase>
  <testcase name="analyzeJourney_emptyTopicTags_noError" classname="com.gradepath.content.profiling.algorithm.JourneyAnalyzerTest" time="0.009"/>
  <testcase name="analyzeJourney_nullTopicTags_noError" classname="com.gradepath.content.profiling.algorithm.JourneyAnalyzerTest" time="0.0"/>
  <testcase name="analyzeJourney_tracksTopicTags" classname="com.gradepath.content.profiling.algorithm.JourneyAnalyzerTest" time="0.001"/>
  <testcase name="calculateUniqueTopicRatio_diverseContent" classname="com.gradepath.content.profiling.algorithm.JourneyAnalyzerTest" time="0.001"/>
  <testcase name="calculateUniqueTopicRatio_repetitiveContent" classname="com.gradepath.content.profiling.algorithm.JourneyAnalyzerTest" time="0.0"/>
  <testcase name="calculateUniqueTopicRatio_zeroContent_noDivisionByZero" classname="com.gradepath.content.profiling.algorithm.JourneyAnalyzerTest" time="0.0"/>
  <testcase name="clearTransitions_clearsAll" classname="com.gradepath.content.profiling.algorithm.JourneyAnalyzerTest" time="0.001"/>
  <testcase name="clearUserTopics_clearsAll" classname="com.gradepath.content.profiling.algorithm.JourneyAnalyzerTest" time="0.0"/>
  <testcase name="getTransitionMatrix_returnsImmutable" classname="com.gradepath.content.profiling.algorithm.JourneyAnalyzerTest" time="0.003"/>
  <testcase name="getUserTopics_returnsImmutable" classname="com.gradepath.content.profiling.algorithm.JourneyAnalyzerTest" time="0.001"/>
  <testcase name="predictNext_noTransitions_emptyList" classname="com.gradepath.content.profiling.algorithm.JourneyAnalyzerTest" time="0.003"/>
  <testcase name="predictNext_nullFromContent_emptyList" classname="com.gradepath.content.profiling.algorithm.JourneyAnalyzerTest" time="0.0"/>
  <testcase name="predictNext_withTransitions" classname="com.gradepath.content.profiling.algorithm.JourneyAnalyzerTest" time="0.001"/>
  <testcase name="trackTransition_incrementsFrequency" classname="com.gradepath.content.profiling.algorithm.JourneyAnalyzerTest" time="0.001"/>
  <testcase name="trackTransition_newTransition_createsEntry" classname="com.gradepath.content.profiling.algorithm.JourneyAnalyzerTest" time="0.0"/>
  <testcase name="transitionProbability_calculation" classname="com.gradepath.content.profiling.algorithm.JourneyAnalyzerTest" time="0.001"/>
  <testcase name="updateCommonPaths_filtersByThreshold" classname="com.gradepath.content.profiling.algorithm.JourneyAnalyzerTest" time="0.0"/>
  <testcase name="updateCommonPaths_limitsToTop20" classname="com.gradepath.content.profiling.algorithm.JourneyAnalyzerTest" time="0.001"/>
  <testcase name="updateCommonPaths_sortsByFrequency" classname="com.gradepath.content.profiling.algorithm.JourneyAnalyzerTest" time="0.0"/>
  <testcase name="emitProfileUpdate_kafkaFailure_logsWarning" classname="com.gradepath.content.profiling.ProfilingServiceTest" time="0.013">
    <system-out><![CDATA[17:50:14.411 [main] WARN com.gradepath.content.profiling.ProfilingService -- Failed to emit profile update to Kafka for user: kafka-fail-user
java.lang.RuntimeException: Kafka down
	at org.springframework.kafka.core.KafkaTemplate.send(KafkaTemplate.java:568)
	at com.gradepath.content.profiling.ProfilingService.emitProfileUpdate(ProfilingService.java:251)
	at java.base/jdk.internal.reflect.DirectMethodHandleAccessor.invoke(DirectMethodHandleAccessor.java:103)
	at java.base/java.lang.reflect.Method.invoke(Method.java:580)
	at org.springframework.util.MethodInvoker.invoke(MethodInvoker.java:285)
	at org.springframework.test.util.ReflectionTestUtils.invokeMethod(ReflectionTestUtils.java:524)
	at org.springframework.test.util.ReflectionTestUtils.invokeMethod(ReflectionTestUtils.java:443)
	at com.gradepath.content.profiling.ProfilingServiceTest.emitProfileUpdate_kafkaFailure_logsWarning(ProfilingServiceTest.java:456)
	at java.base/jdk.internal.reflect.DirectMethodHandleAccessor.invoke(DirectMethodHandleAccessor.java:103)
	at java.base/java.lang.reflect.Method.invoke(Method.java:580)
	at org.testng.internal.invokers.MethodInvocationHelper.invokeMethod(MethodInvocationHelper.java:141)
	at org.testng.internal.invokers.TestInvoker.invokeMethod(TestInvoker.java:686)
	at org.testng.internal.invokers.TestInvoker.invokeTestMethod(TestInvoker.java:230)
	at org.testng.internal.invokers.MethodRunner.runInSequence(MethodRunner.java:63)
	at org.testng.internal.invokers.TestInvoker$MethodInvocationAgent.invoke(TestInvoker.java:992)
	at org.testng.internal.invokers.TestInvoker.invokeTestMethods(TestInvoker.java:203)
	at org.testng.internal.invokers.TestMethodWorker.invokeTestMethods(TestMethodWorker.java:154)
	at org.testng.internal.invokers.TestMethodWorker.run(TestMethodWorker.java:134)
	at java.base/java.util.ArrayList.forEach(ArrayList.java:1596)
	at org.testng.TestRunner.privateRun(TestRunner.java:739)
	at org.testng.TestRunner.run(TestRunner.java:614)
	at org.testng.SuiteRunner.runTest(SuiteRunner.java:421)
	at org.testng.SuiteRunner.runSequentially(SuiteRunner.java:413)
	at org.testng.SuiteRunner.privateRun(SuiteRunner.java:373)
	at org.testng.SuiteRunner.run(SuiteRunner.java:312)
	at org.testng.SuiteRunnerWorker.runSuite(SuiteRunnerWorker.java:52)
	at org.testng.SuiteRunnerWorker.run(SuiteRunnerWorker.java:95)
	at org.testng.TestNG.runSuitesSequentially(TestNG.java:1274)
	at org.testng.TestNG.runSuitesLocally(TestNG.java:1208)
	at org.testng.TestNG.runSuites(TestNG.java:1112)
	at org.testng.TestNG.run(TestNG.java:1079)
	at org.apache.maven.surefire.testng.TestNGExecutor.run(TestNGExecutor.java:308)
	at org.apache.maven.surefire.testng.TestNGXmlTestSuite.execute(TestNGXmlTestSuite.java:71)
	at org.apache.maven.surefire.testng.TestNGProvider.invoke(TestNGProvider.java:113)
	at org.apache.maven.surefire.booter.ForkedBooter.runSuitesInProcess(ForkedBooter.java:385)
	at org.apache.maven.surefire.booter.ForkedBooter.execute(ForkedBooter.java:162)
	at org.apache.maven.surefire.booter.ForkedBooter.run(ForkedBooter.java:507)
	at org.apache.maven.surefire.booter.ForkedBooter.main(ForkedBooter.java:495)
]]></system-out>
  </testcase>
  <testcase name="getListValue_arrayField_returnsList" classname="com.gradepath.content.profiling.ProfilingServiceTest" time="0.005"/>
  <testcase name="getListValue_missingField_returnsEmptyList" classname="com.gradepath.content.profiling.ProfilingServiceTest" time="0.0"/>
  <testcase name="getListValue_nonArrayField_returnsEmptyList" classname="com.gradepath.content.profiling.ProfilingServiceTest" time="0.0"/>
  <testcase name="getOrCreateProfile_fromCache" classname="com.gradepath.content.profiling.ProfilingServiceTest" time="0.001"/>
  <testcase name="getOrCreateProfile_fromDatabase" classname="com.gradepath.content.profiling.ProfilingServiceTest" time="0.0"/>
  <testcase name="getOrCreateProfile_newProfile" classname="com.gradepath.content.profiling.ProfilingServiceTest" time="0.0"/>
  <testcase name="getValue_missingField_returnsNull" classname="com.gradepath.content.profiling.ProfilingServiceTest" time="0.0"/>
  <testcase name="getValue_nullField_returnsNull" classname="com.gradepath.content.profiling.ProfilingServiceTest" time="0.001"/>
  <testcase name="parseJourneyEvent_allFieldsPresent" classname="com.gradepath.content.profiling.ProfilingServiceTest" time="0.0"/>
  <testcase name="parseJourneyEvent_missingOptionalFields" classname="com.gradepath.content.profiling.ProfilingServiceTest" time="0.0"/>
  <testcase name="processJourneyEvent_createsNewProfile" classname="com.gradepath.content.profiling.ProfilingServiceTest" time="0.005">
    <system-out><![CDATA[17:50:14.435 [main] INFO com.gradepath.content.profiling.ProfilingService -- Processed journey event for user: new-user, content: content-123, action: completed
]]></system-out>
  </testcase>
  <testcase name="processJourneyEvent_emitsProfileUpdate" classname="com.gradepath.content.profiling.ProfilingServiceTest" time="0.003">
    <system-out><![CDATA[17:50:14.440 [main] INFO com.gradepath.content.profiling.ProfilingService -- Processed journey event for user: user-123, content: content-abc, action: completed
]]></system-out>
  </testcase>
  <testcase name="processJourneyEvent_savesProfile" classname="com.gradepath.content.profiling.ProfilingServiceTest" time="0.002">
    <system-out><![CDATA[17:50:14.444 [main] INFO com.gradepath.content.profiling.ProfilingService -- Processed journey event for user: user-123, content: content-abc, action: completed
]]></system-out>
  </testcase>
  <testcase name="processJourneyEvent_updatesExistingProfile" classname="com.gradepath.content.profiling.ProfilingServiceTest" time="0.002">
    <system-out><![CDATA[17:50:14.447 [main] INFO com.gradepath.content.profiling.ProfilingService -- Processed journey event for user: existing-user, content: content-123, action: completed
]]></system-out>
  </testcase>
  <testcase name="processRawBehavioralEvent_contentJourney_processesEvent" classname="com.gradepath.content.profiling.ProfilingServiceTest" time="0.003">
    <system-out><![CDATA[17:50:14.450 [main] INFO com.gradepath.content.profiling.ProfilingService -- Processed journey event for user: user-123, content: content-abc, action: completed
]]></system-out>
  </testcase>
  <testcase name="processRawBehavioralEvent_malformedJson_logsError" classname="com.gradepath.content.profiling.ProfilingServiceTest" time="0.0">
    <system-out><![CDATA[17:50:14.452 [main] ERROR com.gradepath.content.profiling.ProfilingService -- Error processing raw behavioral event: invalid json {
com.fasterxml.jackson.core.JsonParseException: Unrecognized token 'invalid': was expecting (JSON String, Number, Array, Object or token 'null', 'true' or 'false')
 at [Source: REDACTED (`StreamReadFeature.INCLUDE_SOURCE_IN_LOCATION` disabled); line: 1, column: 8]
	at com.fasterxml.jackson.core.JsonParser._constructError(JsonParser.java:2584)
	at com.fasterxml.jackson.core.JsonParser._constructReadException(JsonParser.java:2610)
	at com.fasterxml.jackson.core.JsonParser._constructReadException(JsonParser.java:2618)
	at com.fasterxml.jackson.core.base.ParserMinimalBase._reportError(ParserMinimalBase.java:825)
	at com.fasterxml.jackson.core.json.ReaderBasedJsonParser._reportInvalidToken(ReaderBasedJsonParser.java:3017)
	at com.fasterxml.jackson.core.json.ReaderBasedJsonParser._handleOddValue(ReaderBasedJsonParser.java:2051)
	at com.fasterxml.jackson.core.json.ReaderBasedJsonParser.nextToken(ReaderBasedJsonParser.java:780)
	at com.fasterxml.jackson.databind.ObjectMapper._readTreeAndClose(ObjectMapper.java:4946)
	at com.fasterxml.jackson.databind.ObjectMapper.readTree(ObjectMapper.java:3281)
	at com.gradepath.content.profiling.ProfilingService.processRawBehavioralEvent(ProfilingService.java:78)
	at java.base/jdk.internal.reflect.DirectMethodHandleAccessor.invoke(DirectMethodHandleAccessor.java:103)
	at java.base/java.lang.reflect.Method.invoke(Method.java:580)
	at org.springframework.util.MethodInvoker.invoke(MethodInvoker.java:285)
	at org.springframework.test.util.ReflectionTestUtils.invokeMethod(ReflectionTestUtils.java:524)
	at org.springframework.test.util.ReflectionTestUtils.invokeMethod(ReflectionTestUtils.java:443)
	at com.gradepath.content.profiling.ProfilingServiceTest.processRawBehavioralEvent_malformedJson_logsError(ProfilingServiceTest.java:186)
	at java.base/jdk.internal.reflect.DirectMethodHandleAccessor.invoke(DirectMethodHandleAccessor.java:103)
	at java.base/java.lang.reflect.Method.invoke(Method.java:580)
	at org.testng.internal.invokers.MethodInvocationHelper.invokeMethod(MethodInvocationHelper.java:141)
	at org.testng.internal.invokers.TestInvoker.invokeMethod(TestInvoker.java:686)
	at org.testng.internal.invokers.TestInvoker.invokeTestMethod(TestInvoker.java:230)
	at org.testng.internal.invokers.MethodRunner.runInSequence(MethodRunner.java:63)
	at org.testng.internal.invokers.TestInvoker$MethodInvocationAgent.invoke(TestInvoker.java:992)
	at org.testng.internal.invokers.TestInvoker.invokeTestMethods(TestInvoker.java:203)
	at org.testng.internal.invokers.TestMethodWorker.invokeTestMethods(TestMethodWorker.java:154)
	at org.testng.internal.invokers.TestMethodWorker.run(TestMethodWorker.java:134)
	at java.base/java.util.ArrayList.forEach(ArrayList.java:1596)
	at org.testng.TestRunner.privateRun(TestRunner.java:739)
	at org.testng.TestRunner.run(TestRunner.java:614)
	at org.testng.SuiteRunner.runTest(SuiteRunner.java:421)
	at org.testng.SuiteRunner.runSequentially(SuiteRunner.java:413)
	at org.testng.SuiteRunner.privateRun(SuiteRunner.java:373)
	at org.testng.SuiteRunner.run(SuiteRunner.java:312)
	at org.testng.SuiteRunnerWorker.runSuite(SuiteRunnerWorker.java:52)
	at org.testng.SuiteRunnerWorker.run(SuiteRunnerWorker.java:95)
	at org.testng.TestNG.runSuitesSequentially(TestNG.java:1274)
	at org.testng.TestNG.runSuitesLocally(TestNG.java:1208)
	at org.testng.TestNG.runSuites(TestNG.java:1112)
	at org.testng.TestNG.run(TestNG.java:1079)
	at org.apache.maven.surefire.testng.TestNGExecutor.run(TestNGExecutor.java:308)
	at org.apache.maven.surefire.testng.TestNGXmlTestSuite.execute(TestNGXmlTestSuite.java:71)
	at org.apache.maven.surefire.testng.TestNGProvider.invoke(TestNGProvider.java:113)
	at org.apache.maven.surefire.booter.ForkedBooter.runSuitesInProcess(ForkedBooter.java:385)
	at org.apache.maven.surefire.booter.ForkedBooter.execute(ForkedBooter.java:162)
	at org.apache.maven.surefire.booter.ForkedBooter.run(ForkedBooter.java:507)
	at org.apache.maven.surefire.booter.ForkedBooter.main(ForkedBooter.java:495)
]]></system-out>
  </testcase>
  <testcase name="processRawBehavioralEvent_nullTopic_warnsAndReturns" classname="com.gradepath.content.profiling.ProfilingServiceTest" time="0.001">
    <system-out><![CDATA[17:50:14.453 [main] WARN com.gradepath.content.profiling.ProfilingService -- No topic in event: {
    "userId": "user-123",
    "contentId": "content-abc"
}

]]></system-out>
  </testcase>
  <testcase name="processRawBehavioralEvent_sessionLifecycle_processesEvent" classname="com.gradepath.content.profiling.ProfilingServiceTest" time="0.003">
    <system-out><![CDATA[17:50:14.457 [main] INFO com.gradepath.content.profiling.ProfilingService -- Processed session_end for user: user-123, duration: 300s, content: 5
]]></system-out>
  </testcase>
  <testcase name="processRawBehavioralEvent_unknownTopic_warnsAndReturns" classname="com.gradepath.content.profiling.ProfilingServiceTest" time="0.0">
    <system-out><![CDATA[17:50:14.459 [main] WARN com.gradepath.content.profiling.ProfilingService -- Unknown event topic: unknown
]]></system-out>
  </testcase>
  <testcase name="processSessionEvent_missingContentCount_defaultsTo0" classname="com.gradepath.content.profiling.ProfilingServiceTest" time="0.003">
    <system-out><![CDATA[17:50:14.462 [main] INFO com.gradepath.content.profiling.ProfilingService -- Processed session_end for user: user-123, duration: 300s, content: 0
]]></system-out>
  </testcase>
  <testcase name="processSessionEvent_missingDuration_defaultsTo0" classname="com.gradepath.content.profiling.ProfilingServiceTest" time="0.002">
    <system-out><![CDATA[17:50:14.470 [main] INFO com.gradepath.content.profiling.ProfilingService -- Processed session_end for user: user-123, duration: 0s, content: 5
]]></system-out>
  </testcase>
  <testcase name="processSessionEvent_sessionEnd_processes" classname="com.gradepath.content.profiling.ProfilingServiceTest" time="0.003">
    <system-out><![CDATA[17:50:14.473 [main] INFO com.gradepath.content.profiling.ProfilingService -- Processed session_end for user: user-123, duration: 300s, content: 5
]]></system-out>
  </testcase>
  <testcase name="processSessionEvent_sessionStart_ignored" classname="com.gradepath.content.profiling.ProfilingServiceTest" time="0.0"/>
  <testcase name="ContentTransitionBuilder_createsValid" classname="com.gradepath.content.recommendation.profile.BehavioralProfileTest" time="0.0"/>
  <testcase name="EngagementPatternBuilder_createsValid" classname="com.gradepath.content.recommendation.profile.BehavioralProfileTest" time="0.0"/>
  <testcase name="InterestScoreBuilder_createsValid" classname="com.gradepath.content.recommendation.profile.BehavioralProfileTest" time="0.0"/>
  <testcase name="PeakWindowBuilder_createsValid" classname="com.gradepath.content.recommendation.profile.BehavioralProfileTest" time="0.0"/>
  <testcase name="builder_createsValidProfile" classname="com.gradepath.content.recommendation.profile.BehavioralProfileTest" time="0.0"/>
  <testcase name="builder_defaultValues_emptyCollections" classname="com.gradepath.content.recommendation.profile.BehavioralProfileTest" time="0.0"/>
  <testcase name="lombok_equalsHashCode_work" classname="com.gradepath.content.recommendation.profile.BehavioralProfileTest" time="0.001"/>
  <testcase name="lombok_gettersSetters_work" classname="com.gradepath.content.recommendation.profile.BehavioralProfileTest" time="0.0"/>
  <testcase name="lombok_toString_works" classname="com.gradepath.content.recommendation.profile.BehavioralProfileTest" time="0.003"/>
  <testcase name="classify_casualBrowser" classname="com.gradepath.content.profiling.algorithm.EngagementClassifierTest" time="0.001"/>
  <testcase name="classify_deepLearner" classname="com.gradepath.content.profiling.algorithm.EngagementClassifierTest" time="0.0"/>
  <testcase name="classify_explorer" classname="com.gradepath.content.profiling.algorithm.EngagementClassifierTest" time="0.0"/>
  <testcase name="classify_longSessionWithManyContent_bingeConsumer" classname="com.gradepath.content.profiling.algorithm.EngagementClassifierTest" time="0.0"/>
  <testcase name="classify_moderateBehavior" classname="com.gradepath.content.profiling.algorithm.EngagementClassifierTest" time="0.0"/>
  <testcase name="getSessionMetrics_contentZero" classname="com.gradepath.content.profiling.algorithm.EngagementClassifierTest" time="0.0"/>
  <testcase name="getSessionMetrics_durationZero" classname="com.gradepath.content.profiling.algorithm.EngagementClassifierTest" time="0.0"/>
  <testcase name="getUserSessions_returnsImmutable" classname="com.gradepath.content.profiling.algorithm.EngagementClassifierTest" time="0.0"/>
  <testcase name="updateBasedOnTopicDiversity_highRatio_explorer" classname="com.gradepath.content.profiling.algorithm.EngagementClassifierTest" time="0.0"/>
  <testcase name="updateBasedOnTopicDiversity_lowRatio_specialist" classname="com.gradepath.content.profiling.algorithm.EngagementClassifierTest" time="0.0"/>
  <testcase name="updateBasedOnTopicDiversity_nullEngagement_noUpdate" classname="com.gradepath.content.profiling.algorithm.EngagementClassifierTest" time="0.0"/>
  <testcase name="updateEngagement_firstSession_unknown" classname="com.gradepath.content.profiling.algorithm.EngagementClassifierTest" time="0.0"/>
  <testcase name="updateEngagement_maxSessionsPerUser" classname="com.gradepath.content.profiling.algorithm.EngagementClassifierTest" time="0.0"/>
  <testcase name="updateEngagement_threeSessions_classifies" classname="com.gradepath.content.profiling.algorithm.EngagementClassifierTest" time="0.0"/>
  <testcase name="updateEngagement_twoSessions_classifies" classname="com.gradepath.content.profiling.algorithm.EngagementClassifierTest" time="0.0"/>
  <testcase name="oldInterests_decayWhenNewEventProcessed" classname="com.gradepath.content.profiling.ProfilingServiceIntegrationTest" time="0.229">
    <system-out><![CDATA[
  .   ____          _            __ _ _
 /\\ / ___'_ __ _ _(_)_ __  __ _ \ \ \ \
( ( )\___ | '_ | '_| | '_ \/ _` | \ \ \ \
 \\/  ___)| |_)| | | | | || (_| |  ) ) ) )
  '  |____| .__|_| |_|_| |_\__, | / / / /
 =========|_|==============|___/=/_/_/_/

 :: Spring Boot ::                (v3.4.0)

2026-01-21T17:50:14.842Z  WARN 18921 --- [content-service] [           main] ory$DuplicateJsonObjectContextCustomizer : 

Found multiple occurrences of org.json.JSONObject on the class path:

	jar:file:/Users/qasim/.m2/repository/org/json/json/20240303/json-20240303.jar!/org/json/JSONObject.class
	jar:file:/Users/qasim/.m2/repository/com/vaadin/external/google/android-json/0.0.20131108.vaadin1/android-json-0.0.20131108.vaadin1.jar!/org/json/JSONObject.class

You may wish to exclude one of them to ensure predictable runtime behavior

2026-01-21T17:50:14.863Z  INFO 18921 --- [content-service] [           main] c.g.c.p.ProfilingServiceIntegrationTest  : Starting ProfilingServiceIntegrationTest using Java 21.0.8 with PID 18921 (/Users/qasim/Documents/Dev/GradePath_UserTelemetryPoC/gradepath-core/target/test-classes started by qasim in /Users/qasim/Documents/Dev/GradePath_UserTelemetryPoC/gradepath-core)
2026-01-21T17:50:14.863Z DEBUG 18921 --- [content-service] [           main] c.g.c.p.ProfilingServiceIntegrationTest  : Running with Spring Boot v3.4.0, Spring v6.2.0
2026-01-21T17:50:14.863Z  INFO 18921 --- [content-service] [           main] c.g.c.p.ProfilingServiceIntegrationTest  : The following 1 profile is active: "dev"
2026-01-21T17:50:15.946Z  INFO 18921 --- [content-service] [           main] .s.d.r.c.RepositoryConfigurationDelegate : Multiple Spring Data modules found, entering strict repository configuration mode
2026-01-21T17:50:15.948Z  INFO 18921 --- [content-service] [           main] .s.d.r.c.RepositoryConfigurationDelegate : Bootstrapping Spring Data JPA repositories in DEFAULT mode.
2026-01-21T17:50:16.034Z  INFO 18921 --- [content-service] [           main] .s.d.r.c.RepositoryConfigurationDelegate : Finished Spring Data repository scanning in 78 ms. Found 8 JPA repository interfaces.
2026-01-21T17:50:16.041Z  INFO 18921 --- [content-service] [           main] .s.d.r.c.RepositoryConfigurationDelegate : Multiple Spring Data modules found, entering strict repository configuration mode
2026-01-21T17:50:16.042Z  INFO 18921 --- [content-service] [           main] .s.d.r.c.RepositoryConfigurationDelegate : Bootstrapping Spring Data Redis repositories in DEFAULT mode.
2026-01-21T17:50:16.053Z  INFO 18921 --- [content-service] [           main] .RepositoryConfigurationExtensionSupport : Spring Data Redis - Could not safely identify store assignment for repository candidate interface com.gradepath.content.analytics.repository.ContentInteractionRepository; If you want this repository to be a Redis repository, consider annotating your entities with one of these annotations: org.springframework.data.redis.core.RedisHash (preferred), or consider extending one of the following types with your repository: org.springframework.data.keyvalue.repository.KeyValueRepository
2026-01-21T17:50:16.053Z  INFO 18921 --- [content-service] [           main] .RepositoryConfigurationExtensionSupport : Spring Data Redis - Could not safely identify store assignment for repository candidate interface com.gradepath.content.content.repository.ContentRepository; If you want this repository to be a Redis repository, consider annotating your entities with one of these annotations: org.springframework.data.redis.core.RedisHash (preferred), or consider extending one of the following types with your repository: org.springframework.data.keyvalue.repository.KeyValueRepository
2026-01-21T17:50:16.053Z  INFO 18921 --- [content-service] [           main] .RepositoryConfigurationExtensionSupport : Spring Data Redis - Could not safely identify store assignment for repository candidate interface com.gradepath.content.profile.repository.SkillLevelRepository; If you want this repository to be a Redis repository, consider annotating your entities with one of these annotations: org.springframework.data.redis.core.RedisHash (preferred), or consider extending one of the following types with your repository: org.springframework.data.keyvalue.repository.KeyValueRepository
2026-01-21T17:50:16.053Z  INFO 18921 --- [content-service] [           main] .RepositoryConfigurationExtensionSupport : Spring Data Redis - Could not safely identify store assignment for repository candidate interface com.gradepath.content.profile.repository.UserPreferencesRepository; If you want this repository to be a Redis repository, consider annotating your entities with one of these annotations: org.springframework.data.redis.core.RedisHash (preferred), or consider extending one of the following types with your repository: org.springframework.data.keyvalue.repository.KeyValueRepository
2026-01-21T17:50:16.054Z  INFO 18921 --- [content-service] [           main] .RepositoryConfigurationExtensionSupport : Spring Data Redis - Could not safely identify store assignment for repository candidate interface com.gradepath.content.profile.repository.UserProfileRepository; If you want this repository to be a Redis repository, consider annotating your entities with one of these annotations: org.springframework.data.redis.core.RedisHash (preferred), or consider extending one of the following types with your repository: org.springframework.data.keyvalue.repository.KeyValueRepository
2026-01-21T17:50:16.054Z  INFO 18921 --- [content-service] [           main] .RepositoryConfigurationExtensionSupport : Spring Data Redis - Could not safely identify store assignment for repository candidate interface com.gradepath.content.profile.repository.UserRepository; If you want this repository to be a Redis repository, consider annotating your entities with one of these annotations: org.springframework.data.redis.core.RedisHash (preferred), or consider extending one of the following types with your repository: org.springframework.data.keyvalue.repository.KeyValueRepository
2026-01-21T17:50:16.054Z  INFO 18921 --- [content-service] [           main] .RepositoryConfigurationExtensionSupport : Spring Data Redis - Could not safely identify store assignment for repository candidate interface com.gradepath.content.recommendation.profile.BehavioralProfileRepository; If you want this repository to be a Redis repository, consider annotating your entities with one of these annotations: org.springframework.data.redis.core.RedisHash (preferred), or consider extending one of the following types with your repository: org.springframework.data.keyvalue.repository.KeyValueRepository
2026-01-21T17:50:16.054Z  INFO 18921 --- [content-service] [           main] .RepositoryConfigurationExtensionSupport : Spring Data Redis - Could not safely identify store assignment for repository candidate interface com.gradepath.content.recommendation.repository.RecommendationRepository; If you want this repository to be a Redis repository, consider annotating your entities with one of these annotations: org.springframework.data.redis.core.RedisHash (preferred), or consider extending one of the following types with your repository: org.springframework.data.keyvalue.repository.KeyValueRepository
2026-01-21T17:50:16.054Z  INFO 18921 --- [content-service] [           main] .s.d.r.c.RepositoryConfigurationDelegate : Finished Spring Data repository scanning in 4 ms. Found 0 Redis repository interfaces.
2026-01-21T17:50:16.542Z  INFO 18921 --- [content-service] [           main] com.zaxxer.hikari.HikariDataSource       : HikariPool-1 - Starting...
2026-01-21T17:50:16.646Z  INFO 18921 --- [content-service] [           main] com.zaxxer.hikari.pool.HikariPool        : HikariPool-1 - Added connection org.postgresql.jdbc.PgConnection@9e0be8b
2026-01-21T17:50:16.647Z  INFO 18921 --- [content-service] [           main] com.zaxxer.hikari.HikariDataSource       : HikariPool-1 - Start completed.
2026-01-21T17:50:16.671Z  INFO 18921 --- [content-service] [           main] org.flywaydb.core.FlywayExecutor         : Database: jdbc:postgresql://localhost:32809/test?loggerLevel=OFF (PostgreSQL 16.11)
2026-01-21T17:50:16.694Z  INFO 18921 --- [content-service] [           main] o.f.c.i.s.JdbcTableSchemaHistory         : Schema history table "public"."flyway_schema_history" does not exist yet
2026-01-21T17:50:16.695Z  INFO 18921 --- [content-service] [           main] o.f.core.internal.command.DbValidate     : Successfully validated 2 migrations (execution time 00:00.010s)
2026-01-21T17:50:16.702Z  INFO 18921 --- [content-service] [           main] o.f.c.i.s.JdbcTableSchemaHistory         : Creating Schema History table "public"."flyway_schema_history" ...
2026-01-21T17:50:16.739Z  INFO 18921 --- [content-service] [           main] o.f.core.internal.command.DbMigrate      : Current version of schema "public": << Empty Schema >>
2026-01-21T17:50:16.747Z  INFO 18921 --- [content-service] [           main] o.f.core.internal.command.DbMigrate      : Migrating schema "public" to version "1 - init schema"
2026-01-21T17:50:16.804Z  INFO 18921 --- [content-service] [           main] o.f.core.internal.command.DbMigrate      : Migrating schema "public" to version "2 - create behavioral profiles"
2026-01-21T17:50:16.815Z  INFO 18921 --- [content-service] [           main] o.f.core.internal.command.DbMigrate      : Successfully applied 2 migrations to schema "public", now at version v2 (execution time 00:00.052s)
2026-01-21T17:50:16.873Z  INFO 18921 --- [content-service] [           main] o.hibernate.jpa.internal.util.LogHelper  : HHH000204: Processing PersistenceUnitInfo [name: default]
2026-01-21T17:50:16.910Z  INFO 18921 --- [content-service] [           main] org.hibernate.Version                    : HHH000412: Hibernate ORM core version 6.6.2.Final
2026-01-21T17:50:16.932Z  INFO 18921 --- [content-service] [           main] o.h.c.internal.RegionFactoryInitiator    : HHH000026: Second-level cache disabled
2026-01-21T17:50:17.013Z  WARN 18921 --- [content-service] [           main] org.hibernate.orm.deprecation            : HHH90000025: PostgreSQLDialect does not need to be specified explicitly using 'hibernate.dialect' (remove the property setting and it will be selected by default)
2026-01-21T17:50:17.021Z  INFO 18921 --- [content-service] [           main] org.hibernate.orm.connections.pooling    : HHH10001005: Database info:
	Database JDBC URL [Connecting through datasource 'HikariDataSource (HikariPool-1)']
	Database driver: undefined/unknown
	Database version: 16.11
	Autocommit mode: undefined/unknown
	Isolation level: undefined/unknown
	Minimum pool size: undefined/unknown
	Maximum pool size: undefined/unknown
2026-01-21T17:50:17.053Z  INFO 18921 --- [content-service] [           main] o.s.o.j.p.SpringPersistenceUnitInfo      : No LoadTimeWeaver setup: ignoring JPA class transformer
2026-01-21T17:50:17.727Z  INFO 18921 --- [content-service] [           main] o.h.e.t.j.p.i.JtaPlatformInitiator       : HHH000489: No JTA platform available (set 'hibernate.transaction.jta.platform' to enable JTA platform integration)
2026-01-21T17:50:17.728Z  INFO 18921 --- [content-service] [           main] j.LocalContainerEntityManagerFactoryBean : Initialized JPA EntityManagerFactory for persistence unit 'default'
2026-01-21T17:50:17.942Z  INFO 18921 --- [content-service] [           main] o.s.d.j.r.query.QueryEnhancerFactory     : Hibernate is in classpath; If applicable, HQL parser will be used.
2026-01-21T17:50:19.370Z DEBUG 18921 --- [content-service] [           main] .e.k.KafkaEventExternalizerConfiguration : Registering domain event externalization to Kafka
2026-01-21T17:50:19.452Z  INFO 18921 --- [content-service] [           main] o.a.k.clients.consumer.ConsumerConfig    : ConsumerConfig values: 
	allow.auto.create.topics = true
	auto.commit.interval.ms = 5000
	auto.include.jmx.reporter = true
	auto.offset.reset = earliest
	bootstrap.servers = [PLAINTEXT://localhost:32811]
	check.crcs = true
	client.dns.lookup = use_all_dns_ips
	client.id = consumer-behavioral-profile-consumer-1
	client.rack = 
	connections.max.idle.ms = 540000
	default.api.timeout.ms = 60000
	enable.auto.commit = false
	enable.metrics.push = true
	exclude.internal.topics = true
	fetch.max.bytes = 52428800
	fetch.max.wait.ms = 500
	fetch.min.bytes = 1
	group.id = behavioral-profile-consumer
	group.instance.id = null
	group.protocol = classic
	group.remote.assignor = null
	heartbeat.interval.ms = 3000
	interceptor.classes = []
	internal.leave.group.on.close = true
	internal.throw.on.fetch.stable.offset.unsupported = false
	isolation.level = read_uncommitted
	key.deserializer = class org.apache.kafka.common.serialization.StringDeserializer
	max.partition.fetch.bytes = 1048576
	max.poll.interval.ms = 300000
	max.poll.records = 500
	metadata.max.age.ms = 300000
	metadata.recovery.strategy = none
	metric.reporters = []
	metrics.num.samples = 2
	metrics.recording.level = INFO
	metrics.sample.window.ms = 30000
	partition.assignment.strategy = [class org.apache.kafka.clients.consumer.RangeAssignor, class org.apache.kafka.clients.consumer.CooperativeStickyAssignor]
	receive.buffer.bytes = 65536
	reconnect.backoff.max.ms = 1000
	reconnect.backoff.ms = 50
	request.timeout.ms = 30000
	retry.backoff.max.ms = 1000
	retry.backoff.ms = 100
	sasl.client.callback.handler.class = null
	sasl.jaas.config = null
	sasl.kerberos.kinit.cmd = /usr/bin/kinit
	sasl.kerberos.min.time.before.relogin = 60000
	sasl.kerberos.service.name = null
	sasl.kerberos.ticket.renew.jitter = 0.05
	sasl.kerberos.ticket.renew.window.factor = 0.8
	sasl.login.callback.handler.class = null
	sasl.login.class = null
	sasl.login.connect.timeout.ms = null
	sasl.login.read.timeout.ms = null
	sasl.login.refresh.buffer.seconds = 300
	sasl.login.refresh.min.period.seconds = 60
	sasl.login.refresh.window.factor = 0.8
	sasl.login.refresh.window.jitter = 0.05
	sasl.login.retry.backoff.max.ms = 10000
	sasl.login.retry.backoff.ms = 100
	sasl.mechanism = GSSAPI
	sasl.oauthbearer.clock.skew.seconds = 30
	sasl.oauthbearer.expected.audience = null
	sasl.oauthbearer.expected.issuer = null
	sasl.oauthbearer.jwks.endpoint.refresh.ms = 3600000
	sasl.oauthbearer.jwks.endpoint.retry.backoff.max.ms = 10000
	sasl.oauthbearer.jwks.endpoint.retry.backoff.ms = 100
	sasl.oauthbearer.jwks.endpoint.url = null
	sasl.oauthbearer.scope.claim.name = scope
	sasl.oauthbearer.sub.claim.name = sub
	sasl.oauthbearer.token.endpoint.url = null
	security.protocol = PLAINTEXT
	security.providers = null
	send.buffer.bytes = 131072
	session.timeout.ms = 45000
	socket.connection.setup.timeout.max.ms = 30000
	socket.connection.setup.timeout.ms = 10000
	ssl.cipher.suites = null
	ssl.enabled.protocols = [TLSv1.2, TLSv1.3]
	ssl.endpoint.identification.algorithm = https
	ssl.engine.factory.class = null
	ssl.key.password = null
	ssl.keymanager.algorithm = SunX509
	ssl.keystore.certificate.chain = null
	ssl.keystore.key = null
	ssl.keystore.location = null
	ssl.keystore.password = null
	ssl.keystore.type = JKS
	ssl.protocol = TLSv1.3
	ssl.provider = null
	ssl.secure.random.implementation = null
	ssl.trustmanager.algorithm = PKIX
	ssl.truststore.certificates = null
	ssl.truststore.location = null
	ssl.truststore.password = null
	ssl.truststore.type = JKS
	value.deserializer = class org.apache.kafka.common.serialization.StringDeserializer

2026-01-21T17:50:19.484Z  INFO 18921 --- [content-service] [           main] o.a.k.c.t.i.KafkaMetricsCollector        : initializing Kafka metrics collector
2026-01-21T17:50:19.560Z  INFO 18921 --- [content-service] [           main] o.a.kafka.common.utils.AppInfoParser     : Kafka version: 3.8.1
2026-01-21T17:50:19.560Z  INFO 18921 --- [content-service] [           main] o.a.kafka.common.utils.AppInfoParser     : Kafka commitId: 70d6ff42debf7e17
2026-01-21T17:50:19.560Z  INFO 18921 --- [content-service] [           main] o.a.kafka.common.utils.AppInfoParser     : Kafka startTimeMs: 1769017819559
2026-01-21T17:50:19.562Z  INFO 18921 --- [content-service] [           main] o.a.k.c.c.internals.LegacyKafkaConsumer  : [Consumer clientId=consumer-behavioral-profile-consumer-1, groupId=behavioral-profile-consumer] Subscribed to topic(s): profile-updates
2026-01-21T17:50:19.567Z  INFO 18921 --- [content-service] [           main] o.a.k.clients.consumer.ConsumerConfig    : ConsumerConfig values: 
	allow.auto.create.topics = true
	auto.commit.interval.ms = 5000
	auto.include.jmx.reporter = true
	auto.offset.reset = earliest
	bootstrap.servers = [PLAINTEXT://localhost:32811]
	check.crcs = true
	client.dns.lookup = use_all_dns_ips
	client.id = consumer-content-analytics-consumer-2
	client.rack = 
	connections.max.idle.ms = 540000
	default.api.timeout.ms = 60000
	enable.auto.commit = false
	enable.metrics.push = true
	exclude.internal.topics = true
	fetch.max.bytes = 52428800
	fetch.max.wait.ms = 500
	fetch.min.bytes = 1
	group.id = content-analytics-consumer
	group.instance.id = null
	group.protocol = classic
	group.remote.assignor = null
	heartbeat.interval.ms = 3000
	interceptor.classes = []
	internal.leave.group.on.close = true
	internal.throw.on.fetch.stable.offset.unsupported = false
	isolation.level = read_uncommitted
	key.deserializer = class org.apache.kafka.common.serialization.StringDeserializer
	max.partition.fetch.bytes = 1048576
	max.poll.interval.ms = 300000
	max.poll.records = 500
	metadata.max.age.ms = 300000
	metadata.recovery.strategy = none
	metric.reporters = []
	metrics.num.samples = 2
	metrics.recording.level = INFO
	metrics.sample.window.ms = 30000
	partition.assignment.strategy = [class org.apache.kafka.clients.consumer.RangeAssignor, class org.apache.kafka.clients.consumer.CooperativeStickyAssignor]
	receive.buffer.bytes = 65536
	reconnect.backoff.max.ms = 1000
	reconnect.backoff.ms = 50
	request.timeout.ms = 30000
	retry.backoff.max.ms = 1000
	retry.backoff.ms = 100
	sasl.client.callback.handler.class = null
	sasl.jaas.config = null
	sasl.kerberos.kinit.cmd = /usr/bin/kinit
	sasl.kerberos.min.time.before.relogin = 60000
	sasl.kerberos.service.name = null
	sasl.kerberos.ticket.renew.jitter = 0.05
	sasl.kerberos.ticket.renew.window.factor = 0.8
	sasl.login.callback.handler.class = null
	sasl.login.class = null
	sasl.login.connect.timeout.ms = null
	sasl.login.read.timeout.ms = null
	sasl.login.refresh.buffer.seconds = 300
	sasl.login.refresh.min.period.seconds = 60
	sasl.login.refresh.window.factor = 0.8
	sasl.login.refresh.window.jitter = 0.05
	sasl.login.retry.backoff.max.ms = 10000
	sasl.login.retry.backoff.ms = 100
	sasl.mechanism = GSSAPI
	sasl.oauthbearer.clock.skew.seconds = 30
	sasl.oauthbearer.expected.audience = null
	sasl.oauthbearer.expected.issuer = null
	sasl.oauthbearer.jwks.endpoint.refresh.ms = 3600000
	sasl.oauthbearer.jwks.endpoint.retry.backoff.max.ms = 10000
	sasl.oauthbearer.jwks.endpoint.retry.backoff.ms = 100
	sasl.oauthbearer.jwks.endpoint.url = null
	sasl.oauthbearer.scope.claim.name = scope
	sasl.oauthbearer.sub.claim.name = sub
	sasl.oauthbearer.token.endpoint.url = null
	security.protocol = PLAINTEXT
	security.providers = null
	send.buffer.bytes = 131072
	session.timeout.ms = 45000
	socket.connection.setup.timeout.max.ms = 30000
	socket.connection.setup.timeout.ms = 10000
	ssl.cipher.suites = null
	ssl.enabled.protocols = [TLSv1.2, TLSv1.3]
	ssl.endpoint.identification.algorithm = https
	ssl.engine.factory.class = null
	ssl.key.password = null
	ssl.keymanager.algorithm = SunX509
	ssl.keystore.certificate.chain = null
	ssl.keystore.key = null
	ssl.keystore.location = null
	ssl.keystore.password = null
	ssl.keystore.type = JKS
	ssl.protocol = TLSv1.3
	ssl.provider = null
	ssl.secure.random.implementation = null
	ssl.trustmanager.algorithm = PKIX
	ssl.truststore.certificates = null
	ssl.truststore.location = null
	ssl.truststore.password = null
	ssl.truststore.type = JKS
	value.deserializer = class org.apache.kafka.common.serialization.StringDeserializer

2026-01-21T17:50:19.568Z  INFO 18921 --- [content-service] [           main] o.a.k.c.t.i.KafkaMetricsCollector        : initializing Kafka metrics collector
2026-01-21T17:50:19.569Z DEBUG 18921 --- [content-service] [ntainer#2-0-C-1] actionalApplicationListenerMethodAdapter : No transaction is active - skipping ConsumerStartingEvent [source=KafkaMessageListenerContainer [id=org.springframework.kafka.KafkaListenerEndpointContainer#2-0, clientIndex=-0, topicPartitions=[]]]
2026-01-21T17:50:19.569Z DEBUG 18921 --- [content-service] [ntainer#2-0-C-1] actionalApplicationListenerMethodAdapter : No transaction is active - skipping ConsumerStartedEvent [source=KafkaMessageListenerContainer [id=org.springframework.kafka.KafkaListenerEndpointContainer#2-0, clientIndex=-0, topicPartitions=[]]]
2026-01-21T17:50:19.570Z  INFO 18921 --- [content-service] [           main] o.a.kafka.common.utils.AppInfoParser     : Kafka version: 3.8.1
2026-01-21T17:50:19.570Z  INFO 18921 --- [content-service] [           main] o.a.kafka.common.utils.AppInfoParser     : Kafka commitId: 70d6ff42debf7e17
2026-01-21T17:50:19.570Z  INFO 18921 --- [content-service] [           main] o.a.kafka.common.utils.AppInfoParser     : Kafka startTimeMs: 1769017819570
2026-01-21T17:50:19.571Z  INFO 18921 --- [content-service] [           main] o.a.k.c.c.internals.LegacyKafkaConsumer  : [Consumer clientId=consumer-content-analytics-consumer-2, groupId=content-analytics-consumer] Subscribed to topic(s): content-interactions
2026-01-21T17:50:19.571Z DEBUG 18921 --- [content-service] [ntainer#0-0-C-1] actionalApplicationListenerMethodAdapter : No transaction is active - skipping ConsumerStartingEvent [source=KafkaMessageListenerContainer [id=org.springframework.kafka.KafkaListenerEndpointContainer#0-0, clientIndex=-0, topicPartitions=[]]]
2026-01-21T17:50:19.571Z DEBUG 18921 --- [content-service] [ntainer#0-0-C-1] actionalApplicationListenerMethodAdapter : No transaction is active - skipping ConsumerStartedEvent [source=KafkaMessageListenerContainer [id=org.springframework.kafka.KafkaListenerEndpointContainer#0-0, clientIndex=-0, topicPartitions=[]]]
2026-01-21T17:50:19.571Z  INFO 18921 --- [content-service] [           main] o.a.k.clients.consumer.ConsumerConfig    : ConsumerConfig values: 
	allow.auto.create.topics = true
	auto.commit.interval.ms = 5000
	auto.include.jmx.reporter = true
	auto.offset.reset = earliest
	bootstrap.servers = [PLAINTEXT://localhost:32811]
	check.crcs = true
	client.dns.lookup = use_all_dns_ips
	client.id = consumer-behavioral-profiling-consumer-3
	client.rack = 
	connections.max.idle.ms = 540000
	default.api.timeout.ms = 60000
	enable.auto.commit = false
	enable.metrics.push = true
	exclude.internal.topics = true
	fetch.max.bytes = 52428800
	fetch.max.wait.ms = 500
	fetch.min.bytes = 1
	group.id = behavioral-profiling-consumer
	group.instance.id = null
	group.protocol = classic
	group.remote.assignor = null
	heartbeat.interval.ms = 3000
	interceptor.classes = []
	internal.leave.group.on.close = true
	internal.throw.on.fetch.stable.offset.unsupported = false
	isolation.level = read_uncommitted
	key.deserializer = class org.apache.kafka.common.serialization.StringDeserializer
	max.partition.fetch.bytes = 1048576
	max.poll.interval.ms = 300000
	max.poll.records = 500
	metadata.max.age.ms = 300000
	metadata.recovery.strategy = none
	metric.reporters = []
	metrics.num.samples = 2
	metrics.recording.level = INFO
	metrics.sample.window.ms = 30000
	partition.assignment.strategy = [class org.apache.kafka.clients.consumer.RangeAssignor, class org.apache.kafka.clients.consumer.CooperativeStickyAssignor]
	receive.buffer.bytes = 65536
	reconnect.backoff.max.ms = 1000
	reconnect.backoff.ms = 50
	request.timeout.ms = 30000
	retry.backoff.max.ms = 1000
	retry.backoff.ms = 100
	sasl.client.callback.handler.class = null
	sasl.jaas.config = null
	sasl.kerberos.kinit.cmd = /usr/bin/kinit
	sasl.kerberos.min.time.before.relogin = 60000
	sasl.kerberos.service.name = null
	sasl.kerberos.ticket.renew.jitter = 0.05
	sasl.kerberos.ticket.renew.window.factor = 0.8
	sasl.login.callback.handler.class = null
	sasl.login.class = null
	sasl.login.connect.timeout.ms = null
	sasl.login.read.timeout.ms = null
	sasl.login.refresh.buffer.seconds = 300
	sasl.login.refresh.min.period.seconds = 60
	sasl.login.refresh.window.factor = 0.8
	sasl.login.refresh.window.jitter = 0.05
	sasl.login.retry.backoff.max.ms = 10000
	sasl.login.retry.backoff.ms = 100
	sasl.mechanism = GSSAPI
	sasl.oauthbearer.clock.skew.seconds = 30
	sasl.oauthbearer.expected.audience = null
	sasl.oauthbearer.expected.issuer = null
	sasl.oauthbearer.jwks.endpoint.refresh.ms = 3600000
	sasl.oauthbearer.jwks.endpoint.retry.backoff.max.ms = 10000
	sasl.oauthbearer.jwks.endpoint.retry.backoff.ms = 100
	sasl.oauthbearer.jwks.endpoint.url = null
	sasl.oauthbearer.scope.claim.name = scope
	sasl.oauthbearer.sub.claim.name = sub
	sasl.oauthbearer.token.endpoint.url = null
	security.protocol = PLAINTEXT
	security.providers = null
	send.buffer.bytes = 131072
	session.timeout.ms = 45000
	socket.connection.setup.timeout.max.ms = 30000
	socket.connection.setup.timeout.ms = 10000
	ssl.cipher.suites = null
	ssl.enabled.protocols = [TLSv1.2, TLSv1.3]
	ssl.endpoint.identification.algorithm = https
	ssl.engine.factory.class = null
	ssl.key.password = null
	ssl.keymanager.algorithm = SunX509
	ssl.keystore.certificate.chain = null
	ssl.keystore.key = null
	ssl.keystore.location = null
	ssl.keystore.password = null
	ssl.keystore.type = JKS
	ssl.protocol = TLSv1.3
	ssl.provider = null
	ssl.secure.random.implementation = null
	ssl.trustmanager.algorithm = PKIX
	ssl.truststore.certificates = null
	ssl.truststore.location = null
	ssl.truststore.password = null
	ssl.truststore.type = JKS
	value.deserializer = class org.apache.kafka.common.serialization.StringDeserializer

2026-01-21T17:50:19.571Z  INFO 18921 --- [content-service] [           main] o.a.k.c.t.i.KafkaMetricsCollector        : initializing Kafka metrics collector
2026-01-21T17:50:19.574Z  INFO 18921 --- [content-service] [           main] o.a.kafka.common.utils.AppInfoParser     : Kafka version: 3.8.1
2026-01-21T17:50:19.574Z  INFO 18921 --- [content-service] [           main] o.a.kafka.common.utils.AppInfoParser     : Kafka commitId: 70d6ff42debf7e17
2026-01-21T17:50:19.574Z  INFO 18921 --- [content-service] [           main] o.a.kafka.common.utils.AppInfoParser     : Kafka startTimeMs: 1769017819574
2026-01-21T17:50:19.574Z  INFO 18921 --- [content-service] [           main] o.a.k.c.c.internals.LegacyKafkaConsumer  : [Consumer clientId=consumer-behavioral-profiling-consumer-3, groupId=behavioral-profiling-consumer] Subscribed to topic(s): raw-behavioral-events
2026-01-21T17:50:19.574Z DEBUG 18921 --- [content-service] [ntainer#1-0-C-1] actionalApplicationListenerMethodAdapter : No transaction is active - skipping ConsumerStartingEvent [source=KafkaMessageListenerContainer [id=org.springframework.kafka.KafkaListenerEndpointContainer#1-0, clientIndex=-0, topicPartitions=[]]]
2026-01-21T17:50:19.574Z DEBUG 18921 --- [content-service] [ntainer#1-0-C-1] actionalApplicationListenerMethodAdapter : No transaction is active - skipping ConsumerStartedEvent [source=KafkaMessageListenerContainer [id=org.springframework.kafka.KafkaListenerEndpointContainer#1-0, clientIndex=-0, topicPartitions=[]]]
2026-01-21T17:50:19.582Z  INFO 18921 --- [content-service] [           main] o.s.s.config.TaskSchedulerRouter         : No TaskScheduler/ScheduledExecutorService bean found for scheduled processing
2026-01-21T17:50:19.584Z DEBUG 18921 --- [content-service] [           main] actionalApplicationListenerMethodAdapter : No transaction is active - skipping org.springframework.context.event.ContextRefreshedEvent[source=org.springframework.web.context.support.GenericWebApplicationContext@1497efcc, started on Wed Jan 21 17:50:15 GMT 2026]
2026-01-21T17:50:19.584Z  INFO 18921 --- [content-service] [           main] c.g.c.p.ProfilingServiceIntegrationTest  : Started ProfilingServiceIntegrationTest in 5.03 seconds (process running for 13.451)
2026-01-21T17:50:19.585Z DEBUG 18921 --- [content-service] [           main] actionalApplicationListenerMethodAdapter : No transaction is active - skipping org.springframework.boot.context.event.ApplicationStartedEvent[source=org.springframework.boot.SpringApplication@5f15498e]
2026-01-21T17:50:19.586Z DEBUG 18921 --- [content-service] [           main] actionalApplicationListenerMethodAdapter : No transaction is active - skipping org.springframework.boot.availability.AvailabilityChangeEvent[source=org.springframework.web.context.support.GenericWebApplicationContext@1497efcc, started on Wed Jan 21 17:50:15 GMT 2026]
2026-01-21T17:50:19.586Z DEBUG 18921 --- [content-service] [           main] actionalApplicationListenerMethodAdapter : No transaction is active - skipping org.springframework.boot.context.event.ApplicationReadyEvent[source=org.springframework.boot.SpringApplication@5f15498e]
2026-01-21T17:50:19.587Z DEBUG 18921 --- [content-service] [           main] actionalApplicationListenerMethodAdapter : No transaction is active - skipping org.springframework.boot.availability.AvailabilityChangeEvent[source=org.springframework.web.context.support.GenericWebApplicationContext@1497efcc, started on Wed Jan 21 17:50:15 GMT 2026]
2026-01-21T17:50:19.598Z DEBUG 18921 --- [content-service] [           main] actionalApplicationListenerMethodAdapter : No transaction is active - skipping org.springframework.test.context.event.PrepareTestInstanceEvent[source=[DefaultTestContext@2291348e testClass = com.gradepath.content.profiling.ProfilingServiceIntegrationTest, testInstance = com.gradepath.content.profiling.ProfilingServiceIntegrationTest@95f1422, testMethod = null, testException = null, mergedContextConfiguration = [WebMergedContextConfiguration@2294e673 testClass = com.gradepath.content.profiling.ProfilingServiceIntegrationTest, locations = [], classes = [com.gradepath.content.ContentApplication], contextInitializerClasses = [com.gradepath.content.profiling.ProfilingServiceIntegrationTest.TestcontainersInitializer], activeProfiles = [], propertySourceDescriptors = [], propertySourceProperties = ["org.springframework.boot.test.context.SpringBootTestContextBootstrapper=true"], contextCustomizers = [org.springframework.boot.test.context.filter.ExcludeFilterContextCustomizer@3c69362a, org.springframework.boot.test.json.DuplicateJsonObjectContextCustomizerFactory$DuplicateJsonObjectContextCustomizer@66f0548d, org.springframework.boot.test.mock.mockito.MockitoContextCustomizer@4f278145, org.springframework.boot.test.web.client.TestRestTemplateContextCustomizer@1dba4e06, org.springframework.boot.test.web.reactor.netty.DisableReactorResourceFactoryGlobalResourcesContextCustomizerFactory$DisableReactorResourceFactoryGlobalResourcesContextCustomizerCustomizer@10a0fe30, org.springframework.boot.test.autoconfigure.OnFailureConditionReportContextCustomizerFactory$OnFailureConditionReportContextCustomizer@262816a8, org.springframework.boot.test.autoconfigure.actuate.observability.ObservabilityContextCustomizerFactory$DisableObservabilityContextCustomizer@1f, org.springframework.boot.test.autoconfigure.properties.PropertyMappingContextCustomizer@0, org.springframework.boot.test.autoconfigure.web.servlet.WebDriverContextCustomizer@68a4dcc6, org.springframework.test.context.support.DynamicPropertiesContextCustomizer@0, org.springframework.boot.test.context.SpringBootTestAnnotation@7672287c], resourceBasePath = "src/main/webapp", contextLoader = org.springframework.boot.test.context.SpringBootContextLoader, parent = null], attributes = {"org.springframework.test.context.web.ServletTestExecutionListener.activateListener" -> true, "org.springframework.test.context.web.ServletTestExecutionListener.populatedRequestContextHolder" -> true, "org.springframework.test.context.web.ServletTestExecutionListener.resetRequestContextHolder" -> true, "org.springframework.test.context.event.ApplicationEventsTestExecutionListener.recordApplicationEvents" -> false}]]
2026-01-21T17:50:19.600Z DEBUG 18921 --- [content-service] [           main] actionalApplicationListenerMethodAdapter : No transaction is active - skipping org.springframework.test.context.event.BeforeTestMethodEvent[source=[DefaultTestContext@2291348e testClass = com.gradepath.content.profiling.ProfilingServiceIntegrationTest, testInstance = com.gradepath.content.profiling.ProfilingServiceIntegrationTest@95f1422, testMethod = oldInterests_decayWhenNewEventProcessed(), testException = null, mergedContextConfiguration = [WebMergedContextConfiguration@2294e673 testClass = com.gradepath.content.profiling.ProfilingServiceIntegrationTest, locations = [], classes = [com.gradepath.content.ContentApplication], contextInitializerClasses = [com.gradepath.content.profiling.ProfilingServiceIntegrationTest.TestcontainersInitializer], activeProfiles = [], propertySourceDescriptors = [], propertySourceProperties = ["org.springframework.boot.test.context.SpringBootTestContextBootstrapper=true"], contextCustomizers = [org.springframework.boot.test.context.filter.ExcludeFilterContextCustomizer@3c69362a, org.springframework.boot.test.json.DuplicateJsonObjectContextCustomizerFactory$DuplicateJsonObjectContextCustomizer@66f0548d, org.springframework.boot.test.mock.mockito.MockitoContextCustomizer@4f278145, org.springframework.boot.test.web.client.TestRestTemplateContextCustomizer@1dba4e06, org.springframework.boot.test.web.reactor.netty.DisableReactorResourceFactoryGlobalResourcesContextCustomizerFactory$DisableReactorResourceFactoryGlobalResourcesContextCustomizerCustomizer@10a0fe30, org.springframework.boot.test.autoconfigure.OnFailureConditionReportContextCustomizerFactory$OnFailureConditionReportContextCustomizer@262816a8, org.springframework.boot.test.autoconfigure.actuate.observability.ObservabilityContextCustomizerFactory$DisableObservabilityContextCustomizer@1f, org.springframework.boot.test.autoconfigure.properties.PropertyMappingContextCustomizer@0, org.springframework.boot.test.autoconfigure.web.servlet.WebDriverContextCustomizer@68a4dcc6, org.springframework.test.context.support.DynamicPropertiesContextCustomizer@0, org.springframework.boot.test.context.SpringBootTestAnnotation@7672287c], resourceBasePath = "src/main/webapp", contextLoader = org.springframework.boot.test.context.SpringBootContextLoader, parent = null], attributes = {"org.springframework.test.context.web.ServletTestExecutionListener.activateListener" -> true, "org.springframework.test.context.web.ServletTestExecutionListener.populatedRequestContextHolder" -> true, "org.springframework.test.context.web.ServletTestExecutionListener.resetRequestContextHolder" -> true, "org.springframework.test.context.event.ApplicationEventsTestExecutionListener.recordApplicationEvents" -> false}]]
2026-01-21T17:50:19.603Z DEBUG 18921 --- [content-service] [           main] actionalApplicationListenerMethodAdapter : No transaction is active - skipping org.springframework.test.context.event.BeforeTestExecutionEvent[source=[DefaultTestContext@2291348e testClass = com.gradepath.content.profiling.ProfilingServiceIntegrationTest, testInstance = com.gradepath.content.profiling.ProfilingServiceIntegrationTest@95f1422, testMethod = oldInterests_decayWhenNewEventProcessed(), testException = null, mergedContextConfiguration = [WebMergedContextConfiguration@2294e673 testClass = com.gradepath.content.profiling.ProfilingServiceIntegrationTest, locations = [], classes = [com.gradepath.content.ContentApplication], contextInitializerClasses = [com.gradepath.content.profiling.ProfilingServiceIntegrationTest.TestcontainersInitializer], activeProfiles = [], propertySourceDescriptors = [], propertySourceProperties = ["org.springframework.boot.test.context.SpringBootTestContextBootstrapper=true"], contextCustomizers = [org.springframework.boot.test.context.filter.ExcludeFilterContextCustomizer@3c69362a, org.springframework.boot.test.json.DuplicateJsonObjectContextCustomizerFactory$DuplicateJsonObjectContextCustomizer@66f0548d, org.springframework.boot.test.mock.mockito.MockitoContextCustomizer@4f278145, org.springframework.boot.test.web.client.TestRestTemplateContextCustomizer@1dba4e06, org.springframework.boot.test.web.reactor.netty.DisableReactorResourceFactoryGlobalResourcesContextCustomizerFactory$DisableReactorResourceFactoryGlobalResourcesContextCustomizerCustomizer@10a0fe30, org.springframework.boot.test.autoconfigure.OnFailureConditionReportContextCustomizerFactory$OnFailureConditionReportContextCustomizer@262816a8, org.springframework.boot.test.autoconfigure.actuate.observability.ObservabilityContextCustomizerFactory$DisableObservabilityContextCustomizer@1f, org.springframework.boot.test.autoconfigure.properties.PropertyMappingContextCustomizer@0, org.springframework.boot.test.autoconfigure.web.servlet.WebDriverContextCustomizer@68a4dcc6, org.springframework.test.context.support.DynamicPropertiesContextCustomizer@0, org.springframework.boot.test.context.SpringBootTestAnnotation@7672287c], resourceBasePath = "src/main/webapp", contextLoader = org.springframework.boot.test.context.SpringBootContextLoader, parent = null], attributes = {"org.springframework.test.context.web.ServletTestExecutionListener.activateListener" -> true, "org.springframework.test.context.web.ServletTestExecutionListener.populatedRequestContextHolder" -> true, "org.springframework.test.context.web.ServletTestExecutionListener.resetRequestContextHolder" -> true, "org.springframework.test.context.event.ApplicationEventsTestExecutionListener.recordApplicationEvents" -> false}]]
2026-01-21T17:50:19.604Z DEBUG 18921 --- [content-service] [           main] c.g.content.profiling.ProfilingService   : Processing raw behavioral event: {
    "topic": "content_journey",
    "userId": "decay-user",
    "contentId": "content-1",
    "action": "completed",
    "topicTags": ["history"],
    "timeInContentSeconds": 120
}

2026-01-21T17:50:19.703Z  INFO 18921 --- [content-service] [           main] c.g.c.r.p.BehavioralProfileService       : Saved behavioral profile for user: decay-user
2026-01-21T17:50:19.711Z DEBUG 18921 --- [content-service] [           main] c.g.content.profiling.ProfilingService   : Emitted profile update for user: decay-user
2026-01-21T17:50:19.711Z  INFO 18921 --- [content-service] [           main] c.g.content.profiling.ProfilingService   : Processed journey event for user: decay-user, content: content-1, action: completed
2026-01-21T17:50:19.822Z DEBUG 18921 --- [content-service] [           main] c.g.content.profiling.ProfilingService   : Processing raw behavioral event: {
    "topic": "content_journey",
    "userId": "decay-user",
    "contentId": "content-2",
    "action": "completed",
    "topicTags": ["geography"],
    "timeInContentSeconds": 120
}

2026-01-21T17:50:19.825Z  INFO 18921 --- [content-service] [           main] c.g.c.r.p.BehavioralProfileService       : Saved behavioral profile for user: decay-user
2026-01-21T17:50:19.826Z  WARN 18921 --- [content-service] [ntainer#2-0-C-1] org.apache.kafka.clients.NetworkClient   : [Consumer clientId=consumer-behavioral-profile-consumer-1, groupId=behavioral-profile-consumer] Error while fetching metadata with correlation id 2 : {profile-updates=LEADER_NOT_AVAILABLE}
2026-01-21T17:50:19.826Z  WARN 18921 --- [content-service] [ntainer#1-0-C-1] org.apache.kafka.clients.NetworkClient   : [Consumer clientId=consumer-behavioral-profiling-consumer-3, groupId=behavioral-profiling-consumer] Error while fetching metadata with correlation id 2 : {raw-behavioral-events=LEADER_NOT_AVAILABLE}
2026-01-21T17:50:19.827Z  WARN 18921 --- [content-service] [ntainer#0-0-C-1] org.apache.kafka.clients.NetworkClient   : [Consumer clientId=consumer-content-analytics-consumer-2, groupId=content-analytics-consumer] Error while fetching metadata with correlation id 2 : {content-interactions=LEADER_NOT_AVAILABLE}
2026-01-21T17:50:19.827Z  INFO 18921 --- [content-service] [ntainer#1-0-C-1] org.apache.kafka.clients.Metadata        : [Consumer clientId=consumer-behavioral-profiling-consumer-3, groupId=behavioral-profiling-consumer] Cluster ID: Y_Gq6eRdTHizaaWJgAPqow
2026-01-21T17:50:19.827Z  INFO 18921 --- [content-service] [ntainer#2-0-C-1] org.apache.kafka.clients.Metadata        : [Consumer clientId=consumer-behavioral-profile-consumer-1, groupId=behavioral-profile-consumer] Cluster ID: Y_Gq6eRdTHizaaWJgAPqow
2026-01-21T17:50:19.827Z  INFO 18921 --- [content-service] [ntainer#0-0-C-1] org.apache.kafka.clients.Metadata        : [Consumer clientId=consumer-content-analytics-consumer-2, groupId=content-analytics-consumer] Cluster ID: Y_Gq6eRdTHizaaWJgAPqow
2026-01-21T17:50:19.827Z DEBUG 18921 --- [content-service] [           main] c.g.content.profiling.ProfilingService   : Emitted profile update for user: decay-user
2026-01-21T17:50:19.827Z  INFO 18921 --- [content-service] [           main] c.g.content.profiling.ProfilingService   : Processed journey event for user: decay-user, content: content-2, action: completed
2026-01-21T17:50:19.832Z DEBUG 18921 --- [content-service] [           main] actionalApplicationListenerMethodAdapter : No transaction is active - skipping org.springframework.test.context.event.AfterTestExecutionEvent[source=[DefaultTestContext@2291348e testClass = com.gradepath.content.profiling.ProfilingServiceIntegrationTest, testInstance = com.gradepath.content.profiling.ProfilingServiceIntegrationTest@95f1422, testMethod = oldInterests_decayWhenNewEventProcessed(), testException = null, mergedContextConfiguration = [WebMergedContextConfiguration@2294e673 testClass = com.gradepath.content.profiling.ProfilingServiceIntegrationTest, locations = [], classes = [com.gradepath.content.ContentApplication], contextInitializerClasses = [com.gradepath.content.profiling.ProfilingServiceIntegrationTest.TestcontainersInitializer], activeProfiles = [], propertySourceDescriptors = [], propertySourceProperties = ["org.springframework.boot.test.context.SpringBootTestContextBootstrapper=true"], contextCustomizers = [org.springframework.boot.test.context.filter.ExcludeFilterContextCustomizer@3c69362a, org.springframework.boot.test.json.DuplicateJsonObjectContextCustomizerFactory$DuplicateJsonObjectContextCustomizer@66f0548d, org.springframework.boot.test.mock.mockito.MockitoContextCustomizer@4f278145, org.springframework.boot.test.web.client.TestRestTemplateContextCustomizer@1dba4e06, org.springframework.boot.test.web.reactor.netty.DisableReactorResourceFactoryGlobalResourcesContextCustomizerFactory$DisableReactorResourceFactoryGlobalResourcesContextCustomizerCustomizer@10a0fe30, org.springframework.boot.test.autoconfigure.OnFailureConditionReportContextCustomizerFactory$OnFailureConditionReportContextCustomizer@262816a8, org.springframework.boot.test.autoconfigure.actuate.observability.ObservabilityContextCustomizerFactory$DisableObservabilityContextCustomizer@1f, org.springframework.boot.test.autoconfigure.properties.PropertyMappingContextCustomizer@0, org.springframework.boot.test.autoconfigure.web.servlet.WebDriverContextCustomizer@68a4dcc6, org.springframework.test.context.support.DynamicPropertiesContextCustomizer@0, org.springframework.boot.test.context.SpringBootTestAnnotation@7672287c], resourceBasePath = "src/main/webapp", contextLoader = org.springframework.boot.test.context.SpringBootContextLoader, parent = null], attributes = {"org.springframework.test.context.web.ServletTestExecutionListener.activateListener" -> true, "org.springframework.test.context.web.ServletTestExecutionListener.populatedRequestContextHolder" -> true, "org.springframework.test.context.web.ServletTestExecutionListener.resetRequestContextHolder" -> true, "org.springframework.test.context.event.ApplicationEventsTestExecutionListener.recordApplicationEvents" -> false}]]
]]></system-out>
  </testcase>
  <testcase name="processEventWithMissingTopic_doesNotCrash" classname="com.gradepath.content.profiling.ProfilingServiceIntegrationTest" time="0.003">
    <system-out><![CDATA[2026-01-21T17:50:19.837Z DEBUG 18921 --- [content-service] [           main] actionalApplicationListenerMethodAdapter : No transaction is active - skipping org.springframework.test.context.event.AfterTestMethodEvent[source=[DefaultTestContext@2291348e testClass = com.gradepath.content.profiling.ProfilingServiceIntegrationTest, testInstance = com.gradepath.content.profiling.ProfilingServiceIntegrationTest@95f1422, testMethod = oldInterests_decayWhenNewEventProcessed(), testException = null, mergedContextConfiguration = [WebMergedContextConfiguration@2294e673 testClass = com.gradepath.content.profiling.ProfilingServiceIntegrationTest, locations = [], classes = [com.gradepath.content.ContentApplication], contextInitializerClasses = [com.gradepath.content.profiling.ProfilingServiceIntegrationTest.TestcontainersInitializer], activeProfiles = [], propertySourceDescriptors = [], propertySourceProperties = ["org.springframework.boot.test.context.SpringBootTestContextBootstrapper=true"], contextCustomizers = [org.springframework.boot.test.context.filter.ExcludeFilterContextCustomizer@3c69362a, org.springframework.boot.test.json.DuplicateJsonObjectContextCustomizerFactory$DuplicateJsonObjectContextCustomizer@66f0548d, org.springframework.boot.test.mock.mockito.MockitoContextCustomizer@4f278145, org.springframework.boot.test.web.client.TestRestTemplateContextCustomizer@1dba4e06, org.springframework.boot.test.web.reactor.netty.DisableReactorResourceFactoryGlobalResourcesContextCustomizerFactory$DisableReactorResourceFactoryGlobalResourcesContextCustomizerCustomizer@10a0fe30, org.springframework.boot.test.autoconfigure.OnFailureConditionReportContextCustomizerFactory$OnFailureConditionReportContextCustomizer@262816a8, org.springframework.boot.test.autoconfigure.actuate.observability.ObservabilityContextCustomizerFactory$DisableObservabilityContextCustomizer@1f, org.springframework.boot.test.autoconfigure.properties.PropertyMappingContextCustomizer@0, org.springframework.boot.test.autoconfigure.web.servlet.WebDriverContextCustomizer@68a4dcc6, org.springframework.test.context.support.DynamicPropertiesContextCustomizer@0, org.springframework.boot.test.context.SpringBootTestAnnotation@7672287c], resourceBasePath = "src/main/webapp", contextLoader = org.springframework.boot.test.context.SpringBootContextLoader, parent = null], attributes = {"org.springframework.test.context.web.ServletTestExecutionListener.activateListener" -> true, "org.springframework.test.context.web.ServletTestExecutionListener.populatedRequestContextHolder" -> true, "org.springframework.test.context.web.ServletTestExecutionListener.resetRequestContextHolder" -> true, "org.springframework.test.context.event.ApplicationEventsTestExecutionListener.recordApplicationEvents" -> false}]]
2026-01-21T17:50:19.839Z DEBUG 18921 --- [content-service] [           main] actionalApplicationListenerMethodAdapter : No transaction is active - skipping org.springframework.test.context.event.BeforeTestMethodEvent[source=[DefaultTestContext@2291348e testClass = com.gradepath.content.profiling.ProfilingServiceIntegrationTest, testInstance = com.gradepath.content.profiling.ProfilingServiceIntegrationTest@95f1422, testMethod = processEventWithMissingTopic_doesNotCrash(), testException = null, mergedContextConfiguration = [WebMergedContextConfiguration@2294e673 testClass = com.gradepath.content.profiling.ProfilingServiceIntegrationTest, locations = [], classes = [com.gradepath.content.ContentApplication], contextInitializerClasses = [com.gradepath.content.profiling.ProfilingServiceIntegrationTest.TestcontainersInitializer], activeProfiles = [], propertySourceDescriptors = [], propertySourceProperties = ["org.springframework.boot.test.context.SpringBootTestContextBootstrapper=true"], contextCustomizers = [org.springframework.boot.test.context.filter.ExcludeFilterContextCustomizer@3c69362a, org.springframework.boot.test.json.DuplicateJsonObjectContextCustomizerFactory$DuplicateJsonObjectContextCustomizer@66f0548d, org.springframework.boot.test.mock.mockito.MockitoContextCustomizer@4f278145, org.springframework.boot.test.web.client.TestRestTemplateContextCustomizer@1dba4e06, org.springframework.boot.test.web.reactor.netty.DisableReactorResourceFactoryGlobalResourcesContextCustomizerFactory$DisableReactorResourceFactoryGlobalResourcesContextCustomizerCustomizer@10a0fe30, org.springframework.boot.test.autoconfigure.OnFailureConditionReportContextCustomizerFactory$OnFailureConditionReportContextCustomizer@262816a8, org.springframework.boot.test.autoconfigure.actuate.observability.ObservabilityContextCustomizerFactory$DisableObservabilityContextCustomizer@1f, org.springframework.boot.test.autoconfigure.properties.PropertyMappingContextCustomizer@0, org.springframework.boot.test.autoconfigure.web.servlet.WebDriverContextCustomizer@68a4dcc6, org.springframework.test.context.support.DynamicPropertiesContextCustomizer@0, org.springframework.boot.test.context.SpringBootTestAnnotation@7672287c], resourceBasePath = "src/main/webapp", contextLoader = org.springframework.boot.test.context.SpringBootContextLoader, parent = null], attributes = {"org.springframework.test.context.web.ServletTestExecutionListener.activateListener" -> true, "org.springframework.test.context.web.ServletTestExecutionListener.populatedRequestContextHolder" -> true, "org.springframework.test.context.web.ServletTestExecutionListener.resetRequestContextHolder" -> true, "org.springframework.test.context.event.ApplicationEventsTestExecutionListener.recordApplicationEvents" -> false}]]
2026-01-21T17:50:19.841Z DEBUG 18921 --- [content-service] [           main] actionalApplicationListenerMethodAdapter : No transaction is active - skipping org.springframework.test.context.event.BeforeTestExecutionEvent[source=[DefaultTestContext@2291348e testClass = com.gradepath.content.profiling.ProfilingServiceIntegrationTest, testInstance = com.gradepath.content.profiling.ProfilingServiceIntegrationTest@95f1422, testMethod = processEventWithMissingTopic_doesNotCrash(), testException = null, mergedContextConfiguration = [WebMergedContextConfiguration@2294e673 testClass = com.gradepath.content.profiling.ProfilingServiceIntegrationTest, locations = [], classes = [com.gradepath.content.ContentApplication], contextInitializerClasses = [com.gradepath.content.profiling.ProfilingServiceIntegrationTest.TestcontainersInitializer], activeProfiles = [], propertySourceDescriptors = [], propertySourceProperties = ["org.springframework.boot.test.context.SpringBootTestContextBootstrapper=true"], contextCustomizers = [org.springframework.boot.test.context.filter.ExcludeFilterContextCustomizer@3c69362a, org.springframework.boot.test.json.DuplicateJsonObjectContextCustomizerFactory$DuplicateJsonObjectContextCustomizer@66f0548d, org.springframework.boot.test.mock.mockito.MockitoContextCustomizer@4f278145, org.springframework.boot.test.web.client.TestRestTemplateContextCustomizer@1dba4e06, org.springframework.boot.test.web.reactor.netty.DisableReactorResourceFactoryGlobalResourcesContextCustomizerFactory$DisableReactorResourceFactoryGlobalResourcesContextCustomizerCustomizer@10a0fe30, org.springframework.boot.test.autoconfigure.OnFailureConditionReportContextCustomizerFactory$OnFailureConditionReportContextCustomizer@262816a8, org.springframework.boot.test.autoconfigure.actuate.observability.ObservabilityContextCustomizerFactory$DisableObservabilityContextCustomizer@1f, org.springframework.boot.test.autoconfigure.properties.PropertyMappingContextCustomizer@0, org.springframework.boot.test.autoconfigure.web.servlet.WebDriverContextCustomizer@68a4dcc6, org.springframework.test.context.support.DynamicPropertiesContextCustomizer@0, org.springframework.boot.test.context.SpringBootTestAnnotation@7672287c], resourceBasePath = "src/main/webapp", contextLoader = org.springframework.boot.test.context.SpringBootContextLoader, parent = null], attributes = {"org.springframework.test.context.web.ServletTestExecutionListener.activateListener" -> true, "org.springframework.test.context.web.ServletTestExecutionListener.populatedRequestContextHolder" -> true, "org.springframework.test.context.web.ServletTestExecutionListener.resetRequestContextHolder" -> true, "org.springframework.test.context.event.ApplicationEventsTestExecutionListener.recordApplicationEvents" -> false}]]
2026-01-21T17:50:19.841Z DEBUG 18921 --- [content-service] [           main] c.g.content.profiling.ProfilingService   : Processing raw behavioral event: {
    "userId": "no-topic-user",
    "contentId": "content-1"
}

2026-01-21T17:50:19.841Z  WARN 18921 --- [content-service] [           main] c.g.content.profiling.ProfilingService   : No topic in event: {
    "userId": "no-topic-user",
    "contentId": "content-1"
}

2026-01-21T17:50:19.843Z DEBUG 18921 --- [content-service] [           main] actionalApplicationListenerMethodAdapter : No transaction is active - skipping org.springframework.test.context.event.AfterTestExecutionEvent[source=[DefaultTestContext@2291348e testClass = com.gradepath.content.profiling.ProfilingServiceIntegrationTest, testInstance = com.gradepath.content.profiling.ProfilingServiceIntegrationTest@95f1422, testMethod = processEventWithMissingTopic_doesNotCrash(), testException = null, mergedContextConfiguration = [WebMergedContextConfiguration@2294e673 testClass = com.gradepath.content.profiling.ProfilingServiceIntegrationTest, locations = [], classes = [com.gradepath.content.ContentApplication], contextInitializerClasses = [com.gradepath.content.profiling.ProfilingServiceIntegrationTest.TestcontainersInitializer], activeProfiles = [], propertySourceDescriptors = [], propertySourceProperties = ["org.springframework.boot.test.context.SpringBootTestContextBootstrapper=true"], contextCustomizers = [org.springframework.boot.test.context.filter.ExcludeFilterContextCustomizer@3c69362a, org.springframework.boot.test.json.DuplicateJsonObjectContextCustomizerFactory$DuplicateJsonObjectContextCustomizer@66f0548d, org.springframework.boot.test.mock.mockito.MockitoContextCustomizer@4f278145, org.springframework.boot.test.web.client.TestRestTemplateContextCustomizer@1dba4e06, org.springframework.boot.test.web.reactor.netty.DisableReactorResourceFactoryGlobalResourcesContextCustomizerFactory$DisableReactorResourceFactoryGlobalResourcesContextCustomizerCustomizer@10a0fe30, org.springframework.boot.test.autoconfigure.OnFailureConditionReportContextCustomizerFactory$OnFailureConditionReportContextCustomizer@262816a8, org.springframework.boot.test.autoconfigure.actuate.observability.ObservabilityContextCustomizerFactory$DisableObservabilityContextCustomizer@1f, org.springframework.boot.test.autoconfigure.properties.PropertyMappingContextCustomizer@0, org.springframework.boot.test.autoconfigure.web.servlet.WebDriverContextCustomizer@68a4dcc6, org.springframework.test.context.support.DynamicPropertiesContextCustomizer@0, org.springframework.boot.test.context.SpringBootTestAnnotation@7672287c], resourceBasePath = "src/main/webapp", contextLoader = org.springframework.boot.test.context.SpringBootContextLoader, parent = null], attributes = {"org.springframework.test.context.web.ServletTestExecutionListener.activateListener" -> true, "org.springframework.test.context.web.ServletTestExecutionListener.populatedRequestContextHolder" -> true, "org.springframework.test.context.web.ServletTestExecutionListener.resetRequestContextHolder" -> true, "org.springframework.test.context.event.ApplicationEventsTestExecutionListener.recordApplicationEvents" -> false}]]
]]></system-out>
  </testcase>
  <testcase name="processInvalidJsonEvent_doesNotCrash" classname="com.gradepath.content.profiling.ProfilingServiceIntegrationTest" time="0.005">
    <system-out><![CDATA[2026-01-21T17:50:19.845Z DEBUG 18921 --- [content-service] [           main] actionalApplicationListenerMethodAdapter : No transaction is active - skipping org.springframework.test.context.event.AfterTestMethodEvent[source=[DefaultTestContext@2291348e testClass = com.gradepath.content.profiling.ProfilingServiceIntegrationTest, testInstance = com.gradepath.content.profiling.ProfilingServiceIntegrationTest@95f1422, testMethod = processEventWithMissingTopic_doesNotCrash(), testException = null, mergedContextConfiguration = [WebMergedContextConfiguration@2294e673 testClass = com.gradepath.content.profiling.ProfilingServiceIntegrationTest, locations = [], classes = [com.gradepath.content.ContentApplication], contextInitializerClasses = [com.gradepath.content.profiling.ProfilingServiceIntegrationTest.TestcontainersInitializer], activeProfiles = [], propertySourceDescriptors = [], propertySourceProperties = ["org.springframework.boot.test.context.SpringBootTestContextBootstrapper=true"], contextCustomizers = [org.springframework.boot.test.context.filter.ExcludeFilterContextCustomizer@3c69362a, org.springframework.boot.test.json.DuplicateJsonObjectContextCustomizerFactory$DuplicateJsonObjectContextCustomizer@66f0548d, org.springframework.boot.test.mock.mockito.MockitoContextCustomizer@4f278145, org.springframework.boot.test.web.client.TestRestTemplateContextCustomizer@1dba4e06, org.springframework.boot.test.web.reactor.netty.DisableReactorResourceFactoryGlobalResourcesContextCustomizerFactory$DisableReactorResourceFactoryGlobalResourcesContextCustomizerCustomizer@10a0fe30, org.springframework.boot.test.autoconfigure.OnFailureConditionReportContextCustomizerFactory$OnFailureConditionReportContextCustomizer@262816a8, org.springframework.boot.test.autoconfigure.actuate.observability.ObservabilityContextCustomizerFactory$DisableObservabilityContextCustomizer@1f, org.springframework.boot.test.autoconfigure.properties.PropertyMappingContextCustomizer@0, org.springframework.boot.test.autoconfigure.web.servlet.WebDriverContextCustomizer@68a4dcc6, org.springframework.test.context.support.DynamicPropertiesContextCustomizer@0, org.springframework.boot.test.context.SpringBootTestAnnotation@7672287c], resourceBasePath = "src/main/webapp", contextLoader = org.springframework.boot.test.context.SpringBootContextLoader, parent = null], attributes = {"org.springframework.test.context.web.ServletTestExecutionListener.activateListener" -> true, "org.springframework.test.context.web.ServletTestExecutionListener.populatedRequestContextHolder" -> true, "org.springframework.test.context.web.ServletTestExecutionListener.resetRequestContextHolder" -> true, "org.springframework.test.context.event.ApplicationEventsTestExecutionListener.recordApplicationEvents" -> false}]]
2026-01-21T17:50:19.846Z DEBUG 18921 --- [content-service] [           main] actionalApplicationListenerMethodAdapter : No transaction is active - skipping org.springframework.test.context.event.BeforeTestMethodEvent[source=[DefaultTestContext@2291348e testClass = com.gradepath.content.profiling.ProfilingServiceIntegrationTest, testInstance = com.gradepath.content.profiling.ProfilingServiceIntegrationTest@95f1422, testMethod = processInvalidJsonEvent_doesNotCrash(), testException = null, mergedContextConfiguration = [WebMergedContextConfiguration@2294e673 testClass = com.gradepath.content.profiling.ProfilingServiceIntegrationTest, locations = [], classes = [com.gradepath.content.ContentApplication], contextInitializerClasses = [com.gradepath.content.profiling.ProfilingServiceIntegrationTest.TestcontainersInitializer], activeProfiles = [], propertySourceDescriptors = [], propertySourceProperties = ["org.springframework.boot.test.context.SpringBootTestContextBootstrapper=true"], contextCustomizers = [org.springframework.boot.test.context.filter.ExcludeFilterContextCustomizer@3c69362a, org.springframework.boot.test.json.DuplicateJsonObjectContextCustomizerFactory$DuplicateJsonObjectContextCustomizer@66f0548d, org.springframework.boot.test.mock.mockito.MockitoContextCustomizer@4f278145, org.springframework.boot.test.web.client.TestRestTemplateContextCustomizer@1dba4e06, org.springframework.boot.test.web.reactor.netty.DisableReactorResourceFactoryGlobalResourcesContextCustomizerFactory$DisableReactorResourceFactoryGlobalResourcesContextCustomizerCustomizer@10a0fe30, org.springframework.boot.test.autoconfigure.OnFailureConditionReportContextCustomizerFactory$OnFailureConditionReportContextCustomizer@262816a8, org.springframework.boot.test.autoconfigure.actuate.observability.ObservabilityContextCustomizerFactory$DisableObservabilityContextCustomizer@1f, org.springframework.boot.test.autoconfigure.properties.PropertyMappingContextCustomizer@0, org.springframework.boot.test.autoconfigure.web.servlet.WebDriverContextCustomizer@68a4dcc6, org.springframework.test.context.support.DynamicPropertiesContextCustomizer@0, org.springframework.boot.test.context.SpringBootTestAnnotation@7672287c], resourceBasePath = "src/main/webapp", contextLoader = org.springframework.boot.test.context.SpringBootContextLoader, parent = null], attributes = {"org.springframework.test.context.web.ServletTestExecutionListener.activateListener" -> true, "org.springframework.test.context.web.ServletTestExecutionListener.populatedRequestContextHolder" -> true, "org.springframework.test.context.web.ServletTestExecutionListener.resetRequestContextHolder" -> true, "org.springframework.test.context.event.ApplicationEventsTestExecutionListener.recordApplicationEvents" -> false}]]
2026-01-21T17:50:19.848Z DEBUG 18921 --- [content-service] [           main] actionalApplicationListenerMethodAdapter : No transaction is active - skipping org.springframework.test.context.event.BeforeTestExecutionEvent[source=[DefaultTestContext@2291348e testClass = com.gradepath.content.profiling.ProfilingServiceIntegrationTest, testInstance = com.gradepath.content.profiling.ProfilingServiceIntegrationTest@95f1422, testMethod = processInvalidJsonEvent_doesNotCrash(), testException = null, mergedContextConfiguration = [WebMergedContextConfiguration@2294e673 testClass = com.gradepath.content.profiling.ProfilingServiceIntegrationTest, locations = [], classes = [com.gradepath.content.ContentApplication], contextInitializerClasses = [com.gradepath.content.profiling.ProfilingServiceIntegrationTest.TestcontainersInitializer], activeProfiles = [], propertySourceDescriptors = [], propertySourceProperties = ["org.springframework.boot.test.context.SpringBootTestContextBootstrapper=true"], contextCustomizers = [org.springframework.boot.test.context.filter.ExcludeFilterContextCustomizer@3c69362a, org.springframework.boot.test.json.DuplicateJsonObjectContextCustomizerFactory$DuplicateJsonObjectContextCustomizer@66f0548d, org.springframework.boot.test.mock.mockito.MockitoContextCustomizer@4f278145, org.springframework.boot.test.web.client.TestRestTemplateContextCustomizer@1dba4e06, org.springframework.boot.test.web.reactor.netty.DisableReactorResourceFactoryGlobalResourcesContextCustomizerFactory$DisableReactorResourceFactoryGlobalResourcesContextCustomizerCustomizer@10a0fe30, org.springframework.boot.test.autoconfigure.OnFailureConditionReportContextCustomizerFactory$OnFailureConditionReportContextCustomizer@262816a8, org.springframework.boot.test.autoconfigure.actuate.observability.ObservabilityContextCustomizerFactory$DisableObservabilityContextCustomizer@1f, org.springframework.boot.test.autoconfigure.properties.PropertyMappingContextCustomizer@0, org.springframework.boot.test.autoconfigure.web.servlet.WebDriverContextCustomizer@68a4dcc6, org.springframework.test.context.support.DynamicPropertiesContextCustomizer@0, org.springframework.boot.test.context.SpringBootTestAnnotation@7672287c], resourceBasePath = "src/main/webapp", contextLoader = org.springframework.boot.test.context.SpringBootContextLoader, parent = null], attributes = {"org.springframework.test.context.web.ServletTestExecutionListener.activateListener" -> true, "org.springframework.test.context.web.ServletTestExecutionListener.populatedRequestContextHolder" -> true, "org.springframework.test.context.web.ServletTestExecutionListener.resetRequestContextHolder" -> true, "org.springframework.test.context.event.ApplicationEventsTestExecutionListener.recordApplicationEvents" -> false}]]
2026-01-21T17:50:19.848Z DEBUG 18921 --- [content-service] [           main] c.g.content.profiling.ProfilingService   : Processing raw behavioral event: invalid json {
2026-01-21T17:50:19.848Z ERROR 18921 --- [content-service] [           main] c.g.content.profiling.ProfilingService   : Error processing raw behavioral event: invalid json {

com.fasterxml.jackson.core.JsonParseException: Unrecognized token 'invalid': was expecting (JSON String, Number, Array, Object or token 'null', 'true' or 'false')
 at [Source: REDACTED (`StreamReadFeature.INCLUDE_SOURCE_IN_LOCATION` disabled); line: 1, column: 8]
	at com.fasterxml.jackson.core.JsonParser._constructError(JsonParser.java:2584) ~[jackson-core-2.18.1.jar:2.18.1]
	at com.fasterxml.jackson.core.JsonParser._constructReadException(JsonParser.java:2610) ~[jackson-core-2.18.1.jar:2.18.1]
	at com.fasterxml.jackson.core.JsonParser._constructReadException(JsonParser.java:2618) ~[jackson-core-2.18.1.jar:2.18.1]
	at com.fasterxml.jackson.core.base.ParserMinimalBase._reportError(ParserMinimalBase.java:825) ~[jackson-core-2.18.1.jar:2.18.1]
	at com.fasterxml.jackson.core.json.ReaderBasedJsonParser._reportInvalidToken(ReaderBasedJsonParser.java:3017) ~[jackson-core-2.18.1.jar:2.18.1]
	at com.fasterxml.jackson.core.json.ReaderBasedJsonParser._handleOddValue(ReaderBasedJsonParser.java:2051) ~[jackson-core-2.18.1.jar:2.18.1]
	at com.fasterxml.jackson.core.json.ReaderBasedJsonParser.nextToken(ReaderBasedJsonParser.java:780) ~[jackson-core-2.18.1.jar:2.18.1]
	at com.fasterxml.jackson.databind.ObjectMapper._readTreeAndClose(ObjectMapper.java:4946) ~[jackson-databind-2.18.1.jar:2.18.1]
	at com.fasterxml.jackson.databind.ObjectMapper.readTree(ObjectMapper.java:3281) ~[jackson-databind-2.18.1.jar:2.18.1]
	at com.gradepath.content.profiling.ProfilingService.processRawBehavioralEvent(ProfilingService.java:78) ~[classes/:na]
	at com.gradepath.content.profiling.ProfilingServiceIntegrationTest.processInvalidJsonEvent_doesNotCrash(ProfilingServiceIntegrationTest.java:336) ~[test-classes/:na]
	at java.base/jdk.internal.reflect.DirectMethodHandleAccessor.invoke(DirectMethodHandleAccessor.java:103) ~[na:na]
	at java.base/java.lang.reflect.Method.invoke(Method.java:580) ~[na:na]
	at org.testng.internal.invokers.MethodInvocationHelper.invokeMethod(MethodInvocationHelper.java:141) ~[testng-7.10.2.jar:7.10.2]
	at org.testng.internal.invokers.MethodInvocationHelper$1.runTestMethod(MethodInvocationHelper.java:260) ~[testng-7.10.2.jar:7.10.2]
	at org.springframework.test.context.testng.AbstractTestNGSpringContextTests.run(AbstractTestNGSpringContextTests.java:154) ~[spring-test-6.2.0.jar:6.2.0]
	at org.testng.internal.invokers.MethodInvocationHelper.invokeHookable(MethodInvocationHelper.java:274) ~[testng-7.10.2.jar:7.10.2]
	at org.testng.internal.invokers.TestInvoker.invokeMethod(TestInvoker.java:678) ~[testng-7.10.2.jar:7.10.2]
	at org.testng.internal.invokers.TestInvoker.invokeTestMethod(TestInvoker.java:230) ~[testng-7.10.2.jar:7.10.2]
	at org.testng.internal.invokers.MethodRunner.runInSequence(MethodRunner.java:63) ~[testng-7.10.2.jar:7.10.2]
	at org.testng.internal.invokers.TestInvoker$MethodInvocationAgent.invoke(TestInvoker.java:992) ~[testng-7.10.2.jar:7.10.2]
	at org.testng.internal.invokers.TestInvoker.invokeTestMethods(TestInvoker.java:203) ~[testng-7.10.2.jar:7.10.2]
	at org.testng.internal.invokers.TestMethodWorker.invokeTestMethods(TestMethodWorker.java:154) ~[testng-7.10.2.jar:7.10.2]
	at org.testng.internal.invokers.TestMethodWorker.run(TestMethodWorker.java:134) ~[testng-7.10.2.jar:7.10.2]
	at java.base/java.util.ArrayList.forEach(ArrayList.java:1596) ~[na:na]
	at org.testng.TestRunner.privateRun(TestRunner.java:739) ~[testng-7.10.2.jar:7.10.2]
	at org.testng.TestRunner.run(TestRunner.java:614) ~[testng-7.10.2.jar:7.10.2]
	at org.testng.SuiteRunner.runTest(SuiteRunner.java:421) ~[testng-7.10.2.jar:7.10.2]
	at org.testng.SuiteRunner.runSequentially(SuiteRunner.java:413) ~[testng-7.10.2.jar:7.10.2]
	at org.testng.SuiteRunner.privateRun(SuiteRunner.java:373) ~[testng-7.10.2.jar:7.10.2]
	at org.testng.SuiteRunner.run(SuiteRunner.java:312) ~[testng-7.10.2.jar:7.10.2]
	at org.testng.SuiteRunnerWorker.runSuite(SuiteRunnerWorker.java:52) ~[testng-7.10.2.jar:7.10.2]
	at org.testng.SuiteRunnerWorker.run(SuiteRunnerWorker.java:95) ~[testng-7.10.2.jar:7.10.2]
	at org.testng.TestNG.runSuitesSequentially(TestNG.java:1274) ~[testng-7.10.2.jar:7.10.2]
	at org.testng.TestNG.runSuitesLocally(TestNG.java:1208) ~[testng-7.10.2.jar:7.10.2]
	at org.testng.TestNG.runSuites(TestNG.java:1112) ~[testng-7.10.2.jar:7.10.2]
	at org.testng.TestNG.run(TestNG.java:1079) ~[testng-7.10.2.jar:7.10.2]
	at org.apache.maven.surefire.testng.TestNGExecutor.run(TestNGExecutor.java:308) ~[surefire-testng-3.2.5.jar:3.2.5]
	at org.apache.maven.surefire.testng.TestNGXmlTestSuite.execute(TestNGXmlTestSuite.java:71) ~[surefire-testng-3.2.5.jar:3.2.5]
	at org.apache.maven.surefire.testng.TestNGProvider.invoke(TestNGProvider.java:113) ~[surefire-testng-3.2.5.jar:3.2.5]
	at org.apache.maven.surefire.booter.ForkedBooter.runSuitesInProcess(ForkedBooter.java:385) ~[surefire-booter-3.2.5.jar:3.2.5]
	at org.apache.maven.surefire.booter.ForkedBooter.execute(ForkedBooter.java:162) ~[surefire-booter-3.2.5.jar:3.2.5]
	at org.apache.maven.surefire.booter.ForkedBooter.run(ForkedBooter.java:507) ~[surefire-booter-3.2.5.jar:3.2.5]
	at org.apache.maven.surefire.booter.ForkedBooter.main(ForkedBooter.java:495) ~[surefire-booter-3.2.5.jar:3.2.5]

2026-01-21T17:50:19.853Z DEBUG 18921 --- [content-service] [           main] actionalApplicationListenerMethodAdapter : No transaction is active - skipping org.springframework.test.context.event.AfterTestExecutionEvent[source=[DefaultTestContext@2291348e testClass = com.gradepath.content.profiling.ProfilingServiceIntegrationTest, testInstance = com.gradepath.content.profiling.ProfilingServiceIntegrationTest@95f1422, testMethod = processInvalidJsonEvent_doesNotCrash(), testException = null, mergedContextConfiguration = [WebMergedContextConfiguration@2294e673 testClass = com.gradepath.content.profiling.ProfilingServiceIntegrationTest, locations = [], classes = [com.gradepath.content.ContentApplication], contextInitializerClasses = [com.gradepath.content.profiling.ProfilingServiceIntegrationTest.TestcontainersInitializer], activeProfiles = [], propertySourceDescriptors = [], propertySourceProperties = ["org.springframework.boot.test.context.SpringBootTestContextBootstrapper=true"], contextCustomizers = [org.springframework.boot.test.context.filter.ExcludeFilterContextCustomizer@3c69362a, org.springframework.boot.test.json.DuplicateJsonObjectContextCustomizerFactory$DuplicateJsonObjectContextCustomizer@66f0548d, org.springframework.boot.test.mock.mockito.MockitoContextCustomizer@4f278145, org.springframework.boot.test.web.client.TestRestTemplateContextCustomizer@1dba4e06, org.springframework.boot.test.web.reactor.netty.DisableReactorResourceFactoryGlobalResourcesContextCustomizerFactory$DisableReactorResourceFactoryGlobalResourcesContextCustomizerCustomizer@10a0fe30, org.springframework.boot.test.autoconfigure.OnFailureConditionReportContextCustomizerFactory$OnFailureConditionReportContextCustomizer@262816a8, org.springframework.boot.test.autoconfigure.actuate.observability.ObservabilityContextCustomizerFactory$DisableObservabilityContextCustomizer@1f, org.springframework.boot.test.autoconfigure.properties.PropertyMappingContextCustomizer@0, org.springframework.boot.test.autoconfigure.web.servlet.WebDriverContextCustomizer@68a4dcc6, org.springframework.test.context.support.DynamicPropertiesContextCustomizer@0, org.springframework.boot.test.context.SpringBootTestAnnotation@7672287c], resourceBasePath = "src/main/webapp", contextLoader = org.springframework.boot.test.context.SpringBootContextLoader, parent = null], attributes = {"org.springframework.test.context.web.ServletTestExecutionListener.activateListener" -> true, "org.springframework.test.context.web.ServletTestExecutionListener.populatedRequestContextHolder" -> true, "org.springframework.test.context.web.ServletTestExecutionListener.resetRequestContextHolder" -> true, "org.springframework.test.context.event.ApplicationEventsTestExecutionListener.recordApplicationEvents" -> false}]]
]]></system-out>
  </testcase>
  <testcase name="processJourneyEvent_endToEnd_createsProfileInDatabase" classname="com.gradepath.content.profiling.ProfilingServiceIntegrationTest" time="0.008">
    <system-out><![CDATA[2026-01-21T17:50:19.854Z DEBUG 18921 --- [content-service] [           main] actionalApplicationListenerMethodAdapter : No transaction is active - skipping org.springframework.test.context.event.AfterTestMethodEvent[source=[DefaultTestContext@2291348e testClass = com.gradepath.content.profiling.ProfilingServiceIntegrationTest, testInstance = com.gradepath.content.profiling.ProfilingServiceIntegrationTest@95f1422, testMethod = processInvalidJsonEvent_doesNotCrash(), testException = null, mergedContextConfiguration = [WebMergedContextConfiguration@2294e673 testClass = com.gradepath.content.profiling.ProfilingServiceIntegrationTest, locations = [], classes = [com.gradepath.content.ContentApplication], contextInitializerClasses = [com.gradepath.content.profiling.ProfilingServiceIntegrationTest.TestcontainersInitializer], activeProfiles = [], propertySourceDescriptors = [], propertySourceProperties = ["org.springframework.boot.test.context.SpringBootTestContextBootstrapper=true"], contextCustomizers = [org.springframework.boot.test.context.filter.ExcludeFilterContextCustomizer@3c69362a, org.springframework.boot.test.json.DuplicateJsonObjectContextCustomizerFactory$DuplicateJsonObjectContextCustomizer@66f0548d, org.springframework.boot.test.mock.mockito.MockitoContextCustomizer@4f278145, org.springframework.boot.test.web.client.TestRestTemplateContextCustomizer@1dba4e06, org.springframework.boot.test.web.reactor.netty.DisableReactorResourceFactoryGlobalResourcesContextCustomizerFactory$DisableReactorResourceFactoryGlobalResourcesContextCustomizerCustomizer@10a0fe30, org.springframework.boot.test.autoconfigure.OnFailureConditionReportContextCustomizerFactory$OnFailureConditionReportContextCustomizer@262816a8, org.springframework.boot.test.autoconfigure.actuate.observability.ObservabilityContextCustomizerFactory$DisableObservabilityContextCustomizer@1f, org.springframework.boot.test.autoconfigure.properties.PropertyMappingContextCustomizer@0, org.springframework.boot.test.autoconfigure.web.servlet.WebDriverContextCustomizer@68a4dcc6, org.springframework.test.context.support.DynamicPropertiesContextCustomizer@0, org.springframework.boot.test.context.SpringBootTestAnnotation@7672287c], resourceBasePath = "src/main/webapp", contextLoader = org.springframework.boot.test.context.SpringBootContextLoader, parent = null], attributes = {"org.springframework.test.context.web.ServletTestExecutionListener.activateListener" -> true, "org.springframework.test.context.web.ServletTestExecutionListener.populatedRequestContextHolder" -> true, "org.springframework.test.context.web.ServletTestExecutionListener.resetRequestContextHolder" -> true, "org.springframework.test.context.event.ApplicationEventsTestExecutionListener.recordApplicationEvents" -> false}]]
2026-01-21T17:50:19.855Z DEBUG 18921 --- [content-service] [           main] actionalApplicationListenerMethodAdapter : No transaction is active - skipping org.springframework.test.context.event.BeforeTestMethodEvent[source=[DefaultTestContext@2291348e testClass = com.gradepath.content.profiling.ProfilingServiceIntegrationTest, testInstance = com.gradepath.content.profiling.ProfilingServiceIntegrationTest@95f1422, testMethod = processJourneyEvent_endToEnd_createsProfileInDatabase(), testException = null, mergedContextConfiguration = [WebMergedContextConfiguration@2294e673 testClass = com.gradepath.content.profiling.ProfilingServiceIntegrationTest, locations = [], classes = [com.gradepath.content.ContentApplication], contextInitializerClasses = [com.gradepath.content.profiling.ProfilingServiceIntegrationTest.TestcontainersInitializer], activeProfiles = [], propertySourceDescriptors = [], propertySourceProperties = ["org.springframework.boot.test.context.SpringBootTestContextBootstrapper=true"], contextCustomizers = [org.springframework.boot.test.context.filter.ExcludeFilterContextCustomizer@3c69362a, org.springframework.boot.test.json.DuplicateJsonObjectContextCustomizerFactory$DuplicateJsonObjectContextCustomizer@66f0548d, org.springframework.boot.test.mock.mockito.MockitoContextCustomizer@4f278145, org.springframework.boot.test.web.client.TestRestTemplateContextCustomizer@1dba4e06, org.springframework.boot.test.web.reactor.netty.DisableReactorResourceFactoryGlobalResourcesContextCustomizerFactory$DisableReactorResourceFactoryGlobalResourcesContextCustomizerCustomizer@10a0fe30, org.springframework.boot.test.autoconfigure.OnFailureConditionReportContextCustomizerFactory$OnFailureConditionReportContextCustomizer@262816a8, org.springframework.boot.test.autoconfigure.actuate.observability.ObservabilityContextCustomizerFactory$DisableObservabilityContextCustomizer@1f, org.springframework.boot.test.autoconfigure.properties.PropertyMappingContextCustomizer@0, org.springframework.boot.test.autoconfigure.web.servlet.WebDriverContextCustomizer@68a4dcc6, org.springframework.test.context.support.DynamicPropertiesContextCustomizer@0, org.springframework.boot.test.context.SpringBootTestAnnotation@7672287c], resourceBasePath = "src/main/webapp", contextLoader = org.springframework.boot.test.context.SpringBootContextLoader, parent = null], attributes = {"org.springframework.test.context.web.ServletTestExecutionListener.activateListener" -> true, "org.springframework.test.context.web.ServletTestExecutionListener.populatedRequestContextHolder" -> true, "org.springframework.test.context.web.ServletTestExecutionListener.resetRequestContextHolder" -> true, "org.springframework.test.context.event.ApplicationEventsTestExecutionListener.recordApplicationEvents" -> false}]]
2026-01-21T17:50:19.858Z DEBUG 18921 --- [content-service] [           main] actionalApplicationListenerMethodAdapter : No transaction is active - skipping org.springframework.test.context.event.BeforeTestExecutionEvent[source=[DefaultTestContext@2291348e testClass = com.gradepath.content.profiling.ProfilingServiceIntegrationTest, testInstance = com.gradepath.content.profiling.ProfilingServiceIntegrationTest@95f1422, testMethod = processJourneyEvent_endToEnd_createsProfileInDatabase(), testException = null, mergedContextConfiguration = [WebMergedContextConfiguration@2294e673 testClass = com.gradepath.content.profiling.ProfilingServiceIntegrationTest, locations = [], classes = [com.gradepath.content.ContentApplication], contextInitializerClasses = [com.gradepath.content.profiling.ProfilingServiceIntegrationTest.TestcontainersInitializer], activeProfiles = [], propertySourceDescriptors = [], propertySourceProperties = ["org.springframework.boot.test.context.SpringBootTestContextBootstrapper=true"], contextCustomizers = [org.springframework.boot.test.context.filter.ExcludeFilterContextCustomizer@3c69362a, org.springframework.boot.test.json.DuplicateJsonObjectContextCustomizerFactory$DuplicateJsonObjectContextCustomizer@66f0548d, org.springframework.boot.test.mock.mockito.MockitoContextCustomizer@4f278145, org.springframework.boot.test.web.client.TestRestTemplateContextCustomizer@1dba4e06, org.springframework.boot.test.web.reactor.netty.DisableReactorResourceFactoryGlobalResourcesContextCustomizerFactory$DisableReactorResourceFactoryGlobalResourcesContextCustomizerCustomizer@10a0fe30, org.springframework.boot.test.autoconfigure.OnFailureConditionReportContextCustomizerFactory$OnFailureConditionReportContextCustomizer@262816a8, org.springframework.boot.test.autoconfigure.actuate.observability.ObservabilityContextCustomizerFactory$DisableObservabilityContextCustomizer@1f, org.springframework.boot.test.autoconfigure.properties.PropertyMappingContextCustomizer@0, org.springframework.boot.test.autoconfigure.web.servlet.WebDriverContextCustomizer@68a4dcc6, org.springframework.test.context.support.DynamicPropertiesContextCustomizer@0, org.springframework.boot.test.context.SpringBootTestAnnotation@7672287c], resourceBasePath = "src/main/webapp", contextLoader = org.springframework.boot.test.context.SpringBootContextLoader, parent = null], attributes = {"org.springframework.test.context.web.ServletTestExecutionListener.activateListener" -> true, "org.springframework.test.context.web.ServletTestExecutionListener.populatedRequestContextHolder" -> true, "org.springframework.test.context.web.ServletTestExecutionListener.resetRequestContextHolder" -> true, "org.springframework.test.context.event.ApplicationEventsTestExecutionListener.recordApplicationEvents" -> false}]]
2026-01-21T17:50:19.858Z DEBUG 18921 --- [content-service] [           main] c.g.content.profiling.ProfilingService   : Processing raw behavioral event: {
    "topic": "content_journey",
    "userId": "integration-user-1",
    "contentId": "content-123",
    "action": "completed",
    "topicTags": ["math", "algebra"],
    "timeInContentSeconds": 120
}

2026-01-21T17:50:19.862Z  INFO 18921 --- [content-service] [           main] c.g.c.r.p.BehavioralProfileService       : Saved behavioral profile for user: integration-user-1
2026-01-21T17:50:19.863Z DEBUG 18921 --- [content-service] [           main] c.g.content.profiling.ProfilingService   : Emitted profile update for user: integration-user-1
2026-01-21T17:50:19.863Z  INFO 18921 --- [content-service] [           main] c.g.content.profiling.ProfilingService   : Processed journey event for user: integration-user-1, content: content-123, action: completed
2026-01-21T17:50:19.866Z DEBUG 18921 --- [content-service] [           main] actionalApplicationListenerMethodAdapter : No transaction is active - skipping org.springframework.test.context.event.AfterTestExecutionEvent[source=[DefaultTestContext@2291348e testClass = com.gradepath.content.profiling.ProfilingServiceIntegrationTest, testInstance = com.gradepath.content.profiling.ProfilingServiceIntegrationTest@95f1422, testMethod = processJourneyEvent_endToEnd_createsProfileInDatabase(), testException = null, mergedContextConfiguration = [WebMergedContextConfiguration@2294e673 testClass = com.gradepath.content.profiling.ProfilingServiceIntegrationTest, locations = [], classes = [com.gradepath.content.ContentApplication], contextInitializerClasses = [com.gradepath.content.profiling.ProfilingServiceIntegrationTest.TestcontainersInitializer], activeProfiles = [], propertySourceDescriptors = [], propertySourceProperties = ["org.springframework.boot.test.context.SpringBootTestContextBootstrapper=true"], contextCustomizers = [org.springframework.boot.test.context.filter.ExcludeFilterContextCustomizer@3c69362a, org.springframework.boot.test.json.DuplicateJsonObjectContextCustomizerFactory$DuplicateJsonObjectContextCustomizer@66f0548d, org.springframework.boot.test.mock.mockito.MockitoContextCustomizer@4f278145, org.springframework.boot.test.web.client.TestRestTemplateContextCustomizer@1dba4e06, org.springframework.boot.test.web.reactor.netty.DisableReactorResourceFactoryGlobalResourcesContextCustomizerFactory$DisableReactorResourceFactoryGlobalResourcesContextCustomizerCustomizer@10a0fe30, org.springframework.boot.test.autoconfigure.OnFailureConditionReportContextCustomizerFactory$OnFailureConditionReportContextCustomizer@262816a8, org.springframework.boot.test.autoconfigure.actuate.observability.ObservabilityContextCustomizerFactory$DisableObservabilityContextCustomizer@1f, org.springframework.boot.test.autoconfigure.properties.PropertyMappingContextCustomizer@0, org.springframework.boot.test.autoconfigure.web.servlet.WebDriverContextCustomizer@68a4dcc6, org.springframework.test.context.support.DynamicPropertiesContextCustomizer@0, org.springframework.boot.test.context.SpringBootTestAnnotation@7672287c], resourceBasePath = "src/main/webapp", contextLoader = org.springframework.boot.test.context.SpringBootContextLoader, parent = null], attributes = {"org.springframework.test.context.web.ServletTestExecutionListener.activateListener" -> true, "org.springframework.test.context.web.ServletTestExecutionListener.populatedRequestContextHolder" -> true, "org.springframework.test.context.web.ServletTestExecutionListener.resetRequestContextHolder" -> true, "org.springframework.test.context.event.ApplicationEventsTestExecutionListener.recordApplicationEvents" -> false}]]
]]></system-out>
  </testcase>
  <testcase name="processJourneyEvent_endToEnd_emitsKafkaMessage" classname="com.gradepath.content.profiling.ProfilingServiceIntegrationTest" time="0.005">
    <system-out><![CDATA[2026-01-21T17:50:19.869Z DEBUG 18921 --- [content-service] [           main] actionalApplicationListenerMethodAdapter : No transaction is active - skipping org.springframework.test.context.event.AfterTestMethodEvent[source=[DefaultTestContext@2291348e testClass = com.gradepath.content.profiling.ProfilingServiceIntegrationTest, testInstance = com.gradepath.content.profiling.ProfilingServiceIntegrationTest@95f1422, testMethod = processJourneyEvent_endToEnd_createsProfileInDatabase(), testException = null, mergedContextConfiguration = [WebMergedContextConfiguration@2294e673 testClass = com.gradepath.content.profiling.ProfilingServiceIntegrationTest, locations = [], classes = [com.gradepath.content.ContentApplication], contextInitializerClasses = [com.gradepath.content.profiling.ProfilingServiceIntegrationTest.TestcontainersInitializer], activeProfiles = [], propertySourceDescriptors = [], propertySourceProperties = ["org.springframework.boot.test.context.SpringBootTestContextBootstrapper=true"], contextCustomizers = [org.springframework.boot.test.context.filter.ExcludeFilterContextCustomizer@3c69362a, org.springframework.boot.test.json.DuplicateJsonObjectContextCustomizerFactory$DuplicateJsonObjectContextCustomizer@66f0548d, org.springframework.boot.test.mock.mockito.MockitoContextCustomizer@4f278145, org.springframework.boot.test.web.client.TestRestTemplateContextCustomizer@1dba4e06, org.springframework.boot.test.web.reactor.netty.DisableReactorResourceFactoryGlobalResourcesContextCustomizerFactory$DisableReactorResourceFactoryGlobalResourcesContextCustomizerCustomizer@10a0fe30, org.springframework.boot.test.autoconfigure.OnFailureConditionReportContextCustomizerFactory$OnFailureConditionReportContextCustomizer@262816a8, org.springframework.boot.test.autoconfigure.actuate.observability.ObservabilityContextCustomizerFactory$DisableObservabilityContextCustomizer@1f, org.springframework.boot.test.autoconfigure.properties.PropertyMappingContextCustomizer@0, org.springframework.boot.test.autoconfigure.web.servlet.WebDriverContextCustomizer@68a4dcc6, org.springframework.test.context.support.DynamicPropertiesContextCustomizer@0, org.springframework.boot.test.context.SpringBootTestAnnotation@7672287c], resourceBasePath = "src/main/webapp", contextLoader = org.springframework.boot.test.context.SpringBootContextLoader, parent = null], attributes = {"org.springframework.test.context.web.ServletTestExecutionListener.activateListener" -> true, "org.springframework.test.context.web.ServletTestExecutionListener.populatedRequestContextHolder" -> true, "org.springframework.test.context.web.ServletTestExecutionListener.resetRequestContextHolder" -> true, "org.springframework.test.context.event.ApplicationEventsTestExecutionListener.recordApplicationEvents" -> false}]]
2026-01-21T17:50:19.870Z DEBUG 18921 --- [content-service] [           main] actionalApplicationListenerMethodAdapter : No transaction is active - skipping org.springframework.test.context.event.BeforeTestMethodEvent[source=[DefaultTestContext@2291348e testClass = com.gradepath.content.profiling.ProfilingServiceIntegrationTest, testInstance = com.gradepath.content.profiling.ProfilingServiceIntegrationTest@95f1422, testMethod = processJourneyEvent_endToEnd_emitsKafkaMessage(), testException = null, mergedContextConfiguration = [WebMergedContextConfiguration@2294e673 testClass = com.gradepath.content.profiling.ProfilingServiceIntegrationTest, locations = [], classes = [com.gradepath.content.ContentApplication], contextInitializerClasses = [com.gradepath.content.profiling.ProfilingServiceIntegrationTest.TestcontainersInitializer], activeProfiles = [], propertySourceDescriptors = [], propertySourceProperties = ["org.springframework.boot.test.context.SpringBootTestContextBootstrapper=true"], contextCustomizers = [org.springframework.boot.test.context.filter.ExcludeFilterContextCustomizer@3c69362a, org.springframework.boot.test.json.DuplicateJsonObjectContextCustomizerFactory$DuplicateJsonObjectContextCustomizer@66f0548d, org.springframework.boot.test.mock.mockito.MockitoContextCustomizer@4f278145, org.springframework.boot.test.web.client.TestRestTemplateContextCustomizer@1dba4e06, org.springframework.boot.test.web.reactor.netty.DisableReactorResourceFactoryGlobalResourcesContextCustomizerFactory$DisableReactorResourceFactoryGlobalResourcesContextCustomizerCustomizer@10a0fe30, org.springframework.boot.test.autoconfigure.OnFailureConditionReportContextCustomizerFactory$OnFailureConditionReportContextCustomizer@262816a8, org.springframework.boot.test.autoconfigure.actuate.observability.ObservabilityContextCustomizerFactory$DisableObservabilityContextCustomizer@1f, org.springframework.boot.test.autoconfigure.properties.PropertyMappingContextCustomizer@0, org.springframework.boot.test.autoconfigure.web.servlet.WebDriverContextCustomizer@68a4dcc6, org.springframework.test.context.support.DynamicPropertiesContextCustomizer@0, org.springframework.boot.test.context.SpringBootTestAnnotation@7672287c], resourceBasePath = "src/main/webapp", contextLoader = org.springframework.boot.test.context.SpringBootContextLoader, parent = null], attributes = {"org.springframework.test.context.web.ServletTestExecutionListener.activateListener" -> true, "org.springframework.test.context.web.ServletTestExecutionListener.populatedRequestContextHolder" -> true, "org.springframework.test.context.web.ServletTestExecutionListener.resetRequestContextHolder" -> true, "org.springframework.test.context.event.ApplicationEventsTestExecutionListener.recordApplicationEvents" -> false}]]
2026-01-21T17:50:19.871Z DEBUG 18921 --- [content-service] [           main] actionalApplicationListenerMethodAdapter : No transaction is active - skipping org.springframework.test.context.event.BeforeTestExecutionEvent[source=[DefaultTestContext@2291348e testClass = com.gradepath.content.profiling.ProfilingServiceIntegrationTest, testInstance = com.gradepath.content.profiling.ProfilingServiceIntegrationTest@95f1422, testMethod = processJourneyEvent_endToEnd_emitsKafkaMessage(), testException = null, mergedContextConfiguration = [WebMergedContextConfiguration@2294e673 testClass = com.gradepath.content.profiling.ProfilingServiceIntegrationTest, locations = [], classes = [com.gradepath.content.ContentApplication], contextInitializerClasses = [com.gradepath.content.profiling.ProfilingServiceIntegrationTest.TestcontainersInitializer], activeProfiles = [], propertySourceDescriptors = [], propertySourceProperties = ["org.springframework.boot.test.context.SpringBootTestContextBootstrapper=true"], contextCustomizers = [org.springframework.boot.test.context.filter.ExcludeFilterContextCustomizer@3c69362a, org.springframework.boot.test.json.DuplicateJsonObjectContextCustomizerFactory$DuplicateJsonObjectContextCustomizer@66f0548d, org.springframework.boot.test.mock.mockito.MockitoContextCustomizer@4f278145, org.springframework.boot.test.web.client.TestRestTemplateContextCustomizer@1dba4e06, org.springframework.boot.test.web.reactor.netty.DisableReactorResourceFactoryGlobalResourcesContextCustomizerFactory$DisableReactorResourceFactoryGlobalResourcesContextCustomizerCustomizer@10a0fe30, org.springframework.boot.test.autoconfigure.OnFailureConditionReportContextCustomizerFactory$OnFailureConditionReportContextCustomizer@262816a8, org.springframework.boot.test.autoconfigure.actuate.observability.ObservabilityContextCustomizerFactory$DisableObservabilityContextCustomizer@1f, org.springframework.boot.test.autoconfigure.properties.PropertyMappingContextCustomizer@0, org.springframework.boot.test.autoconfigure.web.servlet.WebDriverContextCustomizer@68a4dcc6, org.springframework.test.context.support.DynamicPropertiesContextCustomizer@0, org.springframework.boot.test.context.SpringBootTestAnnotation@7672287c], resourceBasePath = "src/main/webapp", contextLoader = org.springframework.boot.test.context.SpringBootContextLoader, parent = null], attributes = {"org.springframework.test.context.web.ServletTestExecutionListener.activateListener" -> true, "org.springframework.test.context.web.ServletTestExecutionListener.populatedRequestContextHolder" -> true, "org.springframework.test.context.web.ServletTestExecutionListener.resetRequestContextHolder" -> true, "org.springframework.test.context.event.ApplicationEventsTestExecutionListener.recordApplicationEvents" -> false}]]
2026-01-21T17:50:19.871Z DEBUG 18921 --- [content-service] [           main] c.g.content.profiling.ProfilingService   : Processing raw behavioral event: {
    "topic": "content_journey",
    "userId": "kafka-test-user",
    "contentId": "content-456",
    "action": "completed",
    "topicTags": ["physics"],
    "timeInContentSeconds": 180
}

2026-01-21T17:50:19.874Z  INFO 18921 --- [content-service] [           main] c.g.c.r.p.BehavioralProfileService       : Saved behavioral profile for user: kafka-test-user
2026-01-21T17:50:19.875Z DEBUG 18921 --- [content-service] [           main] c.g.content.profiling.ProfilingService   : Emitted profile update for user: kafka-test-user
2026-01-21T17:50:19.875Z  INFO 18921 --- [content-service] [           main] c.g.content.profiling.ProfilingService   : Processed journey event for user: kafka-test-user, content: content-456, action: completed
2026-01-21T17:50:19.876Z DEBUG 18921 --- [content-service] [           main] actionalApplicationListenerMethodAdapter : No transaction is active - skipping org.springframework.test.context.event.AfterTestExecutionEvent[source=[DefaultTestContext@2291348e testClass = com.gradepath.content.profiling.ProfilingServiceIntegrationTest, testInstance = com.gradepath.content.profiling.ProfilingServiceIntegrationTest@95f1422, testMethod = processJourneyEvent_endToEnd_emitsKafkaMessage(), testException = null, mergedContextConfiguration = [WebMergedContextConfiguration@2294e673 testClass = com.gradepath.content.profiling.ProfilingServiceIntegrationTest, locations = [], classes = [com.gradepath.content.ContentApplication], contextInitializerClasses = [com.gradepath.content.profiling.ProfilingServiceIntegrationTest.TestcontainersInitializer], activeProfiles = [], propertySourceDescriptors = [], propertySourceProperties = ["org.springframework.boot.test.context.SpringBootTestContextBootstrapper=true"], contextCustomizers = [org.springframework.boot.test.context.filter.ExcludeFilterContextCustomizer@3c69362a, org.springframework.boot.test.json.DuplicateJsonObjectContextCustomizerFactory$DuplicateJsonObjectContextCustomizer@66f0548d, org.springframework.boot.test.mock.mockito.MockitoContextCustomizer@4f278145, org.springframework.boot.test.web.client.TestRestTemplateContextCustomizer@1dba4e06, org.springframework.boot.test.web.reactor.netty.DisableReactorResourceFactoryGlobalResourcesContextCustomizerFactory$DisableReactorResourceFactoryGlobalResourcesContextCustomizerCustomizer@10a0fe30, org.springframework.boot.test.autoconfigure.OnFailureConditionReportContextCustomizerFactory$OnFailureConditionReportContextCustomizer@262816a8, org.springframework.boot.test.autoconfigure.actuate.observability.ObservabilityContextCustomizerFactory$DisableObservabilityContextCustomizer@1f, org.springframework.boot.test.autoconfigure.properties.PropertyMappingContextCustomizer@0, org.springframework.boot.test.autoconfigure.web.servlet.WebDriverContextCustomizer@68a4dcc6, org.springframework.test.context.support.DynamicPropertiesContextCustomizer@0, org.springframework.boot.test.context.SpringBootTestAnnotation@7672287c], resourceBasePath = "src/main/webapp", contextLoader = org.springframework.boot.test.context.SpringBootContextLoader, parent = null], attributes = {"org.springframework.test.context.web.ServletTestExecutionListener.activateListener" -> true, "org.springframework.test.context.web.ServletTestExecutionListener.populatedRequestContextHolder" -> true, "org.springframework.test.context.web.ServletTestExecutionListener.resetRequestContextHolder" -> true, "org.springframework.test.context.event.ApplicationEventsTestExecutionListener.recordApplicationEvents" -> false}]]
]]></system-out>
  </testcase>
  <testcase name="processMultipleJourneyEvents_accumulatesProfile" classname="com.gradepath.content.profiling.ProfilingServiceIntegrationTest" time="0.017">
    <system-out><![CDATA[2026-01-21T17:50:19.878Z DEBUG 18921 --- [content-service] [           main] actionalApplicationListenerMethodAdapter : No transaction is active - skipping org.springframework.test.context.event.AfterTestMethodEvent[source=[DefaultTestContext@2291348e testClass = com.gradepath.content.profiling.ProfilingServiceIntegrationTest, testInstance = com.gradepath.content.profiling.ProfilingServiceIntegrationTest@95f1422, testMethod = processJourneyEvent_endToEnd_emitsKafkaMessage(), testException = null, mergedContextConfiguration = [WebMergedContextConfiguration@2294e673 testClass = com.gradepath.content.profiling.ProfilingServiceIntegrationTest, locations = [], classes = [com.gradepath.content.ContentApplication], contextInitializerClasses = [com.gradepath.content.profiling.ProfilingServiceIntegrationTest.TestcontainersInitializer], activeProfiles = [], propertySourceDescriptors = [], propertySourceProperties = ["org.springframework.boot.test.context.SpringBootTestContextBootstrapper=true"], contextCustomizers = [org.springframework.boot.test.context.filter.ExcludeFilterContextCustomizer@3c69362a, org.springframework.boot.test.json.DuplicateJsonObjectContextCustomizerFactory$DuplicateJsonObjectContextCustomizer@66f0548d, org.springframework.boot.test.mock.mockito.MockitoContextCustomizer@4f278145, org.springframework.boot.test.web.client.TestRestTemplateContextCustomizer@1dba4e06, org.springframework.boot.test.web.reactor.netty.DisableReactorResourceFactoryGlobalResourcesContextCustomizerFactory$DisableReactorResourceFactoryGlobalResourcesContextCustomizerCustomizer@10a0fe30, org.springframework.boot.test.autoconfigure.OnFailureConditionReportContextCustomizerFactory$OnFailureConditionReportContextCustomizer@262816a8, org.springframework.boot.test.autoconfigure.actuate.observability.ObservabilityContextCustomizerFactory$DisableObservabilityContextCustomizer@1f, org.springframework.boot.test.autoconfigure.properties.PropertyMappingContextCustomizer@0, org.springframework.boot.test.autoconfigure.web.servlet.WebDriverContextCustomizer@68a4dcc6, org.springframework.test.context.support.DynamicPropertiesContextCustomizer@0, org.springframework.boot.test.context.SpringBootTestAnnotation@7672287c], resourceBasePath = "src/main/webapp", contextLoader = org.springframework.boot.test.context.SpringBootContextLoader, parent = null], attributes = {"org.springframework.test.context.web.ServletTestExecutionListener.activateListener" -> true, "org.springframework.test.context.web.ServletTestExecutionListener.populatedRequestContextHolder" -> true, "org.springframework.test.context.web.ServletTestExecutionListener.resetRequestContextHolder" -> true, "org.springframework.test.context.event.ApplicationEventsTestExecutionListener.recordApplicationEvents" -> false}]]
2026-01-21T17:50:19.879Z DEBUG 18921 --- [content-service] [           main] actionalApplicationListenerMethodAdapter : No transaction is active - skipping org.springframework.test.context.event.BeforeTestMethodEvent[source=[DefaultTestContext@2291348e testClass = com.gradepath.content.profiling.ProfilingServiceIntegrationTest, testInstance = com.gradepath.content.profiling.ProfilingServiceIntegrationTest@95f1422, testMethod = processMultipleJourneyEvents_accumulatesProfile(), testException = null, mergedContextConfiguration = [WebMergedContextConfiguration@2294e673 testClass = com.gradepath.content.profiling.ProfilingServiceIntegrationTest, locations = [], classes = [com.gradepath.content.ContentApplication], contextInitializerClasses = [com.gradepath.content.profiling.ProfilingServiceIntegrationTest.TestcontainersInitializer], activeProfiles = [], propertySourceDescriptors = [], propertySourceProperties = ["org.springframework.boot.test.context.SpringBootTestContextBootstrapper=true"], contextCustomizers = [org.springframework.boot.test.context.filter.ExcludeFilterContextCustomizer@3c69362a, org.springframework.boot.test.json.DuplicateJsonObjectContextCustomizerFactory$DuplicateJsonObjectContextCustomizer@66f0548d, org.springframework.boot.test.mock.mockito.MockitoContextCustomizer@4f278145, org.springframework.boot.test.web.client.TestRestTemplateContextCustomizer@1dba4e06, org.springframework.boot.test.web.reactor.netty.DisableReactorResourceFactoryGlobalResourcesContextCustomizerFactory$DisableReactorResourceFactoryGlobalResourcesContextCustomizerCustomizer@10a0fe30, org.springframework.boot.test.autoconfigure.OnFailureConditionReportContextCustomizerFactory$OnFailureConditionReportContextCustomizer@262816a8, org.springframework.boot.test.autoconfigure.actuate.observability.ObservabilityContextCustomizerFactory$DisableObservabilityContextCustomizer@1f, org.springframework.boot.test.autoconfigure.properties.PropertyMappingContextCustomizer@0, org.springframework.boot.test.autoconfigure.web.servlet.WebDriverContextCustomizer@68a4dcc6, org.springframework.test.context.support.DynamicPropertiesContextCustomizer@0, org.springframework.boot.test.context.SpringBootTestAnnotation@7672287c], resourceBasePath = "src/main/webapp", contextLoader = org.springframework.boot.test.context.SpringBootContextLoader, parent = null], attributes = {"org.springframework.test.context.web.ServletTestExecutionListener.activateListener" -> true, "org.springframework.test.context.web.ServletTestExecutionListener.populatedRequestContextHolder" -> true, "org.springframework.test.context.web.ServletTestExecutionListener.resetRequestContextHolder" -> true, "org.springframework.test.context.event.ApplicationEventsTestExecutionListener.recordApplicationEvents" -> false}]]
2026-01-21T17:50:19.880Z DEBUG 18921 --- [content-service] [           main] actionalApplicationListenerMethodAdapter : No transaction is active - skipping org.springframework.test.context.event.BeforeTestExecutionEvent[source=[DefaultTestContext@2291348e testClass = com.gradepath.content.profiling.ProfilingServiceIntegrationTest, testInstance = com.gradepath.content.profiling.ProfilingServiceIntegrationTest@95f1422, testMethod = processMultipleJourneyEvents_accumulatesProfile(), testException = null, mergedContextConfiguration = [WebMergedContextConfiguration@2294e673 testClass = com.gradepath.content.profiling.ProfilingServiceIntegrationTest, locations = [], classes = [com.gradepath.content.ContentApplication], contextInitializerClasses = [com.gradepath.content.profiling.ProfilingServiceIntegrationTest.TestcontainersInitializer], activeProfiles = [], propertySourceDescriptors = [], propertySourceProperties = ["org.springframework.boot.test.context.SpringBootTestContextBootstrapper=true"], contextCustomizers = [org.springframework.boot.test.context.filter.ExcludeFilterContextCustomizer@3c69362a, org.springframework.boot.test.json.DuplicateJsonObjectContextCustomizerFactory$DuplicateJsonObjectContextCustomizer@66f0548d, org.springframework.boot.test.mock.mockito.MockitoContextCustomizer@4f278145, org.springframework.boot.test.web.client.TestRestTemplateContextCustomizer@1dba4e06, org.springframework.boot.test.web.reactor.netty.DisableReactorResourceFactoryGlobalResourcesContextCustomizerFactory$DisableReactorResourceFactoryGlobalResourcesContextCustomizerCustomizer@10a0fe30, org.springframework.boot.test.autoconfigure.OnFailureConditionReportContextCustomizerFactory$OnFailureConditionReportContextCustomizer@262816a8, org.springframework.boot.test.autoconfigure.actuate.observability.ObservabilityContextCustomizerFactory$DisableObservabilityContextCustomizer@1f, org.springframework.boot.test.autoconfigure.properties.PropertyMappingContextCustomizer@0, org.springframework.boot.test.autoconfigure.web.servlet.WebDriverContextCustomizer@68a4dcc6, org.springframework.test.context.support.DynamicPropertiesContextCustomizer@0, org.springframework.boot.test.context.SpringBootTestAnnotation@7672287c], resourceBasePath = "src/main/webapp", contextLoader = org.springframework.boot.test.context.SpringBootContextLoader, parent = null], attributes = {"org.springframework.test.context.web.ServletTestExecutionListener.activateListener" -> true, "org.springframework.test.context.web.ServletTestExecutionListener.populatedRequestContextHolder" -> true, "org.springframework.test.context.web.ServletTestExecutionListener.resetRequestContextHolder" -> true, "org.springframework.test.context.event.ApplicationEventsTestExecutionListener.recordApplicationEvents" -> false}]]
2026-01-21T17:50:19.881Z DEBUG 18921 --- [content-service] [           main] c.g.content.profiling.ProfilingService   : Processing raw behavioral event: {
    "topic": "content_journey",
    "userId": "multi-event-user",
    "contentId": "content-1",
    "action": "completed",
    "topicTags": ["math"],
    "timeInContentSeconds": 120
}

2026-01-21T17:50:19.885Z  INFO 18921 --- [content-service] [           main] c.g.c.r.p.BehavioralProfileService       : Saved behavioral profile for user: multi-event-user
2026-01-21T17:50:19.886Z DEBUG 18921 --- [content-service] [           main] c.g.content.profiling.ProfilingService   : Emitted profile update for user: multi-event-user
2026-01-21T17:50:19.886Z  INFO 18921 --- [content-service] [           main] c.g.content.profiling.ProfilingService   : Processed journey event for user: multi-event-user, content: content-1, action: completed
2026-01-21T17:50:19.886Z DEBUG 18921 --- [content-service] [           main] c.g.content.profiling.ProfilingService   : Processing raw behavioral event: {
    "topic": "content_journey",
    "userId": "multi-event-user",
    "contentId": "content-2",
    "action": "completed",
    "topicTags": ["math", "algebra"],
    "timeInContentSeconds": 180
}

2026-01-21T17:50:19.887Z  INFO 18921 --- [content-service] [           main] c.g.c.r.p.BehavioralProfileService       : Saved behavioral profile for user: multi-event-user
2026-01-21T17:50:19.888Z DEBUG 18921 --- [content-service] [           main] c.g.content.profiling.ProfilingService   : Emitted profile update for user: multi-event-user
2026-01-21T17:50:19.888Z  INFO 18921 --- [content-service] [           main] c.g.content.profiling.ProfilingService   : Processed journey event for user: multi-event-user, content: content-2, action: completed
2026-01-21T17:50:19.888Z DEBUG 18921 --- [content-service] [           main] c.g.content.profiling.ProfilingService   : Processing raw behavioral event: {
    "topic": "content_journey",
    "userId": "multi-event-user",
    "contentId": "content-3",
    "action": "revisited",
    "topicTags": ["physics"],
    "timeInContentSeconds": 90
}

2026-01-21T17:50:19.890Z  INFO 18921 --- [content-service] [           main] c.g.c.r.p.BehavioralProfileService       : Saved behavioral profile for user: multi-event-user
2026-01-21T17:50:19.891Z DEBUG 18921 --- [content-service] [           main] c.g.content.profiling.ProfilingService   : Emitted profile update for user: multi-event-user
2026-01-21T17:50:19.891Z  INFO 18921 --- [content-service] [           main] c.g.content.profiling.ProfilingService   : Processed journey event for user: multi-event-user, content: content-3, action: revisited
2026-01-21T17:50:19.897Z DEBUG 18921 --- [content-service] [           main] actionalApplicationListenerMethodAdapter : No transaction is active - skipping org.springframework.test.context.event.AfterTestExecutionEvent[source=[DefaultTestContext@2291348e testClass = com.gradepath.content.profiling.ProfilingServiceIntegrationTest, testInstance = com.gradepath.content.profiling.ProfilingServiceIntegrationTest@95f1422, testMethod = processMultipleJourneyEvents_accumulatesProfile(), testException = null, mergedContextConfiguration = [WebMergedContextConfiguration@2294e673 testClass = com.gradepath.content.profiling.ProfilingServiceIntegrationTest, locations = [], classes = [com.gradepath.content.ContentApplication], contextInitializerClasses = [com.gradepath.content.profiling.ProfilingServiceIntegrationTest.TestcontainersInitializer], activeProfiles = [], propertySourceDescriptors = [], propertySourceProperties = ["org.springframework.boot.test.context.SpringBootTestContextBootstrapper=true"], contextCustomizers = [org.springframework.boot.test.context.filter.ExcludeFilterContextCustomizer@3c69362a, org.springframework.boot.test.json.DuplicateJsonObjectContextCustomizerFactory$DuplicateJsonObjectContextCustomizer@66f0548d, org.springframework.boot.test.mock.mockito.MockitoContextCustomizer@4f278145, org.springframework.boot.test.web.client.TestRestTemplateContextCustomizer@1dba4e06, org.springframework.boot.test.web.reactor.netty.DisableReactorResourceFactoryGlobalResourcesContextCustomizerFactory$DisableReactorResourceFactoryGlobalResourcesContextCustomizerCustomizer@10a0fe30, org.springframework.boot.test.autoconfigure.OnFailureConditionReportContextCustomizerFactory$OnFailureConditionReportContextCustomizer@262816a8, org.springframework.boot.test.autoconfigure.actuate.observability.ObservabilityContextCustomizerFactory$DisableObservabilityContextCustomizer@1f, org.springframework.boot.test.autoconfigure.properties.PropertyMappingContextCustomizer@0, org.springframework.boot.test.autoconfigure.web.servlet.WebDriverContextCustomizer@68a4dcc6, org.springframework.test.context.support.DynamicPropertiesContextCustomizer@0, org.springframework.boot.test.context.SpringBootTestAnnotation@7672287c], resourceBasePath = "src/main/webapp", contextLoader = org.springframework.boot.test.context.SpringBootContextLoader, parent = null], attributes = {"org.springframework.test.context.web.ServletTestExecutionListener.activateListener" -> true, "org.springframework.test.context.web.ServletTestExecutionListener.populatedRequestContextHolder" -> true, "org.springframework.test.context.web.ServletTestExecutionListener.resetRequestContextHolder" -> true, "org.springframework.test.context.event.ApplicationEventsTestExecutionListener.recordApplicationEvents" -> false}]]
]]></system-out>
  </testcase>
  <testcase name="processSessionAndJourneyEvents_combinesData" classname="com.gradepath.content.profiling.ProfilingServiceIntegrationTest" time="0.01">
    <system-out><![CDATA[2026-01-21T17:50:19.899Z DEBUG 18921 --- [content-service] [           main] actionalApplicationListenerMethodAdapter : No transaction is active - skipping org.springframework.test.context.event.AfterTestMethodEvent[source=[DefaultTestContext@2291348e testClass = com.gradepath.content.profiling.ProfilingServiceIntegrationTest, testInstance = com.gradepath.content.profiling.ProfilingServiceIntegrationTest@95f1422, testMethod = processMultipleJourneyEvents_accumulatesProfile(), testException = null, mergedContextConfiguration = [WebMergedContextConfiguration@2294e673 testClass = com.gradepath.content.profiling.ProfilingServiceIntegrationTest, locations = [], classes = [com.gradepath.content.ContentApplication], contextInitializerClasses = [com.gradepath.content.profiling.ProfilingServiceIntegrationTest.TestcontainersInitializer], activeProfiles = [], propertySourceDescriptors = [], propertySourceProperties = ["org.springframework.boot.test.context.SpringBootTestContextBootstrapper=true"], contextCustomizers = [org.springframework.boot.test.context.filter.ExcludeFilterContextCustomizer@3c69362a, org.springframework.boot.test.json.DuplicateJsonObjectContextCustomizerFactory$DuplicateJsonObjectContextCustomizer@66f0548d, org.springframework.boot.test.mock.mockito.MockitoContextCustomizer@4f278145, org.springframework.boot.test.web.client.TestRestTemplateContextCustomizer@1dba4e06, org.springframework.boot.test.web.reactor.netty.DisableReactorResourceFactoryGlobalResourcesContextCustomizerFactory$DisableReactorResourceFactoryGlobalResourcesContextCustomizerCustomizer@10a0fe30, org.springframework.boot.test.autoconfigure.OnFailureConditionReportContextCustomizerFactory$OnFailureConditionReportContextCustomizer@262816a8, org.springframework.boot.test.autoconfigure.actuate.observability.ObservabilityContextCustomizerFactory$DisableObservabilityContextCustomizer@1f, org.springframework.boot.test.autoconfigure.properties.PropertyMappingContextCustomizer@0, org.springframework.boot.test.autoconfigure.web.servlet.WebDriverContextCustomizer@68a4dcc6, org.springframework.test.context.support.DynamicPropertiesContextCustomizer@0, org.springframework.boot.test.context.SpringBootTestAnnotation@7672287c], resourceBasePath = "src/main/webapp", contextLoader = org.springframework.boot.test.context.SpringBootContextLoader, parent = null], attributes = {"org.springframework.test.context.web.ServletTestExecutionListener.activateListener" -> true, "org.springframework.test.context.web.ServletTestExecutionListener.populatedRequestContextHolder" -> true, "org.springframework.test.context.web.ServletTestExecutionListener.resetRequestContextHolder" -> true, "org.springframework.test.context.event.ApplicationEventsTestExecutionListener.recordApplicationEvents" -> false}]]
2026-01-21T17:50:19.900Z DEBUG 18921 --- [content-service] [           main] actionalApplicationListenerMethodAdapter : No transaction is active - skipping org.springframework.test.context.event.BeforeTestMethodEvent[source=[DefaultTestContext@2291348e testClass = com.gradepath.content.profiling.ProfilingServiceIntegrationTest, testInstance = com.gradepath.content.profiling.ProfilingServiceIntegrationTest@95f1422, testMethod = processSessionAndJourneyEvents_combinesData(), testException = null, mergedContextConfiguration = [WebMergedContextConfiguration@2294e673 testClass = com.gradepath.content.profiling.ProfilingServiceIntegrationTest, locations = [], classes = [com.gradepath.content.ContentApplication], contextInitializerClasses = [com.gradepath.content.profiling.ProfilingServiceIntegrationTest.TestcontainersInitializer], activeProfiles = [], propertySourceDescriptors = [], propertySourceProperties = ["org.springframework.boot.test.context.SpringBootTestContextBootstrapper=true"], contextCustomizers = [org.springframework.boot.test.context.filter.ExcludeFilterContextCustomizer@3c69362a, org.springframework.boot.test.json.DuplicateJsonObjectContextCustomizerFactory$DuplicateJsonObjectContextCustomizer@66f0548d, org.springframework.boot.test.mock.mockito.MockitoContextCustomizer@4f278145, org.springframework.boot.test.web.client.TestRestTemplateContextCustomizer@1dba4e06, org.springframework.boot.test.web.reactor.netty.DisableReactorResourceFactoryGlobalResourcesContextCustomizerFactory$DisableReactorResourceFactoryGlobalResourcesContextCustomizerCustomizer@10a0fe30, org.springframework.boot.test.autoconfigure.OnFailureConditionReportContextCustomizerFactory$OnFailureConditionReportContextCustomizer@262816a8, org.springframework.boot.test.autoconfigure.actuate.observability.ObservabilityContextCustomizerFactory$DisableObservabilityContextCustomizer@1f, org.springframework.boot.test.autoconfigure.properties.PropertyMappingContextCustomizer@0, org.springframework.boot.test.autoconfigure.web.servlet.WebDriverContextCustomizer@68a4dcc6, org.springframework.test.context.support.DynamicPropertiesContextCustomizer@0, org.springframework.boot.test.context.SpringBootTestAnnotation@7672287c], resourceBasePath = "src/main/webapp", contextLoader = org.springframework.boot.test.context.SpringBootContextLoader, parent = null], attributes = {"org.springframework.test.context.web.ServletTestExecutionListener.activateListener" -> true, "org.springframework.test.context.web.ServletTestExecutionListener.populatedRequestContextHolder" -> true, "org.springframework.test.context.web.ServletTestExecutionListener.resetRequestContextHolder" -> true, "org.springframework.test.context.event.ApplicationEventsTestExecutionListener.recordApplicationEvents" -> false}]]
2026-01-21T17:50:19.901Z DEBUG 18921 --- [content-service] [           main] actionalApplicationListenerMethodAdapter : No transaction is active - skipping org.springframework.test.context.event.BeforeTestExecutionEvent[source=[DefaultTestContext@2291348e testClass = com.gradepath.content.profiling.ProfilingServiceIntegrationTest, testInstance = com.gradepath.content.profiling.ProfilingServiceIntegrationTest@95f1422, testMethod = processSessionAndJourneyEvents_combinesData(), testException = null, mergedContextConfiguration = [WebMergedContextConfiguration@2294e673 testClass = com.gradepath.content.profiling.ProfilingServiceIntegrationTest, locations = [], classes = [com.gradepath.content.ContentApplication], contextInitializerClasses = [com.gradepath.content.profiling.ProfilingServiceIntegrationTest.TestcontainersInitializer], activeProfiles = [], propertySourceDescriptors = [], propertySourceProperties = ["org.springframework.boot.test.context.SpringBootTestContextBootstrapper=true"], contextCustomizers = [org.springframework.boot.test.context.filter.ExcludeFilterContextCustomizer@3c69362a, org.springframework.boot.test.json.DuplicateJsonObjectContextCustomizerFactory$DuplicateJsonObjectContextCustomizer@66f0548d, org.springframework.boot.test.mock.mockito.MockitoContextCustomizer@4f278145, org.springframework.boot.test.web.client.TestRestTemplateContextCustomizer@1dba4e06, org.springframework.boot.test.web.reactor.netty.DisableReactorResourceFactoryGlobalResourcesContextCustomizerFactory$DisableReactorResourceFactoryGlobalResourcesContextCustomizerCustomizer@10a0fe30, org.springframework.boot.test.autoconfigure.OnFailureConditionReportContextCustomizerFactory$OnFailureConditionReportContextCustomizer@262816a8, org.springframework.boot.test.autoconfigure.actuate.observability.ObservabilityContextCustomizerFactory$DisableObservabilityContextCustomizer@1f, org.springframework.boot.test.autoconfigure.properties.PropertyMappingContextCustomizer@0, org.springframework.boot.test.autoconfigure.web.servlet.WebDriverContextCustomizer@68a4dcc6, org.springframework.test.context.support.DynamicPropertiesContextCustomizer@0, org.springframework.boot.test.context.SpringBootTestAnnotation@7672287c], resourceBasePath = "src/main/webapp", contextLoader = org.springframework.boot.test.context.SpringBootContextLoader, parent = null], attributes = {"org.springframework.test.context.web.ServletTestExecutionListener.activateListener" -> true, "org.springframework.test.context.web.ServletTestExecutionListener.populatedRequestContextHolder" -> true, "org.springframework.test.context.web.ServletTestExecutionListener.resetRequestContextHolder" -> true, "org.springframework.test.context.event.ApplicationEventsTestExecutionListener.recordApplicationEvents" -> false}]]
2026-01-21T17:50:19.902Z DEBUG 18921 --- [content-service] [           main] c.g.content.profiling.ProfilingService   : Processing raw behavioral event: {
    "topic": "content_journey",
    "userId": "combined-user",
    "contentId": "content-1",
    "action": "completed",
    "topicTags": ["chemistry"],
    "timeInContentSeconds": 150
}

2026-01-21T17:50:19.906Z  INFO 18921 --- [content-service] [           main] c.g.c.r.p.BehavioralProfileService       : Saved behavioral profile for user: combined-user
2026-01-21T17:50:19.907Z DEBUG 18921 --- [content-service] [           main] c.g.content.profiling.ProfilingService   : Emitted profile update for user: combined-user
2026-01-21T17:50:19.907Z  INFO 18921 --- [content-service] [           main] c.g.content.profiling.ProfilingService   : Processed journey event for user: combined-user, content: content-1, action: completed
2026-01-21T17:50:19.907Z DEBUG 18921 --- [content-service] [           main] c.g.content.profiling.ProfilingService   : Processing raw behavioral event: {
    "topic": "session_lifecycle",
    "userId": "combined-user",
    "eventType": "session_end",
    "durationSeconds": 450,
    "contentCount": 3
}

2026-01-21T17:50:19.908Z DEBUG 18921 --- [content-service] [           main] c.g.c.p.algorithm.EngagementClassifier   : Updated engagement for user combined-user: classification=unknown, confidence=0.0
2026-01-21T17:50:19.909Z  INFO 18921 --- [content-service] [           main] c.g.c.r.p.BehavioralProfileService       : Saved behavioral profile for user: combined-user
2026-01-21T17:50:19.910Z DEBUG 18921 --- [content-service] [           main] c.g.content.profiling.ProfilingService   : Emitted profile update for user: combined-user
2026-01-21T17:50:19.910Z  INFO 18921 --- [content-service] [           main] c.g.content.profiling.ProfilingService   : Processed session_end for user: combined-user, duration: 450s, content: 3
2026-01-21T17:50:19.911Z DEBUG 18921 --- [content-service] [           main] actionalApplicationListenerMethodAdapter : No transaction is active - skipping org.springframework.test.context.event.AfterTestExecutionEvent[source=[DefaultTestContext@2291348e testClass = com.gradepath.content.profiling.ProfilingServiceIntegrationTest, testInstance = com.gradepath.content.profiling.ProfilingServiceIntegrationTest@95f1422, testMethod = processSessionAndJourneyEvents_combinesData(), testException = null, mergedContextConfiguration = [WebMergedContextConfiguration@2294e673 testClass = com.gradepath.content.profiling.ProfilingServiceIntegrationTest, locations = [], classes = [com.gradepath.content.ContentApplication], contextInitializerClasses = [com.gradepath.content.profiling.ProfilingServiceIntegrationTest.TestcontainersInitializer], activeProfiles = [], propertySourceDescriptors = [], propertySourceProperties = ["org.springframework.boot.test.context.SpringBootTestContextBootstrapper=true"], contextCustomizers = [org.springframework.boot.test.context.filter.ExcludeFilterContextCustomizer@3c69362a, org.springframework.boot.test.json.DuplicateJsonObjectContextCustomizerFactory$DuplicateJsonObjectContextCustomizer@66f0548d, org.springframework.boot.test.mock.mockito.MockitoContextCustomizer@4f278145, org.springframework.boot.test.web.client.TestRestTemplateContextCustomizer@1dba4e06, org.springframework.boot.test.web.reactor.netty.DisableReactorResourceFactoryGlobalResourcesContextCustomizerFactory$DisableReactorResourceFactoryGlobalResourcesContextCustomizerCustomizer@10a0fe30, org.springframework.boot.test.autoconfigure.OnFailureConditionReportContextCustomizerFactory$OnFailureConditionReportContextCustomizer@262816a8, org.springframework.boot.test.autoconfigure.actuate.observability.ObservabilityContextCustomizerFactory$DisableObservabilityContextCustomizer@1f, org.springframework.boot.test.autoconfigure.properties.PropertyMappingContextCustomizer@0, org.springframework.boot.test.autoconfigure.web.servlet.WebDriverContextCustomizer@68a4dcc6, org.springframework.test.context.support.DynamicPropertiesContextCustomizer@0, org.springframework.boot.test.context.SpringBootTestAnnotation@7672287c], resourceBasePath = "src/main/webapp", contextLoader = org.springframework.boot.test.context.SpringBootContextLoader, parent = null], attributes = {"org.springframework.test.context.web.ServletTestExecutionListener.activateListener" -> true, "org.springframework.test.context.web.ServletTestExecutionListener.populatedRequestContextHolder" -> true, "org.springframework.test.context.web.ServletTestExecutionListener.resetRequestContextHolder" -> true, "org.springframework.test.context.event.ApplicationEventsTestExecutionListener.recordApplicationEvents" -> false}]]
]]></system-out>
  </testcase>
  <testcase name="processSessionEvent_endToEnd_updatesSessionCount" classname="com.gradepath.content.profiling.ProfilingServiceIntegrationTest" time="0.005">
    <system-out><![CDATA[2026-01-21T17:50:19.913Z DEBUG 18921 --- [content-service] [           main] actionalApplicationListenerMethodAdapter : No transaction is active - skipping org.springframework.test.context.event.AfterTestMethodEvent[source=[DefaultTestContext@2291348e testClass = com.gradepath.content.profiling.ProfilingServiceIntegrationTest, testInstance = com.gradepath.content.profiling.ProfilingServiceIntegrationTest@95f1422, testMethod = processSessionAndJourneyEvents_combinesData(), testException = null, mergedContextConfiguration = [WebMergedContextConfiguration@2294e673 testClass = com.gradepath.content.profiling.ProfilingServiceIntegrationTest, locations = [], classes = [com.gradepath.content.ContentApplication], contextInitializerClasses = [com.gradepath.content.profiling.ProfilingServiceIntegrationTest.TestcontainersInitializer], activeProfiles = [], propertySourceDescriptors = [], propertySourceProperties = ["org.springframework.boot.test.context.SpringBootTestContextBootstrapper=true"], contextCustomizers = [org.springframework.boot.test.context.filter.ExcludeFilterContextCustomizer@3c69362a, org.springframework.boot.test.json.DuplicateJsonObjectContextCustomizerFactory$DuplicateJsonObjectContextCustomizer@66f0548d, org.springframework.boot.test.mock.mockito.MockitoContextCustomizer@4f278145, org.springframework.boot.test.web.client.TestRestTemplateContextCustomizer@1dba4e06, org.springframework.boot.test.web.reactor.netty.DisableReactorResourceFactoryGlobalResourcesContextCustomizerFactory$DisableReactorResourceFactoryGlobalResourcesContextCustomizerCustomizer@10a0fe30, org.springframework.boot.test.autoconfigure.OnFailureConditionReportContextCustomizerFactory$OnFailureConditionReportContextCustomizer@262816a8, org.springframework.boot.test.autoconfigure.actuate.observability.ObservabilityContextCustomizerFactory$DisableObservabilityContextCustomizer@1f, org.springframework.boot.test.autoconfigure.properties.PropertyMappingContextCustomizer@0, org.springframework.boot.test.autoconfigure.web.servlet.WebDriverContextCustomizer@68a4dcc6, org.springframework.test.context.support.DynamicPropertiesContextCustomizer@0, org.springframework.boot.test.context.SpringBootTestAnnotation@7672287c], resourceBasePath = "src/main/webapp", contextLoader = org.springframework.boot.test.context.SpringBootContextLoader, parent = null], attributes = {"org.springframework.test.context.web.ServletTestExecutionListener.activateListener" -> true, "org.springframework.test.context.web.ServletTestExecutionListener.populatedRequestContextHolder" -> true, "org.springframework.test.context.web.ServletTestExecutionListener.resetRequestContextHolder" -> true, "org.springframework.test.context.event.ApplicationEventsTestExecutionListener.recordApplicationEvents" -> false}]]
2026-01-21T17:50:19.914Z DEBUG 18921 --- [content-service] [           main] actionalApplicationListenerMethodAdapter : No transaction is active - skipping org.springframework.test.context.event.BeforeTestMethodEvent[source=[DefaultTestContext@2291348e testClass = com.gradepath.content.profiling.ProfilingServiceIntegrationTest, testInstance = com.gradepath.content.profiling.ProfilingServiceIntegrationTest@95f1422, testMethod = processSessionEvent_endToEnd_updatesSessionCount(), testException = null, mergedContextConfiguration = [WebMergedContextConfiguration@2294e673 testClass = com.gradepath.content.profiling.ProfilingServiceIntegrationTest, locations = [], classes = [com.gradepath.content.ContentApplication], contextInitializerClasses = [com.gradepath.content.profiling.ProfilingServiceIntegrationTest.TestcontainersInitializer], activeProfiles = [], propertySourceDescriptors = [], propertySourceProperties = ["org.springframework.boot.test.context.SpringBootTestContextBootstrapper=true"], contextCustomizers = [org.springframework.boot.test.context.filter.ExcludeFilterContextCustomizer@3c69362a, org.springframework.boot.test.json.DuplicateJsonObjectContextCustomizerFactory$DuplicateJsonObjectContextCustomizer@66f0548d, org.springframework.boot.test.mock.mockito.MockitoContextCustomizer@4f278145, org.springframework.boot.test.web.client.TestRestTemplateContextCustomizer@1dba4e06, org.springframework.boot.test.web.reactor.netty.DisableReactorResourceFactoryGlobalResourcesContextCustomizerFactory$DisableReactorResourceFactoryGlobalResourcesContextCustomizerCustomizer@10a0fe30, org.springframework.boot.test.autoconfigure.OnFailureConditionReportContextCustomizerFactory$OnFailureConditionReportContextCustomizer@262816a8, org.springframework.boot.test.autoconfigure.actuate.observability.ObservabilityContextCustomizerFactory$DisableObservabilityContextCustomizer@1f, org.springframework.boot.test.autoconfigure.properties.PropertyMappingContextCustomizer@0, org.springframework.boot.test.autoconfigure.web.servlet.WebDriverContextCustomizer@68a4dcc6, org.springframework.test.context.support.DynamicPropertiesContextCustomizer@0, org.springframework.boot.test.context.SpringBootTestAnnotation@7672287c], resourceBasePath = "src/main/webapp", contextLoader = org.springframework.boot.test.context.SpringBootContextLoader, parent = null], attributes = {"org.springframework.test.context.web.ServletTestExecutionListener.activateListener" -> true, "org.springframework.test.context.web.ServletTestExecutionListener.populatedRequestContextHolder" -> true, "org.springframework.test.context.web.ServletTestExecutionListener.resetRequestContextHolder" -> true, "org.springframework.test.context.event.ApplicationEventsTestExecutionListener.recordApplicationEvents" -> false}]]
2026-01-21T17:50:19.915Z DEBUG 18921 --- [content-service] [           main] actionalApplicationListenerMethodAdapter : No transaction is active - skipping org.springframework.test.context.event.BeforeTestExecutionEvent[source=[DefaultTestContext@2291348e testClass = com.gradepath.content.profiling.ProfilingServiceIntegrationTest, testInstance = com.gradepath.content.profiling.ProfilingServiceIntegrationTest@95f1422, testMethod = processSessionEvent_endToEnd_updatesSessionCount(), testException = null, mergedContextConfiguration = [WebMergedContextConfiguration@2294e673 testClass = com.gradepath.content.profiling.ProfilingServiceIntegrationTest, locations = [], classes = [com.gradepath.content.ContentApplication], contextInitializerClasses = [com.gradepath.content.profiling.ProfilingServiceIntegrationTest.TestcontainersInitializer], activeProfiles = [], propertySourceDescriptors = [], propertySourceProperties = ["org.springframework.boot.test.context.SpringBootTestContextBootstrapper=true"], contextCustomizers = [org.springframework.boot.test.context.filter.ExcludeFilterContextCustomizer@3c69362a, org.springframework.boot.test.json.DuplicateJsonObjectContextCustomizerFactory$DuplicateJsonObjectContextCustomizer@66f0548d, org.springframework.boot.test.mock.mockito.MockitoContextCustomizer@4f278145, org.springframework.boot.test.web.client.TestRestTemplateContextCustomizer@1dba4e06, org.springframework.boot.test.web.reactor.netty.DisableReactorResourceFactoryGlobalResourcesContextCustomizerFactory$DisableReactorResourceFactoryGlobalResourcesContextCustomizerCustomizer@10a0fe30, org.springframework.boot.test.autoconfigure.OnFailureConditionReportContextCustomizerFactory$OnFailureConditionReportContextCustomizer@262816a8, org.springframework.boot.test.autoconfigure.actuate.observability.ObservabilityContextCustomizerFactory$DisableObservabilityContextCustomizer@1f, org.springframework.boot.test.autoconfigure.properties.PropertyMappingContextCustomizer@0, org.springframework.boot.test.autoconfigure.web.servlet.WebDriverContextCustomizer@68a4dcc6, org.springframework.test.context.support.DynamicPropertiesContextCustomizer@0, org.springframework.boot.test.context.SpringBootTestAnnotation@7672287c], resourceBasePath = "src/main/webapp", contextLoader = org.springframework.boot.test.context.SpringBootContextLoader, parent = null], attributes = {"org.springframework.test.context.web.ServletTestExecutionListener.activateListener" -> true, "org.springframework.test.context.web.ServletTestExecutionListener.populatedRequestContextHolder" -> true, "org.springframework.test.context.web.ServletTestExecutionListener.resetRequestContextHolder" -> true, "org.springframework.test.context.event.ApplicationEventsTestExecutionListener.recordApplicationEvents" -> false}]]
2026-01-21T17:50:19.915Z DEBUG 18921 --- [content-service] [           main] c.g.content.profiling.ProfilingService   : Processing raw behavioral event: {
    "topic": "session_lifecycle",
    "userId": "session-user-1",
    "eventType": "session_end",
    "durationSeconds": 300,
    "contentCount": 5
}

2026-01-21T17:50:19.917Z DEBUG 18921 --- [content-service] [           main] c.g.c.p.algorithm.EngagementClassifier   : Updated engagement for user session-user-1: classification=unknown, confidence=0.0
2026-01-21T17:50:19.918Z  INFO 18921 --- [content-service] [           main] c.g.c.r.p.BehavioralProfileService       : Saved behavioral profile for user: session-user-1
2026-01-21T17:50:19.919Z DEBUG 18921 --- [content-service] [           main] c.g.content.profiling.ProfilingService   : Emitted profile update for user: session-user-1
2026-01-21T17:50:19.919Z  INFO 18921 --- [content-service] [           main] c.g.content.profiling.ProfilingService   : Processed session_end for user: session-user-1, duration: 300s, content: 5
2026-01-21T17:50:19.920Z DEBUG 18921 --- [content-service] [           main] actionalApplicationListenerMethodAdapter : No transaction is active - skipping org.springframework.test.context.event.AfterTestExecutionEvent[source=[DefaultTestContext@2291348e testClass = com.gradepath.content.profiling.ProfilingServiceIntegrationTest, testInstance = com.gradepath.content.profiling.ProfilingServiceIntegrationTest@95f1422, testMethod = processSessionEvent_endToEnd_updatesSessionCount(), testException = null, mergedContextConfiguration = [WebMergedContextConfiguration@2294e673 testClass = com.gradepath.content.profiling.ProfilingServiceIntegrationTest, locations = [], classes = [com.gradepath.content.ContentApplication], contextInitializerClasses = [com.gradepath.content.profiling.ProfilingServiceIntegrationTest.TestcontainersInitializer], activeProfiles = [], propertySourceDescriptors = [], propertySourceProperties = ["org.springframework.boot.test.context.SpringBootTestContextBootstrapper=true"], contextCustomizers = [org.springframework.boot.test.context.filter.ExcludeFilterContextCustomizer@3c69362a, org.springframework.boot.test.json.DuplicateJsonObjectContextCustomizerFactory$DuplicateJsonObjectContextCustomizer@66f0548d, org.springframework.boot.test.mock.mockito.MockitoContextCustomizer@4f278145, org.springframework.boot.test.web.client.TestRestTemplateContextCustomizer@1dba4e06, org.springframework.boot.test.web.reactor.netty.DisableReactorResourceFactoryGlobalResourcesContextCustomizerFactory$DisableReactorResourceFactoryGlobalResourcesContextCustomizerCustomizer@10a0fe30, org.springframework.boot.test.autoconfigure.OnFailureConditionReportContextCustomizerFactory$OnFailureConditionReportContextCustomizer@262816a8, org.springframework.boot.test.autoconfigure.actuate.observability.ObservabilityContextCustomizerFactory$DisableObservabilityContextCustomizer@1f, org.springframework.boot.test.autoconfigure.properties.PropertyMappingContextCustomizer@0, org.springframework.boot.test.autoconfigure.web.servlet.WebDriverContextCustomizer@68a4dcc6, org.springframework.test.context.support.DynamicPropertiesContextCustomizer@0, org.springframework.boot.test.context.SpringBootTestAnnotation@7672287c], resourceBasePath = "src/main/webapp", contextLoader = org.springframework.boot.test.context.SpringBootContextLoader, parent = null], attributes = {"org.springframework.test.context.web.ServletTestExecutionListener.activateListener" -> true, "org.springframework.test.context.web.ServletTestExecutionListener.populatedRequestContextHolder" -> true, "org.springframework.test.context.web.ServletTestExecutionListener.resetRequestContextHolder" -> true, "org.springframework.test.context.event.ApplicationEventsTestExecutionListener.recordApplicationEvents" -> false}]]
]]></system-out>
  </testcase>
  <testcase name="profile_persistsAcrossRetrieval" classname="com.gradepath.content.profiling.ProfilingServiceIntegrationTest" time="0.01">
    <system-out><![CDATA[2026-01-21T17:50:19.922Z DEBUG 18921 --- [content-service] [           main] actionalApplicationListenerMethodAdapter : No transaction is active - skipping org.springframework.test.context.event.AfterTestMethodEvent[source=[DefaultTestContext@2291348e testClass = com.gradepath.content.profiling.ProfilingServiceIntegrationTest, testInstance = com.gradepath.content.profiling.ProfilingServiceIntegrationTest@95f1422, testMethod = processSessionEvent_endToEnd_updatesSessionCount(), testException = null, mergedContextConfiguration = [WebMergedContextConfiguration@2294e673 testClass = com.gradepath.content.profiling.ProfilingServiceIntegrationTest, locations = [], classes = [com.gradepath.content.ContentApplication], contextInitializerClasses = [com.gradepath.content.profiling.ProfilingServiceIntegrationTest.TestcontainersInitializer], activeProfiles = [], propertySourceDescriptors = [], propertySourceProperties = ["org.springframework.boot.test.context.SpringBootTestContextBootstrapper=true"], contextCustomizers = [org.springframework.boot.test.context.filter.ExcludeFilterContextCustomizer@3c69362a, org.springframework.boot.test.json.DuplicateJsonObjectContextCustomizerFactory$DuplicateJsonObjectContextCustomizer@66f0548d, org.springframework.boot.test.mock.mockito.MockitoContextCustomizer@4f278145, org.springframework.boot.test.web.client.TestRestTemplateContextCustomizer@1dba4e06, org.springframework.boot.test.web.reactor.netty.DisableReactorResourceFactoryGlobalResourcesContextCustomizerFactory$DisableReactorResourceFactoryGlobalResourcesContextCustomizerCustomizer@10a0fe30, org.springframework.boot.test.autoconfigure.OnFailureConditionReportContextCustomizerFactory$OnFailureConditionReportContextCustomizer@262816a8, org.springframework.boot.test.autoconfigure.actuate.observability.ObservabilityContextCustomizerFactory$DisableObservabilityContextCustomizer@1f, org.springframework.boot.test.autoconfigure.properties.PropertyMappingContextCustomizer@0, org.springframework.boot.test.autoconfigure.web.servlet.WebDriverContextCustomizer@68a4dcc6, org.springframework.test.context.support.DynamicPropertiesContextCustomizer@0, org.springframework.boot.test.context.SpringBootTestAnnotation@7672287c], resourceBasePath = "src/main/webapp", contextLoader = org.springframework.boot.test.context.SpringBootContextLoader, parent = null], attributes = {"org.springframework.test.context.web.ServletTestExecutionListener.activateListener" -> true, "org.springframework.test.context.web.ServletTestExecutionListener.populatedRequestContextHolder" -> true, "org.springframework.test.context.web.ServletTestExecutionListener.resetRequestContextHolder" -> true, "org.springframework.test.context.event.ApplicationEventsTestExecutionListener.recordApplicationEvents" -> false}]]
2026-01-21T17:50:19.923Z DEBUG 18921 --- [content-service] [           main] actionalApplicationListenerMethodAdapter : No transaction is active - skipping org.springframework.test.context.event.BeforeTestMethodEvent[source=[DefaultTestContext@2291348e testClass = com.gradepath.content.profiling.ProfilingServiceIntegrationTest, testInstance = com.gradepath.content.profiling.ProfilingServiceIntegrationTest@95f1422, testMethod = profile_persistsAcrossRetrieval(), testException = null, mergedContextConfiguration = [WebMergedContextConfiguration@2294e673 testClass = com.gradepath.content.profiling.ProfilingServiceIntegrationTest, locations = [], classes = [com.gradepath.content.ContentApplication], contextInitializerClasses = [com.gradepath.content.profiling.ProfilingServiceIntegrationTest.TestcontainersInitializer], activeProfiles = [], propertySourceDescriptors = [], propertySourceProperties = ["org.springframework.boot.test.context.SpringBootTestContextBootstrapper=true"], contextCustomizers = [org.springframework.boot.test.context.filter.ExcludeFilterContextCustomizer@3c69362a, org.springframework.boot.test.json.DuplicateJsonObjectContextCustomizerFactory$DuplicateJsonObjectContextCustomizer@66f0548d, org.springframework.boot.test.mock.mockito.MockitoContextCustomizer@4f278145, org.springframework.boot.test.web.client.TestRestTemplateContextCustomizer@1dba4e06, org.springframework.boot.test.web.reactor.netty.DisableReactorResourceFactoryGlobalResourcesContextCustomizerFactory$DisableReactorResourceFactoryGlobalResourcesContextCustomizerCustomizer@10a0fe30, org.springframework.boot.test.autoconfigure.OnFailureConditionReportContextCustomizerFactory$OnFailureConditionReportContextCustomizer@262816a8, org.springframework.boot.test.autoconfigure.actuate.observability.ObservabilityContextCustomizerFactory$DisableObservabilityContextCustomizer@1f, org.springframework.boot.test.autoconfigure.properties.PropertyMappingContextCustomizer@0, org.springframework.boot.test.autoconfigure.web.servlet.WebDriverContextCustomizer@68a4dcc6, org.springframework.test.context.support.DynamicPropertiesContextCustomizer@0, org.springframework.boot.test.context.SpringBootTestAnnotation@7672287c], resourceBasePath = "src/main/webapp", contextLoader = org.springframework.boot.test.context.SpringBootContextLoader, parent = null], attributes = {"org.springframework.test.context.web.ServletTestExecutionListener.activateListener" -> true, "org.springframework.test.context.web.ServletTestExecutionListener.populatedRequestContextHolder" -> true, "org.springframework.test.context.web.ServletTestExecutionListener.resetRequestContextHolder" -> true, "org.springframework.test.context.event.ApplicationEventsTestExecutionListener.recordApplicationEvents" -> false}]]
2026-01-21T17:50:19.924Z DEBUG 18921 --- [content-service] [           main] actionalApplicationListenerMethodAdapter : No transaction is active - skipping org.springframework.test.context.event.BeforeTestExecutionEvent[source=[DefaultTestContext@2291348e testClass = com.gradepath.content.profiling.ProfilingServiceIntegrationTest, testInstance = com.gradepath.content.profiling.ProfilingServiceIntegrationTest@95f1422, testMethod = profile_persistsAcrossRetrieval(), testException = null, mergedContextConfiguration = [WebMergedContextConfiguration@2294e673 testClass = com.gradepath.content.profiling.ProfilingServiceIntegrationTest, locations = [], classes = [com.gradepath.content.ContentApplication], contextInitializerClasses = [com.gradepath.content.profiling.ProfilingServiceIntegrationTest.TestcontainersInitializer], activeProfiles = [], propertySourceDescriptors = [], propertySourceProperties = ["org.springframework.boot.test.context.SpringBootTestContextBootstrapper=true"], contextCustomizers = [org.springframework.boot.test.context.filter.ExcludeFilterContextCustomizer@3c69362a, org.springframework.boot.test.json.DuplicateJsonObjectContextCustomizerFactory$DuplicateJsonObjectContextCustomizer@66f0548d, org.springframework.boot.test.mock.mockito.MockitoContextCustomizer@4f278145, org.springframework.boot.test.web.client.TestRestTemplateContextCustomizer@1dba4e06, org.springframework.boot.test.web.reactor.netty.DisableReactorResourceFactoryGlobalResourcesContextCustomizerFactory$DisableReactorResourceFactoryGlobalResourcesContextCustomizerCustomizer@10a0fe30, org.springframework.boot.test.autoconfigure.OnFailureConditionReportContextCustomizerFactory$OnFailureConditionReportContextCustomizer@262816a8, org.springframework.boot.test.autoconfigure.actuate.observability.ObservabilityContextCustomizerFactory$DisableObservabilityContextCustomizer@1f, org.springframework.boot.test.autoconfigure.properties.PropertyMappingContextCustomizer@0, org.springframework.boot.test.autoconfigure.web.servlet.WebDriverContextCustomizer@68a4dcc6, org.springframework.test.context.support.DynamicPropertiesContextCustomizer@0, org.springframework.boot.test.context.SpringBootTestAnnotation@7672287c], resourceBasePath = "src/main/webapp", contextLoader = org.springframework.boot.test.context.SpringBootContextLoader, parent = null], attributes = {"org.springframework.test.context.web.ServletTestExecutionListener.activateListener" -> true, "org.springframework.test.context.web.ServletTestExecutionListener.populatedRequestContextHolder" -> true, "org.springframework.test.context.web.ServletTestExecutionListener.resetRequestContextHolder" -> true, "org.springframework.test.context.event.ApplicationEventsTestExecutionListener.recordApplicationEvents" -> false}]]
2026-01-21T17:50:19.924Z DEBUG 18921 --- [content-service] [           main] c.g.content.profiling.ProfilingService   : Processing raw behavioral event: {
    "topic": "content_journey",
    "userId": "persistence-user",
    "contentId": "content-1",
    "action": "completed",
    "topicTags": ["biology"],
    "timeInContentSeconds": 120
}

2026-01-21T17:50:19.927Z  WARN 18921 --- [content-service] [ntainer#0-0-C-1] org.apache.kafka.clients.NetworkClient   : [Consumer clientId=consumer-content-analytics-consumer-2, groupId=content-analytics-consumer] Error while fetching metadata with correlation id 5 : {content-interactions=LEADER_NOT_AVAILABLE}
2026-01-21T17:50:19.927Z  INFO 18921 --- [content-service] [           main] c.g.c.r.p.BehavioralProfileService       : Saved behavioral profile for user: persistence-user
2026-01-21T17:50:19.928Z DEBUG 18921 --- [content-service] [           main] c.g.content.profiling.ProfilingService   : Emitted profile update for user: persistence-user
2026-01-21T17:50:19.928Z  INFO 18921 --- [content-service] [           main] c.g.content.profiling.ProfilingService   : Processed journey event for user: persistence-user, content: content-1, action: completed
2026-01-21T17:50:19.934Z DEBUG 18921 --- [content-service] [           main] actionalApplicationListenerMethodAdapter : No transaction is active - skipping org.springframework.test.context.event.AfterTestExecutionEvent[source=[DefaultTestContext@2291348e testClass = com.gradepath.content.profiling.ProfilingServiceIntegrationTest, testInstance = com.gradepath.content.profiling.ProfilingServiceIntegrationTest@95f1422, testMethod = profile_persistsAcrossRetrieval(), testException = null, mergedContextConfiguration = [WebMergedContextConfiguration@2294e673 testClass = com.gradepath.content.profiling.ProfilingServiceIntegrationTest, locations = [], classes = [com.gradepath.content.ContentApplication], contextInitializerClasses = [com.gradepath.content.profiling.ProfilingServiceIntegrationTest.TestcontainersInitializer], activeProfiles = [], propertySourceDescriptors = [], propertySourceProperties = ["org.springframework.boot.test.context.SpringBootTestContextBootstrapper=true"], contextCustomizers = [org.springframework.boot.test.context.filter.ExcludeFilterContextCustomizer@3c69362a, org.springframework.boot.test.json.DuplicateJsonObjectContextCustomizerFactory$DuplicateJsonObjectContextCustomizer@66f0548d, org.springframework.boot.test.mock.mockito.MockitoContextCustomizer@4f278145, org.springframework.boot.test.web.client.TestRestTemplateContextCustomizer@1dba4e06, org.springframework.boot.test.web.reactor.netty.DisableReactorResourceFactoryGlobalResourcesContextCustomizerFactory$DisableReactorResourceFactoryGlobalResourcesContextCustomizerCustomizer@10a0fe30, org.springframework.boot.test.autoconfigure.OnFailureConditionReportContextCustomizerFactory$OnFailureConditionReportContextCustomizer@262816a8, org.springframework.boot.test.autoconfigure.actuate.observability.ObservabilityContextCustomizerFactory$DisableObservabilityContextCustomizer@1f, org.springframework.boot.test.autoconfigure.properties.PropertyMappingContextCustomizer@0, org.springframework.boot.test.autoconfigure.web.servlet.WebDriverContextCustomizer@68a4dcc6, org.springframework.test.context.support.DynamicPropertiesContextCustomizer@0, org.springframework.boot.test.context.SpringBootTestAnnotation@7672287c], resourceBasePath = "src/main/webapp", contextLoader = org.springframework.boot.test.context.SpringBootContextLoader, parent = null], attributes = {"org.springframework.test.context.web.ServletTestExecutionListener.activateListener" -> true, "org.springframework.test.context.web.ServletTestExecutionListener.populatedRequestContextHolder" -> true, "org.springframework.test.context.web.ServletTestExecutionListener.resetRequestContextHolder" -> true, "org.springframework.test.context.event.ApplicationEventsTestExecutionListener.recordApplicationEvents" -> false}]]
]]></system-out>
  </testcase>
</testsuite>