<?xml version="1.0" encoding="UTF-8"?>
<testsuite xmlns:xsi="http://www.w3.org/2001/XMLSchema-instance" xsi:noNamespaceSchemaLocation="https://maven.apache.org/surefire/maven-surefire-plugin/xsd/surefire-test-report-3.0.xsd" version="3.0" name="TestSuite" time="13.677" tests="9" errors="0" skipped="0" failures="0">
  <properties>
[...]
</properties>
  <testcase name="oldInterests_decayWhenNewEventProcessed" classname="com.gradepath.content.profiling.ProfilingServiceIntegrationTest" time="0.343">
    <system-out><![CDATA[...
... TestNG 7.10.2 by Cédric Beust (cedric@beust.com)
...

16:10:09.369 [main] INFO org.testcontainers.images.PullPolicy -- Image pull policy will be performed by: DefaultPullPolicy()
16:10:09.372 [main] INFO org.testcontainers.utility.ImageNameSubstitutor -- Image name substitution will be performed by: DefaultImageNameSubstitutor (composite of 'ConfigurationFileImageNameSubstitutor' and 'PrefixingImageNameSubstitutor')
16:10:09.380 [main] INFO org.testcontainers.DockerClientFactory -- Testcontainers version: 1.20.4
16:10:09.555 [main] INFO org.testcontainers.dockerclient.DockerClientProviderStrategy -- Loaded org.testcontainers.dockerclient.UnixSocketClientProviderStrategy from ~/.testcontainers.properties, will try it first
16:10:09.755 [main] INFO org.testcontainers.dockerclient.DockerClientProviderStrategy -- Found Docker environment with local Unix socket (unix:///var/run/docker.sock)
16:10:09.756 [main] INFO org.testcontainers.DockerClientFactory -- Docker host IP address is localhost
16:10:09.768 [main] INFO org.testcontainers.DockerClientFactory -- Connected to docker: 
  Server Version: 28.5.2
  API Version: 1.51
  Operating System: OrbStack
  Total Memory: 7994 MB
16:10:09.806 [main] INFO tc.testcontainers/ryuk:0.11.0 -- Creating container for image: testcontainers/ryuk:0.11.0
16:10:09.921 [main] INFO tc.testcontainers/ryuk:0.11.0 -- Container testcontainers/ryuk:0.11.0 is starting: 758a8000b7eaebf95fb5a3404af66ab917648ba28b322028d7d72b9e290ac938
16:10:10.157 [main] INFO tc.testcontainers/ryuk:0.11.0 -- Container testcontainers/ryuk:0.11.0 started in PT0.351322S
16:10:10.164 [main] INFO org.testcontainers.utility.RyukResourceReaper -- Ryuk started - will monitor and terminate Testcontainers containers on JVM exit
16:10:10.164 [main] INFO org.testcontainers.DockerClientFactory -- Checking the system...
16:10:10.165 [main] INFO org.testcontainers.DockerClientFactory -- ✔︎ Docker server version should be at least 1.6.0
16:10:10.165 [main] INFO tc.postgres:16-alpine -- Creating container for image: postgres:16-alpine
16:10:10.241 [main] INFO tc.postgres:16-alpine -- Container postgres:16-alpine is starting: 94afa9c48d6093ce141e6609f204cf663c4346d9ef6ad7332975f2466a0d1c27
16:10:11.996 [main] INFO tc.postgres:16-alpine -- Container postgres:16-alpine started in PT1.830899S
16:10:11.996 [main] INFO tc.postgres:16-alpine -- Container is started (JDBC URL: jdbc:postgresql://localhost:32777/test?loggerLevel=OFF)
16:10:11.997 [main] INFO tc.confluentinc/cp-kafka:7.6.0 -- Creating container for image: confluentinc/cp-kafka:7.6.0
16:10:12.142 [main] INFO tc.confluentinc/cp-kafka:7.6.0 -- Container confluentinc/cp-kafka:7.6.0 is starting: 1f34acc782da5193ca4672b704acec08f7af7fa202dae0e6e67c6c0abfc61971
16:10:14.912 [main] INFO tc.confluentinc/cp-kafka:7.6.0 -- Container confluentinc/cp-kafka:7.6.0 started in PT2.914915S
16:10:14.915 [main] WARN org.testng.internal.Configuration -- Detected a static method [com.gradepath.content.profiling.ProfilingServiceIntegrationTest$TestcontainersInitializer.stopContainers()]. Static configuration methods can cause unexpected behavior.
16:10:14.953 [main] WARN org.testng.internal.Configuration -- Detected a static method [com.gradepath.content.profiling.ProfilingServiceIntegrationTest$TestcontainersInitializer.stopContainers()]. Static configuration methods can cause unexpected behavior.

  .   ____          _            __ _ _
 /\\ / ___'_ __ _ _(_)_ __  __ _ \ \ \ \
( ( )\___ | '_ | '_| | '_ \/ _` | \ \ \ \
 \\/  ___)| |_)| | | | | || (_| |  ) ) ) )
  '  |____| .__|_| |_|_| |_\__, | / / / /
 =========|_|==============|___/=/_/_/_/

 :: Spring Boot ::                (v3.4.0)

2026-01-21T16:10:15.319Z  WARN 10129 --- [content-service] [           main] ory$DuplicateJsonObjectContextCustomizer : 

Found multiple occurrences of org.json.JSONObject on the class path:

	jar:file:/Users/qasim/.m2/repository/org/json/json/20240303/json-20240303.jar!/org/json/JSONObject.class
	jar:file:/Users/qasim/.m2/repository/com/vaadin/external/google/android-json/0.0.20131108.vaadin1/android-json-0.0.20131108.vaadin1.jar!/org/json/JSONObject.class

You may wish to exclude one of them to ensure predictable runtime behavior

2026-01-21T16:10:15.340Z  INFO 10129 --- [content-service] [           main] c.g.c.p.ProfilingServiceIntegrationTest  : Starting ProfilingServiceIntegrationTest using Java 21.0.8 with PID 10129 (/Users/qasim/Documents/Dev/GradePath_UserTelemetryPoC/content-service/target/test-classes started by qasim in /Users/qasim/Documents/Dev/GradePath_UserTelemetryPoC/content-service)
2026-01-21T16:10:15.341Z DEBUG 10129 --- [content-service] [           main] c.g.c.p.ProfilingServiceIntegrationTest  : Running with Spring Boot v3.4.0, Spring v6.2.0
2026-01-21T16:10:15.342Z  INFO 10129 --- [content-service] [           main] c.g.c.p.ProfilingServiceIntegrationTest  : The following 1 profile is active: "dev"
2026-01-21T16:10:16.071Z  INFO 10129 --- [content-service] [           main] .s.d.r.c.RepositoryConfigurationDelegate : Multiple Spring Data modules found, entering strict repository configuration mode
2026-01-21T16:10:16.073Z  INFO 10129 --- [content-service] [           main] .s.d.r.c.RepositoryConfigurationDelegate : Bootstrapping Spring Data JPA repositories in DEFAULT mode.
2026-01-21T16:10:16.165Z  INFO 10129 --- [content-service] [           main] .s.d.r.c.RepositoryConfigurationDelegate : Finished Spring Data repository scanning in 87 ms. Found 8 JPA repository interfaces.
2026-01-21T16:10:16.174Z  INFO 10129 --- [content-service] [           main] .s.d.r.c.RepositoryConfigurationDelegate : Multiple Spring Data modules found, entering strict repository configuration mode
2026-01-21T16:10:16.175Z  INFO 10129 --- [content-service] [           main] .s.d.r.c.RepositoryConfigurationDelegate : Bootstrapping Spring Data Redis repositories in DEFAULT mode.
2026-01-21T16:10:16.184Z  INFO 10129 --- [content-service] [           main] .RepositoryConfigurationExtensionSupport : Spring Data Redis - Could not safely identify store assignment for repository candidate interface com.gradepath.content.analytics.repository.ContentInteractionRepository; If you want this repository to be a Redis repository, consider annotating your entities with one of these annotations: org.springframework.data.redis.core.RedisHash (preferred), or consider extending one of the following types with your repository: org.springframework.data.keyvalue.repository.KeyValueRepository
2026-01-21T16:10:16.184Z  INFO 10129 --- [content-service] [           main] .RepositoryConfigurationExtensionSupport : Spring Data Redis - Could not safely identify store assignment for repository candidate interface com.gradepath.content.content.repository.ContentRepository; If you want this repository to be a Redis repository, consider annotating your entities with one of these annotations: org.springframework.data.redis.core.RedisHash (preferred), or consider extending one of the following types with your repository: org.springframework.data.keyvalue.repository.KeyValueRepository
2026-01-21T16:10:16.185Z  INFO 10129 --- [content-service] [           main] .RepositoryConfigurationExtensionSupport : Spring Data Redis - Could not safely identify store assignment for repository candidate interface com.gradepath.content.profile.repository.SkillLevelRepository; If you want this repository to be a Redis repository, consider annotating your entities with one of these annotations: org.springframework.data.redis.core.RedisHash (preferred), or consider extending one of the following types with your repository: org.springframework.data.keyvalue.repository.KeyValueRepository
2026-01-21T16:10:16.185Z  INFO 10129 --- [content-service] [           main] .RepositoryConfigurationExtensionSupport : Spring Data Redis - Could not safely identify store assignment for repository candidate interface com.gradepath.content.profile.repository.UserPreferencesRepository; If you want this repository to be a Redis repository, consider annotating your entities with one of these annotations: org.springframework.data.redis.core.RedisHash (preferred), or consider extending one of the following types with your repository: org.springframework.data.keyvalue.repository.KeyValueRepository
2026-01-21T16:10:16.185Z  INFO 10129 --- [content-service] [           main] .RepositoryConfigurationExtensionSupport : Spring Data Redis - Could not safely identify store assignment for repository candidate interface com.gradepath.content.profile.repository.UserProfileRepository; If you want this repository to be a Redis repository, consider annotating your entities with one of these annotations: org.springframework.data.redis.core.RedisHash (preferred), or consider extending one of the following types with your repository: org.springframework.data.keyvalue.repository.KeyValueRepository
2026-01-21T16:10:16.185Z  INFO 10129 --- [content-service] [           main] .RepositoryConfigurationExtensionSupport : Spring Data Redis - Could not safely identify store assignment for repository candidate interface com.gradepath.content.profile.repository.UserRepository; If you want this repository to be a Redis repository, consider annotating your entities with one of these annotations: org.springframework.data.redis.core.RedisHash (preferred), or consider extending one of the following types with your repository: org.springframework.data.keyvalue.repository.KeyValueRepository
2026-01-21T16:10:16.185Z  INFO 10129 --- [content-service] [           main] .RepositoryConfigurationExtensionSupport : Spring Data Redis - Could not safely identify store assignment for repository candidate interface com.gradepath.content.recommendation.profile.BehavioralProfileRepository; If you want this repository to be a Redis repository, consider annotating your entities with one of these annotations: org.springframework.data.redis.core.RedisHash (preferred), or consider extending one of the following types with your repository: org.springframework.data.keyvalue.repository.KeyValueRepository
2026-01-21T16:10:16.185Z  INFO 10129 --- [content-service] [           main] .RepositoryConfigurationExtensionSupport : Spring Data Redis - Could not safely identify store assignment for repository candidate interface com.gradepath.content.recommendation.repository.RecommendationRepository; If you want this repository to be a Redis repository, consider annotating your entities with one of these annotations: org.springframework.data.redis.core.RedisHash (preferred), or consider extending one of the following types with your repository: org.springframework.data.keyvalue.repository.KeyValueRepository
2026-01-21T16:10:16.185Z  INFO 10129 --- [content-service] [           main] .s.d.r.c.RepositoryConfigurationDelegate : Finished Spring Data repository scanning in 4 ms. Found 0 Redis repository interfaces.
2026-01-21T16:10:17.605Z  INFO 10129 --- [content-service] [           main] com.zaxxer.hikari.HikariDataSource       : HikariPool-1 - Starting...
2026-01-21T16:10:17.770Z  INFO 10129 --- [content-service] [           main] com.zaxxer.hikari.pool.HikariPool        : HikariPool-1 - Added connection org.postgresql.jdbc.PgConnection@55e107f5
2026-01-21T16:10:17.771Z  INFO 10129 --- [content-service] [           main] com.zaxxer.hikari.HikariDataSource       : HikariPool-1 - Start completed.
2026-01-21T16:10:17.804Z  INFO 10129 --- [content-service] [           main] org.flywaydb.core.FlywayExecutor         : Database: jdbc:postgresql://localhost:32777/test?loggerLevel=OFF (PostgreSQL 16.11)
2026-01-21T16:10:17.855Z  INFO 10129 --- [content-service] [           main] o.f.c.i.s.JdbcTableSchemaHistory         : Schema history table "public"."flyway_schema_history" does not exist yet
2026-01-21T16:10:17.858Z  INFO 10129 --- [content-service] [           main] o.f.core.internal.command.DbValidate     : Successfully validated 2 migrations (execution time 00:00.016s)
2026-01-21T16:10:17.884Z  INFO 10129 --- [content-service] [           main] o.f.c.i.s.JdbcTableSchemaHistory         : Creating Schema History table "public"."flyway_schema_history" ...
2026-01-21T16:10:17.931Z  INFO 10129 --- [content-service] [           main] o.f.core.internal.command.DbMigrate      : Current version of schema "public": << Empty Schema >>
2026-01-21T16:10:17.944Z  INFO 10129 --- [content-service] [           main] o.f.core.internal.command.DbMigrate      : Migrating schema "public" to version "1 - init schema"
2026-01-21T16:10:17.994Z  INFO 10129 --- [content-service] [           main] o.f.core.internal.command.DbMigrate      : Migrating schema "public" to version "2 - create behavioral profiles"
2026-01-21T16:10:18.006Z  INFO 10129 --- [content-service] [           main] o.f.core.internal.command.DbMigrate      : Successfully applied 2 migrations to schema "public", now at version v2 (execution time 00:00.045s)
2026-01-21T16:10:18.112Z  INFO 10129 --- [content-service] [           main] o.hibernate.jpa.internal.util.LogHelper  : HHH000204: Processing PersistenceUnitInfo [name: default]
2026-01-21T16:10:18.180Z  INFO 10129 --- [content-service] [           main] org.hibernate.Version                    : HHH000412: Hibernate ORM core version 6.6.2.Final
2026-01-21T16:10:18.209Z  INFO 10129 --- [content-service] [           main] o.h.c.internal.RegionFactoryInitiator    : HHH000026: Second-level cache disabled
2026-01-21T16:10:18.315Z  WARN 10129 --- [content-service] [           main] org.hibernate.orm.deprecation            : HHH90000025: PostgreSQLDialect does not need to be specified explicitly using 'hibernate.dialect' (remove the property setting and it will be selected by default)
2026-01-21T16:10:18.325Z  INFO 10129 --- [content-service] [           main] org.hibernate.orm.connections.pooling    : HHH10001005: Database info:
	Database JDBC URL [Connecting through datasource 'HikariDataSource (HikariPool-1)']
	Database driver: undefined/unknown
	Database version: 16.11
	Autocommit mode: undefined/unknown
	Isolation level: undefined/unknown
	Minimum pool size: undefined/unknown
	Maximum pool size: undefined/unknown
2026-01-21T16:10:18.378Z  INFO 10129 --- [content-service] [           main] o.s.o.j.p.SpringPersistenceUnitInfo      : No LoadTimeWeaver setup: ignoring JPA class transformer
2026-01-21T16:10:19.329Z  INFO 10129 --- [content-service] [           main] o.h.e.t.j.p.i.JtaPlatformInitiator       : HHH000489: No JTA platform available (set 'hibernate.transaction.jta.platform' to enable JTA platform integration)
2026-01-21T16:10:19.330Z  INFO 10129 --- [content-service] [           main] j.LocalContainerEntityManagerFactoryBean : Initialized JPA EntityManagerFactory for persistence unit 'default'
2026-01-21T16:10:19.604Z  INFO 10129 --- [content-service] [           main] o.s.d.j.r.query.QueryEnhancerFactory     : Hibernate is in classpath; If applicable, HQL parser will be used.
2026-01-21T16:10:21.331Z DEBUG 10129 --- [content-service] [           main] .e.k.KafkaEventExternalizerConfiguration : Registering domain event externalization to Kafka…
2026-01-21T16:10:21.435Z  INFO 10129 --- [content-service] [           main] o.a.k.clients.consumer.ConsumerConfig    : ConsumerConfig values: 
	allow.auto.create.topics = true
	auto.commit.interval.ms = 5000
	auto.include.jmx.reporter = true
	auto.offset.reset = earliest
	bootstrap.servers = [PLAINTEXT://localhost:32779]
	check.crcs = true
	client.dns.lookup = use_all_dns_ips
	client.id = consumer-behavioral-profile-consumer-1
	client.rack = 
	connections.max.idle.ms = 540000
	default.api.timeout.ms = 60000
	enable.auto.commit = false
	enable.metrics.push = true
	exclude.internal.topics = true
	fetch.max.bytes = 52428800
	fetch.max.wait.ms = 500
	fetch.min.bytes = 1
	group.id = behavioral-profile-consumer
	group.instance.id = null
	group.protocol = classic
	group.remote.assignor = null
	heartbeat.interval.ms = 3000
	interceptor.classes = []
	internal.leave.group.on.close = true
	internal.throw.on.fetch.stable.offset.unsupported = false
	isolation.level = read_uncommitted
	key.deserializer = class org.apache.kafka.common.serialization.StringDeserializer
	max.partition.fetch.bytes = 1048576
	max.poll.interval.ms = 300000
	max.poll.records = 500
	metadata.max.age.ms = 300000
	metadata.recovery.strategy = none
	metric.reporters = []
	metrics.num.samples = 2
	metrics.recording.level = INFO
	metrics.sample.window.ms = 30000
	partition.assignment.strategy = [class org.apache.kafka.clients.consumer.RangeAssignor, class org.apache.kafka.clients.consumer.CooperativeStickyAssignor]
	receive.buffer.bytes = 65536
	reconnect.backoff.max.ms = 1000
	reconnect.backoff.ms = 50
	request.timeout.ms = 30000
	retry.backoff.max.ms = 1000
	retry.backoff.ms = 100
	sasl.client.callback.handler.class = null
	sasl.jaas.config = null
	sasl.kerberos.kinit.cmd = /usr/bin/kinit
	sasl.kerberos.min.time.before.relogin = 60000
	sasl.kerberos.service.name = null
	sasl.kerberos.ticket.renew.jitter = 0.05
	sasl.kerberos.ticket.renew.window.factor = 0.8
	sasl.login.callback.handler.class = null
	sasl.login.class = null
	sasl.login.connect.timeout.ms = null
	sasl.login.read.timeout.ms = null
	sasl.login.refresh.buffer.seconds = 300
	sasl.login.refresh.min.period.seconds = 60
	sasl.login.refresh.window.factor = 0.8
	sasl.login.refresh.window.jitter = 0.05
	sasl.login.retry.backoff.max.ms = 10000
	sasl.login.retry.backoff.ms = 100
	sasl.mechanism = GSSAPI
	sasl.oauthbearer.clock.skew.seconds = 30
	sasl.oauthbearer.expected.audience = null
	sasl.oauthbearer.expected.issuer = null
	sasl.oauthbearer.jwks.endpoint.refresh.ms = 3600000
	sasl.oauthbearer.jwks.endpoint.retry.backoff.max.ms = 10000
	sasl.oauthbearer.jwks.endpoint.retry.backoff.ms = 100
	sasl.oauthbearer.jwks.endpoint.url = null
	sasl.oauthbearer.scope.claim.name = scope
	sasl.oauthbearer.sub.claim.name = sub
	sasl.oauthbearer.token.endpoint.url = null
	security.protocol = PLAINTEXT
	security.providers = null
	send.buffer.bytes = 131072
	session.timeout.ms = 45000
	socket.connection.setup.timeout.max.ms = 30000
	socket.connection.setup.timeout.ms = 10000
	ssl.cipher.suites = null
	ssl.enabled.protocols = [TLSv1.2, TLSv1.3]
	ssl.endpoint.identification.algorithm = https
	ssl.engine.factory.class = null
	ssl.key.password = null
	ssl.keymanager.algorithm = SunX509
	ssl.keystore.certificate.chain = null
	ssl.keystore.key = null
	ssl.keystore.location = null
	ssl.keystore.password = null
	ssl.keystore.type = JKS
	ssl.protocol = TLSv1.3
	ssl.provider = null
	ssl.secure.random.implementation = null
	ssl.trustmanager.algorithm = PKIX
	ssl.truststore.certificates = null
	ssl.truststore.location = null
	ssl.truststore.password = null
	ssl.truststore.type = JKS
	value.deserializer = class org.apache.kafka.common.serialization.StringDeserializer

2026-01-21T16:10:21.466Z  INFO 10129 --- [content-service] [           main] o.a.k.c.t.i.KafkaMetricsCollector        : initializing Kafka metrics collector
2026-01-21T16:10:21.557Z  INFO 10129 --- [content-service] [           main] o.a.kafka.common.utils.AppInfoParser     : Kafka version: 3.8.1
2026-01-21T16:10:21.558Z  INFO 10129 --- [content-service] [           main] o.a.kafka.common.utils.AppInfoParser     : Kafka commitId: 70d6ff42debf7e17
2026-01-21T16:10:21.558Z  INFO 10129 --- [content-service] [           main] o.a.kafka.common.utils.AppInfoParser     : Kafka startTimeMs: 1769011821557
2026-01-21T16:10:21.560Z  INFO 10129 --- [content-service] [           main] o.a.k.c.c.internals.LegacyKafkaConsumer  : [Consumer clientId=consumer-behavioral-profile-consumer-1, groupId=behavioral-profile-consumer] Subscribed to topic(s): profile-updates
2026-01-21T16:10:21.567Z  INFO 10129 --- [content-service] [           main] o.a.k.clients.consumer.ConsumerConfig    : ConsumerConfig values: 
	allow.auto.create.topics = true
	auto.commit.interval.ms = 5000
	auto.include.jmx.reporter = true
	auto.offset.reset = earliest
	bootstrap.servers = [PLAINTEXT://localhost:32779]
	check.crcs = true
	client.dns.lookup = use_all_dns_ips
	client.id = consumer-content-analytics-consumer-2
	client.rack = 
	connections.max.idle.ms = 540000
	default.api.timeout.ms = 60000
	enable.auto.commit = false
	enable.metrics.push = true
	exclude.internal.topics = true
	fetch.max.bytes = 52428800
	fetch.max.wait.ms = 500
	fetch.min.bytes = 1
	group.id = content-analytics-consumer
	group.instance.id = null
	group.protocol = classic
	group.remote.assignor = null
	heartbeat.interval.ms = 3000
	interceptor.classes = []
	internal.leave.group.on.close = true
	internal.throw.on.fetch.stable.offset.unsupported = false
	isolation.level = read_uncommitted
	key.deserializer = class org.apache.kafka.common.serialization.StringDeserializer
	max.partition.fetch.bytes = 1048576
	max.poll.interval.ms = 300000
	max.poll.records = 500
	metadata.max.age.ms = 300000
	metadata.recovery.strategy = none
	metric.reporters = []
	metrics.num.samples = 2
	metrics.recording.level = INFO
	metrics.sample.window.ms = 30000
	partition.assignment.strategy = [class org.apache.kafka.clients.consumer.RangeAssignor, class org.apache.kafka.clients.consumer.CooperativeStickyAssignor]
	receive.buffer.bytes = 65536
	reconnect.backoff.max.ms = 1000
	reconnect.backoff.ms = 50
	request.timeout.ms = 30000
	retry.backoff.max.ms = 1000
	retry.backoff.ms = 100
	sasl.client.callback.handler.class = null
	sasl.jaas.config = null
	sasl.kerberos.kinit.cmd = /usr/bin/kinit
	sasl.kerberos.min.time.before.relogin = 60000
	sasl.kerberos.service.name = null
	sasl.kerberos.ticket.renew.jitter = 0.05
	sasl.kerberos.ticket.renew.window.factor = 0.8
	sasl.login.callback.handler.class = null
	sasl.login.class = null
	sasl.login.connect.timeout.ms = null
	sasl.login.read.timeout.ms = null
	sasl.login.refresh.buffer.seconds = 300
	sasl.login.refresh.min.period.seconds = 60
	sasl.login.refresh.window.factor = 0.8
	sasl.login.refresh.window.jitter = 0.05
	sasl.login.retry.backoff.max.ms = 10000
	sasl.login.retry.backoff.ms = 100
	sasl.mechanism = GSSAPI
	sasl.oauthbearer.clock.skew.seconds = 30
	sasl.oauthbearer.expected.audience = null
	sasl.oauthbearer.expected.issuer = null
	sasl.oauthbearer.jwks.endpoint.refresh.ms = 3600000
	sasl.oauthbearer.jwks.endpoint.retry.backoff.max.ms = 10000
	sasl.oauthbearer.jwks.endpoint.retry.backoff.ms = 100
	sasl.oauthbearer.jwks.endpoint.url = null
	sasl.oauthbearer.scope.claim.name = scope
	sasl.oauthbearer.sub.claim.name = sub
	sasl.oauthbearer.token.endpoint.url = null
	security.protocol = PLAINTEXT
	security.providers = null
	send.buffer.bytes = 131072
	session.timeout.ms = 45000
	socket.connection.setup.timeout.max.ms = 30000
	socket.connection.setup.timeout.ms = 10000
	ssl.cipher.suites = null
	ssl.enabled.protocols = [TLSv1.2, TLSv1.3]
	ssl.endpoint.identification.algorithm = https
	ssl.engine.factory.class = null
	ssl.key.password = null
	ssl.keymanager.algorithm = SunX509
	ssl.keystore.certificate.chain = null
	ssl.keystore.key = null
	ssl.keystore.location = null
	ssl.keystore.password = null
	ssl.keystore.type = JKS
	ssl.protocol = TLSv1.3
	ssl.provider = null
	ssl.secure.random.implementation = null
	ssl.trustmanager.algorithm = PKIX
	ssl.truststore.certificates = null
	ssl.truststore.location = null
	ssl.truststore.password = null
	ssl.truststore.type = JKS
	value.deserializer = class org.apache.kafka.common.serialization.StringDeserializer

2026-01-21T16:10:21.567Z  INFO 10129 --- [content-service] [           main] o.a.k.c.t.i.KafkaMetricsCollector        : initializing Kafka metrics collector
2026-01-21T16:10:21.568Z DEBUG 10129 --- [content-service] [ntainer#2-0-C-1] actionalApplicationListenerMethodAdapter : No transaction is active - skipping ConsumerStartingEvent [source=KafkaMessageListenerContainer [id=org.springframework.kafka.KafkaListenerEndpointContainer#2-0, clientIndex=-0, topicPartitions=[]]]
2026-01-21T16:10:21.568Z DEBUG 10129 --- [content-service] [ntainer#2-0-C-1] actionalApplicationListenerMethodAdapter : No transaction is active - skipping ConsumerStartedEvent [source=KafkaMessageListenerContainer [id=org.springframework.kafka.KafkaListenerEndpointContainer#2-0, clientIndex=-0, topicPartitions=[]]]
2026-01-21T16:10:21.570Z  INFO 10129 --- [content-service] [           main] o.a.kafka.common.utils.AppInfoParser     : Kafka version: 3.8.1
2026-01-21T16:10:21.570Z  INFO 10129 --- [content-service] [           main] o.a.kafka.common.utils.AppInfoParser     : Kafka commitId: 70d6ff42debf7e17
2026-01-21T16:10:21.571Z  INFO 10129 --- [content-service] [           main] o.a.kafka.common.utils.AppInfoParser     : Kafka startTimeMs: 1769011821570
2026-01-21T16:10:21.571Z  INFO 10129 --- [content-service] [           main] o.a.k.c.c.internals.LegacyKafkaConsumer  : [Consumer clientId=consumer-content-analytics-consumer-2, groupId=content-analytics-consumer] Subscribed to topic(s): content-interactions
2026-01-21T16:10:21.571Z DEBUG 10129 --- [content-service] [ntainer#0-0-C-1] actionalApplicationListenerMethodAdapter : No transaction is active - skipping ConsumerStartingEvent [source=KafkaMessageListenerContainer [id=org.springframework.kafka.KafkaListenerEndpointContainer#0-0, clientIndex=-0, topicPartitions=[]]]
2026-01-21T16:10:21.571Z DEBUG 10129 --- [content-service] [ntainer#0-0-C-1] actionalApplicationListenerMethodAdapter : No transaction is active - skipping ConsumerStartedEvent [source=KafkaMessageListenerContainer [id=org.springframework.kafka.KafkaListenerEndpointContainer#0-0, clientIndex=-0, topicPartitions=[]]]
2026-01-21T16:10:21.572Z  INFO 10129 --- [content-service] [           main] o.a.k.clients.consumer.ConsumerConfig    : ConsumerConfig values: 
	allow.auto.create.topics = true
	auto.commit.interval.ms = 5000
	auto.include.jmx.reporter = true
	auto.offset.reset = earliest
	bootstrap.servers = [PLAINTEXT://localhost:32779]
	check.crcs = true
	client.dns.lookup = use_all_dns_ips
	client.id = consumer-behavioral-profiling-consumer-3
	client.rack = 
	connections.max.idle.ms = 540000
	default.api.timeout.ms = 60000
	enable.auto.commit = false
	enable.metrics.push = true
	exclude.internal.topics = true
	fetch.max.bytes = 52428800
	fetch.max.wait.ms = 500
	fetch.min.bytes = 1
	group.id = behavioral-profiling-consumer
	group.instance.id = null
	group.protocol = classic
	group.remote.assignor = null
	heartbeat.interval.ms = 3000
	interceptor.classes = []
	internal.leave.group.on.close = true
	internal.throw.on.fetch.stable.offset.unsupported = false
	isolation.level = read_uncommitted
	key.deserializer = class org.apache.kafka.common.serialization.StringDeserializer
	max.partition.fetch.bytes = 1048576
	max.poll.interval.ms = 300000
	max.poll.records = 500
	metadata.max.age.ms = 300000
	metadata.recovery.strategy = none
	metric.reporters = []
	metrics.num.samples = 2
	metrics.recording.level = INFO
	metrics.sample.window.ms = 30000
	partition.assignment.strategy = [class org.apache.kafka.clients.consumer.RangeAssignor, class org.apache.kafka.clients.consumer.CooperativeStickyAssignor]
	receive.buffer.bytes = 65536
	reconnect.backoff.max.ms = 1000
	reconnect.backoff.ms = 50
	request.timeout.ms = 30000
	retry.backoff.max.ms = 1000
	retry.backoff.ms = 100
	sasl.client.callback.handler.class = null
	sasl.jaas.config = null
	sasl.kerberos.kinit.cmd = /usr/bin/kinit
	sasl.kerberos.min.time.before.relogin = 60000
	sasl.kerberos.service.name = null
	sasl.kerberos.ticket.renew.jitter = 0.05
	sasl.kerberos.ticket.renew.window.factor = 0.8
	sasl.login.callback.handler.class = null
	sasl.login.class = null
	sasl.login.connect.timeout.ms = null
	sasl.login.read.timeout.ms = null
	sasl.login.refresh.buffer.seconds = 300
	sasl.login.refresh.min.period.seconds = 60
	sasl.login.refresh.window.factor = 0.8
	sasl.login.refresh.window.jitter = 0.05
	sasl.login.retry.backoff.max.ms = 10000
	sasl.login.retry.backoff.ms = 100
	sasl.mechanism = GSSAPI
	sasl.oauthbearer.clock.skew.seconds = 30
	sasl.oauthbearer.expected.audience = null
	sasl.oauthbearer.expected.issuer = null
	sasl.oauthbearer.jwks.endpoint.refresh.ms = 3600000
	sasl.oauthbearer.jwks.endpoint.retry.backoff.max.ms = 10000
	sasl.oauthbearer.jwks.endpoint.retry.backoff.ms = 100
	sasl.oauthbearer.jwks.endpoint.url = null
	sasl.oauthbearer.scope.claim.name = scope
	sasl.oauthbearer.sub.claim.name = sub
	sasl.oauthbearer.token.endpoint.url = null
	security.protocol = PLAINTEXT
	security.providers = null
	send.buffer.bytes = 131072
	session.timeout.ms = 45000
	socket.connection.setup.timeout.max.ms = 30000
	socket.connection.setup.timeout.ms = 10000
	ssl.cipher.suites = null
	ssl.enabled.protocols = [TLSv1.2, TLSv1.3]
	ssl.endpoint.identification.algorithm = https
	ssl.engine.factory.class = null
	ssl.key.password = null
	ssl.keymanager.algorithm = SunX509
	ssl.keystore.certificate.chain = null
	ssl.keystore.key = null
	ssl.keystore.location = null
	ssl.keystore.password = null
	ssl.keystore.type = JKS
	ssl.protocol = TLSv1.3
	ssl.provider = null
	ssl.secure.random.implementation = null
	ssl.trustmanager.algorithm = PKIX
	ssl.truststore.certificates = null
	ssl.truststore.location = null
	ssl.truststore.password = null
	ssl.truststore.type = JKS
	value.deserializer = class org.apache.kafka.common.serialization.StringDeserializer

2026-01-21T16:10:21.572Z  INFO 10129 --- [content-service] [           main] o.a.k.c.t.i.KafkaMetricsCollector        : initializing Kafka metrics collector
2026-01-21T16:10:21.575Z  INFO 10129 --- [content-service] [           main] o.a.kafka.common.utils.AppInfoParser     : Kafka version: 3.8.1
2026-01-21T16:10:21.575Z  INFO 10129 --- [content-service] [           main] o.a.kafka.common.utils.AppInfoParser     : Kafka commitId: 70d6ff42debf7e17
2026-01-21T16:10:21.575Z  INFO 10129 --- [content-service] [           main] o.a.kafka.common.utils.AppInfoParser     : Kafka startTimeMs: 1769011821575
2026-01-21T16:10:21.575Z  INFO 10129 --- [content-service] [           main] o.a.k.c.c.internals.LegacyKafkaConsumer  : [Consumer clientId=consumer-behavioral-profiling-consumer-3, groupId=behavioral-profiling-consumer] Subscribed to topic(s): raw-behavioral-events
2026-01-21T16:10:21.576Z DEBUG 10129 --- [content-service] [ntainer#1-0-C-1] actionalApplicationListenerMethodAdapter : No transaction is active - skipping ConsumerStartingEvent [source=KafkaMessageListenerContainer [id=org.springframework.kafka.KafkaListenerEndpointContainer#1-0, clientIndex=-0, topicPartitions=[]]]
2026-01-21T16:10:21.576Z DEBUG 10129 --- [content-service] [ntainer#1-0-C-1] actionalApplicationListenerMethodAdapter : No transaction is active - skipping ConsumerStartedEvent [source=KafkaMessageListenerContainer [id=org.springframework.kafka.KafkaListenerEndpointContainer#1-0, clientIndex=-0, topicPartitions=[]]]
2026-01-21T16:10:21.586Z  INFO 10129 --- [content-service] [           main] o.s.s.config.TaskSchedulerRouter         : No TaskScheduler/ScheduledExecutorService bean found for scheduled processing
2026-01-21T16:10:21.589Z DEBUG 10129 --- [content-service] [           main] actionalApplicationListenerMethodAdapter : No transaction is active - skipping org.springframework.context.event.ContextRefreshedEvent[source=org.springframework.web.context.support.GenericWebApplicationContext@72b689f6, started on Wed Jan 21 16:10:15 GMT 2026]
2026-01-21T16:10:21.590Z  INFO 10129 --- [content-service] [           main] c.g.c.p.ProfilingServiceIntegrationTest  : Started ProfilingServiceIntegrationTest in 6.549 seconds (process running for 12.952)
2026-01-21T16:10:21.591Z DEBUG 10129 --- [content-service] [           main] actionalApplicationListenerMethodAdapter : No transaction is active - skipping org.springframework.boot.context.event.ApplicationStartedEvent[source=org.springframework.boot.SpringApplication@30438df0]
2026-01-21T16:10:21.592Z DEBUG 10129 --- [content-service] [           main] actionalApplicationListenerMethodAdapter : No transaction is active - skipping org.springframework.boot.availability.AvailabilityChangeEvent[source=org.springframework.web.context.support.GenericWebApplicationContext@72b689f6, started on Wed Jan 21 16:10:15 GMT 2026]
2026-01-21T16:10:21.592Z DEBUG 10129 --- [content-service] [           main] actionalApplicationListenerMethodAdapter : No transaction is active - skipping org.springframework.boot.context.event.ApplicationReadyEvent[source=org.springframework.boot.SpringApplication@30438df0]
2026-01-21T16:10:21.592Z DEBUG 10129 --- [content-service] [           main] actionalApplicationListenerMethodAdapter : No transaction is active - skipping org.springframework.boot.availability.AvailabilityChangeEvent[source=org.springframework.web.context.support.GenericWebApplicationContext@72b689f6, started on Wed Jan 21 16:10:15 GMT 2026]
2026-01-21T16:10:21.603Z DEBUG 10129 --- [content-service] [           main] actionalApplicationListenerMethodAdapter : No transaction is active - skipping org.springframework.test.context.event.PrepareTestInstanceEvent[source=[DefaultTestContext@16293620 testClass = com.gradepath.content.profiling.ProfilingServiceIntegrationTest, testInstance = com.gradepath.content.profiling.ProfilingServiceIntegrationTest@8b1bfdf, testMethod = null, testException = null, mergedContextConfiguration = [WebMergedContextConfiguration@e4ce0bf testClass = com.gradepath.content.profiling.ProfilingServiceIntegrationTest, locations = [], classes = [com.gradepath.content.ContentApplication], contextInitializerClasses = [com.gradepath.content.profiling.ProfilingServiceIntegrationTest.TestcontainersInitializer], activeProfiles = [], propertySourceDescriptors = [], propertySourceProperties = ["org.springframework.boot.test.context.SpringBootTestContextBootstrapper=true"], contextCustomizers = [org.springframework.boot.test.context.filter.ExcludeFilterContextCustomizer@64fe9da7, org.springframework.boot.test.json.DuplicateJsonObjectContextCustomizerFactory$DuplicateJsonObjectContextCustomizer@38792286, org.springframework.boot.test.mock.mockito.MockitoContextCustomizer@a3ba30f0, org.springframework.boot.test.web.client.TestRestTemplateContextCustomizer@6724cdec, org.springframework.boot.test.web.reactor.netty.DisableReactorResourceFactoryGlobalResourcesContextCustomizerFactory$DisableReactorResourceFactoryGlobalResourcesContextCustomizerCustomizer@60325987, org.springframework.boot.test.autoconfigure.OnFailureConditionReportContextCustomizerFactory$OnFailureConditionReportContextCustomizer@587a1cfb, org.springframework.boot.test.autoconfigure.actuate.observability.ObservabilityContextCustomizerFactory$DisableObservabilityContextCustomizer@1f, org.springframework.boot.test.autoconfigure.properties.PropertyMappingContextCustomizer@0, org.springframework.boot.test.autoconfigure.web.servlet.WebDriverContextCustomizer@6403e24c, org.springframework.test.context.support.DynamicPropertiesContextCustomizer@0, org.springframework.boot.test.context.SpringBootTestAnnotation@b7740b0d], resourceBasePath = "src/main/webapp", contextLoader = org.springframework.boot.test.context.SpringBootContextLoader, parent = null], attributes = {"org.springframework.test.context.web.ServletTestExecutionListener.activateListener" -> true, "org.springframework.test.context.web.ServletTestExecutionListener.populatedRequestContextHolder" -> true, "org.springframework.test.context.web.ServletTestExecutionListener.resetRequestContextHolder" -> true, "org.springframework.test.context.event.ApplicationEventsTestExecutionListener.recordApplicationEvents" -> false}]]
2026-01-21T16:10:21.612Z DEBUG 10129 --- [content-service] [           main] actionalApplicationListenerMethodAdapter : No transaction is active - skipping org.springframework.test.context.event.BeforeTestMethodEvent[source=[DefaultTestContext@16293620 testClass = com.gradepath.content.profiling.ProfilingServiceIntegrationTest, testInstance = com.gradepath.content.profiling.ProfilingServiceIntegrationTest@8b1bfdf, testMethod = oldInterests_decayWhenNewEventProcessed(), testException = null, mergedContextConfiguration = [WebMergedContextConfiguration@e4ce0bf testClass = com.gradepath.content.profiling.ProfilingServiceIntegrationTest, locations = [], classes = [com.gradepath.content.ContentApplication], contextInitializerClasses = [com.gradepath.content.profiling.ProfilingServiceIntegrationTest.TestcontainersInitializer], activeProfiles = [], propertySourceDescriptors = [], propertySourceProperties = ["org.springframework.boot.test.context.SpringBootTestContextBootstrapper=true"], contextCustomizers = [org.springframework.boot.test.context.filter.ExcludeFilterContextCustomizer@64fe9da7, org.springframework.boot.test.json.DuplicateJsonObjectContextCustomizerFactory$DuplicateJsonObjectContextCustomizer@38792286, org.springframework.boot.test.mock.mockito.MockitoContextCustomizer@a3ba30f0, org.springframework.boot.test.web.client.TestRestTemplateContextCustomizer@6724cdec, org.springframework.boot.test.web.reactor.netty.DisableReactorResourceFactoryGlobalResourcesContextCustomizerFactory$DisableReactorResourceFactoryGlobalResourcesContextCustomizerCustomizer@60325987, org.springframework.boot.test.autoconfigure.OnFailureConditionReportContextCustomizerFactory$OnFailureConditionReportContextCustomizer@587a1cfb, org.springframework.boot.test.autoconfigure.actuate.observability.ObservabilityContextCustomizerFactory$DisableObservabilityContextCustomizer@1f, org.springframework.boot.test.autoconfigure.properties.PropertyMappingContextCustomizer@0, org.springframework.boot.test.autoconfigure.web.servlet.WebDriverContextCustomizer@6403e24c, org.springframework.test.context.support.DynamicPropertiesContextCustomizer@0, org.springframework.boot.test.context.SpringBootTestAnnotation@b7740b0d], resourceBasePath = "src/main/webapp", contextLoader = org.springframework.boot.test.context.SpringBootContextLoader, parent = null], attributes = {"org.springframework.test.context.web.ServletTestExecutionListener.activateListener" -> true, "org.springframework.test.context.web.ServletTestExecutionListener.populatedRequestContextHolder" -> true, "org.springframework.test.context.web.ServletTestExecutionListener.resetRequestContextHolder" -> true, "org.springframework.test.context.event.ApplicationEventsTestExecutionListener.recordApplicationEvents" -> false}]]
2026-01-21T16:10:21.625Z DEBUG 10129 --- [content-service] [           main] actionalApplicationListenerMethodAdapter : No transaction is active - skipping org.springframework.test.context.event.BeforeTestExecutionEvent[source=[DefaultTestContext@16293620 testClass = com.gradepath.content.profiling.ProfilingServiceIntegrationTest, testInstance = com.gradepath.content.profiling.ProfilingServiceIntegrationTest@8b1bfdf, testMethod = oldInterests_decayWhenNewEventProcessed(), testException = null, mergedContextConfiguration = [WebMergedContextConfiguration@e4ce0bf testClass = com.gradepath.content.profiling.ProfilingServiceIntegrationTest, locations = [], classes = [com.gradepath.content.ContentApplication], contextInitializerClasses = [com.gradepath.content.profiling.ProfilingServiceIntegrationTest.TestcontainersInitializer], activeProfiles = [], propertySourceDescriptors = [], propertySourceProperties = ["org.springframework.boot.test.context.SpringBootTestContextBootstrapper=true"], contextCustomizers = [org.springframework.boot.test.context.filter.ExcludeFilterContextCustomizer@64fe9da7, org.springframework.boot.test.json.DuplicateJsonObjectContextCustomizerFactory$DuplicateJsonObjectContextCustomizer@38792286, org.springframework.boot.test.mock.mockito.MockitoContextCustomizer@a3ba30f0, org.springframework.boot.test.web.client.TestRestTemplateContextCustomizer@6724cdec, org.springframework.boot.test.web.reactor.netty.DisableReactorResourceFactoryGlobalResourcesContextCustomizerFactory$DisableReactorResourceFactoryGlobalResourcesContextCustomizerCustomizer@60325987, org.springframework.boot.test.autoconfigure.OnFailureConditionReportContextCustomizerFactory$OnFailureConditionReportContextCustomizer@587a1cfb, org.springframework.boot.test.autoconfigure.actuate.observability.ObservabilityContextCustomizerFactory$DisableObservabilityContextCustomizer@1f, org.springframework.boot.test.autoconfigure.properties.PropertyMappingContextCustomizer@0, org.springframework.boot.test.autoconfigure.web.servlet.WebDriverContextCustomizer@6403e24c, org.springframework.test.context.support.DynamicPropertiesContextCustomizer@0, org.springframework.boot.test.context.SpringBootTestAnnotation@b7740b0d], resourceBasePath = "src/main/webapp", contextLoader = org.springframework.boot.test.context.SpringBootContextLoader, parent = null], attributes = {"org.springframework.test.context.web.ServletTestExecutionListener.activateListener" -> true, "org.springframework.test.context.web.ServletTestExecutionListener.populatedRequestContextHolder" -> true, "org.springframework.test.context.web.ServletTestExecutionListener.resetRequestContextHolder" -> true, "org.springframework.test.context.event.ApplicationEventsTestExecutionListener.recordApplicationEvents" -> false}]]
2026-01-21T16:10:21.625Z DEBUG 10129 --- [content-service] [           main] c.g.content.profiling.ProfilingService   : Processing raw behavioral event: {
    "topic": "content_journey",
    "userId": "decay-user",
    "contentId": "content-1",
    "action": "completed",
    "topicTags": ["history"],
    "timeInContentSeconds": 120
}

2026-01-21T16:10:21.782Z  INFO 10129 --- [content-service] [           main] c.g.c.r.p.BehavioralProfileService       : Saved behavioral profile for user: decay-user
2026-01-21T16:10:21.788Z DEBUG 10129 --- [content-service] [           main] c.g.content.profiling.ProfilingService   : Emitted profile update for user: decay-user
2026-01-21T16:10:21.788Z  INFO 10129 --- [content-service] [           main] c.g.content.profiling.ProfilingService   : Processed journey event for user: decay-user, content: content-1, action: completed
2026-01-21T16:10:21.899Z  WARN 10129 --- [content-service] [ntainer#2-0-C-1] org.apache.kafka.clients.NetworkClient   : [Consumer clientId=consumer-behavioral-profile-consumer-1, groupId=behavioral-profile-consumer] Error while fetching metadata with correlation id 2 : {profile-updates=LEADER_NOT_AVAILABLE}
2026-01-21T16:10:21.899Z  WARN 10129 --- [content-service] [ntainer#0-0-C-1] org.apache.kafka.clients.NetworkClient   : [Consumer clientId=consumer-content-analytics-consumer-2, groupId=content-analytics-consumer] Error while fetching metadata with correlation id 2 : {content-interactions=LEADER_NOT_AVAILABLE}
2026-01-21T16:10:21.899Z  WARN 10129 --- [content-service] [ntainer#1-0-C-1] org.apache.kafka.clients.NetworkClient   : [Consumer clientId=consumer-behavioral-profiling-consumer-3, groupId=behavioral-profiling-consumer] Error while fetching metadata with correlation id 2 : {raw-behavioral-events=LEADER_NOT_AVAILABLE}
2026-01-21T16:10:21.899Z  INFO 10129 --- [content-service] [ntainer#2-0-C-1] org.apache.kafka.clients.Metadata        : [Consumer clientId=consumer-behavioral-profile-consumer-1, groupId=behavioral-profile-consumer] Cluster ID: cfT8pn5DQNK9cPvbie85FQ
2026-01-21T16:10:21.899Z  INFO 10129 --- [content-service] [ntainer#1-0-C-1] org.apache.kafka.clients.Metadata        : [Consumer clientId=consumer-behavioral-profiling-consumer-3, groupId=behavioral-profiling-consumer] Cluster ID: cfT8pn5DQNK9cPvbie85FQ
2026-01-21T16:10:21.900Z  INFO 10129 --- [content-service] [ntainer#0-0-C-1] org.apache.kafka.clients.Metadata        : [Consumer clientId=consumer-content-analytics-consumer-2, groupId=content-analytics-consumer] Cluster ID: cfT8pn5DQNK9cPvbie85FQ
2026-01-21T16:10:21.903Z DEBUG 10129 --- [content-service] [           main] c.g.content.profiling.ProfilingService   : Processing raw behavioral event: {
    "topic": "content_journey",
    "userId": "decay-user",
    "contentId": "content-2",
    "action": "completed",
    "topicTags": ["geography"],
    "timeInContentSeconds": 120
}

2026-01-21T16:10:21.907Z  INFO 10129 --- [content-service] [           main] c.g.c.r.p.BehavioralProfileService       : Saved behavioral profile for user: decay-user
2026-01-21T16:10:21.909Z DEBUG 10129 --- [content-service] [           main] c.g.content.profiling.ProfilingService   : Emitted profile update for user: decay-user
2026-01-21T16:10:21.909Z  INFO 10129 --- [content-service] [           main] c.g.content.profiling.ProfilingService   : Processed journey event for user: decay-user, content: content-2, action: completed
2026-01-21T16:10:21.963Z DEBUG 10129 --- [content-service] [           main] actionalApplicationListenerMethodAdapter : No transaction is active - skipping org.springframework.test.context.event.AfterTestExecutionEvent[source=[DefaultTestContext@16293620 testClass = com.gradepath.content.profiling.ProfilingServiceIntegrationTest, testInstance = com.gradepath.content.profiling.ProfilingServiceIntegrationTest@8b1bfdf, testMethod = oldInterests_decayWhenNewEventProcessed(), testException = null, mergedContextConfiguration = [WebMergedContextConfiguration@e4ce0bf testClass = com.gradepath.content.profiling.ProfilingServiceIntegrationTest, locations = [], classes = [com.gradepath.content.ContentApplication], contextInitializerClasses = [com.gradepath.content.profiling.ProfilingServiceIntegrationTest.TestcontainersInitializer], activeProfiles = [], propertySourceDescriptors = [], propertySourceProperties = ["org.springframework.boot.test.context.SpringBootTestContextBootstrapper=true"], contextCustomizers = [org.springframework.boot.test.context.filter.ExcludeFilterContextCustomizer@64fe9da7, org.springframework.boot.test.json.DuplicateJsonObjectContextCustomizerFactory$DuplicateJsonObjectContextCustomizer@38792286, org.springframework.boot.test.mock.mockito.MockitoContextCustomizer@a3ba30f0, org.springframework.boot.test.web.client.TestRestTemplateContextCustomizer@6724cdec, org.springframework.boot.test.web.reactor.netty.DisableReactorResourceFactoryGlobalResourcesContextCustomizerFactory$DisableReactorResourceFactoryGlobalResourcesContextCustomizerCustomizer@60325987, org.springframework.boot.test.autoconfigure.OnFailureConditionReportContextCustomizerFactory$OnFailureConditionReportContextCustomizer@587a1cfb, org.springframework.boot.test.autoconfigure.actuate.observability.ObservabilityContextCustomizerFactory$DisableObservabilityContextCustomizer@1f, org.springframework.boot.test.autoconfigure.properties.PropertyMappingContextCustomizer@0, org.springframework.boot.test.autoconfigure.web.servlet.WebDriverContextCustomizer@6403e24c, org.springframework.test.context.support.DynamicPropertiesContextCustomizer@0, org.springframework.boot.test.context.SpringBootTestAnnotation@b7740b0d], resourceBasePath = "src/main/webapp", contextLoader = org.springframework.boot.test.context.SpringBootContextLoader, parent = null], attributes = {"org.springframework.test.context.web.ServletTestExecutionListener.activateListener" -> true, "org.springframework.test.context.web.ServletTestExecutionListener.populatedRequestContextHolder" -> true, "org.springframework.test.context.web.ServletTestExecutionListener.resetRequestContextHolder" -> true, "org.springframework.test.context.event.ApplicationEventsTestExecutionListener.recordApplicationEvents" -> false}]]
]]></system-out>
    <system-err><![CDATA[WARNING: A Java agent has been loaded dynamically (/Users/qasim/.m2/repository/net/bytebuddy/byte-buddy-agent/1.15.10/byte-buddy-agent-1.15.10.jar)
WARNING: If a serviceability tool is in use, please run with -XX:+EnableDynamicAgentLoading to hide this warning
WARNING: If a serviceability tool is not in use, please run with -Djdk.instrument.traceUsage for more information
WARNING: Dynamic loading of agents will be disallowed by default in a future release
]]></system-err>
  </testcase>
  <testcase name="processEventWithMissingTopic_doesNotCrash" classname="com.gradepath.content.profiling.ProfilingServiceIntegrationTest" time="0.002">
    <system-out><![CDATA[2026-01-21T16:10:21.970Z DEBUG 10129 --- [content-service] [           main] actionalApplicationListenerMethodAdapter : No transaction is active - skipping org.springframework.test.context.event.AfterTestMethodEvent[source=[DefaultTestContext@16293620 testClass = com.gradepath.content.profiling.ProfilingServiceIntegrationTest, testInstance = com.gradepath.content.profiling.ProfilingServiceIntegrationTest@8b1bfdf, testMethod = oldInterests_decayWhenNewEventProcessed(), testException = null, mergedContextConfiguration = [WebMergedContextConfiguration@e4ce0bf testClass = com.gradepath.content.profiling.ProfilingServiceIntegrationTest, locations = [], classes = [com.gradepath.content.ContentApplication], contextInitializerClasses = [com.gradepath.content.profiling.ProfilingServiceIntegrationTest.TestcontainersInitializer], activeProfiles = [], propertySourceDescriptors = [], propertySourceProperties = ["org.springframework.boot.test.context.SpringBootTestContextBootstrapper=true"], contextCustomizers = [org.springframework.boot.test.context.filter.ExcludeFilterContextCustomizer@64fe9da7, org.springframework.boot.test.json.DuplicateJsonObjectContextCustomizerFactory$DuplicateJsonObjectContextCustomizer@38792286, org.springframework.boot.test.mock.mockito.MockitoContextCustomizer@a3ba30f0, org.springframework.boot.test.web.client.TestRestTemplateContextCustomizer@6724cdec, org.springframework.boot.test.web.reactor.netty.DisableReactorResourceFactoryGlobalResourcesContextCustomizerFactory$DisableReactorResourceFactoryGlobalResourcesContextCustomizerCustomizer@60325987, org.springframework.boot.test.autoconfigure.OnFailureConditionReportContextCustomizerFactory$OnFailureConditionReportContextCustomizer@587a1cfb, org.springframework.boot.test.autoconfigure.actuate.observability.ObservabilityContextCustomizerFactory$DisableObservabilityContextCustomizer@1f, org.springframework.boot.test.autoconfigure.properties.PropertyMappingContextCustomizer@0, org.springframework.boot.test.autoconfigure.web.servlet.WebDriverContextCustomizer@6403e24c, org.springframework.test.context.support.DynamicPropertiesContextCustomizer@0, org.springframework.boot.test.context.SpringBootTestAnnotation@b7740b0d], resourceBasePath = "src/main/webapp", contextLoader = org.springframework.boot.test.context.SpringBootContextLoader, parent = null], attributes = {"org.springframework.test.context.web.ServletTestExecutionListener.activateListener" -> true, "org.springframework.test.context.web.ServletTestExecutionListener.populatedRequestContextHolder" -> true, "org.springframework.test.context.web.ServletTestExecutionListener.resetRequestContextHolder" -> true, "org.springframework.test.context.event.ApplicationEventsTestExecutionListener.recordApplicationEvents" -> false}]]
2026-01-21T16:10:21.974Z DEBUG 10129 --- [content-service] [           main] actionalApplicationListenerMethodAdapter : No transaction is active - skipping org.springframework.test.context.event.BeforeTestMethodEvent[source=[DefaultTestContext@16293620 testClass = com.gradepath.content.profiling.ProfilingServiceIntegrationTest, testInstance = com.gradepath.content.profiling.ProfilingServiceIntegrationTest@8b1bfdf, testMethod = processEventWithMissingTopic_doesNotCrash(), testException = null, mergedContextConfiguration = [WebMergedContextConfiguration@e4ce0bf testClass = com.gradepath.content.profiling.ProfilingServiceIntegrationTest, locations = [], classes = [com.gradepath.content.ContentApplication], contextInitializerClasses = [com.gradepath.content.profiling.ProfilingServiceIntegrationTest.TestcontainersInitializer], activeProfiles = [], propertySourceDescriptors = [], propertySourceProperties = ["org.springframework.boot.test.context.SpringBootTestContextBootstrapper=true"], contextCustomizers = [org.springframework.boot.test.context.filter.ExcludeFilterContextCustomizer@64fe9da7, org.springframework.boot.test.json.DuplicateJsonObjectContextCustomizerFactory$DuplicateJsonObjectContextCustomizer@38792286, org.springframework.boot.test.mock.mockito.MockitoContextCustomizer@a3ba30f0, org.springframework.boot.test.web.client.TestRestTemplateContextCustomizer@6724cdec, org.springframework.boot.test.web.reactor.netty.DisableReactorResourceFactoryGlobalResourcesContextCustomizerFactory$DisableReactorResourceFactoryGlobalResourcesContextCustomizerCustomizer@60325987, org.springframework.boot.test.autoconfigure.OnFailureConditionReportContextCustomizerFactory$OnFailureConditionReportContextCustomizer@587a1cfb, org.springframework.boot.test.autoconfigure.actuate.observability.ObservabilityContextCustomizerFactory$DisableObservabilityContextCustomizer@1f, org.springframework.boot.test.autoconfigure.properties.PropertyMappingContextCustomizer@0, org.springframework.boot.test.autoconfigure.web.servlet.WebDriverContextCustomizer@6403e24c, org.springframework.test.context.support.DynamicPropertiesContextCustomizer@0, org.springframework.boot.test.context.SpringBootTestAnnotation@b7740b0d], resourceBasePath = "src/main/webapp", contextLoader = org.springframework.boot.test.context.SpringBootContextLoader, parent = null], attributes = {"org.springframework.test.context.web.ServletTestExecutionListener.activateListener" -> true, "org.springframework.test.context.web.ServletTestExecutionListener.populatedRequestContextHolder" -> true, "org.springframework.test.context.web.ServletTestExecutionListener.resetRequestContextHolder" -> true, "org.springframework.test.context.event.ApplicationEventsTestExecutionListener.recordApplicationEvents" -> false}]]
2026-01-21T16:10:21.976Z DEBUG 10129 --- [content-service] [           main] actionalApplicationListenerMethodAdapter : No transaction is active - skipping org.springframework.test.context.event.BeforeTestExecutionEvent[source=[DefaultTestContext@16293620 testClass = com.gradepath.content.profiling.ProfilingServiceIntegrationTest, testInstance = com.gradepath.content.profiling.ProfilingServiceIntegrationTest@8b1bfdf, testMethod = processEventWithMissingTopic_doesNotCrash(), testException = null, mergedContextConfiguration = [WebMergedContextConfiguration@e4ce0bf testClass = com.gradepath.content.profiling.ProfilingServiceIntegrationTest, locations = [], classes = [com.gradepath.content.ContentApplication], contextInitializerClasses = [com.gradepath.content.profiling.ProfilingServiceIntegrationTest.TestcontainersInitializer], activeProfiles = [], propertySourceDescriptors = [], propertySourceProperties = ["org.springframework.boot.test.context.SpringBootTestContextBootstrapper=true"], contextCustomizers = [org.springframework.boot.test.context.filter.ExcludeFilterContextCustomizer@64fe9da7, org.springframework.boot.test.json.DuplicateJsonObjectContextCustomizerFactory$DuplicateJsonObjectContextCustomizer@38792286, org.springframework.boot.test.mock.mockito.MockitoContextCustomizer@a3ba30f0, org.springframework.boot.test.web.client.TestRestTemplateContextCustomizer@6724cdec, org.springframework.boot.test.web.reactor.netty.DisableReactorResourceFactoryGlobalResourcesContextCustomizerFactory$DisableReactorResourceFactoryGlobalResourcesContextCustomizerCustomizer@60325987, org.springframework.boot.test.autoconfigure.OnFailureConditionReportContextCustomizerFactory$OnFailureConditionReportContextCustomizer@587a1cfb, org.springframework.boot.test.autoconfigure.actuate.observability.ObservabilityContextCustomizerFactory$DisableObservabilityContextCustomizer@1f, org.springframework.boot.test.autoconfigure.properties.PropertyMappingContextCustomizer@0, org.springframework.boot.test.autoconfigure.web.servlet.WebDriverContextCustomizer@6403e24c, org.springframework.test.context.support.DynamicPropertiesContextCustomizer@0, org.springframework.boot.test.context.SpringBootTestAnnotation@b7740b0d], resourceBasePath = "src/main/webapp", contextLoader = org.springframework.boot.test.context.SpringBootContextLoader, parent = null], attributes = {"org.springframework.test.context.web.ServletTestExecutionListener.activateListener" -> true, "org.springframework.test.context.web.ServletTestExecutionListener.populatedRequestContextHolder" -> true, "org.springframework.test.context.web.ServletTestExecutionListener.resetRequestContextHolder" -> true, "org.springframework.test.context.event.ApplicationEventsTestExecutionListener.recordApplicationEvents" -> false}]]
2026-01-21T16:10:21.976Z DEBUG 10129 --- [content-service] [           main] c.g.content.profiling.ProfilingService   : Processing raw behavioral event: {
    "userId": "no-topic-user",
    "contentId": "content-1"
}

2026-01-21T16:10:21.976Z  WARN 10129 --- [content-service] [           main] c.g.content.profiling.ProfilingService   : No topic in event: {
    "userId": "no-topic-user",
    "contentId": "content-1"
}

2026-01-21T16:10:21.979Z DEBUG 10129 --- [content-service] [           main] actionalApplicationListenerMethodAdapter : No transaction is active - skipping org.springframework.test.context.event.AfterTestExecutionEvent[source=[DefaultTestContext@16293620 testClass = com.gradepath.content.profiling.ProfilingServiceIntegrationTest, testInstance = com.gradepath.content.profiling.ProfilingServiceIntegrationTest@8b1bfdf, testMethod = processEventWithMissingTopic_doesNotCrash(), testException = null, mergedContextConfiguration = [WebMergedContextConfiguration@e4ce0bf testClass = com.gradepath.content.profiling.ProfilingServiceIntegrationTest, locations = [], classes = [com.gradepath.content.ContentApplication], contextInitializerClasses = [com.gradepath.content.profiling.ProfilingServiceIntegrationTest.TestcontainersInitializer], activeProfiles = [], propertySourceDescriptors = [], propertySourceProperties = ["org.springframework.boot.test.context.SpringBootTestContextBootstrapper=true"], contextCustomizers = [org.springframework.boot.test.context.filter.ExcludeFilterContextCustomizer@64fe9da7, org.springframework.boot.test.json.DuplicateJsonObjectContextCustomizerFactory$DuplicateJsonObjectContextCustomizer@38792286, org.springframework.boot.test.mock.mockito.MockitoContextCustomizer@a3ba30f0, org.springframework.boot.test.web.client.TestRestTemplateContextCustomizer@6724cdec, org.springframework.boot.test.web.reactor.netty.DisableReactorResourceFactoryGlobalResourcesContextCustomizerFactory$DisableReactorResourceFactoryGlobalResourcesContextCustomizerCustomizer@60325987, org.springframework.boot.test.autoconfigure.OnFailureConditionReportContextCustomizerFactory$OnFailureConditionReportContextCustomizer@587a1cfb, org.springframework.boot.test.autoconfigure.actuate.observability.ObservabilityContextCustomizerFactory$DisableObservabilityContextCustomizer@1f, org.springframework.boot.test.autoconfigure.properties.PropertyMappingContextCustomizer@0, org.springframework.boot.test.autoconfigure.web.servlet.WebDriverContextCustomizer@6403e24c, org.springframework.test.context.support.DynamicPropertiesContextCustomizer@0, org.springframework.boot.test.context.SpringBootTestAnnotation@b7740b0d], resourceBasePath = "src/main/webapp", contextLoader = org.springframework.boot.test.context.SpringBootContextLoader, parent = null], attributes = {"org.springframework.test.context.web.ServletTestExecutionListener.activateListener" -> true, "org.springframework.test.context.web.ServletTestExecutionListener.populatedRequestContextHolder" -> true, "org.springframework.test.context.web.ServletTestExecutionListener.resetRequestContextHolder" -> true, "org.springframework.test.context.event.ApplicationEventsTestExecutionListener.recordApplicationEvents" -> false}]]
]]></system-out>
  </testcase>
  <testcase name="processInvalidJsonEvent_doesNotCrash" classname="com.gradepath.content.profiling.ProfilingServiceIntegrationTest" time="0.007">
    <system-out><![CDATA[2026-01-21T16:10:21.981Z DEBUG 10129 --- [content-service] [           main] actionalApplicationListenerMethodAdapter : No transaction is active - skipping org.springframework.test.context.event.AfterTestMethodEvent[source=[DefaultTestContext@16293620 testClass = com.gradepath.content.profiling.ProfilingServiceIntegrationTest, testInstance = com.gradepath.content.profiling.ProfilingServiceIntegrationTest@8b1bfdf, testMethod = processEventWithMissingTopic_doesNotCrash(), testException = null, mergedContextConfiguration = [WebMergedContextConfiguration@e4ce0bf testClass = com.gradepath.content.profiling.ProfilingServiceIntegrationTest, locations = [], classes = [com.gradepath.content.ContentApplication], contextInitializerClasses = [com.gradepath.content.profiling.ProfilingServiceIntegrationTest.TestcontainersInitializer], activeProfiles = [], propertySourceDescriptors = [], propertySourceProperties = ["org.springframework.boot.test.context.SpringBootTestContextBootstrapper=true"], contextCustomizers = [org.springframework.boot.test.context.filter.ExcludeFilterContextCustomizer@64fe9da7, org.springframework.boot.test.json.DuplicateJsonObjectContextCustomizerFactory$DuplicateJsonObjectContextCustomizer@38792286, org.springframework.boot.test.mock.mockito.MockitoContextCustomizer@a3ba30f0, org.springframework.boot.test.web.client.TestRestTemplateContextCustomizer@6724cdec, org.springframework.boot.test.web.reactor.netty.DisableReactorResourceFactoryGlobalResourcesContextCustomizerFactory$DisableReactorResourceFactoryGlobalResourcesContextCustomizerCustomizer@60325987, org.springframework.boot.test.autoconfigure.OnFailureConditionReportContextCustomizerFactory$OnFailureConditionReportContextCustomizer@587a1cfb, org.springframework.boot.test.autoconfigure.actuate.observability.ObservabilityContextCustomizerFactory$DisableObservabilityContextCustomizer@1f, org.springframework.boot.test.autoconfigure.properties.PropertyMappingContextCustomizer@0, org.springframework.boot.test.autoconfigure.web.servlet.WebDriverContextCustomizer@6403e24c, org.springframework.test.context.support.DynamicPropertiesContextCustomizer@0, org.springframework.boot.test.context.SpringBootTestAnnotation@b7740b0d], resourceBasePath = "src/main/webapp", contextLoader = org.springframework.boot.test.context.SpringBootContextLoader, parent = null], attributes = {"org.springframework.test.context.web.ServletTestExecutionListener.activateListener" -> true, "org.springframework.test.context.web.ServletTestExecutionListener.populatedRequestContextHolder" -> true, "org.springframework.test.context.web.ServletTestExecutionListener.resetRequestContextHolder" -> true, "org.springframework.test.context.event.ApplicationEventsTestExecutionListener.recordApplicationEvents" -> false}]]
2026-01-21T16:10:21.983Z DEBUG 10129 --- [content-service] [           main] actionalApplicationListenerMethodAdapter : No transaction is active - skipping org.springframework.test.context.event.BeforeTestMethodEvent[source=[DefaultTestContext@16293620 testClass = com.gradepath.content.profiling.ProfilingServiceIntegrationTest, testInstance = com.gradepath.content.profiling.ProfilingServiceIntegrationTest@8b1bfdf, testMethod = processInvalidJsonEvent_doesNotCrash(), testException = null, mergedContextConfiguration = [WebMergedContextConfiguration@e4ce0bf testClass = com.gradepath.content.profiling.ProfilingServiceIntegrationTest, locations = [], classes = [com.gradepath.content.ContentApplication], contextInitializerClasses = [com.gradepath.content.profiling.ProfilingServiceIntegrationTest.TestcontainersInitializer], activeProfiles = [], propertySourceDescriptors = [], propertySourceProperties = ["org.springframework.boot.test.context.SpringBootTestContextBootstrapper=true"], contextCustomizers = [org.springframework.boot.test.context.filter.ExcludeFilterContextCustomizer@64fe9da7, org.springframework.boot.test.json.DuplicateJsonObjectContextCustomizerFactory$DuplicateJsonObjectContextCustomizer@38792286, org.springframework.boot.test.mock.mockito.MockitoContextCustomizer@a3ba30f0, org.springframework.boot.test.web.client.TestRestTemplateContextCustomizer@6724cdec, org.springframework.boot.test.web.reactor.netty.DisableReactorResourceFactoryGlobalResourcesContextCustomizerFactory$DisableReactorResourceFactoryGlobalResourcesContextCustomizerCustomizer@60325987, org.springframework.boot.test.autoconfigure.OnFailureConditionReportContextCustomizerFactory$OnFailureConditionReportContextCustomizer@587a1cfb, org.springframework.boot.test.autoconfigure.actuate.observability.ObservabilityContextCustomizerFactory$DisableObservabilityContextCustomizer@1f, org.springframework.boot.test.autoconfigure.properties.PropertyMappingContextCustomizer@0, org.springframework.boot.test.autoconfigure.web.servlet.WebDriverContextCustomizer@6403e24c, org.springframework.test.context.support.DynamicPropertiesContextCustomizer@0, org.springframework.boot.test.context.SpringBootTestAnnotation@b7740b0d], resourceBasePath = "src/main/webapp", contextLoader = org.springframework.boot.test.context.SpringBootContextLoader, parent = null], attributes = {"org.springframework.test.context.web.ServletTestExecutionListener.activateListener" -> true, "org.springframework.test.context.web.ServletTestExecutionListener.populatedRequestContextHolder" -> true, "org.springframework.test.context.web.ServletTestExecutionListener.resetRequestContextHolder" -> true, "org.springframework.test.context.event.ApplicationEventsTestExecutionListener.recordApplicationEvents" -> false}]]
2026-01-21T16:10:21.985Z DEBUG 10129 --- [content-service] [           main] actionalApplicationListenerMethodAdapter : No transaction is active - skipping org.springframework.test.context.event.BeforeTestExecutionEvent[source=[DefaultTestContext@16293620 testClass = com.gradepath.content.profiling.ProfilingServiceIntegrationTest, testInstance = com.gradepath.content.profiling.ProfilingServiceIntegrationTest@8b1bfdf, testMethod = processInvalidJsonEvent_doesNotCrash(), testException = null, mergedContextConfiguration = [WebMergedContextConfiguration@e4ce0bf testClass = com.gradepath.content.profiling.ProfilingServiceIntegrationTest, locations = [], classes = [com.gradepath.content.ContentApplication], contextInitializerClasses = [com.gradepath.content.profiling.ProfilingServiceIntegrationTest.TestcontainersInitializer], activeProfiles = [], propertySourceDescriptors = [], propertySourceProperties = ["org.springframework.boot.test.context.SpringBootTestContextBootstrapper=true"], contextCustomizers = [org.springframework.boot.test.context.filter.ExcludeFilterContextCustomizer@64fe9da7, org.springframework.boot.test.json.DuplicateJsonObjectContextCustomizerFactory$DuplicateJsonObjectContextCustomizer@38792286, org.springframework.boot.test.mock.mockito.MockitoContextCustomizer@a3ba30f0, org.springframework.boot.test.web.client.TestRestTemplateContextCustomizer@6724cdec, org.springframework.boot.test.web.reactor.netty.DisableReactorResourceFactoryGlobalResourcesContextCustomizerFactory$DisableReactorResourceFactoryGlobalResourcesContextCustomizerCustomizer@60325987, org.springframework.boot.test.autoconfigure.OnFailureConditionReportContextCustomizerFactory$OnFailureConditionReportContextCustomizer@587a1cfb, org.springframework.boot.test.autoconfigure.actuate.observability.ObservabilityContextCustomizerFactory$DisableObservabilityContextCustomizer@1f, org.springframework.boot.test.autoconfigure.properties.PropertyMappingContextCustomizer@0, org.springframework.boot.test.autoconfigure.web.servlet.WebDriverContextCustomizer@6403e24c, org.springframework.test.context.support.DynamicPropertiesContextCustomizer@0, org.springframework.boot.test.context.SpringBootTestAnnotation@b7740b0d], resourceBasePath = "src/main/webapp", contextLoader = org.springframework.boot.test.context.SpringBootContextLoader, parent = null], attributes = {"org.springframework.test.context.web.ServletTestExecutionListener.activateListener" -> true, "org.springframework.test.context.web.ServletTestExecutionListener.populatedRequestContextHolder" -> true, "org.springframework.test.context.web.ServletTestExecutionListener.resetRequestContextHolder" -> true, "org.springframework.test.context.event.ApplicationEventsTestExecutionListener.recordApplicationEvents" -> false}]]
2026-01-21T16:10:21.985Z DEBUG 10129 --- [content-service] [           main] c.g.content.profiling.ProfilingService   : Processing raw behavioral event: invalid json {
2026-01-21T16:10:21.986Z ERROR 10129 --- [content-service] [           main] c.g.content.profiling.ProfilingService   : Error processing raw behavioral event: invalid json {

com.fasterxml.jackson.core.JsonParseException: Unrecognized token 'invalid': was expecting (JSON String, Number, Array, Object or token 'null', 'true' or 'false')
 at [Source: REDACTED (`StreamReadFeature.INCLUDE_SOURCE_IN_LOCATION` disabled); line: 1, column: 8]
	at com.fasterxml.jackson.core.JsonParser._constructError(JsonParser.java:2584) ~[jackson-core-2.18.1.jar:2.18.1]
	at com.fasterxml.jackson.core.JsonParser._constructReadException(JsonParser.java:2610) ~[jackson-core-2.18.1.jar:2.18.1]
	at com.fasterxml.jackson.core.JsonParser._constructReadException(JsonParser.java:2618) ~[jackson-core-2.18.1.jar:2.18.1]
	at com.fasterxml.jackson.core.base.ParserMinimalBase._reportError(ParserMinimalBase.java:825) ~[jackson-core-2.18.1.jar:2.18.1]
	at com.fasterxml.jackson.core.json.ReaderBasedJsonParser._reportInvalidToken(ReaderBasedJsonParser.java:3017) ~[jackson-core-2.18.1.jar:2.18.1]
	at com.fasterxml.jackson.core.json.ReaderBasedJsonParser._handleOddValue(ReaderBasedJsonParser.java:2051) ~[jackson-core-2.18.1.jar:2.18.1]
	at com.fasterxml.jackson.core.json.ReaderBasedJsonParser.nextToken(ReaderBasedJsonParser.java:780) ~[jackson-core-2.18.1.jar:2.18.1]
	at com.fasterxml.jackson.databind.ObjectMapper._readTreeAndClose(ObjectMapper.java:4946) ~[jackson-databind-2.18.1.jar:2.18.1]
	at com.fasterxml.jackson.databind.ObjectMapper.readTree(ObjectMapper.java:3281) ~[jackson-databind-2.18.1.jar:2.18.1]
	at com.gradepath.content.profiling.ProfilingService.processRawBehavioralEvent(ProfilingService.java:78) ~[classes/:na]
	at com.gradepath.content.profiling.ProfilingServiceIntegrationTest.processInvalidJsonEvent_doesNotCrash(ProfilingServiceIntegrationTest.java:336) ~[test-classes/:na]
	at java.base/jdk.internal.reflect.DirectMethodHandleAccessor.invoke(DirectMethodHandleAccessor.java:103) ~[na:na]
	at java.base/java.lang.reflect.Method.invoke(Method.java:580) ~[na:na]
	at org.testng.internal.invokers.MethodInvocationHelper.invokeMethod(MethodInvocationHelper.java:141) ~[testng-7.10.2.jar:7.10.2]
	at org.testng.internal.invokers.MethodInvocationHelper$1.runTestMethod(MethodInvocationHelper.java:260) ~[testng-7.10.2.jar:7.10.2]
	at org.springframework.test.context.testng.AbstractTestNGSpringContextTests.run(AbstractTestNGSpringContextTests.java:154) ~[spring-test-6.2.0.jar:6.2.0]
	at org.testng.internal.invokers.MethodInvocationHelper.invokeHookable(MethodInvocationHelper.java:274) ~[testng-7.10.2.jar:7.10.2]
	at org.testng.internal.invokers.TestInvoker.invokeMethod(TestInvoker.java:678) ~[testng-7.10.2.jar:7.10.2]
	at org.testng.internal.invokers.TestInvoker.invokeTestMethod(TestInvoker.java:230) ~[testng-7.10.2.jar:7.10.2]
	at org.testng.internal.invokers.MethodRunner.runInSequence(MethodRunner.java:63) ~[testng-7.10.2.jar:7.10.2]
	at org.testng.internal.invokers.TestInvoker$MethodInvocationAgent.invoke(TestInvoker.java:992) ~[testng-7.10.2.jar:7.10.2]
	at org.testng.internal.invokers.TestInvoker.invokeTestMethods(TestInvoker.java:203) ~[testng-7.10.2.jar:7.10.2]
	at org.testng.internal.invokers.TestMethodWorker.invokeTestMethods(TestMethodWorker.java:154) ~[testng-7.10.2.jar:7.10.2]
	at org.testng.internal.invokers.TestMethodWorker.run(TestMethodWorker.java:134) ~[testng-7.10.2.jar:7.10.2]
	at java.base/java.util.ArrayList.forEach(ArrayList.java:1596) ~[na:na]
	at org.testng.TestRunner.privateRun(TestRunner.java:739) ~[testng-7.10.2.jar:7.10.2]
	at org.testng.TestRunner.run(TestRunner.java:614) ~[testng-7.10.2.jar:7.10.2]
	at org.testng.SuiteRunner.runTest(SuiteRunner.java:421) ~[testng-7.10.2.jar:7.10.2]
	at org.testng.SuiteRunner.runSequentially(SuiteRunner.java:413) ~[testng-7.10.2.jar:7.10.2]
	at org.testng.SuiteRunner.privateRun(SuiteRunner.java:373) ~[testng-7.10.2.jar:7.10.2]
	at org.testng.SuiteRunner.run(SuiteRunner.java:312) ~[testng-7.10.2.jar:7.10.2]
	at org.testng.SuiteRunnerWorker.runSuite(SuiteRunnerWorker.java:52) ~[testng-7.10.2.jar:7.10.2]
	at org.testng.SuiteRunnerWorker.run(SuiteRunnerWorker.java:95) ~[testng-7.10.2.jar:7.10.2]
	at org.testng.TestNG.runSuitesSequentially(TestNG.java:1274) ~[testng-7.10.2.jar:7.10.2]
	at org.testng.TestNG.runSuitesLocally(TestNG.java:1208) ~[testng-7.10.2.jar:7.10.2]
	at org.testng.TestNG.runSuites(TestNG.java:1112) ~[testng-7.10.2.jar:7.10.2]
	at org.testng.TestNG.run(TestNG.java:1079) ~[testng-7.10.2.jar:7.10.2]
	at org.apache.maven.surefire.testng.TestNGExecutor.run(TestNGExecutor.java:308) ~[surefire-testng-3.2.5.jar:3.2.5]
	at org.apache.maven.surefire.testng.TestNGXmlTestSuite.execute(TestNGXmlTestSuite.java:71) ~[surefire-testng-3.2.5.jar:3.2.5]
	at org.apache.maven.surefire.testng.TestNGProvider.invoke(TestNGProvider.java:113) ~[surefire-testng-3.2.5.jar:3.2.5]
	at org.apache.maven.surefire.booter.ForkedBooter.runSuitesInProcess(ForkedBooter.java:385) ~[surefire-booter-3.2.5.jar:3.2.5]
	at org.apache.maven.surefire.booter.ForkedBooter.execute(ForkedBooter.java:162) ~[surefire-booter-3.2.5.jar:3.2.5]
	at org.apache.maven.surefire.booter.ForkedBooter.run(ForkedBooter.java:507) ~[surefire-booter-3.2.5.jar:3.2.5]
	at org.apache.maven.surefire.booter.ForkedBooter.main(ForkedBooter.java:495) ~[surefire-booter-3.2.5.jar:3.2.5]

2026-01-21T16:10:21.991Z DEBUG 10129 --- [content-service] [           main] actionalApplicationListenerMethodAdapter : No transaction is active - skipping org.springframework.test.context.event.AfterTestExecutionEvent[source=[DefaultTestContext@16293620 testClass = com.gradepath.content.profiling.ProfilingServiceIntegrationTest, testInstance = com.gradepath.content.profiling.ProfilingServiceIntegrationTest@8b1bfdf, testMethod = processInvalidJsonEvent_doesNotCrash(), testException = null, mergedContextConfiguration = [WebMergedContextConfiguration@e4ce0bf testClass = com.gradepath.content.profiling.ProfilingServiceIntegrationTest, locations = [], classes = [com.gradepath.content.ContentApplication], contextInitializerClasses = [com.gradepath.content.profiling.ProfilingServiceIntegrationTest.TestcontainersInitializer], activeProfiles = [], propertySourceDescriptors = [], propertySourceProperties = ["org.springframework.boot.test.context.SpringBootTestContextBootstrapper=true"], contextCustomizers = [org.springframework.boot.test.context.filter.ExcludeFilterContextCustomizer@64fe9da7, org.springframework.boot.test.json.DuplicateJsonObjectContextCustomizerFactory$DuplicateJsonObjectContextCustomizer@38792286, org.springframework.boot.test.mock.mockito.MockitoContextCustomizer@a3ba30f0, org.springframework.boot.test.web.client.TestRestTemplateContextCustomizer@6724cdec, org.springframework.boot.test.web.reactor.netty.DisableReactorResourceFactoryGlobalResourcesContextCustomizerFactory$DisableReactorResourceFactoryGlobalResourcesContextCustomizerCustomizer@60325987, org.springframework.boot.test.autoconfigure.OnFailureConditionReportContextCustomizerFactory$OnFailureConditionReportContextCustomizer@587a1cfb, org.springframework.boot.test.autoconfigure.actuate.observability.ObservabilityContextCustomizerFactory$DisableObservabilityContextCustomizer@1f, org.springframework.boot.test.autoconfigure.properties.PropertyMappingContextCustomizer@0, org.springframework.boot.test.autoconfigure.web.servlet.WebDriverContextCustomizer@6403e24c, org.springframework.test.context.support.DynamicPropertiesContextCustomizer@0, org.springframework.boot.test.context.SpringBootTestAnnotation@b7740b0d], resourceBasePath = "src/main/webapp", contextLoader = org.springframework.boot.test.context.SpringBootContextLoader, parent = null], attributes = {"org.springframework.test.context.web.ServletTestExecutionListener.activateListener" -> true, "org.springframework.test.context.web.ServletTestExecutionListener.populatedRequestContextHolder" -> true, "org.springframework.test.context.web.ServletTestExecutionListener.resetRequestContextHolder" -> true, "org.springframework.test.context.event.ApplicationEventsTestExecutionListener.recordApplicationEvents" -> false}]]
]]></system-out>
  </testcase>
  <testcase name="processJourneyEvent_endToEnd_createsProfileInDatabase" classname="com.gradepath.content.profiling.ProfilingServiceIntegrationTest" time="0.011">
    <system-out><![CDATA[2026-01-21T16:10:21.993Z DEBUG 10129 --- [content-service] [           main] actionalApplicationListenerMethodAdapter : No transaction is active - skipping org.springframework.test.context.event.AfterTestMethodEvent[source=[DefaultTestContext@16293620 testClass = com.gradepath.content.profiling.ProfilingServiceIntegrationTest, testInstance = com.gradepath.content.profiling.ProfilingServiceIntegrationTest@8b1bfdf, testMethod = processInvalidJsonEvent_doesNotCrash(), testException = null, mergedContextConfiguration = [WebMergedContextConfiguration@e4ce0bf testClass = com.gradepath.content.profiling.ProfilingServiceIntegrationTest, locations = [], classes = [com.gradepath.content.ContentApplication], contextInitializerClasses = [com.gradepath.content.profiling.ProfilingServiceIntegrationTest.TestcontainersInitializer], activeProfiles = [], propertySourceDescriptors = [], propertySourceProperties = ["org.springframework.boot.test.context.SpringBootTestContextBootstrapper=true"], contextCustomizers = [org.springframework.boot.test.context.filter.ExcludeFilterContextCustomizer@64fe9da7, org.springframework.boot.test.json.DuplicateJsonObjectContextCustomizerFactory$DuplicateJsonObjectContextCustomizer@38792286, org.springframework.boot.test.mock.mockito.MockitoContextCustomizer@a3ba30f0, org.springframework.boot.test.web.client.TestRestTemplateContextCustomizer@6724cdec, org.springframework.boot.test.web.reactor.netty.DisableReactorResourceFactoryGlobalResourcesContextCustomizerFactory$DisableReactorResourceFactoryGlobalResourcesContextCustomizerCustomizer@60325987, org.springframework.boot.test.autoconfigure.OnFailureConditionReportContextCustomizerFactory$OnFailureConditionReportContextCustomizer@587a1cfb, org.springframework.boot.test.autoconfigure.actuate.observability.ObservabilityContextCustomizerFactory$DisableObservabilityContextCustomizer@1f, org.springframework.boot.test.autoconfigure.properties.PropertyMappingContextCustomizer@0, org.springframework.boot.test.autoconfigure.web.servlet.WebDriverContextCustomizer@6403e24c, org.springframework.test.context.support.DynamicPropertiesContextCustomizer@0, org.springframework.boot.test.context.SpringBootTestAnnotation@b7740b0d], resourceBasePath = "src/main/webapp", contextLoader = org.springframework.boot.test.context.SpringBootContextLoader, parent = null], attributes = {"org.springframework.test.context.web.ServletTestExecutionListener.activateListener" -> true, "org.springframework.test.context.web.ServletTestExecutionListener.populatedRequestContextHolder" -> true, "org.springframework.test.context.web.ServletTestExecutionListener.resetRequestContextHolder" -> true, "org.springframework.test.context.event.ApplicationEventsTestExecutionListener.recordApplicationEvents" -> false}]]
[...]
2026-01-21T16:10:22.067Z DEBUG 10129 --- [content-service] [           main] actionalApplicationListenerMethodAdapter : No transaction is active - skipping org.springframework.test.context.event.BeforeTestExecutionEvent[source=[DefaultTestContext@16293620 testClass = com.gradepath.content.profiling.ProfilingServiceIntegrationTest, testInstance = com.gradepath.content.profiling.ProfilingServiceIntegrationTest@8b1bfdf, testMethod = processSessionEvent_endToEnd_updatesSessionCount(), testException = null, mergedContextConfiguration = [WebMergedContextConfiguration@e4ce0bf testClass = com.gradepath.content.profiling.ProfilingServiceIntegrationTest, locations = [], classes = [com.gradepath.content.ContentApplication], contextInitializerClasses = [com.gradepath.content.profiling.ProfilingServiceIntegrationTest.TestcontainersInitializer], activeProfiles = [], propertySourceDescriptors = [], propertySourceProperties = ["org.springframework.boot.test.context.SpringBootTestContextBootstrapper=true"], contextCustomizers = [org.springframework.boot.test.context.filter.ExcludeFilterContextCustomizer@64fe9da7, org.springframework.boot.test.json.DuplicateJsonObjectContextCustomizerFactory$DuplicateJsonObjectContextCustomizer@38792286, org.springframework.boot.test.mock.mockito.MockitoContextCustomizer@a3ba30f0, org.springframework.boot.test.web.client.TestRestTemplateContextCustomizer@6724cdec, org.springframework.boot.test.web.reactor.netty.DisableReactorResourceFactoryGlobalResourcesContextCustomizerFactory$DisableReactorResourceFactoryGlobalResourcesContextCustomizerCustomizer@60325987, org.springframework.boot.test.autoconfigure.OnFailureConditionReportContextCustomizerFactory$OnFailureConditionReportContextCustomizer@587a1cfb, org.springframework.boot.test.autoconfigure.actuate.observability.ObservabilityContextCustomizerFactory$DisableObservabilityContextCustomizer@1f, org.springframework.boot.test.autoconfigure.properties.PropertyMappingContextCustomizer@0, org.springframework.boot.test.autoconfigure.web.servlet.WebDriverContextCustomizer@6403e24c, org.springframework.test.context.support.DynamicPropertiesContextCustomizer@0, org.springframework.boot.test.context.SpringBootTestAnnotation@b7740b0d], resourceBasePath = "src/main/webapp", contextLoader = org.springframework.boot.test.context.SpringBootContextLoader, parent = null], attributes = {"org.springframework.test.context.web.ServletTestExecutionListener.activateListener" -> true, "org.springframework.test.context.web.ServletTestExecutionListener.populatedRequestContextHolder" -> true, "org.springframework.test.context.web.ServletTestExecutionListener.resetRequestContextHolder" -> true, "org.springframework.test.context.event.ApplicationEventsTestExecutionListener.recordApplicationEvents" -> false}]]
2026-01-21T16:10:22.067Z DEBUG 10129 --- [content-service] [           main] c.g.content.profiling.ProfilingService   : Processing raw behavioral event: {
    "topic": "session_lifecycle",
    "userId": "session-user-1",
    "eventType": "session_end",
    "durationSeconds": 300,
    "contentCount": 5
}

2026-01-21T16:10:22.070Z DEBUG 10129 --- [content-service] [           main] c.g.c.p.algorithm.EngagementClassifier   : Updated engagement for user session-user-1: classification=unknown, confidence=0.0
2026-01-21T16:10:22.072Z  INFO 10129 --- [content-service] [           main] c.g.c.r.p.BehavioralProfileService       : Saved behavioral profile for user: session-user-1
2026-01-21T16:10:22.072Z DEBUG 10129 --- [content-service] [           main] c.g.content.profiling.ProfilingService   : Emitted profile update for user: session-user-1
2026-01-21T16:10:22.072Z  INFO 10129 --- [content-service] [           main] c.g.content.profiling.ProfilingService   : Processed session_end for user: session-user-1, duration: 300s, content: 5
2026-01-21T16:10:22.074Z DEBUG 10129 --- [content-service] [           main] actionalApplicationListenerMethodAdapter : No transaction is active - skipping org.springframework.test.context.event.AfterTestExecutionEvent[source=[DefaultTestContext@16293620 testClass = com.gradepath.content.profiling.ProfilingServiceIntegrationTest, testInstance = com.gradepath.content.profiling.ProfilingServiceIntegrationTest@8b1bfdf, testMethod = processSessionEvent_endToEnd_updatesSessionCount(), testException = null, mergedContextConfiguration = [WebMergedContextConfiguration@e4ce0bf testClass = com.gradepath.content.profiling.ProfilingServiceIntegrationTest, locations = [], classes = [com.gradepath.content.ContentApplication], contextInitializerClasses = [com.gradepath.content.profiling.ProfilingServiceIntegrationTest.TestcontainersInitializer], activeProfiles = [], propertySourceDescriptors = [], propertySourceProperties = ["org.springframework.boot.test.context.SpringBootTestContextBootstrapper=true"], contextCustomizers = [org.springframework.boot.test.context.filter.ExcludeFilterContextCustomizer@64fe9da7, org.springframework.boot.test.json.DuplicateJsonObjectContextCustomizerFactory$DuplicateJsonObjectContextCustomizer@38792286, org.springframework.boot.test.mock.mockito.MockitoContextCustomizer@a3ba30f0, org.springframework.boot.test.web.client.TestRestTemplateContextCustomizer@6724cdec, org.springframework.boot.test.web.reactor.netty.DisableReactorResourceFactoryGlobalResourcesContextCustomizerFactory$DisableReactorResourceFactoryGlobalResourcesContextCustomizerCustomizer@60325987, org.springframework.boot.test.autoconfigure.OnFailureConditionReportContextCustomizerFactory$OnFailureConditionReportContextCustomizer@587a1cfb, org.springframework.boot.test.autoconfigure.actuate.observability.ObservabilityContextCustomizerFactory$DisableObservabilityContextCustomizer@1f, org.springframework.boot.test.autoconfigure.properties.PropertyMappingContextCustomizer@0, org.springframework.boot.test.autoconfigure.web.servlet.WebDriverContextCustomizer@6403e24c, org.springframework.test.context.support.DynamicPropertiesContextCustomizer@0, org.springframework.boot.test.context.SpringBootTestAnnotation@b7740b0d], resourceBasePath = "src/main/webapp", contextLoader = org.springframework.boot.test.context.SpringBootContextLoader, parent = null], attributes = {"org.springframework.test.context.web.ServletTestExecutionListener.activateListener" -> true, "org.springframework.test.context.web.ServletTestExecutionListener.populatedRequestContextHolder" -> true, "org.springframework.test.context.web.ServletTestExecutionListener.resetRequestContextHolder" -> true, "org.springframework.test.context.event.ApplicationEventsTestExecutionListener.recordApplicationEvents" -> false}]]
]]></system-out>
  </testcase>
  <testcase name="profile_persistsAcrossRetrieval" classname="com.gradepath.content.profiling.ProfilingServiceIntegrationTest" time="0.008">
    <system-out><![CDATA[2026-01-21T16:10:22.076Z DEBUG 10129 --- [content-service] [           main] actionalApplicationListenerMethodAdapter : No transaction is active - skipping org.springframework.test.context.event.AfterTestMethodEvent[source=[DefaultTestContext@16293620 testClass = com.gradepath.content.profiling.ProfilingServiceIntegrationTest, testInstance = com.gradepath.content.profiling.ProfilingServiceIntegrationTest@8b1bfdf, testMethod = processSessionEvent_endToEnd_updatesSessionCount(), testException = null, mergedContextConfiguration = [WebMergedContextConfiguration@e4ce0bf testClass = com.gradepath.content.profiling.ProfilingServiceIntegrationTest, locations = [], classes = [com.gradepath.content.ContentApplication], contextInitializerClasses = [com.gradepath.content.profiling.ProfilingServiceIntegrationTest.TestcontainersInitializer], activeProfiles = [], propertySourceDescriptors = [], propertySourceProperties = ["org.springframework.boot.test.context.SpringBootTestContextBootstrapper=true"], contextCustomizers = [org.springframework.boot.test.context.filter.ExcludeFilterContextCustomizer@64fe9da7, org.springframework.boot.test.json.DuplicateJsonObjectContextCustomizerFactory$DuplicateJsonObjectContextCustomizer@38792286, org.springframework.boot.test.mock.mockito.MockitoContextCustomizer@a3ba30f0, org.springframework.boot.test.web.client.TestRestTemplateContextCustomizer@6724cdec, org.springframework.boot.test.web.reactor.netty.DisableReactorResourceFactoryGlobalResourcesContextCustomizerFactory$DisableReactorResourceFactoryGlobalResourcesContextCustomizerCustomizer@60325987, org.springframework.boot.test.autoconfigure.OnFailureConditionReportContextCustomizerFactory$OnFailureConditionReportContextCustomizer@587a1cfb, org.springframework.boot.test.autoconfigure.actuate.observability.ObservabilityContextCustomizerFactory$DisableObservabilityContextCustomizer@1f, org.springframework.boot.test.autoconfigure.properties.PropertyMappingContextCustomizer@0, org.springframework.boot.test.autoconfigure.web.servlet.WebDriverContextCustomizer@6403e24c, org.springframework.test.context.support.DynamicPropertiesContextCustomizer@0, org.springframework.boot.test.context.SpringBootTestAnnotation@b7740b0d], resourceBasePath = "src/main/webapp", contextLoader = org.springframework.boot.test.context.SpringBootContextLoader, parent = null], attributes = {"org.springframework.test.context.web.ServletTestExecutionListener.activateListener" -> true, "org.springframework.test.context.web.ServletTestExecutionListener.populatedRequestContextHolder" -> true, "org.springframework.test.context.web.ServletTestExecutionListener.resetRequestContextHolder" -> true, "org.springframework.test.context.event.ApplicationEventsTestExecutionListener.recordApplicationEvents" -> false}]]
2026-01-21T16:10:22.076Z DEBUG 10129 --- [content-service] [           main] actionalApplicationListenerMethodAdapter : No transaction is active - skipping org.springframework.test.context.event.BeforeTestMethodEvent[source=[DefaultTestContext@16293620 testClass = com.gradepath.content.profiling.ProfilingServiceIntegrationTest, testInstance = com.gradepath.content.profiling.ProfilingServiceIntegrationTest@8b1bfdf, testMethod = profile_persistsAcrossRetrieval(), testException = null, mergedContextConfiguration = [WebMergedContextConfiguration@e4ce0bf testClass = com.gradepath.content.profiling.ProfilingServiceIntegrationTest, locations = [], classes = [com.gradepath.content.ContentApplication], contextInitializerClasses = [com.gradepath.content.profiling.ProfilingServiceIntegrationTest.TestcontainersInitializer], activeProfiles = [], propertySourceDescriptors = [], propertySourceProperties = ["org.springframework.boot.test.context.SpringBootTestContextBootstrapper=true"], contextCustomizers = [org.springframework.boot.test.context.filter.ExcludeFilterContextCustomizer@64fe9da7, org.springframework.boot.test.json.DuplicateJsonObjectContextCustomizerFactory$DuplicateJsonObjectContextCustomizer@38792286, org.springframework.boot.test.mock.mockito.MockitoContextCustomizer@a3ba30f0, org.springframework.boot.test.web.client.TestRestTemplateContextCustomizer@6724cdec, org.springframework.boot.test.web.reactor.netty.DisableReactorResourceFactoryGlobalResourcesContextCustomizerFactory$DisableReactorResourceFactoryGlobalResourcesContextCustomizerCustomizer@60325987, org.springframework.boot.test.autoconfigure.OnFailureConditionReportContextCustomizerFactory$OnFailureConditionReportContextCustomizer@587a1cfb, org.springframework.boot.test.autoconfigure.actuate.observability.ObservabilityContextCustomizerFactory$DisableObservabilityContextCustomizer@1f, org.springframework.boot.test.autoconfigure.properties.PropertyMappingContextCustomizer@0, org.springframework.boot.test.autoconfigure.web.servlet.WebDriverContextCustomizer@6403e24c, org.springframework.test.context.support.DynamicPropertiesContextCustomizer@0, org.springframework.boot.test.context.SpringBootTestAnnotation@b7740b0d], resourceBasePath = "src/main/webapp", contextLoader = org.springframework.boot.test.context.SpringBootContextLoader, parent = null], attributes = {"org.springframework.test.context.web.ServletTestExecutionListener.activateListener" -> true, "org.springframework.test.context.web.ServletTestExecutionListener.populatedRequestContextHolder" -> true, "org.springframework.test.context.web.ServletTestExecutionListener.resetRequestContextHolder" -> true, "org.springframework.test.context.event.ApplicationEventsTestExecutionListener.recordApplicationEvents" -> false}]]
2026-01-21T16:10:22.078Z DEBUG 10129 --- [content-service] [           main] actionalApplicationListenerMethodAdapter : No transaction is active - skipping org.springframework.test.context.event.BeforeTestExecutionEvent[source=[DefaultTestContext@16293620 testClass = com.gradepath.content.profiling.ProfilingServiceIntegrationTest, testInstance = com.gradepath.content.profiling.ProfilingServiceIntegrationTest@8b1bfdf, testMethod = profile_persistsAcrossRetrieval(), testException = null, mergedContextConfiguration = [WebMergedContextConfiguration@e4ce0bf testClass = com.gradepath.content.profiling.ProfilingServiceIntegrationTest, locations = [], classes = [com.gradepath.content.ContentApplication], contextInitializerClasses = [com.gradepath.content.profiling.ProfilingServiceIntegrationTest.TestcontainersInitializer], activeProfiles = [], propertySourceDescriptors = [], propertySourceProperties = ["org.springframework.boot.test.context.SpringBootTestContextBootstrapper=true"], contextCustomizers = [org.springframework.boot.test.context.filter.ExcludeFilterContextCustomizer@64fe9da7, org.springframework.boot.test.json.DuplicateJsonObjectContextCustomizerFactory$DuplicateJsonObjectContextCustomizer@38792286, org.springframework.boot.test.mock.mockito.MockitoContextCustomizer@a3ba30f0, org.springframework.boot.test.web.client.TestRestTemplateContextCustomizer@6724cdec, org.springframework.boot.test.web.reactor.netty.DisableReactorResourceFactoryGlobalResourcesContextCustomizerFactory$DisableReactorResourceFactoryGlobalResourcesContextCustomizerCustomizer@60325987, org.springframework.boot.test.autoconfigure.OnFailureConditionReportContextCustomizerFactory$OnFailureConditionReportContextCustomizer@587a1cfb, org.springframework.boot.test.autoconfigure.actuate.observability.ObservabilityContextCustomizerFactory$DisableObservabilityContextCustomizer@1f, org.springframework.boot.test.autoconfigure.properties.PropertyMappingContextCustomizer@0, org.springframework.boot.test.autoconfigure.web.servlet.WebDriverContextCustomizer@6403e24c, org.springframework.test.context.support.DynamicPropertiesContextCustomizer@0, org.springframework.boot.test.context.SpringBootTestAnnotation@b7740b0d], resourceBasePath = "src/main/webapp", contextLoader = org.springframework.boot.test.context.SpringBootContextLoader, parent = null], attributes = {"org.springframework.test.context.web.ServletTestExecutionListener.activateListener" -> true, "org.springframework.test.context.web.ServletTestExecutionListener.populatedRequestContextHolder" -> true, "org.springframework.test.context.web.ServletTestExecutionListener.resetRequestContextHolder" -> true, "org.springframework.test.context.event.ApplicationEventsTestExecutionListener.recordApplicationEvents" -> false}]]
2026-01-21T16:10:22.078Z DEBUG 10129 --- [content-service] [           main] c.g.content.profiling.ProfilingService   : Processing raw behavioral event: {
    "topic": "content_journey",
    "userId": "persistence-user",
    "contentId": "content-1",
    "action": "completed",
    "topicTags": ["biology"],
    "timeInContentSeconds": 120
}

2026-01-21T16:10:22.081Z  INFO 10129 --- [content-service] [           main] c.g.c.r.p.BehavioralProfileService       : Saved behavioral profile for user: persistence-user
2026-01-21T16:10:22.081Z DEBUG 10129 --- [content-service] [           main] c.g.content.profiling.ProfilingService   : Emitted profile update for user: persistence-user
2026-01-21T16:10:22.081Z  INFO 10129 --- [content-service] [           main] c.g.content.profiling.ProfilingService   : Processed journey event for user: persistence-user, content: content-1, action: completed
2026-01-21T16:10:22.085Z DEBUG 10129 --- [content-service] [           main] actionalApplicationListenerMethodAdapter : No transaction is active - skipping org.springframework.test.context.event.AfterTestExecutionEvent[source=[DefaultTestContext@16293620 testClass = com.gradepath.content.profiling.ProfilingServiceIntegrationTest, testInstance = com.gradepath.content.profiling.ProfilingServiceIntegrationTest@8b1bfdf, testMethod = profile_persistsAcrossRetrieval(), testException = null, mergedContextConfiguration = [WebMergedContextConfiguration@e4ce0bf testClass = com.gradepath.content.profiling.ProfilingServiceIntegrationTest, locations = [], classes = [com.gradepath.content.ContentApplication], contextInitializerClasses = [com.gradepath.content.profiling.ProfilingServiceIntegrationTest.TestcontainersInitializer], activeProfiles = [], propertySourceDescriptors = [], propertySourceProperties = ["org.springframework.boot.test.context.SpringBootTestContextBootstrapper=true"], contextCustomizers = [org.springframework.boot.test.context.filter.ExcludeFilterContextCustomizer@64fe9da7, org.springframework.boot.test.json.DuplicateJsonObjectContextCustomizerFactory$DuplicateJsonObjectContextCustomizer@38792286, org.springframework.boot.test.mock.mockito.MockitoContextCustomizer@a3ba30f0, org.springframework.boot.test.web.client.TestRestTemplateContextCustomizer@6724cdec, org.springframework.boot.test.web.reactor.netty.DisableReactorResourceFactoryGlobalResourcesContextCustomizerFactory$DisableReactorResourceFactoryGlobalResourcesContextCustomizerCustomizer@60325987, org.springframework.boot.test.autoconfigure.OnFailureConditionReportContextCustomizerFactory$OnFailureConditionReportContextCustomizer@587a1cfb, org.springframework.boot.test.autoconfigure.actuate.observability.ObservabilityContextCustomizerFactory$DisableObservabilityContextCustomizer@1f, org.springframework.boot.test.autoconfigure.properties.PropertyMappingContextCustomizer@0, org.springframework.boot.test.autoconfigure.web.servlet.WebDriverContextCustomizer@6403e24c, org.springframework.test.context.support.DynamicPropertiesContextCustomizer@0, org.springframework.boot.test.context.SpringBootTestAnnotation@b7740b0d], resourceBasePath = "src/main/webapp", contextLoader = org.springframework.boot.test.context.SpringBootContextLoader, parent = null], attributes = {"org.springframework.test.context.web.ServletTestExecutionListener.activateListener" -> true, "org.springframework.test.context.web.ServletTestExecutionListener.populatedRequestContextHolder" -> true, "org.springframework.test.context.web.ServletTestExecutionListener.resetRequestContextHolder" -> true, "org.springframework.test.context.event.ApplicationEventsTestExecutionListener.recordApplicationEvents" -> false}]]
]]></system-out>
  </testcase>
</testsuite>