<?xml version="1.0" encoding="UTF-8"?>
<!-- Generated by org.testng.reporters.JUnitXMLReporter -->
<testsuite ignored="107" hostname="qmacmini" failures="0" tests="0" time="0.005" errors="0" timestamp="2026-01-21T16:10:14 GMT">
  <testcase classname="com.gradepath.content.profiling.ProfilingServiceTest" name="getValue_nullField_returnsNull" time="0.0">
    <ignored/>
  </testcase> <!-- getValue_nullField_returnsNull -->
  <testcase classname="com.gradepath.content.profiling.ProfilingServiceIntegrationTest" name="processMultipleJourneyEvents_accumulatesProfile" time="0.0">
    <ignored/>
  </testcase> <!-- processMultipleJourneyEvents_accumulatesProfile -->
  <testcase classname="com.gradepath.content.profiling.ProfilingServiceTest" name="getListValue_missingField_returnsEmptyList" time="0.0">
    <ignored/>
  </testcase> <!-- getListValue_missingField_returnsEmptyList -->
  <testcase classname="com.gradepath.content.profiling.algorithm.JourneyAnalyzerTest" name="clearUserTopics_clearsAll" time="0.0">
    <ignored/>
  </testcase> <!-- clearUserTopics_clearsAll -->
  <testcase classname="com.gradepath.content.profiling.algorithm.InterestScorerTest" name="updateInterests_nullTopicTags_returnsEarly" time="0.0">
    <ignored/>
  </testcase> <!-- updateInterests_nullTopicTags_returnsEarly -->
  <testcase classname="com.gradepath.content.profiling.algorithm.JourneyAnalyzerTest" name="trackTransition_newTransition_createsEntry" time="0.0">
    <ignored/>
  </testcase> <!-- trackTransition_newTransition_createsEntry -->
  <testcase classname="com.gradepath.content.profiling.algorithm.EngagementClassifierTest" name="classify_longSessionWithManyContent_bingeConsumer" time="0.0">
    <ignored/>
  </testcase> <!-- classify_longSessionWithManyContent_bingeConsumer -->
  <testcase classname="com.gradepath.content.profiling.algorithm.JourneyAnalyzerTest" name="predictNext_nullFromContent_emptyList" time="0.0">
    <ignored/>
  </testcase> <!-- predictNext_nullFromContent_emptyList -->
  <testcase classname="com.gradepath.content.recommendation.profile.BehavioralProfileServiceTest" name="saveProfile_nullTimestamp_usesNow" time="0.0">
    <ignored/>
  </testcase> <!-- saveProfile_nullTimestamp_usesNow -->
  <testcase classname="com.gradepath.content.recommendation.profile.BehavioralProfileTest" name="ContentTransitionBuilder_createsValid" time="0.0">
    <ignored/>
  </testcase> <!-- ContentTransitionBuilder_createsValid -->
  <testcase classname="com.gradepath.content.profiling.ProfilingServiceTest" name="getValue_missingField_returnsNull" time="0.0">
    <ignored/>
  </testcase> <!-- getValue_missingField_returnsNull -->
  <testcase classname="com.gradepath.content.profiling.ProfilingServiceTest" name="processSessionEvent_sessionStart_ignored" time="0.0">
    <ignored/>
  </testcase> <!-- processSessionEvent_sessionStart_ignored -->
  <testcase classname="com.gradepath.content.profiling.algorithm.InterestScorerTest" name="getActionMultiplier_unknown_returns1_0" time="0.0">
    <ignored/>
  </testcase> <!-- getActionMultiplier_unknown_returns1_0 -->
  <testcase classname="com.gradepath.content.profiling.ProfilingServiceTest" name="processJourneyEvent_createsNewProfile" time="0.0">
    <ignored/>
  </testcase> <!-- processJourneyEvent_createsNewProfile -->
  <testcase classname="com.gradepath.content.profiling.algorithm.JourneyAnalyzerTest" name="updateCommonPaths_limitsToTop20" time="0.0">
    <ignored/>
  </testcase> <!-- updateCommonPaths_limitsToTop20 -->
  <testcase classname="com.gradepath.content.recommendation.profile.BehavioralProfileServiceTest" name="saveProfile_validProfile_savesEntity" time="0.0">
    <ignored/>
  </testcase> <!-- saveProfile_validProfile_savesEntity -->
  <testcase classname="com.gradepath.content.profiling.algorithm.InterestScorerTest" name="getActionMultiplier_abandoned_returns0_5" time="0.0">
    <ignored/>
  </testcase> <!-- getActionMultiplier_abandoned_returns0_5 -->
  <testcase classname="com.gradepath.content.profiling.algorithm.JourneyAnalyzerTest" name="calculateUniqueTopicRatio_repetitiveContent" time="0.0">
    <ignored/>
  </testcase> <!-- calculateUniqueTopicRatio_repetitiveContent -->
  <testcase classname="com.gradepath.content.profiling.ProfilingServiceTest" name="getOrCreateProfile_fromDatabase" time="0.0">
    <ignored/>
  </testcase> <!-- getOrCreateProfile_fromDatabase -->
  <testcase classname="com.gradepath.content.profiling.ProfilingServiceTest" name="parseJourneyEvent_allFieldsPresent" time="0.0">
    <ignored/>
  </testcase> <!-- parseJourneyEvent_allFieldsPresent -->
  <testcase classname="com.gradepath.content.profiling.algorithm.InterestScorerTest" name="updateTopicScore_timeWeight_cappedAt1_5" time="0.0">
    <ignored/>
  </testcase> <!-- updateTopicScore_timeWeight_cappedAt1_5 -->
  <testcase classname="com.gradepath.content.profiling.algorithm.InterestScorerTest" name="applyDecay_freshEvent_noDecayApplied" time="0.0">
    <ignored/>
  </testcase> <!-- applyDecay_freshEvent_noDecayApplied -->
  <testcase classname="com.gradepath.content.recommendation.profile.BehavioralProfileTest" name="lombok_gettersSetters_work" time="0.0">
    <ignored/>
  </testcase> <!-- lombok_gettersSetters_work -->
  <testcase classname="com.gradepath.content.profiling.algorithm.InterestScorerTest" name="applyDecay_7DaysHalfLife" time="0.0">
    <ignored/>
  </testcase> <!-- applyDecay_7DaysHalfLife -->
  <testcase classname="com.gradepath.content.profiling.ProfilingServiceIntegrationTest" name="processSessionAndJourneyEvents_combinesData" time="0.0">
    <ignored/>
  </testcase> <!-- processSessionAndJourneyEvents_combinesData -->
  <testcase classname="com.gradepath.content.profiling.ProfilingServiceTest" name="processRawBehavioralEvent_sessionLifecycle_processesEvent" time="0.0">
    <ignored/>
  </testcase> <!-- processRawBehavioralEvent_sessionLifecycle_processesEvent -->
  <testcase classname="com.gradepath.content.profiling.algorithm.JourneyAnalyzerTest" name="analyzeJourney_nullTopicTags_noError" time="0.0">
    <ignored/>
  </testcase> <!-- analyzeJourney_nullTopicTags_noError -->
  <testcase classname="com.gradepath.content.profiling.algorithm.EngagementClassifierTest" name="updateEngagement_twoSessions_classifies" time="0.0">
    <ignored/>
  </testcase> <!-- updateEngagement_twoSessions_classifies -->
  <testcase classname="com.gradepath.content.profiling.algorithm.InterestScorerTest" name="getActionMultiplier_caseInsensitive" time="0.0">
    <ignored/>
  </testcase> <!-- getActionMultiplier_caseInsensitive -->
  <testcase classname="com.gradepath.content.profiling.algorithm.EngagementClassifierTest" name="updateEngagement_maxSessionsPerUser" time="0.0">
    <ignored/>
  </testcase> <!-- updateEngagement_maxSessionsPerUser -->
  <testcase classname="com.gradepath.content.profiling.ProfilingServiceIntegrationTest" name="profile_persistsAcrossRetrieval" time="0.0">
    <ignored/>
  </testcase> <!-- profile_persistsAcrossRetrieval -->
  <testcase classname="com.gradepath.content.profiling.algorithm.EngagementClassifierTest" name="classify_explorer" time="0.0">
    <ignored/>
  </testcase> <!-- classify_explorer -->
  <testcase classname="com.gradepath.content.profiling.ProfilingServiceTest" name="processSessionEvent_sessionEnd_processes" time="0.0">
    <ignored/>
  </testcase> <!-- processSessionEvent_sessionEnd_processes -->
  <testcase classname="com.gradepath.content.profiling.ProfilingServiceTest" name="parseJourneyEvent_missingOptionalFields" time="0.0">
    <ignored/>
  </testcase> <!-- parseJourneyEvent_missingOptionalFields -->
  <testcase classname="com.gradepath.content.recommendation.profile.BehavioralProfileTest" name="PeakWindowBuilder_createsValid" time="0.0">
    <ignored/>
  </testcase> <!-- PeakWindowBuilder_createsValid -->
  <testcase classname="com.gradepath.content.recommendation.profile.BehavioralProfileServiceTest" name="deserializeProfile_validJson_returnsProfile" time="0.0">
    <ignored/>
  </testcase> <!-- deserializeProfile_validJson_returnsProfile -->
  <testcase classname="com.gradepath.content.recommendation.profile.BehavioralProfileTest" name="lombok_toString_works" time="0.0">
    <ignored/>
  </testcase> <!-- lombok_toString_works -->
  <testcase classname="com.gradepath.content.profiling.algorithm.InterestScorerTest" name="updateTopicScore_timeWeight_linearBelow60" time="0.0">
    <ignored/>
  </testcase> <!-- updateTopicScore_timeWeight_linearBelow60 -->
  <testcase classname="com.gradepath.content.profiling.algorithm.EngagementClassifierTest" name="getUserSessions_returnsImmutable" time="0.0">
    <ignored/>
  </testcase> <!-- getUserSessions_returnsImmutable -->
  <testcase classname="com.gradepath.content.profiling.algorithm.EngagementClassifierTest" name="updateBasedOnTopicDiversity_lowRatio_specialist" time="0.0">
    <ignored/>
  </testcase> <!-- updateBasedOnTopicDiversity_lowRatio_specialist -->
  <testcase classname="com.gradepath.content.profiling.ProfilingServiceTest" name="getOrCreateProfile_fromCache" time="0.0">
    <ignored/>
  </testcase> <!-- getOrCreateProfile_fromCache -->
  <testcase classname="com.gradepath.content.recommendation.profile.BehavioralProfileServiceTest" name="getProfile_nonExistingUser_returnsEmpty" time="0.0">
    <ignored/>
  </testcase> <!-- getProfile_nonExistingUser_returnsEmpty -->
  <testcase classname="com.gradepath.content.recommendation.profile.BehavioralProfileTest" name="builder_createsValidProfile" time="0.0">
    <ignored/>
  </testcase> <!-- builder_createsValidProfile -->
  <testcase classname="com.gradepath.content.recommendation.profile.BehavioralProfileTest" name="InterestScoreBuilder_createsValid" time="0.0">
    <ignored/>
  </testcase> <!-- InterestScoreBuilder_createsValid -->
  <testcase classname="com.gradepath.content.profiling.ProfilingServiceTest" name="processRawBehavioralEvent_unknownTopic_warnsAndReturns" time="0.0">
    <ignored/>
  </testcase> <!-- processRawBehavioralEvent_unknownTopic_warnsAndReturns -->
  <testcase classname="com.gradepath.content.recommendation.profile.BehavioralProfileServiceTest" name="cleanupOldProfiles_withNegativeKeepCount" time="0.0">
    <ignored/>
  </testcase> <!-- cleanupOldProfiles_withNegativeKeepCount -->
  <testcase classname="com.gradepath.content.profiling.algorithm.EngagementClassifierTest" name="getSessionMetrics_durationZero" time="0.0">
    <ignored/>
  </testcase> <!-- getSessionMetrics_durationZero -->
  <testcase classname="com.gradepath.content.recommendation.profile.BehavioralProfileTest" name="builder_defaultValues_emptyCollections" time="0.0">
    <ignored/>
  </testcase> <!-- builder_defaultValues_emptyCollections -->
  <testcase classname="com.gradepath.content.recommendation.profile.BehavioralProfileTest" name="EngagementPatternBuilder_createsValid" time="0.0">
    <ignored/>
  </testcase> <!-- EngagementPatternBuilder_createsValid -->
  <testcase classname="com.gradepath.content.profiling.algorithm.InterestScorerTest" name="applyDecay_lowScore_isRemoved" time="0.0">
    <ignored/>
  </testcase> <!-- applyDecay_lowScore_isRemoved -->
  <testcase classname="com.gradepath.content.profiling.ProfilingServiceIntegrationTest" name="oldInterests_decayWhenNewEventProcessed" time="0.0">
    <ignored/>
  </testcase> <!-- oldInterests_decayWhenNewEventProcessed -->
  <testcase classname="com.gradepath.content.profiling.ProfilingServiceTest" name="getListValue_arrayField_returnsList" time="0.0">
    <ignored/>
  </testcase> <!-- getListValue_arrayField_returnsList -->
  <testcase classname="com.gradepath.content.profiling.ProfilingServiceTest" name="processJourneyEvent_emitsProfileUpdate" time="0.0">
    <ignored/>
  </testcase> <!-- processJourneyEvent_emitsProfileUpdate -->
  <testcase classname="com.gradepath.content.profiling.algorithm.JourneyAnalyzerTest" name="getUserTopics_returnsImmutable" time="0.0">
    <ignored/>
  </testcase> <!-- getUserTopics_returnsImmutable -->
  <testcase classname="com.gradepath.content.profiling.algorithm.InterestScorerTest" name="updateInterests_newTopic_createsScore" time="0.0">
    <ignored/>
  </testcase> <!-- updateInterests_newTopic_createsScore -->
  <testcase classname="com.gradepath.content.profiling.ProfilingServiceTest" name="processRawBehavioralEvent_contentJourney_processesEvent" time="0.0">
    <ignored/>
  </testcase> <!-- processRawBehavioralEvent_contentJourney_processesEvent -->
  <testcase classname="com.gradepath.content.profiling.algorithm.InterestScorerTest" name="getActionMultiplier_revisited_returns3_0" time="0.0">
    <ignored/>
  </testcase> <!-- getActionMultiplier_revisited_returns3_0 -->
  <testcase classname="com.gradepath.content.profiling.algorithm.InterestScorerTest" name="updateInterests_multipleTopics_allUpdated" time="0.0">
    <ignored/>
  </testcase> <!-- updateInterests_multipleTopics_allUpdated -->
  <testcase classname="com.gradepath.content.profiling.algorithm.JourneyAnalyzerTest" name="transitionProbability_calculation" time="0.0">
    <ignored/>
  </testcase> <!-- transitionProbability_calculation -->
  <testcase classname="com.gradepath.content.profiling.ProfilingServiceTest" name="getListValue_nonArrayField_returnsEmptyList" time="0.0">
    <ignored/>
  </testcase> <!-- getListValue_nonArrayField_returnsEmptyList -->
  <testcase classname="com.gradepath.content.profiling.algorithm.InterestScorerTest" name="getActionMultiplier_started_returns1_0" time="0.0">
    <ignored/>
  </testcase> <!-- getActionMultiplier_started_returns1_0 -->
  <testcase classname="com.gradepath.content.profiling.algorithm.EngagementClassifierTest" name="updateBasedOnTopicDiversity_highRatio_explorer" time="0.0">
    <ignored/>
  </testcase> <!-- updateBasedOnTopicDiversity_highRatio_explorer -->
  <testcase classname="com.gradepath.content.profiling.ProfilingServiceTest" name="processRawBehavioralEvent_malformedJson_logsError" time="0.0">
    <ignored/>
  </testcase> <!-- processRawBehavioralEvent_malformedJson_logsError -->
  <testcase classname="com.gradepath.content.profiling.ProfilingServiceIntegrationTest" name="processEventWithMissingTopic_doesNotCrash" time="0.0">
    <ignored/>
  </testcase> <!-- processEventWithMissingTopic_doesNotCrash -->
  <testcase classname="com.gradepath.content.profiling.algorithm.JourneyAnalyzerTest" name="clearTransitions_clearsAll" time="0.0">
    <ignored/>
  </testcase> <!-- clearTransitions_clearsAll -->
  <testcase classname="com.gradepath.content.profiling.ProfilingServiceIntegrationTest" name="processSessionEvent_endToEnd_updatesSessionCount" time="0.0">
    <ignored/>
  </testcase> <!-- processSessionEvent_endToEnd_updatesSessionCount -->
  <testcase classname="com.gradepath.content.profiling.algorithm.InterestScorerTest" name="updateInterests_nullTimeInContent_defaultsTo0" time="0.0">
    <ignored/>
  </testcase> <!-- updateInterests_nullTimeInContent_defaultsTo0 -->
  <testcase classname="com.gradepath.content.profiling.algorithm.JourneyAnalyzerTest" name="analyzeJourney_tracksTopicTags" time="0.0">
    <ignored/>
  </testcase> <!-- analyzeJourney_tracksTopicTags -->
  <testcase classname="com.gradepath.content.profiling.algorithm.JourneyAnalyzerTest" name="getTransitionMatrix_returnsImmutable" time="0.0">
    <ignored/>
  </testcase> <!-- getTransitionMatrix_returnsImmutable -->
  <testcase classname="com.gradepath.content.profiling.algorithm.EngagementClassifierTest" name="updateEngagement_firstSession_unknown" time="0.0">
    <ignored/>
  </testcase> <!-- updateEngagement_firstSession_unknown -->
  <testcase classname="com.gradepath.content.recommendation.profile.BehavioralProfileServiceTest" name="getProfile_uuidOverload_works" time="0.0">
    <ignored/>
  </testcase> <!-- getProfile_uuidOverload_works -->
  <testcase classname="com.gradepath.content.profiling.algorithm.EngagementClassifierTest" name="getSessionMetrics_contentZero" time="0.0">
    <ignored/>
  </testcase> <!-- getSessionMetrics_contentZero -->
  <testcase classname="com.gradepath.content.recommendation.profile.BehavioralProfileServiceTest" name="findByUserId_aliasWorks" time="0.0">
    <ignored/>
  </testcase> <!-- findByUserId_aliasWorks -->
  <testcase classname="com.gradepath.content.profiling.ProfilingServiceTest" name="emitProfileUpdate_kafkaFailure_logsWarning" time="0.0">
    <ignored/>
  </testcase> <!-- emitProfileUpdate_kafkaFailure_logsWarning -->
  <testcase classname="com.gradepath.content.profiling.ProfilingServiceIntegrationTest" name="processJourneyEvent_endToEnd_emitsKafkaMessage" time="0.0">
    <ignored/>
  </testcase> <!-- processJourneyEvent_endToEnd_emitsKafkaMessage -->
  <testcase classname="com.gradepath.content.profiling.ProfilingServiceTest" name="getOrCreateProfile_newProfile" time="0.0">
    <ignored/>
  </testcase> <!-- getOrCreateProfile_newProfile -->
  <testcase classname="com.gradepath.content.profiling.algorithm.JourneyAnalyzerTest" name="analyzeJourney_emptyTopicTags_noError" time="0.0">
    <ignored/>
  </testcase> <!-- analyzeJourney_emptyTopicTags_noError -->
  <testcase classname="com.gradepath.content.profiling.algorithm.EngagementClassifierTest" name="classify_deepLearner" time="0.0">
    <ignored/>
  </testcase> <!-- classify_deepLearner -->
  <testcase classname="com.gradepath.content.profiling.ProfilingServiceTest" name="processSessionEvent_missingDuration_defaultsTo0" time="0.0">
    <ignored/>
  </testcase> <!-- processSessionEvent_missingDuration_defaultsTo0 -->
  <testcase classname="com.gradepath.content.profiling.algorithm.InterestScorerTest" name="applyDecay_14Days_quarterRemaining" time="0.0">
    <ignored/>
  </testcase> <!-- applyDecay_14Days_quarterRemaining -->
  <testcase classname="com.gradepath.content.profiling.algorithm.EngagementClassifierTest" name="updateBasedOnTopicDiversity_nullEngagement_noUpdate" time="0.0">
    <ignored/>
  </testcase> <!-- updateBasedOnTopicDiversity_nullEngagement_noUpdate -->
  <testcase classname="com.gradepath.content.profiling.algorithm.InterestScorerTest" name="updateInterests_existingTopic_appliesEMA" time="0.0">
    <ignored/>
  </testcase> <!-- updateInterests_existingTopic_appliesEMA -->
  <testcase classname="com.gradepath.content.profiling.algorithm.EngagementClassifierTest" name="classify_moderateBehavior" time="0.0">
    <ignored/>
  </testcase> <!-- classify_moderateBehavior -->
  <testcase classname="com.gradepath.content.profiling.ProfilingServiceIntegrationTest" name="processInvalidJsonEvent_doesNotCrash" time="0.0">
    <ignored/>
  </testcase> <!-- processInvalidJsonEvent_doesNotCrash -->
  <testcase classname="com.gradepath.content.profiling.algorithm.InterestScorerTest" name="getActionMultiplier_completed_returns2_0" time="0.0">
    <ignored/>
  </testcase> <!-- getActionMultiplier_completed_returns2_0 -->
  <testcase classname="com.gradepath.content.profiling.algorithm.JourneyAnalyzerTest" name="trackTransition_incrementsFrequency" time="0.0">
    <ignored/>
  </testcase> <!-- trackTransition_incrementsFrequency -->
  <testcase classname="com.gradepath.content.profiling.ProfilingServiceTest" name="processRawBehavioralEvent_nullTopic_warnsAndReturns" time="0.0">
    <ignored/>
  </testcase> <!-- processRawBehavioralEvent_nullTopic_warnsAndReturns -->
  <testcase classname="com.gradepath.content.profiling.algorithm.JourneyAnalyzerTest" name="predictNext_withTransitions" time="0.0">
    <ignored/>
  </testcase> <!-- predictNext_withTransitions -->
  <testcase classname="com.gradepath.content.recommendation.profile.BehavioralProfileTest" name="lombok_equalsHashCode_work" time="0.0">
    <ignored/>
  </testcase> <!-- lombok_equalsHashCode_work -->
  <testcase classname="com.gradepath.content.recommendation.profile.BehavioralProfileServiceTest" name="saveProfile_serializationError_logsError" time="0.0">
    <ignored/>
  </testcase> <!-- saveProfile_serializationError_logsError -->
  <testcase classname="com.gradepath.content.profiling.algorithm.InterestScorerTest" name="updateInterests_emptyTopicTags_returnsEarly" time="0.0">
    <ignored/>
  </testcase> <!-- updateInterests_emptyTopicTags_returnsEarly -->
  <testcase classname="com.gradepath.content.profiling.algorithm.JourneyAnalyzerTest" name="predictNext_noTransitions_emptyList" time="0.0">
    <ignored/>
  </testcase> <!-- predictNext_noTransitions_emptyList -->
  <testcase classname="com.gradepath.content.profiling.algorithm.JourneyAnalyzerTest" name="calculateUniqueTopicRatio_zeroContent_noDivisionByZero" time="0.0">
    <ignored/>
  </testcase> <!-- calculateUniqueTopicRatio_zeroContent_noDivisionByZero -->
  <testcase classname="com.gradepath.content.profiling.ProfilingServiceIntegrationTest" name="processJourneyEvent_endToEnd_createsProfileInDatabase" time="0.0">
    <ignored/>
  </testcase> <!-- processJourneyEvent_endToEnd_createsProfileInDatabase -->
  <testcase classname="com.gradepath.content.profiling.ProfilingServiceTest" name="processSessionEvent_missingContentCount_defaultsTo0" time="0.0">
    <ignored/>
  </testcase> <!-- processSessionEvent_missingContentCount_defaultsTo0 -->
  <testcase classname="com.gradepath.content.profiling.algorithm.EngagementClassifierTest" name="updateEngagement_threeSessions_classifies" time="0.0">
    <ignored/>
  </testcase> <!-- updateEngagement_threeSessions_classifies -->
  <testcase classname="com.gradepath.content.recommendation.profile.BehavioralProfileServiceTest" name="getProfile_existingUser_returnsProfile" time="0.0">
    <ignored/>
  </testcase> <!-- getProfile_existingUser_returnsProfile -->
  <testcase classname="com.gradepath.content.profiling.algorithm.JourneyAnalyzerTest" name="updateCommonPaths_filtersByThreshold" time="0.0">
    <ignored/>
  </testcase> <!-- updateCommonPaths_filtersByThreshold -->
  <testcase classname="com.gradepath.content.profiling.ProfilingServiceTest" name="processJourneyEvent_updatesExistingProfile" time="0.0">
    <ignored/>
  </testcase> <!-- processJourneyEvent_updatesExistingProfile -->
  <testcase classname="com.gradepath.content.profiling.ProfilingServiceTest" name="processJourneyEvent_savesProfile" time="0.0">
    <ignored/>
  </testcase> <!-- processJourneyEvent_savesProfile -->
  <testcase classname="com.gradepath.content.profiling.algorithm.JourneyAnalyzerTest" name="updateCommonPaths_sortsByFrequency" time="0.0">
    <ignored/>
  </testcase> <!-- updateCommonPaths_sortsByFrequency -->
  <testcase classname="com.gradepath.content.profiling.algorithm.EngagementClassifierTest" name="recentSessionsCache_evictionAt1000" time="0.0">
    <ignored/>
  </testcase> <!-- recentSessionsCache_evictionAt1000 -->
  <testcase classname="com.gradepath.content.profiling.algorithm.InterestScorerTest" name="applyDecay_removesBelowThreshold" time="0.0">
    <ignored/>
  </testcase> <!-- applyDecay_removesBelowThreshold -->
  <testcase classname="com.gradepath.content.profiling.algorithm.EngagementClassifierTest" name="classify_casualBrowser" time="0.0">
    <ignored/>
  </testcase> <!-- classify_casualBrowser -->
  <testcase classname="com.gradepath.content.profiling.algorithm.JourneyAnalyzerTest" name="calculateUniqueTopicRatio_diverseContent" time="0.0">
    <ignored/>
  </testcase> <!-- calculateUniqueTopicRatio_diverseContent -->
  <testcase classname="com.gradepath.content.recommendation.profile.BehavioralProfileServiceTest" name="deserializeProfile_invalidJson_logsError" time="0.0">
    <ignored/>
  </testcase> <!-- deserializeProfile_invalidJson_logsError -->
  <testcase classname="com.gradepath.content.recommendation.profile.BehavioralProfileServiceTest" name="cleanupOldProfiles_placeholder" time="0.0">
    <ignored/>
  </testcase> <!-- cleanupOldProfiles_placeholder -->
</testsuite>
