<?xml version="1.0" encoding="UTF-8"?>
<!-- Generated by org.testng.reporters.JUnitReportReporter -->
<testsuite hostname="qmacmini" failures="0" tests="9" name="com.gradepath.content.recommendation.profile.BehavioralProfileTest" time="0.004" errors="0" timestamp="2026-01-21T17:50:20 GMT" skipped="0">
  <testcase classname="com.gradepath.content.recommendation.profile.BehavioralProfileTest" name="lombok_equalsHashCode_work" time="0.000"/>
  <testcase classname="com.gradepath.content.recommendation.profile.BehavioralProfileTest" name="ContentTransitionBuilder_createsValid" time="0.000"/>
  <testcase classname="com.gradepath.content.recommendation.profile.BehavioralProfileTest" name="builder_createsValidProfile" time="0.000"/>
  <testcase classname="com.gradepath.content.recommendation.profile.BehavioralProfileTest" name="PeakWindowBuilder_createsValid" time="0.000"/>
  <testcase classname="com.gradepath.content.recommendation.profile.BehavioralProfileTest" name="lombok_gettersSetters_work" time="0.000"/>
  <testcase classname="com.gradepath.content.recommendation.profile.BehavioralProfileTest" name="EngagementPatternBuilder_createsValid" time="0.001"/>
  <testcase classname="com.gradepath.content.recommendation.profile.BehavioralProfileTest" name="builder_defaultValues_emptyCollections" time="0.000"/>
  <testcase classname="com.gradepath.content.recommendation.profile.BehavioralProfileTest" name="lombok_toString_works" time="0.003"/>
  <testcase classname="com.gradepath.content.recommendation.profile.BehavioralProfileTest" name="InterestScoreBuilder_createsValid" time="0.000"/>
</testsuite> <!-- com.gradepath.content.recommendation.profile.BehavioralProfileTest -->
