<?xml version="1.0" encoding="UTF-8"?>
<!-- Generated by org.testng.reporters.JUnitReportReporter -->
<testsuite hostname="qmacmini" failures="0" tests="19" name="com.gradepath.content.profiling.algorithm.JourneyAnalyzerTest" time="0.026" errors="0" timestamp="2026-01-21T17:50:20 GMT" skipped="0">
  <testcase classname="com.gradepath.content.profiling.algorithm.JourneyAnalyzerTest" name="calculateUniqueTopicRatio_zeroContent_noDivisionByZero" time="0.000"/>
  <testcase classname="com.gradepath.content.profiling.algorithm.JourneyAnalyzerTest" name="analyzeJourney_tracksTopicTags" time="0.002"/>
  <testcase classname="com.gradepath.content.profiling.algorithm.JourneyAnalyzerTest" name="getTransitionMatrix_returnsImmutable" time="0.004"/>
  <testcase classname="com.gradepath.content.profiling.algorithm.JourneyAnalyzerTest" name="updateCommonPaths_limitsToTop20" time="0.001"/>
  <testcase classname="com.gradepath.content.profiling.algorithm.JourneyAnalyzerTest" name="updateCommonPaths_sortsByFrequency" time="0.000"/>
  <testcase classname="com.gradepath.content.profiling.algorithm.JourneyAnalyzerTest" name="getUserTopics_returnsImmutable" time="0.000"/>
  <testcase classname="com.gradepath.content.profiling.algorithm.JourneyAnalyzerTest" name="analyzeJourney_emptyTopicTags_noError" time="0.010"/>
  <testcase classname="com.gradepath.content.profiling.algorithm.JourneyAnalyzerTest" name="transitionProbability_calculation" time="0.000"/>
  <testcase classname="com.gradepath.content.profiling.algorithm.JourneyAnalyzerTest" name="predictNext_noTransitions_emptyList" time="0.002"/>
  <testcase classname="com.gradepath.content.profiling.algorithm.JourneyAnalyzerTest" name="calculateUniqueTopicRatio_repetitiveContent" time="0.000"/>
  <testcase classname="com.gradepath.content.profiling.algorithm.JourneyAnalyzerTest" name="clearUserTopics_clearsAll" time="0.000"/>
  <testcase classname="com.gradepath.content.profiling.algorithm.JourneyAnalyzerTest" name="analyzeJourney_nullTopicTags_noError" time="0.001"/>
  <testcase classname="com.gradepath.content.profiling.algorithm.JourneyAnalyzerTest" name="calculateUniqueTopicRatio_diverseContent" time="0.000"/>
  <testcase classname="com.gradepath.content.profiling.algorithm.JourneyAnalyzerTest" name="clearTransitions_clearsAll" time="0.002"/>
  <testcase classname="com.gradepath.content.profiling.algorithm.JourneyAnalyzerTest" name="predictNext_nullFromContent_emptyList" time="0.000"/>
  <testcase classname="com.gradepath.content.profiling.algorithm.JourneyAnalyzerTest" name="updateCommonPaths_filtersByThreshold" time="0.000"/>
  <testcase classname="com.gradepath.content.profiling.algorithm.JourneyAnalyzerTest" name="trackTransition_incrementsFrequency" time="0.001"/>
  <testcase classname="com.gradepath.content.profiling.algorithm.JourneyAnalyzerTest" name="trackTransition_newTransition_createsEntry" time="0.001"/>
  <testcase classname="com.gradepath.content.profiling.algorithm.JourneyAnalyzerTest" name="predictNext_withTransitions" time="0.002"/>
</testsuite> <!-- com.gradepath.content.profiling.algorithm.JourneyAnalyzerTest -->
