<?xml version="1.0" encoding="UTF-8"?>
<!-- Generated by org.testng.reporters.JUnitReportReporter -->
<testsuite hostname="qmacmini" failures="0" tests="11" name="com.gradepath.content.recommendation.profile.BehavioralProfileServiceTest" time="1.144" errors="0" timestamp="2026-01-21T17:50:20 GMT" skipped="0">
  <testcase classname="com.gradepath.content.recommendation.profile.BehavioralProfileServiceTest" name="getProfile_existingUser_returnsProfile" time="0.783"/>
  <testcase classname="com.gradepath.content.recommendation.profile.BehavioralProfileServiceTest" name="cleanupOldProfiles_withNegativeKeepCount" time="0.000"/>
  <testcase classname="com.gradepath.content.recommendation.profile.BehavioralProfileServiceTest" name="cleanupOldProfiles_placeholder" time="0.001"/>
  <testcase classname="com.gradepath.content.recommendation.profile.BehavioralProfileServiceTest" name="findByUserId_aliasWorks" time="0.007"/>
  <testcase classname="com.gradepath.content.recommendation.profile.BehavioralProfileServiceTest" name="saveProfile_serializationError_logsError" time="0.230"/>
  <testcase classname="com.gradepath.content.recommendation.profile.BehavioralProfileServiceTest" name="deserializeProfile_invalidJson_logsError" time="0.069"/>
  <testcase classname="com.gradepath.content.recommendation.profile.BehavioralProfileServiceTest" name="getProfile_nonExistingUser_returnsEmpty" time="0.001"/>
  <testcase classname="com.gradepath.content.recommendation.profile.BehavioralProfileServiceTest" name="deserializeProfile_validJson_returnsProfile" time="0.032"/>
  <testcase classname="com.gradepath.content.recommendation.profile.BehavioralProfileServiceTest" name="saveProfile_nullTimestamp_usesNow" time="0.009"/>
  <testcase classname="com.gradepath.content.recommendation.profile.BehavioralProfileServiceTest" name="getProfile_uuidOverload_works" time="0.007"/>
  <testcase classname="com.gradepath.content.recommendation.profile.BehavioralProfileServiceTest" name="saveProfile_validProfile_savesEntity" time="0.005"/>
</testsuite> <!-- com.gradepath.content.recommendation.profile.BehavioralProfileServiceTest -->
