<?xml version="1.0" encoding="UTF-8"?>
<!-- Generated by org.testng.reporters.JUnitReportReporter -->
<testsuite hostname="qmacmini" failures="0" tests="19" name="com.gradepath.content.profiling.algorithm.InterestScorerTest" time="0.046" errors="0" timestamp="2026-01-21T17:50:20 GMT" skipped="0">
  <testcase classname="com.gradepath.content.profiling.algorithm.InterestScorerTest" name="updateInterests_nullTopicTags_returnsEarly" time="0.000"/>
  <testcase classname="com.gradepath.content.profiling.algorithm.InterestScorerTest" name="getActionMultiplier_started_returns1_0" time="0.003"/>
  <testcase classname="com.gradepath.content.profiling.algorithm.InterestScorerTest" name="updateInterests_multipleTopics_allUpdated" time="0.001"/>
  <testcase classname="com.gradepath.content.profiling.algorithm.InterestScorerTest" name="getActionMultiplier_unknown_returns1_0" time="0.000"/>
  <testcase classname="com.gradepath.content.profiling.algorithm.InterestScorerTest" name="applyDecay_freshEvent_noDecayApplied" time="0.000"/>
  <testcase classname="com.gradepath.content.profiling.algorithm.InterestScorerTest" name="updateInterests_emptyTopicTags_returnsEarly" time="0.000"/>
  <testcase classname="com.gradepath.content.profiling.algorithm.InterestScorerTest" name="applyDecay_removesBelowThreshold" time="0.000"/>
  <testcase classname="com.gradepath.content.profiling.algorithm.InterestScorerTest" name="getActionMultiplier_caseInsensitive" time="0.000"/>
  <testcase classname="com.gradepath.content.profiling.algorithm.InterestScorerTest" name="applyDecay_lowScore_isRemoved" time="0.004"/>
  <testcase classname="com.gradepath.content.profiling.algorithm.InterestScorerTest" name="updateInterests_existingTopic_appliesEMA" time="0.000"/>
  <testcase classname="com.gradepath.content.profiling.algorithm.InterestScorerTest" name="getActionMultiplier_completed_returns2_0" time="0.001"/>
  <testcase classname="com.gradepath.content.profiling.algorithm.InterestScorerTest" name="updateTopicScore_timeWeight_cappedAt1_5" time="0.000"/>
  <testcase classname="com.gradepath.content.profiling.algorithm.InterestScorerTest" name="getActionMultiplier_abandoned_returns0_5" time="0.000"/>
  <testcase classname="com.gradepath.content.profiling.algorithm.InterestScorerTest" name="updateInterests_newTopic_createsScore" time="0.000"/>
  <testcase classname="com.gradepath.content.profiling.algorithm.InterestScorerTest" name="applyDecay_7DaysHalfLife" time="0.001"/>
  <testcase classname="com.gradepath.content.profiling.algorithm.InterestScorerTest" name="applyDecay_14Days_quarterRemaining" time="0.036"/>
  <testcase classname="com.gradepath.content.profiling.algorithm.InterestScorerTest" name="getActionMultiplier_revisited_returns3_0" time="0.000"/>
  <testcase classname="com.gradepath.content.profiling.algorithm.InterestScorerTest" name="updateInterests_nullTimeInContent_defaultsTo0" time="0.000"/>
  <testcase classname="com.gradepath.content.profiling.algorithm.InterestScorerTest" name="updateTopicScore_timeWeight_linearBelow60" time="0.000"/>
</testsuite> <!-- com.gradepath.content.profiling.algorithm.InterestScorerTest -->
