<?xml version="1.0" encoding="UTF-8"?>
<!-- Generated by org.testng.reporters.JUnitReportReporter -->
<testsuite hostname="qmacmini" failures="0" tests="9" name="com.gradepath.content.profiling.ProfilingServiceIntegrationTest" time="0.331" errors="0" timestamp="2026-01-21T17:50:20 GMT" skipped="0">
  <testcase classname="com.gradepath.content.profiling.ProfilingServiceIntegrationTest" name="profile_persistsAcrossRetrieval" time="0.013"/>
  <testcase classname="com.gradepath.content.profiling.ProfilingServiceIntegrationTest" name="oldInterests_decayWhenNewEventProcessed" time="0.232"/>
  <testcase classname="com.gradepath.content.profiling.ProfilingServiceIntegrationTest" name="processSessionAndJourneyEvents_combinesData" time="0.018"/>
  <testcase classname="com.gradepath.content.profiling.ProfilingServiceIntegrationTest" name="processMultipleJourneyEvents_accumulatesProfile" time="0.020"/>
  <testcase classname="com.gradepath.content.profiling.ProfilingServiceIntegrationTest" name="processSessionEvent_endToEnd_updatesSessionCount" time="0.009"/>
  <testcase classname="com.gradepath.content.profiling.ProfilingServiceIntegrationTest" name="processJourneyEvent_endToEnd_emitsKafkaMessage" time="0.008"/>
  <testcase classname="com.gradepath.content.profiling.ProfilingServiceIntegrationTest" name="processJourneyEvent_endToEnd_createsProfileInDatabase" time="0.012"/>
  <testcase classname="com.gradepath.content.profiling.ProfilingServiceIntegrationTest" name="processInvalidJsonEvent_doesNotCrash" time="0.009"/>
  <testcase classname="com.gradepath.content.profiling.ProfilingServiceIntegrationTest" name="processEventWithMissingTopic_doesNotCrash" time="0.010"/>
</testsuite> <!-- com.gradepath.content.profiling.ProfilingServiceIntegrationTest -->
