<?xml version="1.0" encoding="UTF-8"?>
<!-- Generated by org.testng.reporters.JUnitReportReporter -->
<testsuite hostname="qmacmini" failures="0" tests="24" name="com.gradepath.content.profiling.ProfilingServiceTest" time="0.269" errors="0" timestamp="2026-01-21T17:50:20 GMT" skipped="0">
  <testcase classname="com.gradepath.content.profiling.ProfilingServiceTest" name="processRawBehavioralEvent_sessionLifecycle_processesEvent" time="0.003"/>
  <testcase classname="com.gradepath.content.profiling.ProfilingServiceTest" name="getValue_nullField_returnsNull" time="0.002"/>
  <testcase classname="com.gradepath.content.profiling.ProfilingServiceTest" name="processRawBehavioralEvent_unknownTopic_warnsAndReturns" time="0.001"/>
  <testcase classname="com.gradepath.content.profiling.ProfilingServiceTest" name="getListValue_missingField_returnsEmptyList" time="0.001"/>
  <testcase classname="com.gradepath.content.profiling.ProfilingServiceTest" name="processJourneyEvent_savesProfile" time="0.003"/>
  <testcase classname="com.gradepath.content.profiling.ProfilingServiceTest" name="processRawBehavioralEvent_contentJourney_processesEvent" time="0.002"/>
  <testcase classname="com.gradepath.content.profiling.ProfilingServiceTest" name="emitProfileUpdate_kafkaFailure_logsWarning" time="0.013"/>
  <testcase classname="com.gradepath.content.profiling.ProfilingServiceTest" name="getValue_missingField_returnsNull" time="0.001"/>
  <testcase classname="com.gradepath.content.profiling.ProfilingServiceTest" name="processJourneyEvent_updatesExistingProfile" time="0.003"/>
  <testcase classname="com.gradepath.content.profiling.ProfilingServiceTest" name="getOrCreateProfile_fromDatabase" time="0.000"/>
  <testcase classname="com.gradepath.content.profiling.ProfilingServiceTest" name="processSessionEvent_sessionEnd_processes" time="0.003"/>
  <testcase classname="com.gradepath.content.profiling.ProfilingServiceTest" name="processRawBehavioralEvent_malformedJson_logsError" time="0.002"/>
  <testcase classname="com.gradepath.content.profiling.ProfilingServiceTest" name="processRawBehavioralEvent_nullTopic_warnsAndReturns" time="0.002"/>
  <testcase classname="com.gradepath.content.profiling.ProfilingServiceTest" name="parseJourneyEvent_missingOptionalFields" time="0.001"/>
  <testcase classname="com.gradepath.content.profiling.ProfilingServiceTest" name="processSessionEvent_missingDuration_defaultsTo0" time="0.003"/>
  <testcase classname="com.gradepath.content.profiling.ProfilingServiceTest" name="getOrCreateProfile_fromCache" time="0.002"/>
  <testcase classname="com.gradepath.content.profiling.ProfilingServiceTest" name="getListValue_nonArrayField_returnsEmptyList" time="0.001"/>
  <testcase classname="com.gradepath.content.profiling.ProfilingServiceTest" name="processJourneyEvent_createsNewProfile" time="0.007"/>
  <testcase classname="com.gradepath.content.profiling.ProfilingServiceTest" name="processJourneyEvent_emitsProfileUpdate" time="0.004"/>
  <testcase classname="com.gradepath.content.profiling.ProfilingServiceTest" name="parseJourneyEvent_allFieldsPresent" time="0.199"/>
  <testcase classname="com.gradepath.content.profiling.ProfilingServiceTest" name="getListValue_arrayField_returnsList" time="0.010"/>
  <testcase classname="com.gradepath.content.profiling.ProfilingServiceTest" name="getOrCreateProfile_newProfile" time="0.001"/>
  <testcase classname="com.gradepath.content.profiling.ProfilingServiceTest" name="processSessionEvent_sessionStart_ignored" time="0.001"/>
  <testcase classname="com.gradepath.content.profiling.ProfilingServiceTest" name="processSessionEvent_missingContentCount_defaultsTo0" time="0.004"/>
</testsuite> <!-- com.gradepath.content.profiling.ProfilingServiceTest -->
