<?xml version="1.0" encoding="UTF-8"?>
<!-- Generated by org.testng.reporters.JUnitReportReporter -->
<testsuite hostname="qmacmini" failures="0" tests="15" name="com.gradepath.content.profiling.algorithm.EngagementClassifierTest" time="0.006" errors="0" timestamp="2026-01-21T17:50:20 GMT" skipped="0">
  <testcase classname="com.gradepath.content.profiling.algorithm.EngagementClassifierTest" name="classify_explorer" time="0.000"/>
  <testcase classname="com.gradepath.content.profiling.algorithm.EngagementClassifierTest" name="classify_deepLearner" time="0.000"/>
  <testcase classname="com.gradepath.content.profiling.algorithm.EngagementClassifierTest" name="updateEngagement_threeSessions_classifies" time="0.000"/>
  <testcase classname="com.gradepath.content.profiling.algorithm.EngagementClassifierTest" name="getSessionMetrics_contentZero" time="0.000"/>
  <testcase classname="com.gradepath.content.profiling.algorithm.EngagementClassifierTest" name="updateEngagement_twoSessions_classifies" time="0.000"/>
  <testcase classname="com.gradepath.content.profiling.algorithm.EngagementClassifierTest" name="getUserSessions_returnsImmutable" time="0.000"/>
  <testcase classname="com.gradepath.content.profiling.algorithm.EngagementClassifierTest" name="updateBasedOnTopicDiversity_nullEngagement_noUpdate" time="0.001"/>
  <testcase classname="com.gradepath.content.profiling.algorithm.EngagementClassifierTest" name="classify_casualBrowser" time="0.002"/>
  <testcase classname="com.gradepath.content.profiling.algorithm.EngagementClassifierTest" name="updateBasedOnTopicDiversity_lowRatio_specialist" time="0.001"/>
  <testcase classname="com.gradepath.content.profiling.algorithm.EngagementClassifierTest" name="classify_moderateBehavior" time="0.000"/>
  <testcase classname="com.gradepath.content.profiling.algorithm.EngagementClassifierTest" name="getSessionMetrics_durationZero" time="0.000"/>
  <testcase classname="com.gradepath.content.profiling.algorithm.EngagementClassifierTest" name="updateBasedOnTopicDiversity_highRatio_explorer" time="0.001"/>
  <testcase classname="com.gradepath.content.profiling.algorithm.EngagementClassifierTest" name="classify_longSessionWithManyContent_bingeConsumer" time="0.000"/>
  <testcase classname="com.gradepath.content.profiling.algorithm.EngagementClassifierTest" name="updateEngagement_firstSession_unknown" time="0.000"/>
  <testcase classname="com.gradepath.content.profiling.algorithm.EngagementClassifierTest" name="updateEngagement_maxSessionsPerUser" time="0.001"/>
</testsuite> <!-- com.gradepath.content.profiling.algorithm.EngagementClassifierTest -->
